[INFO] [1782902984.239234670] [simple_scan_filter]: filter /scan -> /scan_filtered, keep=[0.18, 4.00], isolated_window=2, isolated_delta=0.25, min_support_neighbors=1
[INFO] [1782902989.093384513] [simple_scan_filter]: scan stats: n=404, zeros=80, nan=0, inf=0, finite_raw=324, finite_out=274, removed_isolated=6
[INFO] [1782902994.090096244] [simple_scan_filter]: scan stats: n=404, zeros=77, nan=0, inf=0, finite_raw=327, finite_out=275, removed_isolated=3
[INFO] [1782902999.086429643] [simple_scan_filter]: scan stats: n=404, zeros=80, nan=0, inf=0, finite_raw=324, finite_out=273, removed_isolated=3
[INFO] [1782903004.099629603] [simple_scan_filter]: scan stats: n=404, zeros=78, nan=0, inf=0, finite_raw=326, finite_out=275, removed_isolated=6
[INFO] [1782903009.082345897] [simple_scan_filter]: scan stats: n=404, zeros=85, nan=0, inf=0, finite_raw=319, finite_out=275, removed_isolated=3
[INFO] [1782903014.080799463] [simple_scan_filter]: scan stats: n=404, zeros=81, nan=0, inf=0, finite_raw=323, finite_out=276, removed_isolated=3
[INFO] [1782903019.076962699] [simple_scan_filter]: scan stats: n=404, zeros=90, nan=0, inf=0, finite_raw=314, finite_out=270, removed_isolated=2
[INFO] [1782903024.083319547] [simple_scan_filter]: scan stats: n=404, zeros=79, nan=0, inf=0, finite_raw=325, finite_out=272, removed_isolated=7
[INFO] [1782903029.079325785] [simple_scan_filter]: scan stats: n=404, zeros=78, nan=0, inf=0, finite_raw=326, finite_out=277, removed_isolated=5
[INFO] [1782903034.067031535] [simple_scan_filter]: scan stats: n=404, zeros=89, nan=0, inf=0, finite_raw=315, finite_out=272, removed_isolated=3
[INFO] [1782903039.063698732] [simple_scan_filter]: scan stats: n=404, zeros=79, nan=0, inf=0, finite_raw=325, finite_out=270, removed_isolated=8
[INFO] [1782903044.060692888] [simple_scan_filter]: scan stats: n=404, zeros=87, nan=0, inf=0, finite_raw=317, finite_out=274, removed_isolated=2
[INFO] [1782903049.057883044] [simple_scan_filter]: scan stats: n=404, zeros=77, nan=0, inf=0, finite_raw=327, finite_out=271, removed_isolated=6
[INFO] [1782903054.055814701] [simple_scan_filter]: scan stats: n=404, zeros=67, nan=0, inf=0, finite_raw=337, finite_out=304, removed_isolated=4
[INFO] [1782903059.052442151] [simple_scan_filter]: scan stats: n=404, zeros=77, nan=0, inf=0, finite_raw=327, finite_out=302, removed_isolated=3
[INFO] [1782903064.050233726] [simple_scan_filter]: scan stats: n=404, zeros=61, nan=0, inf=0, finite_raw=343, finite_out=308, removed_isolated=4
[INFO] [1782903069.047008886] [simple_scan_filter]: scan stats: n=404, zeros=68, nan=0, inf=0, finite_raw=336, finite_out=305, removed_isolated=5
[INFO] [1782903074.051083996] [simple_scan_filter]: scan stats: n=404, zeros=72, nan=0, inf=0, finite_raw=332, finite_out=299, removed_isolated=6
[INFO] [1782903079.041850374] [simple_scan_filter]: scan stats: n=404, zeros=63, nan=0, inf=0, finite_raw=341, finite_out=307, removed_isolated=5
[INFO] [1782903084.044545779] [simple_scan_filter]: scan stats: n=404, zeros=74, nan=0, inf=0, finite_raw=330, finite_out=305, removed_isolated=2
[INFO] [1782903089.039087779] [simple_scan_filter]: scan stats: n=404, zeros=74, nan=0, inf=0, finite_raw=330, finite_out=305, removed_isolated=4
[INFO] [1782903094.035725027] [simple_scan_filter]: scan stats: n=404, zeros=70, nan=0, inf=0, finite_raw=334, finite_out=305, removed_isolated=2
[INFO] [1782903099.030984736] [simple_scan_filter]: scan stats: n=404, zeros=76, nan=0, inf=0, finite_raw=328, finite_out=304, removed_isolated=2
[INFO] [1782903104.028881776] [simple_scan_filter]: scan stats: n=404, zeros=74, nan=0, inf=0, finite_raw=330, finite_out=302, removed_isolated=4
[INFO] [1782903109.031644268] [simple_scan_filter]: scan stats: n=404, zeros=67, nan=0, inf=0, finite_raw=337, finite_out=303, removed_isolated=5
[INFO] [1782903114.021370820] [simple_scan_filter]: scan stats: n=404, zeros=76, nan=0, inf=0, finite_raw=328, finite_out=302, removed_isolated=3
[INFO] [1782903119.018766072] [simple_scan_filter]: scan stats: n=404, zeros=73, nan=0, inf=0, finite_raw=331, finite_out=303, removed_isolated=4
[INFO] [1782903124.017678905] [simple_scan_filter]: scan stats: n=404, zeros=71, nan=0, inf=0, finite_raw=333, finite_out=306, removed_isolated=4
[INFO] [1782903129.018159278] [simple_scan_filter]: scan stats: n=404, zeros=79, nan=0, inf=0, finite_raw=325, finite_out=301, removed_isolated=2
[INFO] [1782903134.016692197] [simple_scan_filter]: scan stats: n=404, zeros=67, nan=0, inf=0, finite_raw=337, finite_out=304, removed_isolated=5
[INFO] [1782903139.011545205] [simple_scan_filter]: scan stats: n=404, zeros=76, nan=0, inf=0, finite_raw=328, finite_out=301, removed_isolated=3
Traceback (most recent call last):
  File "/root/rdk_x5_vln_robot/ros2_bridge/simple_scan_filter.py", line 197, in <module>
    main()
  File "/root/rdk_x5_vln_robot/ros2_bridge/simple_scan_filter.py", line 191, in main
    rclpy.spin(node)
  File "/opt/ros/humble/local/lib/python3.10/dist-packages/rclpy/__init__.py", line 229, in spin
    executor.spin_once()
  File "/opt/ros/humble/local/lib/python3.10/dist-packages/rclpy/executors.py", line 751, in spin_once
    self._spin_once_impl(timeout_sec)
  File "/opt/ros/humble/local/lib/python3.10/dist-packages/rclpy/executors.py", line 740, in _spin_once_impl
    handler, entity, node = self.wait_for_ready_callbacks(timeout_sec=timeout_sec)
  File "/opt/ros/humble/local/lib/python3.10/dist-packages/rclpy/executors.py", line 723, in wait_for_ready_callbacks
    return next(self._cb_iter)
  File "/opt/ros/humble/local/lib/python3.10/dist-packages/rclpy/executors.py", line 624, in _wait_for_ready_callbacks
    raise ExternalShutdownException()
rclpy.executors.ExternalShutdownException
