[INFO] [launch]: All log files can be found below /root/.ros/log/2026-07-01-17-13-57-608583-ubuntu-80168
[INFO] [launch]: Default logging verbosity is set to INFO
[INFO] [async_slam_toolbox_node-1]: process started with pid [80172]
[async_slam_toolbox_node-1] [INFO] [1782897237.926150773] [slam_toolbox]: Node using stack size 40000000
[async_slam_toolbox_node-1] [INFO] [1782897238.045420284] [slam_toolbox]: Using solver plugin solver_plugins::CeresSolver
[async_slam_toolbox_node-1] [INFO] [1782897238.199649381] [slam_toolbox]: Message Filter dropping message: frame 'laser' at time 1782897237.993 for reason 'discarding message because the queue is full'
[async_slam_toolbox_node-1] [WARN] [1782897238.200810048] [slam_toolbox]: minimum laser range setting (0.0 m) exceeds the capabilities of the used Lidar (0.2 m)
[async_slam_toolbox_node-1] Info: clipped range threshold to be within minimum and maximum range!
[async_slam_toolbox_node-1] Registering sensor: [Custom Described Lidar]
[async_slam_toolbox_node-1] [INFO] [1782897261.186811008] [slam_toolbox]: Message Filter dropping message: frame 'laser' at time 1782897260.979 for reason 'discarding message because the queue is full'
[async_slam_toolbox_node-1] [INFO] [1782897263.781204333] [slam_toolbox]: Message Filter dropping message: frame 'laser' at time 1782897263.574 for reason 'discarding message because the queue is full'
[async_slam_toolbox_node-1] [INFO] [1782897266.529642401] [slam_toolbox]: Message Filter dropping message: frame 'laser' at time 1782897266.072 for reason 'discarding message because the queue is full'
[async_slam_toolbox_node-1] [INFO] [1782897269.981424804] [slam_toolbox]: Message Filter dropping message: frame 'laser' at time 1782897268.871 for reason 'the timestamp on the message is earlier than all the data in the transform cache'
[async_slam_toolbox_node-1] [INFO] [1782897279.189709858] [slam_toolbox]: Message Filter dropping message: frame 'laser' at time 1782897278.972 for reason 'discarding message because the queue is full'
[async_slam_toolbox_node-1] [INFO] [1782897281.781685763] [slam_toolbox]: Message Filter dropping message: frame 'laser' at time 1782897281.574 for reason 'discarding message because the queue is full'
[async_slam_toolbox_node-1] [INFO] [1782897284.381153367] [slam_toolbox]: Message Filter dropping message: frame 'laser' at time 1782897284.173 for reason 'discarding message because the queue is full'
[async_slam_toolbox_node-1] [INFO] [1782897286.979957547] [slam_toolbox]: Message Filter dropping message: frame 'laser' at time 1782897286.773 for reason 'discarding message because the queue is full'
[async_slam_toolbox_node-1] [INFO] [1782897289.480783209] [slam_toolbox]: Message Filter dropping message: frame 'laser' at time 1782897289.273 for reason 'discarding message because the queue is full'
[async_slam_toolbox_node-1] [INFO] [1782897369.866161559] [slam_toolbox]: Message Filter dropping message: frame 'laser' at time 1782897369.650 for reason 'discarding message because the queue is full'
[async_slam_toolbox_node-1] [INFO] [1782897372.461279737] [slam_toolbox]: Message Filter dropping message: frame 'laser' at time 1782897372.253 for reason 'discarding message because the queue is full'
[async_slam_toolbox_node-1] [INFO] [1782897375.058324658] [slam_toolbox]: Message Filter dropping message: frame 'laser' at time 1782897374.851 for reason 'discarding message because the queue is full'
[async_slam_toolbox_node-1] [INFO] [1782897377.655840281] [slam_toolbox]: Message Filter dropping message: frame 'laser' at time 1782897377.450 for reason 'discarding message because the queue is full'
[async_slam_toolbox_node-1] [INFO] [1782897436.823517994] [slam_toolbox]: Message Filter dropping message: frame 'laser' at time 1782897436.607 for reason 'discarding message because the queue is full'
[async_slam_toolbox_node-1] [INFO] [1782897439.418462810] [slam_toolbox]: Message Filter dropping message: frame 'laser' at time 1782897439.209 for reason 'discarding message because the queue is full'
[async_slam_toolbox_node-1] [INFO] [1782897442.013265287] [slam_toolbox]: Message Filter dropping message: frame 'laser' at time 1782897441.807 for reason 'discarding message because the queue is full'
[async_slam_toolbox_node-1] [INFO] [1782897444.517220465] [slam_toolbox]: Message Filter dropping message: frame 'laser' at time 1782897444.305 for reason 'discarding message because the queue is full'
[async_slam_toolbox_node-1] [INFO] [1782897673.822308489] [slam_toolbox]: Message Filter dropping message: frame 'laser' at time 1782897673.611 for reason 'discarding message because the queue is full'
[async_slam_toolbox_node-1] [INFO] [1782897676.420649665] [slam_toolbox]: Message Filter dropping message: frame 'laser' at time 1782897676.214 for reason 'discarding message because the queue is full'
[async_slam_toolbox_node-1] [INFO] [1782897679.017646671] [slam_toolbox]: Message Filter dropping message: frame 'laser' at time 1782897678.811 for reason 'discarding message because the queue is full'
[async_slam_toolbox_node-1] [INFO] [1782897681.616807545] [slam_toolbox]: Message Filter dropping message: frame 'laser' at time 1782897681.410 for reason 'discarding message because the queue is full'
[async_slam_toolbox_node-1] [INFO] [1782897765.732007203] [slam_toolbox]: Message Filter dropping message: frame 'laser' at time 1782897765.522 for reason 'discarding message because the queue is full'
[async_slam_toolbox_node-1] [INFO] [1782897768.328165934] [slam_toolbox]: Message Filter dropping message: frame 'laser' at time 1782897768.122 for reason 'discarding message because the queue is full'
[async_slam_toolbox_node-1] [INFO] [1782897770.928318157] [slam_toolbox]: Message Filter dropping message: frame 'laser' at time 1782897770.720 for reason 'discarding message because the queue is full'
[async_slam_toolbox_node-1] [INFO] [1782897773.523901796] [slam_toolbox]: Message Filter dropping message: frame 'laser' at time 1782897773.318 for reason 'discarding message because the queue is full'
[async_slam_toolbox_node-1] [INFO] [1782898700.947230169] [slam_toolbox]: Message Filter dropping message: frame 'laser' at time 1782898700.738 for reason 'discarding message because the queue is full'
[async_slam_toolbox_node-1] [INFO] [1782898703.536471875] [slam_toolbox]: Message Filter dropping message: frame 'laser' at time 1782898703.036 for reason 'discarding message because the queue is full'
[async_slam_toolbox_node-1] [INFO] [1782898706.042827292] [slam_toolbox]: Message Filter dropping message: frame 'laser' at time 1782898705.836 for reason 'discarding message because the queue is full'
[async_slam_toolbox_node-1] [INFO] [1782898708.639955194] [slam_toolbox]: Message Filter dropping message: frame 'laser' at time 1782898708.434 for reason 'discarding message because the queue is full'
[async_slam_toolbox_node-1] [INFO] [1782898989.239619607] [slam_toolbox]: Message Filter dropping message: frame 'laser' at time 1782898989.024 for reason 'discarding message because the queue is full'
[async_slam_toolbox_node-1] [INFO] [1782898991.754328900] [slam_toolbox]: Message Filter dropping message: frame 'laser' at time 1782898991.524 for reason 'discarding message because the queue is full'
[async_slam_toolbox_node-1] [INFO] [1782898994.330214041] [slam_toolbox]: Message Filter dropping message: frame 'laser' at time 1782898994.123 for reason 'discarding message because the queue is full'
[async_slam_toolbox_node-1] [INFO] [1782898996.928227363] [slam_toolbox]: Message Filter dropping message: frame 'laser' at time 1782898996.721 for reason 'discarding message because the queue is full'
[async_slam_toolbox_node-1] [INFO] [1782899073.276293570] [slam_toolbox]: Message Filter dropping message: frame 'laser' at time 1782899073.066 for reason 'discarding message because the queue is full'
[async_slam_toolbox_node-1] [INFO] [1782899075.875135563] [slam_toolbox]: Message Filter dropping message: frame 'laser' at time 1782899075.669 for reason 'discarding message because the queue is full'
[async_slam_toolbox_node-1] [INFO] [1782899078.375329459] [slam_toolbox]: Message Filter dropping message: frame 'laser' at time 1782899078.168 for reason 'discarding message because the queue is full'
[async_slam_toolbox_node-1] [INFO] [1782899080.971826369] [slam_toolbox]: Message Filter dropping message: frame 'laser' at time 1782899080.766 for reason 'discarding message because the queue is full'
[async_slam_toolbox_node-1] [INFO] [1782899279.722104160] [slam_toolbox]: Message Filter dropping message: frame 'laser' at time 1782899279.514 for reason 'discarding message because the queue is full'
[async_slam_toolbox_node-1] [INFO] [1782899282.319530820] [slam_toolbox]: Message Filter dropping message: frame 'laser' at time 1782899282.114 for reason 'discarding message because the queue is full'
[async_slam_toolbox_node-1] [INFO] [1782899284.919155810] [slam_toolbox]: Message Filter dropping message: frame 'laser' at time 1782899284.712 for reason 'discarding message because the queue is full'
[async_slam_toolbox_node-1] [INFO] [1782899287.517011718] [slam_toolbox]: Message Filter dropping message: frame 'laser' at time 1782899287.310 for reason 'discarding message because the queue is full'
[async_slam_toolbox_node-1] [INFO] [1782899638.700873390] [slam_toolbox]: Message Filter dropping message: frame 'laser' at time 1782899638.490 for reason 'discarding message because the queue is full'
[async_slam_toolbox_node-1] [INFO] [1782899641.299963313] [slam_toolbox]: Message Filter dropping message: frame 'laser' at time 1782899641.093 for reason 'discarding message because the queue is full'
[async_slam_toolbox_node-1] [INFO] [1782899643.900139270] [slam_toolbox]: Message Filter dropping message: frame 'laser' at time 1782899643.693 for reason 'discarding message because the queue is full'
[async_slam_toolbox_node-1] [INFO] [1782899646.494937472] [slam_toolbox]: Message Filter dropping message: frame 'laser' at time 1782899646.289 for reason 'discarding message because the queue is full'
[async_slam_toolbox_node-1] [INFO] [1782899741.975867815] [slam_toolbox]: Message Filter dropping message: frame 'laser' at time 1782899741.767 for reason 'discarding message because the queue is full'
[async_slam_toolbox_node-1] [INFO] [1782899744.572726478] [slam_toolbox]: Message Filter dropping message: frame 'laser' at time 1782899744.366 for reason 'discarding message because the queue is full'
[async_slam_toolbox_node-1] [INFO] [1782899747.171257550] [slam_toolbox]: Message Filter dropping message: frame 'laser' at time 1782899746.965 for reason 'discarding message because the queue is full'
[async_slam_toolbox_node-1] [INFO] [1782899749.777759364] [slam_toolbox]: Message Filter dropping message: frame 'laser' at time 1782899749.562 for reason 'discarding message because the queue is full'
