[INFO] [1782624688.435829223] [cmd_vel_to_rosmaster]: Initializing Rosmaster...
[INFO] [1782624688.438182804] [cmd_vel_to_rosmaster]: Serial port: /dev/rosmaster
[INFO] [1782624689.024572892] [cmd_vel_to_rosmaster]: cmd_vel_to_rosmaster started.
[INFO] [1782624689.027043557] [cmd_vel_to_rosmaster]: Subscribed topic: /cmd_vel
[INFO] [1782624689.029155014] [cmd_vel_to_rosmaster]: Publishing: /cmd_vel_sent, /chassis_bridge_state, /odom (TF odom->base_link)
[INFO] [1782624689.031230596] [cmd_vel_to_rosmaster]: Safety limits: max_vx=0.070 m/s, max_wz=0.260 rad/s
[INFO] [1782624689.033380594] [cmd_vel_to_rosmaster]: Smooth: alpha=0.00 dvx=0.010 dwz=0.008 rate=20.0Hz reset_on_zero=False
[INFO] [1782624689.036115926] [cmd_vel_to_rosmaster]: Kick start: enable=True, kick_vx=0.055, kick_wz=0.240, duration=0.045s, cooldown=0.550s, cmd_wz_deadzone=0.012
[INFO] [1782624689.038218674] [cmd_vel_to_rosmaster]: Odom: topic=/odom, frames=odom->base_link, rate=30.0Hz, source=get_motion_data()
[INFO] [1782624691.007083628] [cmd_vel_to_rosmaster]: status: battery=11.6, motion=(0.0, 0.0, 0.0), last_sent=(vx=0.000, wz=0.000)
[INFO] [1782624693.018696101] [cmd_vel_to_rosmaster]: status: battery=11.6, motion=(0.0, 0.0, 0.0), last_sent=(vx=0.000, wz=0.000)
[INFO] [1782624695.007106305] [cmd_vel_to_rosmaster]: status: battery=11.6, motion=(0.0, 0.0, 0.0), last_sent=(vx=0.000, wz=0.000)
[INFO] [1782624697.007615925] [cmd_vel_to_rosmaster]: status: battery=11.6, motion=(0.0, 0.0, 0.0), last_sent=(vx=0.000, wz=0.000)
[INFO] [1782624699.007547635] [cmd_vel_to_rosmaster]: status: battery=11.6, motion=(0.0, 0.0, 0.0), last_sent=(vx=0.000, wz=0.000)
[INFO] [1782624701.018472095] [cmd_vel_to_rosmaster]: status: battery=11.6, motion=(0.0, 0.0, 0.0), last_sent=(vx=0.000, wz=0.000)
[INFO] [1782624703.012551907] [cmd_vel_to_rosmaster]: status: battery=11.6, motion=(0.0, 0.0, 0.0), last_sent=(vx=0.000, wz=0.000)
[INFO] [1782624705.007997057] [cmd_vel_to_rosmaster]: status: battery=11.6, motion=(0.0, 0.0, 0.0), last_sent=(vx=0.000, wz=0.000)
[INFO] [1782624707.016955623] [cmd_vel_to_rosmaster]: status: battery=11.6, motion=(0.0, 0.0, 0.0), last_sent=(vx=0.000, wz=0.000)
[INFO] [1782624709.021109698] [cmd_vel_to_rosmaster]: status: battery=11.6, motion=(0.0, 0.0, 0.0), last_sent=(vx=0.000, wz=0.000)
[INFO] [1782624711.018268118] [cmd_vel_to_rosmaster]: status: battery=11.6, motion=(0.0, 0.0, 0.0), last_sent=(vx=0.000, wz=0.000)
[INFO] [1782624713.007129175] [cmd_vel_to_rosmaster]: status: battery=11.6, motion=(0.0, 0.0, 0.0), last_sent=(vx=0.000, wz=0.000)
[INFO] [1782624715.012589312] [cmd_vel_to_rosmaster]: status: battery=11.6, motion=(0.0, 0.0, 0.0), last_sent=(vx=0.000, wz=0.000)
[INFO] [1782624717.018480580] [cmd_vel_to_rosmaster]: status: battery=11.6, motion=(0.0, 0.0, 0.0), last_sent=(vx=0.000, wz=0.000)
[INFO] [1782624719.008029948] [cmd_vel_to_rosmaster]: status: battery=11.6, motion=(0.0, 0.0, 0.0), last_sent=(vx=0.000, wz=0.000)
[INFO] [1782624721.008150817] [cmd_vel_to_rosmaster]: status: battery=11.6, motion=(0.0, 0.0, 0.0), last_sent=(vx=0.000, wz=0.000)
[INFO] [1782624723.018200852] [cmd_vel_to_rosmaster]: status: battery=11.6, motion=(0.0, 0.0, 0.0), last_sent=(vx=0.000, wz=0.000)
[INFO] [1782624725.013063154] [cmd_vel_to_rosmaster]: status: battery=11.6, motion=(0.0, 0.0, 0.0), last_sent=(vx=0.000, wz=0.000)
[INFO] [1782624727.013984833] [cmd_vel_to_rosmaster]: status: battery=11.6, motion=(0.0, 0.0, 0.0), last_sent=(vx=0.000, wz=0.000)
[INFO] [1782624729.017092851] [cmd_vel_to_rosmaster]: status: battery=11.6, motion=(0.0, 0.0, 0.0), last_sent=(vx=0.000, wz=0.000)
[INFO] [1782624731.011932172] [cmd_vel_to_rosmaster]: status: battery=11.6, motion=(0.0, 0.0, 0.0), last_sent=(vx=0.000, wz=0.000)
[INFO] [1782624733.012797955] [cmd_vel_to_rosmaster]: status: battery=11.6, motion=(0.0, 0.0, 0.0), last_sent=(vx=0.000, wz=0.112)
[INFO] [1782624735.008081039] [cmd_vel_to_rosmaster]: status: battery=11.3, motion=(-0.154, 0.046, -6.345), last_sent=(vx=0.000, wz=0.220)
[WARN] [1782624736.060057716] [cmd_vel_to_rosmaster]: Watchdog timeout, auto stop.
[INFO] [1782624737.007392793] [cmd_vel_to_rosmaster]: status: battery=11.6, motion=(0.0, 0.0, 0.0), last_sent=(vx=0.000, wz=0.000)
[INFO] [1782624739.007500179] [cmd_vel_to_rosmaster]: status: battery=11.6, motion=(0.0, 0.0, 0.0), last_sent=(vx=0.000, wz=0.000)
[INFO] [1782624741.009365570] [cmd_vel_to_rosmaster]: status: battery=11.6, motion=(0.0, 0.0, 0.0), last_sent=(vx=0.000, wz=0.000)
[INFO] [1782624743.007574595] [cmd_vel_to_rosmaster]: status: battery=11.6, motion=(0.0, 0.0, 0.0), last_sent=(vx=0.000, wz=0.000)
[INFO] [1782624745.007093000] [cmd_vel_to_rosmaster]: status: battery=11.6, motion=(0.0, 0.0, 0.0), last_sent=(vx=0.000, wz=0.000)
[INFO] [1782624747.008452993] [cmd_vel_to_rosmaster]: status: battery=11.6, motion=(0.0, 0.0, 0.0), last_sent=(vx=0.000, wz=0.000)
[INFO] [1782624749.017317822] [cmd_vel_to_rosmaster]: status: battery=11.5, motion=(0.0, 0.0, 0.0), last_sent=(vx=0.000, wz=-0.096)
[INFO] [1782624751.007106211] [cmd_vel_to_rosmaster]: status: battery=11.4, motion=(0.042, -0.011, 3.971), last_sent=(vx=0.000, wz=-0.220)
[WARN] [1782624751.858678368] [cmd_vel_to_rosmaster]: Watchdog timeout, auto stop.
[INFO] [1782624753.007819974] [cmd_vel_to_rosmaster]: status: battery=11.6, motion=(0.0, 0.0, 0.0), last_sent=(vx=0.000, wz=0.000)
[INFO] [1782624755.007116160] [cmd_vel_to_rosmaster]: status: battery=11.6, motion=(0.0, 0.0, 0.0), last_sent=(vx=0.000, wz=0.000)
[INFO] [1782624757.007196144] [cmd_vel_to_rosmaster]: status: battery=11.6, motion=(0.0, 0.0, 0.0), last_sent=(vx=0.000, wz=0.000)
[INFO] [1782624759.017083337] [cmd_vel_to_rosmaster]: status: battery=11.6, motion=(0.0, 0.0, 0.0), last_sent=(vx=0.000, wz=0.000)
[INFO] [1782624761.016742001] [cmd_vel_to_rosmaster]: status: battery=11.6, motion=(0.0, 0.0, 0.0), last_sent=(vx=0.000, wz=0.000)
[INFO] [1782624763.008282300] [cmd_vel_to_rosmaster]: status: battery=11.6, motion=(0.0, 0.0, 0.0), last_sent=(vx=0.000, wz=0.000)
[INFO] [1782624765.008028768] [cmd_vel_to_rosmaster]: status: battery=11.5, motion=(0.0, 0.0, 0.0), last_sent=(vx=0.000, wz=0.000)
[INFO] [1782624766.838056380] [cmd_vel_to_rosmaster]: Stopping car before node shutdown...
Failed to publish log message to rosout: publisher's context is invalid, at ./src/rcl/publisher.c:389
Rosmaster Serial Opened! Baudrate=115200
----------------create receive threading--------------
Traceback (most recent call last):
  File "/root/rdk_x5_vln_robot/ros2_bridge/cmd_vel_to_rosmaster.py", line 474, in main
    rclpy.spin(node)
  File "/opt/ros/humble/local/lib/python3.10/dist-packages/rclpy/__init__.py", line 229, in spin
    executor.spin_once()
  File "/opt/ros/humble/local/lib/python3.10/dist-packages/rclpy/executors.py", line 751, in spin_once
    self._spin_once_impl(timeout_sec)
  File "/opt/ros/humble/local/lib/python3.10/dist-packages/rclpy/executors.py", line 740, in _spin_once_impl
    handler, entity, node = self.wait_for_ready_callbacks(timeout_sec=timeout_sec)
  File "/opt/ros/humble/local/lib/python3.10/dist-packages/rclpy/executors.py", line 723, in wait_for_ready_callbacks
    return next(self._cb_iter)
  File "/opt/ros/humble/local/lib/python3.10/dist-packages/rclpy/executors.py", line 624, in _wait_for_ready_callbacks
    raise ExternalShutdownException()
rclpy.executors.ExternalShutdownException

During handling of the above exception, another exception occurred:

Traceback (most recent call last):
  File "/root/rdk_x5_vln_robot/ros2_bridge/cmd_vel_to_rosmaster.py", line 484, in <module>
    main()
  File "/root/rdk_x5_vln_robot/ros2_bridge/cmd_vel_to_rosmaster.py", line 480, in main
    rclpy.shutdown()
  File "/opt/ros/humble/local/lib/python3.10/dist-packages/rclpy/__init__.py", line 130, in shutdown
    _shutdown(context=context)
  File "/opt/ros/humble/local/lib/python3.10/dist-packages/rclpy/utilities.py", line 58, in shutdown
    return context.shutdown()
  File "/opt/ros/humble/local/lib/python3.10/dist-packages/rclpy/context.py", line 102, in shutdown
    self.__context.shutdown()
rclpy._rclpy_pybind11.RCLError: failed to shutdown: rcl_shutdown already called on the given context, at ./src/rcl/init.c:241
