{
  "port": "/dev/rosmaster",
  "connected": true,
  "drive_mode": "pwm",
  "wheel_layout": "fl-rl-fr-rr",
  "wheel_layout_desc": "fl-rl-fr-rr: M1=FL, M2=RL, M3=FR, M4=RR",
  "last_raw_vx": 0.0,
  "last_raw_wz": 0.0,
  "last_sent_vx": 0.0,
  "last_sent_wz": 0.0,
  "vx_pwm": 0.0,
  "wz_pwm": 0.0,
  "pwm_1": 0,
  "pwm_2": 0,
  "pwm_3": 0,
  "pwm_4": 0,
  "watchdog_timeout": 0.5,
  "vx_pwm_deadband": 10.0,
  "wz_pwm_deadband": 10.0,
  "pwm_max": 40.0,
  "vx_pwm_gain": 200.0,
  "wz_pwm_gain": 150.0,
  "motor_signs": [
    1,
    1,
    1,
    1
  ],
  "motor_trims": [
    1.15,
    1.15,
    1.0,
    1.0
  ],
  "odom_vx_scale": 0.68,
  "odom_vy_scale": 1.0,
  "odom_wz_scale": -0.58,
  "odom_use_vy": false,
  "odom_vxy_deadzone": 0.003,
  "odom_wz_deadzone": 0.015,
  "base_yaw_offset": 0.0,
  "base_yaw_offset_deg": 0.0,
  "time": 1782817957.5961814
}
