[INFO] Starting calibrated SLAM stack...
[INFO] CHASSIS_MOTOR_TRIMS=1.15,1.15,1.0,1.0
[INFO] CHASSIS_ODOM_VX_SCALE=-0.68
[INFO] CHASSIS_ODOM_WZ_SCALE=-0.58
[INFO] CHASSIS_ODOM_USE_VY=0
[INFO] CHASSIS_MAX_VX=0.04 CHASSIS_MAX_WZ=0.10
[lidar_frame_config] base_link -> laser
[lidar_frame_config] xyz=(0.10, 0.0, 0.12) rpy=(0.0, 0.0, 3.141592653589793)
[lidar_frame_config] WARN: LASER_YAW=3.141592653589793 (non-zero compensation enabled)
[13:12:49] ===== Corridor SLAM Live (Foxglove, known-good style) =====
[13:12:49] PROJECT_DIR=/root/rdk_x5_vln_robot
[13:12:49] No auto motion. Drive manually via joystick /cmd_vel.
[13:12:49] SLAM config OK: /root/rdk_x5_vln_robot/configs/slam_toolbox.yaml
[13:12:49] Stopping old SLAM-related processes...
[13:12:53] [1/6] LiDAR -> /scan
[13:12:53] Starting lidar -> /root/rdk_x5_vln_robot/logs/slam_live/lidar.log
[13:12:59] Waiting for /scan ...
[13:13:04] OK: /scan
[13:13:04] [scan_filter] Start /scan -> /scan_filtered
[13:13:04] Starting scan_filter -> /root/rdk_x5_vln_robot/logs/slam_live/scan_filter.log
[13:13:07] Waiting for /scan_filtered ...
[13:13:08] OK: /scan_filtered
[13:13:08] [2/6] Chassis PWM bridge + /odom
[13:13:09] Calibration mode: re-applied slam_calibrated_env after mvp_tune
[13:13:15] [3/6] Static TF base_link -> laser
[13:13:15] Starting static_tf -> /root/rdk_x5_vln_robot/logs/slam_live/static_tf.log
[13:13:18] [4/6] slam_toolbox online_async (scan_topic=/scan_filtered)
[13:13:18] Starting slam_toolbox -> /root/rdk_x5_vln_robot/logs/slam_live/slam_toolbox.log
[13:13:27] [5/6] foxglove_bridge port 8765
[13:13:27] Starting foxglove_bridge -> /root/rdk_x5_vln_robot/logs/slam_live/foxglove_bridge.log

========== ROS TOPICS ==========
/chassis_bridge_state
/cmd_vel
/cmd_vel_sent
/map
/map_metadata
/odom
/scan
/scan_filtered
/slam_toolbox/scan_visualization
/tf
/tf_static

========== /scan info ==========
Type: sensor_msgs/msg/LaserScan

Publisher count: 1

Node name: ydlidar_ros2_driver_node
Node namespace: /
Topic type: sensor_msgs/msg/LaserScan
Endpoint type: PUBLISHER
GID: 01.0f.92.2b.cb.45.71.d2.00.00.00.00.00.00.12.03.00.00.00.00.00.00.00.00
QoS profile:
  Reliability: BEST_EFFORT
  History (Depth): UNKNOWN
  Durability: VOLATILE
  Lifespan: Infinite
  Deadline: Infinite
  Liveliness: AUTOMATIC
  Liveliness lease duration: Infinite

Subscription count: 1

Node name: simple_scan_filter
Node namespace: /
Topic type: sensor_msgs/msg/LaserScan
Endpoint type: SUBSCRIPTION
GID: 01.0f.92.2b.13.46.de.90.00.00.00.00.00.00.12.04.00.00.00.00.00.00.00.00
QoS profile:
  Reliability: BEST_EFFORT
  History (Depth): UNKNOWN
  Durability: VOLATILE
  Lifespan: Infinite
  Deadline: Infinite
  Liveliness: AUTOMATIC
  Liveliness lease duration: Infinite


========== /odom info ==========
Type: nav_msgs/msg/Odometry

Publisher count: 1

Node name: m1_pwm_cmd_vel_bridge
Node namespace: /
Topic type: nav_msgs/msg/Odometry
Endpoint type: PUBLISHER
GID: 01.0f.92.2b.7c.46.fb.e8.00.00.00.00.00.00.14.03.00.00.00.00.00.00.00.00
QoS profile:
  Reliability: RELIABLE
  History (Depth): UNKNOWN
  Durability: VOLATILE
  Lifespan: Infinite
  Deadline: Infinite
  Liveliness: AUTOMATIC
  Liveliness lease duration: Infinite

Subscription count: 0


========== /map_metadata once ==========
map_load_time:
  sec: 0
  nanosec: 0
resolution: 0.05000000074505806
width: 143
height: 132
origin:
  position:
    x: -3.2942695833234343
    y: -2.848869009193386
    z: 0.0
  orientation:
    x: 0.0
    y: 0.0
    z: 0.0
    w: 1.0
---

========== TF odom -> laser ==========
At time 1782882822.18993393
- Translation: [-0.100, 0.000, 0.120]
- Rotation: in Quaternion (xyzw) [0.000, 0.000, -0.000, 1.000]
- Rotation: in RPY (radian) [0.000, 0.000, -0.000]
- Rotation: in RPY (degree) [0.000, 0.000, -0.000]
- Matrix:
  1.000  0.000  0.000 -0.100
 -0.000  1.000 -0.000  0.000
 -0.000  0.000  1.000  0.120
  0.000  0.000  0.000  1.000
At time 1782882823.18649669
- Translation: [-0.100, 0.000, 0.120]
- Rotation: in Quaternion (xyzw) [0.000, 0.000, -0.000, 1.000]
- Rotation: in RPY (radian) [0.000, 0.000, -0.000]
- Rotation: in RPY (degree) [0.000, 0.000, -0.000]
- Matrix:
  1.000  0.000  0.000 -0.100
 -0.000  1.000 -0.000  0.000
 -0.000  0.000  1.000  0.120
  0.000  0.000  0.000  1.000
At time 1782882824.18585547
- Translation: [-0.100, 0.000, 0.120]
- Rotation: in Quaternion (xyzw) [0.000, 0.000, -0.000, 1.000]
- Rotation: in RPY (radian) [0.000, 0.000, -0.000]
- Rotation: in RPY (degree) [0.000, 0.000, -0.000]

========== Logs if something is missing ==========
LiDAR log:         /root/rdk_x5_vln_robot/logs/slam_live/lidar.log
Scan filter log:   /root/rdk_x5_vln_robot/logs/slam_live/scan_filter.log
Chassis log:       /root/rdk_x5_vln_robot/logs/slam_live/chassis_bridge.log
SLAM log:          /root/rdk_x5_vln_robot/logs/slam_live/slam_toolbox.log
Foxglove log:      /root/rdk_x5_vln_robot/logs/slam_live/foxglove_bridge.log
[13:13:44] ===== SLAM live stack started =====
[13:13:44] Do NOT close this terminal.
[13:13:44] Foxglove: ws://192.168.137.166:8765
[13:13:44] Now open terminal 2: joy_node.
[13:13:44] Then terminal 3: teleop_twist_joy.
[13:13:44] Terminal 4: monitoring and map saving.
