[INFO] [1782905593.701567170] [m1_pwm_cmd_vel_bridge]: Initializing Rosmaster PWM bridge on /dev/ttyUSB0
[INFO] [1782905594.287287242] [m1_pwm_cmd_vel_bridge]: m1_pwm_cmd_vel_bridge started (drive_mode=pwm)
[INFO] [1782905594.289739781] [m1_pwm_cmd_vel_bridge]: Publishing odom topic=/odom, TF odom->base_link, source=get_motion_data()
[INFO] [1782905594.292153111] [m1_pwm_cmd_vel_bridge]: odom_wz_scale=1.0
[INFO] [1782905594.294520566] [m1_pwm_cmd_vel_bridge]: odom x/y yaw offset=0.0000 rad (0.0 deg)
[INFO] [1782905594.296986188] [m1_pwm_cmd_vel_bridge]: base_link yaw offset=0.0000 rad (0.0 deg)
[INFO] [1782905594.299575101] [m1_pwm_cmd_vel_bridge]: fl-rl-fr-rr: M1=FL, M2=RL, M3=FR, M4=RR
[INFO] [1782905594.302160931] [m1_pwm_cmd_vel_bridge]: motor_signs=[1, 1, 1, 1], motor_trims=[1.0, 1.0, 1.0, 1.0]
[INFO] [1782905594.304627928] [m1_pwm_cmd_vel_bridge]: limits: max_vx=0.060, max_wz=0.060, vx_db=6.0, wz_db=8.0, pwm_max=30.0, vx_gain=180.0, wz_gain=120.0
[INFO] [1782905594.307024383] [m1_pwm_cmd_vel_bridge]: Tip: use angular.z in rad/s (e.g. 0.12~0.16), NOT 3.0. M1 wz breakaway from calibration is about 0.16 rad/s.
Exception in thread task_serial_receive:
Traceback (most recent call last):
  File "/usr/lib/python3.10/threading.py", line 1016, in _bootstrap_inner
    self.run()
  File "/usr/lib/python3.10/threading.py", line 953, in run
    self._target(*self._args, **self._kwargs)
  File "/usr/local/lib/python3.10/dist-packages/Rosmaster_Lib/Rosmaster_Lib.py", line 260, in __receive_data
    head1 = bytearray(self.ser.read())[0]
  File "/usr/lib/python3/dist-packages/serial/serialposix.py", line 595, in read
    raise SerialException(
serial.serialutil.SerialException: device reports readiness to read but returned no data (device disconnected or multiple access on port?)
[INFO] [1782907177.959095917] [m1_pwm_cmd_vel_bridge]: Stopping PWM motors before node shutdown...
Failed to publish log message to rosout: publisher's context is invalid, at ./src/rcl/publisher.c:389
Rosmaster Serial Opened! Baudrate=115200
----------------create receive threading--------------
Traceback (most recent call last):
  File "/root/rdk_x5_vln_robot/ros2_bridge/m1_pwm_cmd_vel_bridge.py", line 570, in main
    rclpy.spin(node)
  File "/opt/ros/humble/local/lib/python3.10/dist-packages/rclpy/__init__.py", line 229, in spin
    executor.spin_once()
  File "/opt/ros/humble/local/lib/python3.10/dist-packages/rclpy/executors.py", line 751, in spin_once
    self._spin_once_impl(timeout_sec)
  File "/opt/ros/humble/local/lib/python3.10/dist-packages/rclpy/executors.py", line 748, in _spin_once_impl
    raise handler.exception()
  File "/opt/ros/humble/local/lib/python3.10/dist-packages/rclpy/task.py", line 254, in __call__
    self._handler.send(None)
  File "/opt/ros/humble/local/lib/python3.10/dist-packages/rclpy/executors.py", line 447, in handler
    await call_coroutine(entity, arg)
  File "/opt/ros/humble/local/lib/python3.10/dist-packages/rclpy/executors.py", line 361, in _execute_timer
    await await_or_execute(tmr.callback)
  File "/opt/ros/humble/local/lib/python3.10/dist-packages/rclpy/executors.py", line 107, in await_or_execute
    return callback(*args)
  File "/root/rdk_x5_vln_robot/ros2_bridge/m1_pwm_cmd_vel_bridge.py", line 408, in odom_timer_callback
    self.odom_pub.publish(odom)
  File "/opt/ros/humble/local/lib/python3.10/dist-packages/rclpy/publisher.py", line 70, in publish
    self.__publisher.publish(msg)
rclpy._rclpy_pybind11.RCLError: Failed to publish: publisher's context is invalid, at ./src/rcl/publisher.c:389

During handling of the above exception, another exception occurred:

Traceback (most recent call last):
  File "/root/rdk_x5_vln_robot/ros2_bridge/m1_pwm_cmd_vel_bridge.py", line 580, in <module>
    main()
  File "/root/rdk_x5_vln_robot/ros2_bridge/m1_pwm_cmd_vel_bridge.py", line 576, in main
    rclpy.shutdown()
  File "/opt/ros/humble/local/lib/python3.10/dist-packages/rclpy/__init__.py", line 130, in shutdown
    _shutdown(context=context)
  File "/opt/ros/humble/local/lib/python3.10/dist-packages/rclpy/utilities.py", line 58, in shutdown
    return context.shutdown()
  File "/opt/ros/humble/local/lib/python3.10/dist-packages/rclpy/context.py", line 102, in shutdown
    self.__context.shutdown()
rclpy._rclpy_pybind11.RCLError: failed to shutdown: rcl_shutdown already called on the given context, at ./src/rcl/init.c:241
