[INFO] [launch]: All log files can be found below /root/.ros/log/2026-06-12-14-19-24-573646-ubuntu-21354
[INFO] [launch]: Default logging verbosity is set to INFO
config_file_path is  /opt/tros/humble/lib/hobot_usb_cam/config/usb_camera_calibration.yaml
Hobot shm pkg enables zero-copy with fastrtps profiles file: /opt/tros/humble/lib/hobot_shm/config/shm_fastdds.xml
Hobot shm pkg sets RMW_FASTRTPS_USE_QOS_FROM_XML: 1
config_file_path is  /opt/tros/humble/lib/hobot_usb_cam/config/usb_camera_calibration.yaml
env of RMW_FASTRTPS_USE_QOS_FROM_XML is  1 , ignore env setting
env of RMW_FASTRTPS_USE_QOS_FROM_XML is  1 , ignore env setting
[INFO] [hobot_usb_cam-1]: process started with pid [21367]
[hobot_usb_cam-1] [WARN] [1781245165.047498274] [hobot_usb_cam]: framerate: 60
[hobot_usb_cam-1] [WARN] [1781245165.048047732] [hobot_usb_cam]: pixel_format_name: mjpeg
[hobot_usb_cam-1] [WARN] [1781245165.163094479] [hobot_usb_cam]: This devices supproted formats:
[hobot_usb_cam-1] [WARN] [1781245165.163421437] [hobot_usb_cam]: 	Motion-JPEG: 1920 x 1080 (30 Hz)
[hobot_usb_cam-1] [WARN] [1781245165.163481604] [hobot_usb_cam]: 	Motion-JPEG: 1280 x 720 (60 Hz)
[hobot_usb_cam-1] [WARN] [1781245165.163521354] [hobot_usb_cam]: 	Motion-JPEG: 1280 x 1024 (30 Hz)
[hobot_usb_cam-1] [WARN] [1781245165.163559646] [hobot_usb_cam]: 	Motion-JPEG: 640 x 480 (120 Hz)
[hobot_usb_cam-1] [WARN] [1781245165.163597437] [hobot_usb_cam]: 	Motion-JPEG: 800 x 600 (60 Hz)
[hobot_usb_cam-1] [WARN] [1781245165.163636187] [hobot_usb_cam]: 	Motion-JPEG: 1024 x 768 (30 Hz)
[hobot_usb_cam-1] [WARN] [1781245165.163674062] [hobot_usb_cam]: 	Motion-JPEG: 320 x 240 (120 Hz)
[hobot_usb_cam-1] [WARN] [1781245165.163711437] [hobot_usb_cam]: 	YUYV 4:2:2: 1920 x 1080 (6 Hz)
[hobot_usb_cam-1] [WARN] [1781245165.163749062] [hobot_usb_cam]: 	YUYV 4:2:2: 640 x 480 (30 Hz)
[hobot_usb_cam-1] [WARN] [1781245165.163785979] [hobot_usb_cam]: 	YUYV 4:2:2: 320 x 240 (30 Hz)
[hobot_usb_cam-1] [WARN] [1781245165.163822562] [hobot_usb_cam]: 	YUYV 4:2:2: 800 x 600 (20 Hz)
[hobot_usb_cam-1] [WARN] [1781245165.163859271] [hobot_usb_cam]: 	YUYV 4:2:2: 1280 x 720 (9 Hz)
[hobot_usb_cam-1] [WARN] [1781245165.163896146] [hobot_usb_cam]: 	YUYV 4:2:2: 1024 x 768 (6 Hz)
[hobot_usb_cam-1] [WARN] [1781245165.163933271] [hobot_usb_cam]: 	YUYV 4:2:2: 1280 x 1024 (6 Hz)
[hobot_usb_cam-1] [WARN] [1781245651.994681771] [hobot_usb_cam]: Shutting down
[INFO] [hobot_usb_cam-1]: process has finished cleanly [pid 21367]
