[INFO] [1781245167.938592408] [compressed_to_raw_image]: compressed_to_raw_image started
[INFO] [1781245167.941039158] [compressed_to_raw_image]: subscribe: /image  type=sensor_msgs/msg/CompressedImage
[INFO] [1781245167.943517157] [compressed_to_raw_image]: publish  : /image_raw type=sensor_msgs/msg/Image
[INFO] [1781245169.850753891] [compressed_to_raw_image]: published /image_raw: 1280x720, approx_fps=28.58
[INFO] [1781245171.881675755] [compressed_to_raw_image]: published /image_raw: 1280x720, approx_fps=30.03
[INFO] [1781245173.913230546] [compressed_to_raw_image]: published /image_raw: 1280x720, approx_fps=28.55
[INFO] [1781245175.938782016] [compressed_to_raw_image]: published /image_raw: 1280x720, approx_fps=28.15
[INFO] [1781245177.968660579] [compressed_to_raw_image]: published /image_raw: 1280x720, approx_fps=28.07
[INFO] [1781245179.992115487] [compressed_to_raw_image]: published /image_raw: 1280x720, approx_fps=28.17
[INFO] [1781245182.008079242] [compressed_to_raw_image]: published /image_raw: 1280x720, approx_fps=27.78
[INFO] [1781245184.011787553] [compressed_to_raw_image]: published /image_raw: 1280x720, approx_fps=27.95
[INFO] [1781245186.021511288] [compressed_to_raw_image]: published /image_raw: 1280x720, approx_fps=27.86
[INFO] [1781245188.054370942] [compressed_to_raw_image]: published /image_raw: 1280x720, approx_fps=28.04
[INFO] [1781245190.075393486] [compressed_to_raw_image]: published /image_raw: 1280x720, approx_fps=28.20
[INFO] [1781245192.110046702] [compressed_to_raw_image]: published /image_raw: 1280x720, approx_fps=28.02
[INFO] [1781245194.143919386] [compressed_to_raw_image]: published /image_raw: 1280x720, approx_fps=28.02
[INFO] [1781245196.177143831] [compressed_to_raw_image]: published /image_raw: 1280x720, approx_fps=28.04
[INFO] [1781245198.210882161] [compressed_to_raw_image]: published /image_raw: 1280x720, approx_fps=28.02
[INFO] [1781245200.238754295] [compressed_to_raw_image]: published /image_raw: 1280x720, approx_fps=28.11
[INFO] [1781245202.272912686] [compressed_to_raw_image]: published /image_raw: 1280x720, approx_fps=28.03
[INFO] [1781245204.306750629] [compressed_to_raw_image]: published /image_raw: 1280x720, approx_fps=28.02
[INFO] [1781245206.338275499] [compressed_to_raw_image]: published /image_raw: 1280x720, approx_fps=28.05
[INFO] [1781245208.369221880] [compressed_to_raw_image]: published /image_raw: 1280x720, approx_fps=28.07
[INFO] [1781245210.371291653] [compressed_to_raw_image]: published /image_raw: 1280x720, approx_fps=27.97
[INFO] [1781245212.371509561] [compressed_to_raw_image]: published /image_raw: 1280x720, approx_fps=27.99
[INFO] [1781245214.406076261] [compressed_to_raw_image]: published /image_raw: 1280x720, approx_fps=28.02
[INFO] [1781245216.406826771] [compressed_to_raw_image]: published /image_raw: 1280x720, approx_fps=27.99
[INFO] [1781245218.432268618] [compressed_to_raw_image]: published /image_raw: 1280x720, approx_fps=28.15
[INFO] [1781245220.457321807] [compressed_to_raw_image]: published /image_raw: 1280x720, approx_fps=28.14
[INFO] [1781245222.460937970] [compressed_to_raw_image]: published /image_raw: 1280x720, approx_fps=27.95
[INFO] [1781245224.463067976] [compressed_to_raw_image]: published /image_raw: 1280x720, approx_fps=27.98
[INFO] [1781245226.466321032] [compressed_to_raw_image]: published /image_raw: 1280x720, approx_fps=27.95
[INFO] [1781245228.479603429] [compressed_to_raw_image]: published /image_raw: 1280x720, approx_fps=27.82
[INFO] [1781245230.484483170] [compressed_to_raw_image]: published /image_raw: 1280x720, approx_fps=27.93
[INFO] [1781245232.493007669] [compressed_to_raw_image]: published /image_raw: 1280x720, approx_fps=27.88
[INFO] [1781245234.517741383] [compressed_to_raw_image]: published /image_raw: 1280x720, approx_fps=28.15
[INFO] [1781245236.549863729] [compressed_to_raw_image]: published /image_raw: 1280x720, approx_fps=28.05
[INFO] [1781245238.583409875] [compressed_to_raw_image]: published /image_raw: 1280x720, approx_fps=28.03
[INFO] [1781245240.610229908] [compressed_to_raw_image]: published /image_raw: 1280x720, approx_fps=28.12
[INFO] [1781245242.620925286] [compressed_to_raw_image]: published /image_raw: 1280x720, approx_fps=27.85
[INFO] [1781245244.631307173] [compressed_to_raw_image]: published /image_raw: 1280x720, approx_fps=27.86
[INFO] [1781245246.642160360] [compressed_to_raw_image]: published /image_raw: 1280x720, approx_fps=27.85
[INFO] [1781245248.676651469] [compressed_to_raw_image]: published /image_raw: 1280x720, approx_fps=28.02
[INFO] [1781245250.709399004] [compressed_to_raw_image]: published /image_raw: 1280x720, approx_fps=28.04
[INFO] [1781245252.716964386] [compressed_to_raw_image]: published /image_raw: 1280x720, approx_fps=27.90
[INFO] [1781245254.724445609] [compressed_to_raw_image]: published /image_raw: 1280x720, approx_fps=27.89
[INFO] [1781245256.730515842] [compressed_to_raw_image]: published /image_raw: 1280x720, approx_fps=27.92
[INFO] [1781245258.742380083] [compressed_to_raw_image]: published /image_raw: 1280x720, approx_fps=27.84
[INFO] [1781245260.774391746] [compressed_to_raw_image]: published /image_raw: 1280x720, approx_fps=28.05
[INFO] [1781245262.778502005] [compressed_to_raw_image]: published /image_raw: 1280x720, approx_fps=27.94
[INFO] [1781245264.782388606] [compressed_to_raw_image]: published /image_raw: 1280x720, approx_fps=27.95
[INFO] [1781245266.786522716] [compressed_to_raw_image]: published /image_raw: 1280x720, approx_fps=27.94
[INFO] [1781245268.791986917] [compressed_to_raw_image]: published /image_raw: 1280x720, approx_fps=27.92
[INFO] [1781245270.798545085] [compressed_to_raw_image]: published /image_raw: 1280x720, approx_fps=27.91
[INFO] [1781245272.806758345] [compressed_to_raw_image]: published /image_raw: 1280x720, approx_fps=27.89
[INFO] [1781245274.814301280] [compressed_to_raw_image]: published /image_raw: 1280x720, approx_fps=27.89
[INFO] [1781245276.822982848] [compressed_to_raw_image]: published /image_raw: 1280x720, approx_fps=27.88
[INFO] [1781245278.857454296] [compressed_to_raw_image]: published /image_raw: 1280x720, approx_fps=28.02
[INFO] [1781245280.860977965] [compressed_to_raw_image]: published /image_raw: 1280x720, approx_fps=27.95
[INFO] [1781245282.888705640] [compressed_to_raw_image]: published /image_raw: 1280x720, approx_fps=28.11
[INFO] [1781245284.919668739] [compressed_to_raw_image]: published /image_raw: 1280x720, approx_fps=28.06
[INFO] [1781245286.925502224] [compressed_to_raw_image]: published /image_raw: 1280x720, approx_fps=27.92
[INFO] [1781245288.934852259] [compressed_to_raw_image]: published /image_raw: 1280x720, approx_fps=27.87
[INFO] [1781245290.941580094] [compressed_to_raw_image]: published /image_raw: 1280x720, approx_fps=27.90
[INFO] [1781245292.944501479] [compressed_to_raw_image]: published /image_raw: 1280x720, approx_fps=27.96
[INFO] [1781245294.955539955] [compressed_to_raw_image]: published /image_raw: 1280x720, approx_fps=27.84
[INFO] [1781245296.960836064] [compressed_to_raw_image]: published /image_raw: 1280x720, approx_fps=27.93
[INFO] [1781245298.968269140] [compressed_to_raw_image]: published /image_raw: 1280x720, approx_fps=27.90
[INFO] [1781245300.975643765] [compressed_to_raw_image]: published /image_raw: 1280x720, approx_fps=27.90
[INFO] [1781245302.985697315] [compressed_to_raw_image]: published /image_raw: 1280x720, approx_fps=27.86
[INFO] [1781245305.020710579] [compressed_to_raw_image]: published /image_raw: 1280x720, approx_fps=28.01
[INFO] [1781245307.020856979] [compressed_to_raw_image]: published /image_raw: 1280x720, approx_fps=28.00
[INFO] [1781245309.027052595] [compressed_to_raw_image]: published /image_raw: 1280x720, approx_fps=27.92
[INFO] [1781245311.036418885] [compressed_to_raw_image]: published /image_raw: 1280x720, approx_fps=27.87
[INFO] [1781245313.047925057] [compressed_to_raw_image]: published /image_raw: 1280x720, approx_fps=27.84
[INFO] [1781245315.056697196] [compressed_to_raw_image]: published /image_raw: 1280x720, approx_fps=27.88
[INFO] [1781245317.061598385] [compressed_to_raw_image]: published /image_raw: 1280x720, approx_fps=27.93
[INFO] [1781245319.068497081] [compressed_to_raw_image]: published /image_raw: 1280x720, approx_fps=27.90
[INFO] [1781245321.071260618] [compressed_to_raw_image]: published /image_raw: 1280x720, approx_fps=27.96
[INFO] [1781245323.072361372] [compressed_to_raw_image]: published /image_raw: 1280x720, approx_fps=27.99
[INFO] [1781245325.073283675] [compressed_to_raw_image]: published /image_raw: 1280x720, approx_fps=27.99
[INFO] [1781245327.102931901] [compressed_to_raw_image]: published /image_raw: 1280x720, approx_fps=28.08
[INFO] [1781245329.104700385] [compressed_to_raw_image]: published /image_raw: 1280x720, approx_fps=27.98
[INFO] [1781245331.120501961] [compressed_to_raw_image]: published /image_raw: 1280x720, approx_fps=27.78
[INFO] [1781245333.124608460] [compressed_to_raw_image]: published /image_raw: 1280x720, approx_fps=27.94
[INFO] [1781245335.129796884] [compressed_to_raw_image]: published /image_raw: 1280x720, approx_fps=27.93
[INFO] [1781245337.162015273] [compressed_to_raw_image]: published /image_raw: 1280x720, approx_fps=28.05
[INFO] [1781245339.166576795] [compressed_to_raw_image]: published /image_raw: 1280x720, approx_fps=27.93
[INFO] [1781245341.171705242] [compressed_to_raw_image]: published /image_raw: 1280x720, approx_fps=27.93
[INFO] [1781245343.180954695] [compressed_to_raw_image]: published /image_raw: 1280x720, approx_fps=27.87
[INFO] [1781245345.187569239] [compressed_to_raw_image]: published /image_raw: 1280x720, approx_fps=27.91
[INFO] [1781245347.190021333] [compressed_to_raw_image]: published /image_raw: 1280x720, approx_fps=27.97
[INFO] [1781245349.197380475] [compressed_to_raw_image]: published /image_raw: 1280x720, approx_fps=27.89
[INFO] [1781245351.203440958] [compressed_to_raw_image]: published /image_raw: 1280x720, approx_fps=27.92
[INFO] [1781245353.208132823] [compressed_to_raw_image]: published /image_raw: 1280x720, approx_fps=27.93
[INFO] [1781245355.214136236] [compressed_to_raw_image]: published /image_raw: 1280x720, approx_fps=27.92
[INFO] [1781245357.248634992] [compressed_to_raw_image]: published /image_raw: 1280x720, approx_fps=28.01
[INFO] [1781245359.274568587] [compressed_to_raw_image]: published /image_raw: 1280x720, approx_fps=28.13
[INFO] [1781245361.299120440] [compressed_to_raw_image]: published /image_raw: 1280x720, approx_fps=28.16
[INFO] [1781245363.329249508] [compressed_to_raw_image]: published /image_raw: 1280x720, approx_fps=28.08
[INFO] [1781245365.355995542] [compressed_to_raw_image]: published /image_raw: 1280x720, approx_fps=28.12
[INFO] [1781245367.390272917] [compressed_to_raw_image]: published /image_raw: 1280x720, approx_fps=28.02
[INFO] [1781245369.425740174] [compressed_to_raw_image]: published /image_raw: 1280x720, approx_fps=28.00
[INFO] [1781245371.459775730] [compressed_to_raw_image]: published /image_raw: 1280x720, approx_fps=28.02
[INFO] [1781245373.462489250] [compressed_to_raw_image]: published /image_raw: 1280x720, approx_fps=27.96
[INFO] [1781245375.483970527] [compressed_to_raw_image]: published /image_raw: 1280x720, approx_fps=28.19
[INFO] [1781245377.516639271] [compressed_to_raw_image]: published /image_raw: 1280x720, approx_fps=28.04
[INFO] [1781245379.549392938] [compressed_to_raw_image]: published /image_raw: 1280x720, approx_fps=28.04
[INFO] [1781245381.570046112] [compressed_to_raw_image]: published /image_raw: 1280x720, approx_fps=28.21
[INFO] [1781245383.586954458] [compressed_to_raw_image]: published /image_raw: 1280x720, approx_fps=28.26
[INFO] [1781245385.599058895] [compressed_to_raw_image]: published /image_raw: 1280x720, approx_fps=28.33
[INFO] [1781245387.614195089] [compressed_to_raw_image]: published /image_raw: 1280x720, approx_fps=28.29
[INFO] [1781245389.642826457] [compressed_to_raw_image]: published /image_raw: 1280x720, approx_fps=28.10
[INFO] [1781245391.666613707] [compressed_to_raw_image]: published /image_raw: 1280x720, approx_fps=28.16
[INFO] [1781245393.684751921] [compressed_to_raw_image]: published /image_raw: 1280x720, approx_fps=28.24
[INFO] [1781245395.714477435] [compressed_to_raw_image]: published /image_raw: 1280x720, approx_fps=28.08
[INFO] [1781245397.724645246] [compressed_to_raw_image]: published /image_raw: 1280x720, approx_fps=27.86
[INFO] [1781245399.738785438] [compressed_to_raw_image]: published /image_raw: 1280x720, approx_fps=31.78
[INFO] [1781245401.756991971] [compressed_to_raw_image]: published /image_raw: 1280x720, approx_fps=38.65
[INFO] [1781245403.777783511] [compressed_to_raw_image]: published /image_raw: 1280x720, approx_fps=38.60
[INFO] [1781245405.799613099] [compressed_to_raw_image]: published /image_raw: 1280x720, approx_fps=38.58
[INFO] [1781245407.820617527] [compressed_to_raw_image]: published /image_raw: 1280x720, approx_fps=38.59
[INFO] [1781245409.828006002] [compressed_to_raw_image]: published /image_raw: 1280x720, approx_fps=38.36
[INFO] [1781245411.848494151] [compressed_to_raw_image]: published /image_raw: 1280x720, approx_fps=38.61
[INFO] [1781245413.869718099] [compressed_to_raw_image]: published /image_raw: 1280x720, approx_fps=38.59
[INFO] [1781245415.887533219] [compressed_to_raw_image]: published /image_raw: 1280x720, approx_fps=38.65
[INFO] [1781245417.906526679] [compressed_to_raw_image]: published /image_raw: 1280x720, approx_fps=38.63
[INFO] [1781245419.925418396] [compressed_to_raw_image]: published /image_raw: 1280x720, approx_fps=38.64
[INFO] [1781245421.944305702] [compressed_to_raw_image]: published /image_raw: 1280x720, approx_fps=38.63
[INFO] [1781245423.963312307] [compressed_to_raw_image]: published /image_raw: 1280x720, approx_fps=38.64
[INFO] [1781245425.981701626] [compressed_to_raw_image]: published /image_raw: 1280x720, approx_fps=38.64
[INFO] [1781245428.004211077] [compressed_to_raw_image]: published /image_raw: 1280x720, approx_fps=38.57
[INFO] [1781245430.025053284] [compressed_to_raw_image]: published /image_raw: 1280x720, approx_fps=38.60
[INFO] [1781245432.049778623] [compressed_to_raw_image]: published /image_raw: 1280x720, approx_fps=38.52
[INFO] [1781245434.068043634] [compressed_to_raw_image]: published /image_raw: 1280x720, approx_fps=38.65
[INFO] [1781245436.091813819] [compressed_to_raw_image]: published /image_raw: 1280x720, approx_fps=38.54
[INFO] [1781245438.113541468] [compressed_to_raw_image]: published /image_raw: 1280x720, approx_fps=38.58
[INFO] [1781245440.115161218] [compressed_to_raw_image]: published /image_raw: 1280x720, approx_fps=38.47
[INFO] [1781245442.139252861] [compressed_to_raw_image]: published /image_raw: 1280x720, approx_fps=38.54
[INFO] [1781245444.163088998] [compressed_to_raw_image]: published /image_raw: 1280x720, approx_fps=38.54
[INFO] [1781245446.163135635] [compressed_to_raw_image]: published /image_raw: 1280x720, approx_fps=38.50
[INFO] [1781245448.187236554] [compressed_to_raw_image]: published /image_raw: 1280x720, approx_fps=38.53
[INFO] [1781245450.210284010] [compressed_to_raw_image]: published /image_raw: 1280x720, approx_fps=38.55
[INFO] [1781245452.229550079] [compressed_to_raw_image]: published /image_raw: 1280x720, approx_fps=38.63
[INFO] [1781245454.248494060] [compressed_to_raw_image]: published /image_raw: 1280x720, approx_fps=38.63
[INFO] [1781245456.269022038] [compressed_to_raw_image]: published /image_raw: 1280x720, approx_fps=38.60
[INFO] [1781245458.291812932] [compressed_to_raw_image]: published /image_raw: 1280x720, approx_fps=38.56
[INFO] [1781245460.312901569] [compressed_to_raw_image]: published /image_raw: 1280x720, approx_fps=38.59
[INFO] [1781245462.334165743] [compressed_to_raw_image]: published /image_raw: 1280x720, approx_fps=38.59
[INFO] [1781245464.353106409] [compressed_to_raw_image]: published /image_raw: 1280x720, approx_fps=38.63
[INFO] [1781245466.373514197] [compressed_to_raw_image]: published /image_raw: 1280x720, approx_fps=38.61
[INFO] [1781245468.398662738] [compressed_to_raw_image]: published /image_raw: 1280x720, approx_fps=38.51
[INFO] [1781245470.418130349] [compressed_to_raw_image]: published /image_raw: 1280x720, approx_fps=38.62
[INFO] [1781245472.439159417] [compressed_to_raw_image]: published /image_raw: 1280x720, approx_fps=38.59
[INFO] [1781245474.459974104] [compressed_to_raw_image]: published /image_raw: 1280x720, approx_fps=38.60
[INFO] [1781245476.479556577] [compressed_to_raw_image]: published /image_raw: 1280x720, approx_fps=38.62
[INFO] [1781245478.499169420] [compressed_to_raw_image]: published /image_raw: 1280x720, approx_fps=38.62
[INFO] [1781245480.519033551] [compressed_to_raw_image]: published /image_raw: 1280x720, approx_fps=38.62
[INFO] [1781245482.538861177] [compressed_to_raw_image]: published /image_raw: 1280x720, approx_fps=38.62
[INFO] [1781245484.559332550] [compressed_to_raw_image]: published /image_raw: 1280x720, approx_fps=38.60
[INFO] [1781245486.584763176] [compressed_to_raw_image]: published /image_raw: 1280x720, approx_fps=38.51
[INFO] [1781245488.604723914] [compressed_to_raw_image]: published /image_raw: 1280x720, approx_fps=38.61
[INFO] [1781245490.623041520] [compressed_to_raw_image]: published /image_raw: 1280x720, approx_fps=38.65
[INFO] [1781245492.645157003] [compressed_to_raw_image]: published /image_raw: 1280x720, approx_fps=38.57
[INFO] [1781245494.664728852] [compressed_to_raw_image]: published /image_raw: 1280x720, approx_fps=38.62
[INFO] [1781245496.685566074] [compressed_to_raw_image]: published /image_raw: 1280x720, approx_fps=38.60
[INFO] [1781245498.705143290] [compressed_to_raw_image]: published /image_raw: 1280x720, approx_fps=38.62
[INFO] [1781245500.724527001] [compressed_to_raw_image]: published /image_raw: 1280x720, approx_fps=38.63
[INFO] [1781245502.746820629] [compressed_to_raw_image]: published /image_raw: 1280x720, approx_fps=38.57
[INFO] [1781245504.748363012] [compressed_to_raw_image]: published /image_raw: 1280x720, approx_fps=38.47
[INFO] [1781245506.748770432] [compressed_to_raw_image]: published /image_raw: 1280x720, approx_fps=38.49
[INFO] [1781245508.771114547] [compressed_to_raw_image]: published /image_raw: 1280x720, approx_fps=38.57
[INFO] [1781245510.793858450] [compressed_to_raw_image]: published /image_raw: 1280x720, approx_fps=38.56
[INFO] [1781245512.819071145] [compressed_to_raw_image]: published /image_raw: 1280x720, approx_fps=38.51
[INFO] [1781245514.827383643] [compressed_to_raw_image]: published /image_raw: 1280x720, approx_fps=38.34
[INFO] [1781245516.837652264] [compressed_to_raw_image]: published /image_raw: 1280x720, approx_fps=38.31
[INFO] [1781245518.856733104] [compressed_to_raw_image]: published /image_raw: 1280x720, approx_fps=38.63
[INFO] [1781245520.878834735] [compressed_to_raw_image]: published /image_raw: 1280x720, approx_fps=38.57
[INFO] [1781245522.899921403] [compressed_to_raw_image]: published /image_raw: 1280x720, approx_fps=38.60
[INFO] [1781245524.921430817] [compressed_to_raw_image]: published /image_raw: 1280x720, approx_fps=38.58
[INFO] [1781245526.942640101] [compressed_to_raw_image]: published /image_raw: 1280x720, approx_fps=38.59
[INFO] [1781245528.962374962] [compressed_to_raw_image]: published /image_raw: 1280x720, approx_fps=38.62
[INFO] [1781245530.981298818] [compressed_to_raw_image]: published /image_raw: 1280x720, approx_fps=38.63
[INFO] [1781245533.005611928] [compressed_to_raw_image]: published /image_raw: 1280x720, approx_fps=38.53
[INFO] [1781245535.028321824] [compressed_to_raw_image]: published /image_raw: 1280x720, approx_fps=38.56
[INFO] [1781245537.050202631] [compressed_to_raw_image]: published /image_raw: 1280x720, approx_fps=38.58
[INFO] [1781245539.070735056] [compressed_to_raw_image]: published /image_raw: 1280x720, approx_fps=38.60
[INFO] [1781245541.092119104] [compressed_to_raw_image]: published /image_raw: 1280x720, approx_fps=38.59
[INFO] [1781245543.116310777] [compressed_to_raw_image]: published /image_raw: 1280x720, approx_fps=38.53
[INFO] [1781245545.138298693] [compressed_to_raw_image]: published /image_raw: 1280x720, approx_fps=38.58
[INFO] [1781245547.163227901] [compressed_to_raw_image]: published /image_raw: 1280x720, approx_fps=38.52
[INFO] [1781245549.165676739] [compressed_to_raw_image]: published /image_raw: 1280x720, approx_fps=38.45
[INFO] [1781245551.166587112] [compressed_to_raw_image]: published /image_raw: 1280x720, approx_fps=38.48
[INFO] [1781245553.191042641] [compressed_to_raw_image]: published /image_raw: 1280x720, approx_fps=38.53
[INFO] [1781245555.214746915] [compressed_to_raw_image]: published /image_raw: 1280x720, approx_fps=38.54
[INFO] [1781245557.238567935] [compressed_to_raw_image]: published /image_raw: 1280x720, approx_fps=38.54
[INFO] [1781245559.261412158] [compressed_to_raw_image]: published /image_raw: 1280x720, approx_fps=38.56
[INFO] [1781245561.283803835] [compressed_to_raw_image]: published /image_raw: 1280x720, approx_fps=38.57
[INFO] [1781245563.306626301] [compressed_to_raw_image]: published /image_raw: 1280x720, approx_fps=38.56
[INFO] [1781245565.327679343] [compressed_to_raw_image]: published /image_raw: 1280x720, approx_fps=38.59
[INFO] [1781245567.347746881] [compressed_to_raw_image]: published /image_raw: 1280x720, approx_fps=38.62
[INFO] [1781245569.372082004] [compressed_to_raw_image]: published /image_raw: 1280x720, approx_fps=38.53
[INFO] [1781245571.392728534] [compressed_to_raw_image]: published /image_raw: 1280x720, approx_fps=38.60
[INFO] [1781245573.416697524] [compressed_to_raw_image]: published /image_raw: 1280x720, approx_fps=38.54
[INFO] [1781245575.437363380] [compressed_to_raw_image]: published /image_raw: 1280x720, approx_fps=38.60
[INFO] [1781245577.440214624] [compressed_to_raw_image]: published /image_raw: 1280x720, approx_fps=38.44
[INFO] [1781245579.458895137] [compressed_to_raw_image]: published /image_raw: 1280x720, approx_fps=38.14
[INFO] [1781245581.480289108] [compressed_to_raw_image]: published /image_raw: 1280x720, approx_fps=38.10
[INFO] [1781245583.501808618] [compressed_to_raw_image]: published /image_raw: 1280x720, approx_fps=38.09
[INFO] [1781245585.519371826] [compressed_to_raw_image]: published /image_raw: 1280x720, approx_fps=38.17
[INFO] [1781245587.532045733] [compressed_to_raw_image]: published /image_raw: 1280x720, approx_fps=38.26
[INFO] [1781245589.555062858] [compressed_to_raw_image]: published /image_raw: 1280x720, approx_fps=38.07
[INFO] [1781245591.575468144] [compressed_to_raw_image]: published /image_raw: 1280x720, approx_fps=38.11
[INFO] [1781245593.595207382] [compressed_to_raw_image]: published /image_raw: 1280x720, approx_fps=38.12
[INFO] [1781245595.613043240] [compressed_to_raw_image]: published /image_raw: 1280x720, approx_fps=38.16
[INFO] [1781245597.623936334] [compressed_to_raw_image]: published /image_raw: 1280x720, approx_fps=38.29
[INFO] [1781245599.630046876] [compressed_to_raw_image]: published /image_raw: 1280x720, approx_fps=38.38
[INFO] [1781245601.647956223] [compressed_to_raw_image]: published /image_raw: 1280x720, approx_fps=38.16
[INFO] [1781245603.661591227] [compressed_to_raw_image]: published /image_raw: 1280x720, approx_fps=38.24
[INFO] [1781245605.671492931] [compressed_to_raw_image]: published /image_raw: 1280x720, approx_fps=38.32
[INFO] [1781245607.681635798] [compressed_to_raw_image]: published /image_raw: 1280x720, approx_fps=38.30
[INFO] [1781245609.696911678] [compressed_to_raw_image]: published /image_raw: 1280x720, approx_fps=38.21
[INFO] [1781245611.710423963] [compressed_to_raw_image]: published /image_raw: 1280x720, approx_fps=38.25
[INFO] [1781245613.727669916] [compressed_to_raw_image]: published /image_raw: 1280x720, approx_fps=38.18
[INFO] [1781245615.746063157] [compressed_to_raw_image]: published /image_raw: 1280x720, approx_fps=38.14
[INFO] [1781245617.753417624] [compressed_to_raw_image]: published /image_raw: 1280x720, approx_fps=38.36
[INFO] [1781245619.769619768] [compressed_to_raw_image]: published /image_raw: 1280x720, approx_fps=38.19
[INFO] [1781245621.791256499] [compressed_to_raw_image]: published /image_raw: 1280x720, approx_fps=38.09
[INFO] [1781245623.805828213] [compressed_to_raw_image]: published /image_raw: 1280x720, approx_fps=38.23
[INFO] [1781245625.816477915] [compressed_to_raw_image]: published /image_raw: 1280x720, approx_fps=38.29
[INFO] [1781245627.819489182] [compressed_to_raw_image]: published /image_raw: 1280x720, approx_fps=38.45
[INFO] [1781245629.827050494] [compressed_to_raw_image]: published /image_raw: 1280x720, approx_fps=38.36
[INFO] [1781245631.838992641] [compressed_to_raw_image]: published /image_raw: 1280x720, approx_fps=38.27
[INFO] [1781245633.857006335] [compressed_to_raw_image]: published /image_raw: 1280x720, approx_fps=38.15
[INFO] [1781245635.861186543] [compressed_to_raw_image]: published /image_raw: 1280x720, approx_fps=38.43
[INFO] [1781245637.880198853] [compressed_to_raw_image]: published /image_raw: 1280x720, approx_fps=38.13
[INFO] [1781245639.886077137] [compressed_to_raw_image]: published /image_raw: 1280x720, approx_fps=38.38
[INFO] [1781245641.888876785] [compressed_to_raw_image]: published /image_raw: 1280x720, approx_fps=38.45
[INFO] [1781245643.896276353] [compressed_to_raw_image]: published /image_raw: 1280x720, approx_fps=38.35
[INFO] [1781245645.901509621] [compressed_to_raw_image]: published /image_raw: 1280x720, approx_fps=38.40
[INFO] [1781245647.911700184] [compressed_to_raw_image]: published /image_raw: 1280x720, approx_fps=38.31
[INFO] [1781245649.927127542] [compressed_to_raw_image]: published /image_raw: 1280x720, approx_fps=38.21
[INFO] [1781245651.940662558] [compressed_to_raw_image]: published /image_raw: 1280x720, approx_fps=38.24
[ERROR] [1781245651.993955186] [compressed_to_raw_image]: convert failed: RCLError("Failed to publish: publisher's context is invalid, at ./src/rcl/publisher.c:389")
Failed to publish log message to rosout: publisher's context is invalid, at ./src/rcl/publisher.c:389
Traceback (most recent call last):
  File "/root/rdk_x5_vln_robot/src/perception/compressed_to_raw_image.py", line 98, in <module>
    main()
  File "/root/rdk_x5_vln_robot/src/perception/compressed_to_raw_image.py", line 94, in main
    rclpy.shutdown()
  File "/opt/ros/humble/local/lib/python3.10/dist-packages/rclpy/__init__.py", line 130, in shutdown
    _shutdown(context=context)
  File "/opt/ros/humble/local/lib/python3.10/dist-packages/rclpy/utilities.py", line 58, in shutdown
    return context.shutdown()
  File "/opt/ros/humble/local/lib/python3.10/dist-packages/rclpy/context.py", line 102, in shutdown
    self.__context.shutdown()
rclpy._rclpy_pybind11.RCLError: failed to shutdown: rcl_shutdown already called on the given context, at ./src/rcl/init.c:241
[ERROR] [1781245652.549915379] [rclpy.signals]: rcl_trigger_guard_condition() failed: guard condition implementation is invalid, at ./src/rcl/guard_condition.c:172
