[INFO] [1782724432.223725174] [failsafe_nav_foxglove_viz]: ===== failsafe_nav_foxglove_viz =====
[INFO] [1782724432.230654504] [failsafe_nav_foxglove_viz]: viz_image source=compressed topic=/image max_fps=15.0 max_width=640 format=jpeg wall_stamp=True
[INFO] [1782724432.235322502] [failsafe_nav_foxglove_viz]: markers=/failsafe_nav/markers raw=/failsafe_nav/debug_image jpeg=/failsafe_nav/debug_image/compressed
[INFO] [1782724432.239223541] [failsafe_nav_foxglove_viz]: frame_id=laser
[INFO] [1782724437.075670269] [failsafe_nav_foxglove_viz]: viz frames published=38 dropped=0
[INFO] [1782724442.101702382] [failsafe_nav_foxglove_viz]: viz frames published=39 dropped=0
[INFO] [1782724447.017278250] [failsafe_nav_foxglove_viz]: viz frames published=44 dropped=0
[INFO] [1782724452.085468302] [failsafe_nav_foxglove_viz]: viz frames published=46 dropped=0
[INFO] [1782724457.018863757] [failsafe_nav_foxglove_viz]: viz frames published=45 dropped=0
[INFO] [1782724462.083406192] [failsafe_nav_foxglove_viz]: viz frames published=52 dropped=0
[INFO] [1782724467.052507138] [failsafe_nav_foxglove_viz]: viz frames published=45 dropped=0
[INFO] [1782724472.063185457] [failsafe_nav_foxglove_viz]: viz frames published=49 dropped=0
[INFO] [1782724477.045383120] [failsafe_nav_foxglove_viz]: viz frames published=49 dropped=0
[INFO] [1782724482.094529673] [failsafe_nav_foxglove_viz]: viz frames published=51 dropped=0
[INFO] [1782724487.055750416] [failsafe_nav_foxglove_viz]: viz frames published=49 dropped=0
[INFO] [1782724492.027857516] [failsafe_nav_foxglove_viz]: viz frames published=54 dropped=0
[INFO] [1782724497.066324463] [failsafe_nav_foxglove_viz]: viz frames published=54 dropped=0
[INFO] [1782724502.023764354] [failsafe_nav_foxglove_viz]: viz frames published=53 dropped=0
[INFO] [1782724507.045032384] [failsafe_nav_foxglove_viz]: viz frames published=50 dropped=0
[INFO] [1782724512.037584520] [failsafe_nav_foxglove_viz]: viz frames published=48 dropped=0
[INFO] [1782724517.080412762] [failsafe_nav_foxglove_viz]: viz frames published=52 dropped=0
[INFO] [1782724522.079446505] [failsafe_nav_foxglove_viz]: viz frames published=49 dropped=0
[INFO] [1782724527.051921483] [failsafe_nav_foxglove_viz]: viz frames published=48 dropped=0
[INFO] [1782724532.121565385] [failsafe_nav_foxglove_viz]: viz frames published=50 dropped=0
[INFO] [1782724537.182049583] [failsafe_nav_foxglove_viz]: viz frames published=27 dropped=0
[INFO] [1782724542.114167522] [failsafe_nav_foxglove_viz]: viz frames published=29 dropped=0
[INFO] [1782724547.294776308] [failsafe_nav_foxglove_viz]: viz frames published=27 dropped=0
[INFO] [1782724552.084114272] [failsafe_nav_foxglove_viz]: viz frames published=33 dropped=0
[INFO] [1782724557.099779024] [failsafe_nav_foxglove_viz]: viz frames published=34 dropped=0
[INFO] [1782724562.162046212] [failsafe_nav_foxglove_viz]: viz frames published=31 dropped=2
[INFO] [1782724567.164532984] [failsafe_nav_foxglove_viz]: viz frames published=34 dropped=0
[INFO] [1782724572.283064839] [failsafe_nav_foxglove_viz]: viz frames published=31 dropped=0
[INFO] [1782724577.021034304] [failsafe_nav_foxglove_viz]: viz frames published=33 dropped=0
[INFO] [1782724582.307891990] [failsafe_nav_foxglove_viz]: viz frames published=34 dropped=0
[INFO] [1782724587.061386708] [failsafe_nav_foxglove_viz]: viz frames published=32 dropped=0
[INFO] [1782724592.184508232] [failsafe_nav_foxglove_viz]: viz frames published=37 dropped=0
[INFO] [1782724597.266333115] [failsafe_nav_foxglove_viz]: viz frames published=32 dropped=0
[INFO] [1782724602.036747727] [failsafe_nav_foxglove_viz]: viz frames published=33 dropped=0
[INFO] [1782724607.136543097] [failsafe_nav_foxglove_viz]: viz frames published=34 dropped=0
[INFO] [1782724612.147281248] [failsafe_nav_foxglove_viz]: viz frames published=34 dropped=0
[INFO] [1782724617.213125229] [failsafe_nav_foxglove_viz]: viz frames published=34 dropped=0
[INFO] [1782724622.052267414] [failsafe_nav_foxglove_viz]: viz frames published=32 dropped=0
[INFO] [1782724627.062083311] [failsafe_nav_foxglove_viz]: viz frames published=35 dropped=0
[INFO] [1782724632.213821250] [failsafe_nav_foxglove_viz]: viz frames published=32 dropped=0
[INFO] [1782724637.146373229] [failsafe_nav_foxglove_viz]: viz frames published=22 dropped=0
[INFO] [1782724642.140810651] [failsafe_nav_foxglove_viz]: viz frames published=13 dropped=0
[INFO] [1782724647.081433650] [failsafe_nav_foxglove_viz]: viz frames published=16 dropped=0
[INFO] [1782724652.101784346] [failsafe_nav_foxglove_viz]: viz frames published=27 dropped=0
[INFO] [1782724657.087777166] [failsafe_nav_foxglove_viz]: viz frames published=30 dropped=0
[INFO] [1782724662.092142343] [failsafe_nav_foxglove_viz]: viz frames published=30 dropped=0
[INFO] [1782724667.253832755] [failsafe_nav_foxglove_viz]: viz frames published=25 dropped=0
[INFO] [1782724672.098903754] [failsafe_nav_foxglove_viz]: viz frames published=19 dropped=0
[INFO] [1782724677.076995375] [failsafe_nav_foxglove_viz]: viz frames published=30 dropped=0
[INFO] [1782724682.258792372] [failsafe_nav_foxglove_viz]: viz frames published=28 dropped=0
[INFO] [1782724687.036906424] [failsafe_nav_foxglove_viz]: viz frames published=30 dropped=0
[INFO] [1782724692.294243829] [failsafe_nav_foxglove_viz]: viz frames published=30 dropped=0
[INFO] [1782724697.122536825] [failsafe_nav_foxglove_viz]: viz frames published=23 dropped=0
[INFO] [1782724702.050698544] [failsafe_nav_foxglove_viz]: viz frames published=32 dropped=0
[INFO] [1782724707.244759099] [failsafe_nav_foxglove_viz]: viz frames published=33 dropped=0
[INFO] [1782724712.298336159] [failsafe_nav_foxglove_viz]: viz frames published=23 dropped=0
[INFO] [1782724717.108955729] [failsafe_nav_foxglove_viz]: viz frames published=17 dropped=0
[INFO] [1782724722.034092021] [failsafe_nav_foxglove_viz]: viz frames published=28 dropped=0
[INFO] [1782724727.412523462] [failsafe_nav_foxglove_viz]: viz frames published=14 dropped=0
[INFO] [1782724732.027343309] [failsafe_nav_foxglove_viz]: viz frames published=21 dropped=0
[INFO] [1782724737.260736183] [failsafe_nav_foxglove_viz]: viz frames published=33 dropped=0
[INFO] [1782724742.079409937] [failsafe_nav_foxglove_viz]: viz frames published=30 dropped=0
[INFO] [1782724747.036336133] [failsafe_nav_foxglove_viz]: viz frames published=32 dropped=0
[INFO] [1782724752.257287856] [failsafe_nav_foxglove_viz]: viz frames published=17 dropped=0
[INFO] [1782724757.239508337] [failsafe_nav_foxglove_viz]: viz frames published=21 dropped=0
[INFO] [1782724762.053155745] [failsafe_nav_foxglove_viz]: viz frames published=30 dropped=0
[INFO] [1782724767.080537260] [failsafe_nav_foxglove_viz]: viz frames published=32 dropped=0
[INFO] [1782724772.445775952] [failsafe_nav_foxglove_viz]: viz frames published=22 dropped=0
[INFO] [1782724777.379243980] [failsafe_nav_foxglove_viz]: viz frames published=14 dropped=0
[INFO] [1782724782.191566956] [failsafe_nav_foxglove_viz]: viz frames published=15 dropped=0
[INFO] [1782724787.243609031] [failsafe_nav_foxglove_viz]: viz frames published=17 dropped=0
[INFO] [1782724792.030046536] [failsafe_nav_foxglove_viz]: viz frames published=29 dropped=0
[INFO] [1782724797.088640373] [failsafe_nav_foxglove_viz]: viz frames published=33 dropped=0
[INFO] [1782724802.133661407] [failsafe_nav_foxglove_viz]: viz frames published=29 dropped=0
[INFO] [1782724807.179658014] [failsafe_nav_foxglove_viz]: viz frames published=30 dropped=0
[INFO] [1782724812.112461855] [failsafe_nav_foxglove_viz]: viz frames published=15 dropped=0
[INFO] [1782724817.193255393] [failsafe_nav_foxglove_viz]: viz frames published=21 dropped=0
[INFO] [1782724822.033695750] [failsafe_nav_foxglove_viz]: viz frames published=24 dropped=0
[INFO] [1782724827.304361724] [failsafe_nav_foxglove_viz]: viz frames published=13 dropped=0
[INFO] [1782724832.061401413] [failsafe_nav_foxglove_viz]: viz frames published=17 dropped=0
[INFO] [1782724837.198411603] [failsafe_nav_foxglove_viz]: viz frames published=29 dropped=0
[INFO] [1782724842.060155573] [failsafe_nav_foxglove_viz]: viz frames published=15 dropped=0
[INFO] [1782724847.051724615] [failsafe_nav_foxglove_viz]: viz frames published=16 dropped=0
[INFO] [1782724852.169228564] [failsafe_nav_foxglove_viz]: viz frames published=16 dropped=0
[INFO] [1782724857.211594490] [failsafe_nav_foxglove_viz]: viz frames published=27 dropped=0
[INFO] [1782724862.047215893] [failsafe_nav_foxglove_viz]: viz frames published=28 dropped=0
[INFO] [1782724867.153063252] [failsafe_nav_foxglove_viz]: viz frames published=18 dropped=0
[INFO] [1782724872.044339494] [failsafe_nav_foxglove_viz]: viz frames published=12 dropped=0
[INFO] [1782724877.658239280] [failsafe_nav_foxglove_viz]: viz frames published=18 dropped=0
[INFO] [1782724882.139027674] [failsafe_nav_foxglove_viz]: viz frames published=12 dropped=0
[INFO] [1782724887.165696626] [failsafe_nav_foxglove_viz]: viz frames published=23 dropped=0
[INFO] [1782724892.281573083] [failsafe_nav_foxglove_viz]: viz frames published=12 dropped=0
[INFO] [1782724897.492573730] [failsafe_nav_foxglove_viz]: viz frames published=13 dropped=0
[INFO] [1782724902.317983646] [failsafe_nav_foxglove_viz]: viz frames published=18 dropped=0
[INFO] [1782724907.250658264] [failsafe_nav_foxglove_viz]: viz frames published=18 dropped=0
[INFO] [1782724912.217398403] [failsafe_nav_foxglove_viz]: viz frames published=15 dropped=0
[INFO] [1782724917.326149865] [failsafe_nav_foxglove_viz]: viz frames published=16 dropped=0
[INFO] [1782724922.236227464] [failsafe_nav_foxglove_viz]: viz frames published=26 dropped=0
[INFO] [1782724927.129737717] [failsafe_nav_foxglove_viz]: viz frames published=17 dropped=0
[INFO] [1782724932.182086439] [failsafe_nav_foxglove_viz]: viz frames published=12 dropped=0
[INFO] [1782724937.149764087] [failsafe_nav_foxglove_viz]: viz frames published=27 dropped=0
[INFO] [1782724942.105899080] [failsafe_nav_foxglove_viz]: viz frames published=28 dropped=0
[INFO] [1782724947.054455322] [failsafe_nav_foxglove_viz]: viz frames published=30 dropped=0
[INFO] [1782724952.111572736] [failsafe_nav_foxglove_viz]: viz frames published=24 dropped=0
[INFO] [1782724957.064422490] [failsafe_nav_foxglove_viz]: viz frames published=29 dropped=0
[INFO] [1782724962.449784172] [failsafe_nav_foxglove_viz]: viz frames published=23 dropped=0
[INFO] [1782724967.460048825] [failsafe_nav_foxglove_viz]: viz frames published=16 dropped=0
[INFO] [1782724972.205814075] [failsafe_nav_foxglove_viz]: viz frames published=14 dropped=0
[INFO] [1782724977.156517396] [failsafe_nav_foxglove_viz]: viz frames published=15 dropped=0
[INFO] [1782724982.153018276] [failsafe_nav_foxglove_viz]: viz frames published=26 dropped=0
[INFO] [1782724987.203857347] [failsafe_nav_foxglove_viz]: viz frames published=24 dropped=0
[INFO] [1782724992.159701409] [failsafe_nav_foxglove_viz]: viz frames published=15 dropped=0
[INFO] [1782724997.357325798] [failsafe_nav_foxglove_viz]: viz frames published=15 dropped=0
[INFO] [1782725002.102981099] [failsafe_nav_foxglove_viz]: viz frames published=25 dropped=0
[INFO] [1782725007.275887360] [failsafe_nav_foxglove_viz]: viz frames published=31 dropped=0
[INFO] [1782725012.166334037] [failsafe_nav_foxglove_viz]: viz frames published=24 dropped=0
[INFO] [1782725017.362558738] [failsafe_nav_foxglove_viz]: viz frames published=13 dropped=0
[INFO] [1782725022.318556956] [failsafe_nav_foxglove_viz]: viz frames published=13 dropped=0
[INFO] [1782725027.336470791] [failsafe_nav_foxglove_viz]: viz frames published=17 dropped=0
[INFO] [1782725032.072696946] [failsafe_nav_foxglove_viz]: viz frames published=28 dropped=0
[INFO] [1782725037.039730483] [failsafe_nav_foxglove_viz]: viz frames published=25 dropped=0
[INFO] [1782725042.314112007] [failsafe_nav_foxglove_viz]: viz frames published=16 dropped=0
[INFO] [1782725047.272688161] [failsafe_nav_foxglove_viz]: viz frames published=15 dropped=0
[INFO] [1782725052.067878319] [failsafe_nav_foxglove_viz]: viz frames published=19 dropped=0
[INFO] [1782725057.286360367] [failsafe_nav_foxglove_viz]: viz frames published=31 dropped=0
[INFO] [1782725062.095729815] [failsafe_nav_foxglove_viz]: viz frames published=27 dropped=0
[INFO] [1782725067.109210726] [failsafe_nav_foxglove_viz]: viz frames published=26 dropped=0
[INFO] [1782725072.199175185] [failsafe_nav_foxglove_viz]: viz frames published=15 dropped=0
[INFO] [1782725077.100150058] [failsafe_nav_foxglove_viz]: viz frames published=30 dropped=0
[INFO] [1782725082.095952782] [failsafe_nav_foxglove_viz]: viz frames published=15 dropped=0
[INFO] [1782725087.369800185] [failsafe_nav_foxglove_viz]: viz frames published=14 dropped=0
[INFO] [1782725092.119387555] [failsafe_nav_foxglove_viz]: viz frames published=18 dropped=0
[INFO] [1782725097.173538077] [failsafe_nav_foxglove_viz]: viz frames published=28 dropped=0
[INFO] [1782725102.071592231] [failsafe_nav_foxglove_viz]: viz frames published=27 dropped=0
[INFO] [1782725107.169470917] [failsafe_nav_foxglove_viz]: viz frames published=14 dropped=0
[INFO] [1782725112.232095734] [failsafe_nav_foxglove_viz]: viz frames published=15 dropped=0
[INFO] [1782725117.098134156] [failsafe_nav_foxglove_viz]: viz frames published=16 dropped=0
[INFO] [1782725122.061936491] [failsafe_nav_foxglove_viz]: viz frames published=28 dropped=0
[INFO] [1782725127.103883317] [failsafe_nav_foxglove_viz]: viz frames published=30 dropped=0
[INFO] [1782725132.178088534] [failsafe_nav_foxglove_viz]: viz frames published=16 dropped=0
[INFO] [1782725137.047434116] [failsafe_nav_foxglove_viz]: viz frames published=22 dropped=0
[INFO] [1782725142.095546339] [failsafe_nav_foxglove_viz]: viz frames published=19 dropped=0
[INFO] [1782725147.098915787] [failsafe_nav_foxglove_viz]: viz frames published=15 dropped=0
[INFO] [1782725152.087680955] [failsafe_nav_foxglove_viz]: viz frames published=27 dropped=0
[INFO] [1782725157.061552429] [failsafe_nav_foxglove_viz]: viz frames published=29 dropped=0
[INFO] [1782725162.378769475] [failsafe_nav_foxglove_viz]: viz frames published=21 dropped=0
[INFO] [1782725167.115209391] [failsafe_nav_foxglove_viz]: viz frames published=14 dropped=0
[INFO] [1782725172.066596525] [failsafe_nav_foxglove_viz]: viz frames published=19 dropped=0
[INFO] [1782725177.238114136] [failsafe_nav_foxglove_viz]: viz frames published=31 dropped=0
[INFO] [1782725182.124548713] [failsafe_nav_foxglove_viz]: viz frames published=30 dropped=0
[INFO] [1782725187.563094318] [failsafe_nav_foxglove_viz]: viz frames published=20 dropped=0
[INFO] [1782725192.424704326] [failsafe_nav_foxglove_viz]: viz frames published=14 dropped=0
[INFO] [1782725197.124268939] [failsafe_nav_foxglove_viz]: viz frames published=14 dropped=0
[INFO] [1782725202.144038359] [failsafe_nav_foxglove_viz]: viz frames published=26 dropped=0
[INFO] [1782725207.145112442] [failsafe_nav_foxglove_viz]: viz frames published=25 dropped=0
[INFO] [1782725212.061440865] [failsafe_nav_foxglove_viz]: viz frames published=28 dropped=0
[INFO] [1782725217.075789006] [failsafe_nav_foxglove_viz]: viz frames published=21 dropped=0
[INFO] [1782725222.312518663] [failsafe_nav_foxglove_viz]: viz frames published=27 dropped=0
[INFO] [1782725227.262626840] [failsafe_nav_foxglove_viz]: viz frames published=21 dropped=0
[INFO] [1782725232.712440370] [failsafe_nav_foxglove_viz]: viz frames published=16 dropped=0
[INFO] [1782725237.130081344] [failsafe_nav_foxglove_viz]: viz frames published=14 dropped=0
[INFO] [1782725242.187868686] [failsafe_nav_foxglove_viz]: viz frames published=20 dropped=0
[INFO] [1782725247.081917498] [failsafe_nav_foxglove_viz]: viz frames published=24 dropped=0
[INFO] [1782725252.170717233] [failsafe_nav_foxglove_viz]: viz frames published=24 dropped=0
[INFO] [1782725257.112227158] [failsafe_nav_foxglove_viz]: viz frames published=12 dropped=0
[INFO] [1782725262.068534641] [failsafe_nav_foxglove_viz]: viz frames published=16 dropped=0
[INFO] [1782725267.027027949] [failsafe_nav_foxglove_viz]: viz frames published=31 dropped=0
[INFO] [1782725272.196228505] [failsafe_nav_foxglove_viz]: viz frames published=30 dropped=0
[INFO] [1782725277.272771751] [failsafe_nav_foxglove_viz]: viz frames published=22 dropped=0
[INFO] [1782725282.124027950] [failsafe_nav_foxglove_viz]: viz frames published=13 dropped=0
[INFO] [1782725287.159293938] [failsafe_nav_foxglove_viz]: viz frames published=28 dropped=0
[INFO] [1782725292.136774082] [failsafe_nav_foxglove_viz]: viz frames published=30 dropped=0
[INFO] [1782725297.406159066] [failsafe_nav_foxglove_viz]: viz frames published=24 dropped=0
[INFO] [1782725302.055354932] [failsafe_nav_foxglove_viz]: viz frames published=14 dropped=0
[INFO] [1782725307.216333778] [failsafe_nav_foxglove_viz]: viz frames published=21 dropped=0
[INFO] [1782725312.040410311] [failsafe_nav_foxglove_viz]: viz frames published=30 dropped=0
[INFO] [1782725317.083347781] [failsafe_nav_foxglove_viz]: viz frames published=36 dropped=0
[INFO] [1782725322.244158383] [failsafe_nav_foxglove_viz]: viz frames published=30 dropped=0
[INFO] [1782725327.029147841] [failsafe_nav_foxglove_viz]: viz frames published=33 dropped=0
[INFO] [1782725332.227493888] [failsafe_nav_foxglove_viz]: viz frames published=32 dropped=0
[INFO] [1782725337.043115171] [failsafe_nav_foxglove_viz]: viz frames published=15 dropped=0
[INFO] [1782725342.181890438] [failsafe_nav_foxglove_viz]: viz frames published=17 dropped=0
[INFO] [1782725347.207341191] [failsafe_nav_foxglove_viz]: viz frames published=23 dropped=0
[INFO] [1782725352.079968633] [failsafe_nav_foxglove_viz]: viz frames published=26 dropped=0
[INFO] [1782725357.074448974] [failsafe_nav_foxglove_viz]: viz frames published=23 dropped=0
[INFO] [1782725362.170005772] [failsafe_nav_foxglove_viz]: viz frames published=23 dropped=0
[INFO] [1782725367.031365427] [failsafe_nav_foxglove_viz]: viz frames published=23 dropped=0
[INFO] [1782725372.231475750] [failsafe_nav_foxglove_viz]: viz frames published=25 dropped=0
[INFO] [1782725377.073443316] [failsafe_nav_foxglove_viz]: viz frames published=26 dropped=0
[INFO] [1782725382.186219972] [failsafe_nav_foxglove_viz]: viz frames published=19 dropped=0
[INFO] [1782725387.030650591] [failsafe_nav_foxglove_viz]: viz frames published=22 dropped=0
[INFO] [1782725392.132881486] [failsafe_nav_foxglove_viz]: viz frames published=32 dropped=0
[INFO] [1782725397.405191762] [failsafe_nav_foxglove_viz]: viz frames published=24 dropped=0
[INFO] [1782725402.079997833] [failsafe_nav_foxglove_viz]: viz frames published=25 dropped=0
[INFO] [1782725407.111328955] [failsafe_nav_foxglove_viz]: viz frames published=30 dropped=0
[INFO] [1782725412.127007710] [failsafe_nav_foxglove_viz]: viz frames published=29 dropped=0
[INFO] [1782725417.374232313] [failsafe_nav_foxglove_viz]: viz frames published=27 dropped=0
[INFO] [1782725422.192430453] [failsafe_nav_foxglove_viz]: viz frames published=20 dropped=0
[INFO] [1782725427.199792953] [failsafe_nav_foxglove_viz]: viz frames published=24 dropped=0
[INFO] [1782725432.099087991] [failsafe_nav_foxglove_viz]: viz frames published=23 dropped=0
[INFO] [1782725437.131582262] [failsafe_nav_foxglove_viz]: viz frames published=17 dropped=0
[INFO] [1782725442.522756944] [failsafe_nav_foxglove_viz]: viz frames published=19 dropped=0
[INFO] [1782725447.142169587] [failsafe_nav_foxglove_viz]: viz frames published=20 dropped=0
[INFO] [1782725452.147402708] [failsafe_nav_foxglove_viz]: viz frames published=21 dropped=0
[INFO] [1782725457.137995672] [failsafe_nav_foxglove_viz]: viz frames published=24 dropped=0
[INFO] [1782725462.062361546] [failsafe_nav_foxglove_viz]: viz frames published=24 dropped=0
[INFO] [1782725467.092911119] [failsafe_nav_foxglove_viz]: viz frames published=26 dropped=0
[INFO] [1782725472.126017277] [failsafe_nav_foxglove_viz]: viz frames published=29 dropped=0
[INFO] [1782725477.071046382] [failsafe_nav_foxglove_viz]: viz frames published=30 dropped=0
[INFO] [1782725482.081670109] [failsafe_nav_foxglove_viz]: viz frames published=33 dropped=0
[INFO] [1782725487.148277717] [failsafe_nav_foxglove_viz]: viz frames published=35 dropped=0
[INFO] [1782725492.090865553] [failsafe_nav_foxglove_viz]: viz frames published=36 dropped=0
[INFO] [1782725497.056316576] [failsafe_nav_foxglove_viz]: viz frames published=32 dropped=0
[INFO] [1782725502.068604112] [failsafe_nav_foxglove_viz]: viz frames published=36 dropped=0
[INFO] [1782725507.029065073] [failsafe_nav_foxglove_viz]: viz frames published=32 dropped=0
[INFO] [1782725512.234388758] [failsafe_nav_foxglove_viz]: viz frames published=38 dropped=0
[INFO] [1782725517.098516116] [failsafe_nav_foxglove_viz]: viz frames published=33 dropped=0
[INFO] [1782725522.148033103] [failsafe_nav_foxglove_viz]: viz frames published=37 dropped=0
[INFO] [1782725527.045397362] [failsafe_nav_foxglove_viz]: viz frames published=31 dropped=0
[INFO] [1782725532.085154442] [failsafe_nav_foxglove_viz]: viz frames published=37 dropped=0
[INFO] [1782725537.113918434] [failsafe_nav_foxglove_viz]: viz frames published=35 dropped=0
[INFO] [1782725542.221001053] [failsafe_nav_foxglove_viz]: viz frames published=37 dropped=0
[INFO] [1782725547.066074645] [failsafe_nav_foxglove_viz]: viz frames published=30 dropped=0
[INFO] [1782725552.046836382] [failsafe_nav_foxglove_viz]: viz frames published=47 dropped=0
[INFO] [1782725557.089429170] [failsafe_nav_foxglove_viz]: viz frames published=50 dropped=0
[INFO] [1782725562.198813271] [failsafe_nav_foxglove_viz]: viz frames published=35 dropped=0
[INFO] [1782725567.121046357] [failsafe_nav_foxglove_viz]: viz frames published=35 dropped=0
[INFO] [1782725572.056334268] [failsafe_nav_foxglove_viz]: viz frames published=35 dropped=0
[INFO] [1782725577.034292129] [failsafe_nav_foxglove_viz]: viz frames published=37 dropped=0
[INFO] [1782725582.158591022] [failsafe_nav_foxglove_viz]: viz frames published=35 dropped=0
[INFO] [1782725587.103111659] [failsafe_nav_foxglove_viz]: viz frames published=33 dropped=0
[INFO] [1782725592.060666913] [failsafe_nav_foxglove_viz]: viz frames published=35 dropped=0
[INFO] [1782725597.172617024] [failsafe_nav_foxglove_viz]: viz frames published=37 dropped=0
[INFO] [1782725602.065874857] [failsafe_nav_foxglove_viz]: viz frames published=33 dropped=0
[INFO] [1782725607.116201697] [failsafe_nav_foxglove_viz]: viz frames published=35 dropped=0
[INFO] [1782725612.146723465] [failsafe_nav_foxglove_viz]: viz frames published=34 dropped=0
[INFO] [1782725617.130036861] [failsafe_nav_foxglove_viz]: viz frames published=35 dropped=0
[INFO] [1782725622.164580904] [failsafe_nav_foxglove_viz]: viz frames published=37 dropped=0
[INFO] [1782725627.132928102] [failsafe_nav_foxglove_viz]: viz frames published=43 dropped=0
[INFO] [1782725632.072061036] [failsafe_nav_foxglove_viz]: viz frames published=50 dropped=0
[INFO] [1782725637.038862129] [failsafe_nav_foxglove_viz]: viz frames published=51 dropped=0
[INFO] [1782725642.051785941] [failsafe_nav_foxglove_viz]: viz frames published=52 dropped=0
[INFO] [1782725647.026333418] [failsafe_nav_foxglove_viz]: viz frames published=51 dropped=0
[INFO] [1782725652.044777333] [failsafe_nav_foxglove_viz]: viz frames published=51 dropped=0
[INFO] [1782725657.083900238] [failsafe_nav_foxglove_viz]: viz frames published=53 dropped=0
[INFO] [1782725662.093826173] [failsafe_nav_foxglove_viz]: viz frames published=51 dropped=0
[INFO] [1782725667.132122419] [failsafe_nav_foxglove_viz]: viz frames published=51 dropped=0
[INFO] [1782725672.092108661] [failsafe_nav_foxglove_viz]: viz frames published=51 dropped=0
[INFO] [1782725677.079990184] [failsafe_nav_foxglove_viz]: viz frames published=51 dropped=0
[INFO] [1782725682.052697601] [failsafe_nav_foxglove_viz]: viz frames published=51 dropped=0
[INFO] [1782725687.096001057] [failsafe_nav_foxglove_viz]: viz frames published=49 dropped=0
[INFO] [1782725692.050783647] [failsafe_nav_foxglove_viz]: viz frames published=52 dropped=0
[INFO] [1782725697.078134436] [failsafe_nav_foxglove_viz]: viz frames published=54 dropped=0
[INFO] [1782725702.115858217] [failsafe_nav_foxglove_viz]: viz frames published=52 dropped=0
[INFO] [1782725707.062631309] [failsafe_nav_foxglove_viz]: viz frames published=53 dropped=0
[INFO] [1782725712.094293148] [failsafe_nav_foxglove_viz]: viz frames published=52 dropped=0
[INFO] [1782725717.039667538] [failsafe_nav_foxglove_viz]: viz frames published=53 dropped=0
[INFO] [1782725722.075039284] [failsafe_nav_foxglove_viz]: viz frames published=52 dropped=0
[INFO] [1782725727.042781905] [failsafe_nav_foxglove_viz]: viz frames published=52 dropped=0
[INFO] [1782725732.030419619] [failsafe_nav_foxglove_viz]: viz frames published=54 dropped=0
[INFO] [1782725737.061759439] [failsafe_nav_foxglove_viz]: viz frames published=60 dropped=0
[INFO] [1782725742.028199673] [failsafe_nav_foxglove_viz]: viz frames published=55 dropped=0
[INFO] [1782725747.084548133] [failsafe_nav_foxglove_viz]: viz frames published=55 dropped=0
[INFO] [1782725752.087698848] [failsafe_nav_foxglove_viz]: viz frames published=59 dropped=0
[INFO] [1782725757.093726786] [failsafe_nav_foxglove_viz]: viz frames published=59 dropped=0
[INFO] [1782725762.059623903] [failsafe_nav_foxglove_viz]: viz frames published=58 dropped=0
[INFO] [1782725767.068621503] [failsafe_nav_foxglove_viz]: viz frames published=56 dropped=0
[INFO] [1782725772.068200819] [failsafe_nav_foxglove_viz]: viz frames published=58 dropped=0
[INFO] [1782725777.056913274] [failsafe_nav_foxglove_viz]: viz frames published=58 dropped=0
[INFO] [1782725782.040707391] [failsafe_nav_foxglove_viz]: viz frames published=58 dropped=0
[INFO] [1782725787.070377605] [failsafe_nav_foxglove_viz]: viz frames published=59 dropped=0
[INFO] [1782725792.075764997] [failsafe_nav_foxglove_viz]: viz frames published=57 dropped=0
[INFO] [1782725797.065223626] [failsafe_nav_foxglove_viz]: viz frames published=59 dropped=0
[INFO] [1782725802.040166697] [failsafe_nav_foxglove_viz]: viz frames published=59 dropped=0
[INFO] [1782725807.041660422] [failsafe_nav_foxglove_viz]: viz frames published=57 dropped=0
[INFO] [1782725812.036984606] [failsafe_nav_foxglove_viz]: viz frames published=58 dropped=0
[INFO] [1782725817.026972788] [failsafe_nav_foxglove_viz]: viz frames published=58 dropped=0
[INFO] [1782725822.021391774] [failsafe_nav_foxglove_viz]: viz frames published=59 dropped=0
[INFO] [1782725827.070818950] [failsafe_nav_foxglove_viz]: viz frames published=59 dropped=0
[INFO] [1782725832.069503138] [failsafe_nav_foxglove_viz]: viz frames published=54 dropped=0
[INFO] [1782725837.045515669] [failsafe_nav_foxglove_viz]: viz frames published=54 dropped=0
[INFO] [1782725842.081515334] [failsafe_nav_foxglove_viz]: viz frames published=60 dropped=0
[INFO] [1782725847.041568007] [failsafe_nav_foxglove_viz]: viz frames published=60 dropped=0
[INFO] [1782725852.084580074] [failsafe_nav_foxglove_viz]: viz frames published=61 dropped=0
[INFO] [1782725857.046564917] [failsafe_nav_foxglove_viz]: viz frames published=56 dropped=0
[INFO] [1782725862.024018405] [failsafe_nav_foxglove_viz]: viz frames published=56 dropped=0
[INFO] [1782725867.056665163] [failsafe_nav_foxglove_viz]: viz frames published=57 dropped=0
[INFO] [1782725872.046565580] [failsafe_nav_foxglove_viz]: viz frames published=57 dropped=0
[INFO] [1782725877.021045364] [failsafe_nav_foxglove_viz]: viz frames published=58 dropped=0
[INFO] [1782725882.018515684] [failsafe_nav_foxglove_viz]: viz frames published=58 dropped=0
[INFO] [1782725887.042894904] [failsafe_nav_foxglove_viz]: viz frames published=56 dropped=0
[INFO] [1782725892.086818296] [failsafe_nav_foxglove_viz]: viz frames published=58 dropped=0
[INFO] [1782725897.048763058] [failsafe_nav_foxglove_viz]: viz frames published=58 dropped=0
[INFO] [1782725902.049479932] [failsafe_nav_foxglove_viz]: viz frames published=54 dropped=0
[INFO] [1782725907.019938180] [failsafe_nav_foxglove_viz]: viz frames published=58 dropped=0
[INFO] [1782725912.098427773] [failsafe_nav_foxglove_viz]: viz frames published=60 dropped=0
[INFO] [1782725917.023425472] [failsafe_nav_foxglove_viz]: viz frames published=55 dropped=0
[INFO] [1782725922.087752705] [failsafe_nav_foxglove_viz]: viz frames published=58 dropped=0
[INFO] [1782725927.017580486] [failsafe_nav_foxglove_viz]: viz frames published=56 dropped=0
[INFO] [1782725932.080439818] [failsafe_nav_foxglove_viz]: viz frames published=53 dropped=0
[INFO] [1782725937.031682710] [failsafe_nav_foxglove_viz]: viz frames published=53 dropped=0
[INFO] [1782725942.103070985] [failsafe_nav_foxglove_viz]: viz frames published=53 dropped=0
[INFO] [1782725947.026422526] [failsafe_nav_foxglove_viz]: viz frames published=57 dropped=0
[INFO] [1782725952.079030167] [failsafe_nav_foxglove_viz]: viz frames published=60 dropped=0
[INFO] [1782725957.075419773] [failsafe_nav_foxglove_viz]: viz frames published=60 dropped=0
[INFO] [1782725962.043928499] [failsafe_nav_foxglove_viz]: viz frames published=60 dropped=0
[INFO] [1782725967.017430363] [failsafe_nav_foxglove_viz]: viz frames published=59 dropped=0
[INFO] [1782725972.081748909] [failsafe_nav_foxglove_viz]: viz frames published=57 dropped=0
[INFO] [1782725977.074280517] [failsafe_nav_foxglove_viz]: viz frames published=55 dropped=0
[INFO] [1782725982.038295582] [failsafe_nav_foxglove_viz]: viz frames published=55 dropped=0
[INFO] [1782725987.076863716] [failsafe_nav_foxglove_viz]: viz frames published=59 dropped=0
[INFO] [1782725992.013868266] [failsafe_nav_foxglove_viz]: viz frames published=58 dropped=0
[INFO] [1782725997.071125102] [failsafe_nav_foxglove_viz]: viz frames published=58 dropped=0
[INFO] [1782726002.014161566] [failsafe_nav_foxglove_viz]: viz frames published=57 dropped=0
[INFO] [1782726007.018560308] [failsafe_nav_foxglove_viz]: viz frames published=58 dropped=0
[INFO] [1782726012.094623665] [failsafe_nav_foxglove_viz]: viz frames published=58 dropped=0
[INFO] [1782726017.061134304] [failsafe_nav_foxglove_viz]: viz frames published=58 dropped=0
[INFO] [1782726022.039599141] [failsafe_nav_foxglove_viz]: viz frames published=57 dropped=0
[INFO] [1782726027.065593676] [failsafe_nav_foxglove_viz]: viz frames published=57 dropped=0
[INFO] [1782726032.070279023] [failsafe_nav_foxglove_viz]: viz frames published=54 dropped=0
[INFO] [1782726037.057841585] [failsafe_nav_foxglove_viz]: viz frames published=57 dropped=0
[INFO] [1782726042.066263563] [failsafe_nav_foxglove_viz]: viz frames published=55 dropped=0
[INFO] [1782726047.057229216] [failsafe_nav_foxglove_viz]: viz frames published=54 dropped=0
[INFO] [1782726052.089582253] [failsafe_nav_foxglove_viz]: viz frames published=57 dropped=0
[INFO] [1782726057.061612993] [failsafe_nav_foxglove_viz]: viz frames published=58 dropped=0
[INFO] [1782726062.121829367] [failsafe_nav_foxglove_viz]: viz frames published=56 dropped=0
[INFO] [1782726067.079879802] [failsafe_nav_foxglove_viz]: viz frames published=57 dropped=0
[INFO] [1782726072.083149315] [failsafe_nav_foxglove_viz]: viz frames published=58 dropped=0
[INFO] [1782726077.037269619] [failsafe_nav_foxglove_viz]: viz frames published=56 dropped=0
[INFO] [1782726082.075572403] [failsafe_nav_foxglove_viz]: viz frames published=55 dropped=0
[INFO] [1782726087.090044678] [failsafe_nav_foxglove_viz]: viz frames published=56 dropped=0
[INFO] [1782726092.027465513] [failsafe_nav_foxglove_viz]: viz frames published=56 dropped=0
[INFO] [1782726097.079014634] [failsafe_nav_foxglove_viz]: viz frames published=59 dropped=0
[INFO] [1782726102.055562891] [failsafe_nav_foxglove_viz]: viz frames published=58 dropped=0
[INFO] [1782726107.086475108] [failsafe_nav_foxglove_viz]: viz frames published=59 dropped=0
[INFO] [1782726112.112318375] [failsafe_nav_foxglove_viz]: viz frames published=51 dropped=0
[INFO] [1782726117.082649877] [failsafe_nav_foxglove_viz]: viz frames published=49 dropped=0
[INFO] [1782726122.077144198] [failsafe_nav_foxglove_viz]: viz frames published=52 dropped=0
[INFO] [1782726127.070444348] [failsafe_nav_foxglove_viz]: viz frames published=45 dropped=0
[INFO] [1782726132.046474886] [failsafe_nav_foxglove_viz]: viz frames published=57 dropped=0
[INFO] [1782726137.057904451] [failsafe_nav_foxglove_viz]: viz frames published=51 dropped=0
[INFO] [1782726142.081053005] [failsafe_nav_foxglove_viz]: viz frames published=54 dropped=0
[INFO] [1782726147.045283186] [failsafe_nav_foxglove_viz]: viz frames published=56 dropped=0
[INFO] [1782726152.067366852] [failsafe_nav_foxglove_viz]: viz frames published=59 dropped=0
[INFO] [1782726157.099125930] [failsafe_nav_foxglove_viz]: viz frames published=44 dropped=0
[INFO] [1782726162.082729806] [failsafe_nav_foxglove_viz]: viz frames published=56 dropped=0
[INFO] [1782726167.055712380] [failsafe_nav_foxglove_viz]: viz frames published=57 dropped=0
[INFO] [1782726172.080873499] [failsafe_nav_foxglove_viz]: viz frames published=57 dropped=0
[INFO] [1782726177.058701373] [failsafe_nav_foxglove_viz]: viz frames published=57 dropped=0
[INFO] [1782726182.020354926] [failsafe_nav_foxglove_viz]: viz frames published=55 dropped=0
[INFO] [1782726187.054398863] [failsafe_nav_foxglove_viz]: viz frames published=56 dropped=0
[INFO] [1782726192.060429523] [failsafe_nav_foxglove_viz]: viz frames published=55 dropped=0
[INFO] [1782726197.104661863] [failsafe_nav_foxglove_viz]: viz frames published=57 dropped=0
[INFO] [1782726202.017663156] [failsafe_nav_foxglove_viz]: viz frames published=57 dropped=0
[INFO] [1782726207.049740778] [failsafe_nav_foxglove_viz]: viz frames published=57 dropped=0
[INFO] [1782726212.043072791] [failsafe_nav_foxglove_viz]: viz frames published=57 dropped=0
[INFO] [1782726217.065629476] [failsafe_nav_foxglove_viz]: viz frames published=58 dropped=0
[INFO] [1782726222.099169361] [failsafe_nav_foxglove_viz]: viz frames published=57 dropped=0
[INFO] [1782726227.138691507] [failsafe_nav_foxglove_viz]: viz frames published=35 dropped=0
[INFO] [1782726232.142585826] [failsafe_nav_foxglove_viz]: viz frames published=26 dropped=0
[INFO] [1782726237.184805655] [failsafe_nav_foxglove_viz]: viz frames published=26 dropped=0
[INFO] [1782726242.059462842] [failsafe_nav_foxglove_viz]: viz frames published=39 dropped=0
[INFO] [1782726247.076115842] [failsafe_nav_foxglove_viz]: viz frames published=50 dropped=0
[INFO] [1782726252.075007989] [failsafe_nav_foxglove_viz]: viz frames published=59 dropped=2
[INFO] [1782726257.019219096] [failsafe_nav_foxglove_viz]: viz frames published=48 dropped=0
[INFO] [1782726262.056419788] [failsafe_nav_foxglove_viz]: viz frames published=54 dropped=0
[INFO] [1782726267.089532115] [failsafe_nav_foxglove_viz]: viz frames published=50 dropped=0
[INFO] [1782726272.063811919] [failsafe_nav_foxglove_viz]: viz frames published=49 dropped=0
[INFO] [1782726277.049723214] [failsafe_nav_foxglove_viz]: viz frames published=50 dropped=0
[INFO] [1782726282.094464810] [failsafe_nav_foxglove_viz]: viz frames published=53 dropped=0
[INFO] [1782726287.172760932] [failsafe_nav_foxglove_viz]: viz frames published=41 dropped=0
[INFO] [1782726292.111859648] [failsafe_nav_foxglove_viz]: viz frames published=34 dropped=0
[INFO] [1782726297.051062109] [failsafe_nav_foxglove_viz]: viz frames published=37 dropped=0
[INFO] [1782726302.079052125] [failsafe_nav_foxglove_viz]: viz frames published=42 dropped=0
[INFO] [1782726307.125270062] [failsafe_nav_foxglove_viz]: viz frames published=51 dropped=0
[INFO] [1782726312.052522225] [failsafe_nav_foxglove_viz]: viz frames published=51 dropped=0
[INFO] [1782726317.045839158] [failsafe_nav_foxglove_viz]: viz frames published=52 dropped=0
[INFO] [1782726322.068453176] [failsafe_nav_foxglove_viz]: viz frames published=54 dropped=0
[INFO] [1782726327.060597564] [failsafe_nav_foxglove_viz]: viz frames published=49 dropped=0
[INFO] [1782726332.096101436] [failsafe_nav_foxglove_viz]: viz frames published=52 dropped=0
[INFO] [1782726337.044591535] [failsafe_nav_foxglove_viz]: viz frames published=51 dropped=0
[INFO] [1782726342.074142298] [failsafe_nav_foxglove_viz]: viz frames published=48 dropped=0
[INFO] [1782726347.092959934] [failsafe_nav_foxglove_viz]: viz frames published=38 dropped=0
[INFO] [1782726352.098297746] [failsafe_nav_foxglove_viz]: viz frames published=55 dropped=0
[INFO] [1782726357.032221850] [failsafe_nav_foxglove_viz]: viz frames published=55 dropped=0
[INFO] [1782726362.020083394] [failsafe_nav_foxglove_viz]: viz frames published=59 dropped=0
[INFO] [1782726367.058693057] [failsafe_nav_foxglove_viz]: viz frames published=54 dropped=0
[INFO] [1782726372.051076492] [failsafe_nav_foxglove_viz]: viz frames published=49 dropped=0
[INFO] [1782726377.103886047] [failsafe_nav_foxglove_viz]: viz frames published=51 dropped=0
[INFO] [1782726382.095030106] [failsafe_nav_foxglove_viz]: viz frames published=50 dropped=0
[INFO] [1782726387.024507836] [failsafe_nav_foxglove_viz]: viz frames published=51 dropped=0
[INFO] [1782726392.052122069] [failsafe_nav_foxglove_viz]: viz frames published=52 dropped=0
[INFO] [1782726397.059524467] [failsafe_nav_foxglove_viz]: viz frames published=51 dropped=0
[INFO] [1782726402.116954110] [failsafe_nav_foxglove_viz]: viz frames published=45 dropped=0
[INFO] [1782726407.046198290] [failsafe_nav_foxglove_viz]: viz frames published=49 dropped=0
[INFO] [1782726412.057674913] [failsafe_nav_foxglove_viz]: viz frames published=52 dropped=0
[INFO] [1782726417.074523010] [failsafe_nav_foxglove_viz]: viz frames published=51 dropped=0
[INFO] [1782726422.093745428] [failsafe_nav_foxglove_viz]: viz frames published=51 dropped=0
[INFO] [1782726427.057113414] [failsafe_nav_foxglove_viz]: viz frames published=50 dropped=0
[INFO] [1782726432.065950997] [failsafe_nav_foxglove_viz]: viz frames published=47 dropped=0
[INFO] [1782726437.056218906] [failsafe_nav_foxglove_viz]: viz frames published=52 dropped=0
[INFO] [1782726442.108599257] [failsafe_nav_foxglove_viz]: viz frames published=51 dropped=0
[INFO] [1782726447.070290660] [failsafe_nav_foxglove_viz]: viz frames published=48 dropped=0
[INFO] [1782726452.072520262] [failsafe_nav_foxglove_viz]: viz frames published=48 dropped=0
[INFO] [1782726457.103976696] [failsafe_nav_foxglove_viz]: viz frames published=49 dropped=0
[INFO] [1782726462.029697376] [failsafe_nav_foxglove_viz]: viz frames published=49 dropped=0
[INFO] [1782726467.065472287] [failsafe_nav_foxglove_viz]: viz frames published=54 dropped=0
[INFO] [1782726472.095784721] [failsafe_nav_foxglove_viz]: viz frames published=52 dropped=0
[INFO] [1782726477.023186058] [failsafe_nav_foxglove_viz]: viz frames published=53 dropped=0
[INFO] [1782726482.035616608] [failsafe_nav_foxglove_viz]: viz frames published=53 dropped=0
[INFO] [1782726487.065352957] [failsafe_nav_foxglove_viz]: viz frames published=57 dropped=0
[INFO] [1782726492.071992364] [failsafe_nav_foxglove_viz]: viz frames published=59 dropped=0
[INFO] [1782726497.095645111] [failsafe_nav_foxglove_viz]: viz frames published=57 dropped=0
[INFO] [1782726502.037413009] [failsafe_nav_foxglove_viz]: viz frames published=57 dropped=0
[INFO] [1782726507.099611586] [failsafe_nav_foxglove_viz]: viz frames published=56 dropped=0
[INFO] [1782726512.034348473] [failsafe_nav_foxglove_viz]: viz frames published=58 dropped=0
[INFO] [1782726517.060059209] [failsafe_nav_foxglove_viz]: viz frames published=58 dropped=0
[INFO] [1782726522.121361912] [failsafe_nav_foxglove_viz]: viz frames published=42 dropped=0
[INFO] [1782726527.038148087] [failsafe_nav_foxglove_viz]: viz frames published=34 dropped=0
[INFO] [1782726532.101429364] [failsafe_nav_foxglove_viz]: viz frames published=46 dropped=1
[INFO] [1782726537.053545925] [failsafe_nav_foxglove_viz]: viz frames published=45 dropped=0
[INFO] [1782726542.103504135] [failsafe_nav_foxglove_viz]: viz frames published=50 dropped=0
[INFO] [1782726547.099697292] [failsafe_nav_foxglove_viz]: viz frames published=43 dropped=0
[INFO] [1782726552.093825459] [failsafe_nav_foxglove_viz]: viz frames published=42 dropped=0
[INFO] [1782726557.070999327] [failsafe_nav_foxglove_viz]: viz frames published=44 dropped=0
[INFO] [1782726562.055153499] [failsafe_nav_foxglove_viz]: viz frames published=37 dropped=0
[INFO] [1782726567.040652998] [failsafe_nav_foxglove_viz]: viz frames published=34 dropped=0
[INFO] [1782726572.116629133] [failsafe_nav_foxglove_viz]: viz frames published=30 dropped=0
[INFO] [1782726577.026513308] [failsafe_nav_foxglove_viz]: viz frames published=31 dropped=0
[INFO] [1782726582.174946950] [failsafe_nav_foxglove_viz]: viz frames published=32 dropped=0
[INFO] [1782726587.143208655] [failsafe_nav_foxglove_viz]: viz frames published=24 dropped=0
[INFO] [1782726592.172327503] [failsafe_nav_foxglove_viz]: viz frames published=30 dropped=0
[INFO] [1782726597.044450065] [failsafe_nav_foxglove_viz]: viz frames published=30 dropped=0
[INFO] [1782726602.113298902] [failsafe_nav_foxglove_viz]: viz frames published=34 dropped=0
[INFO] [1782726607.099419241] [failsafe_nav_foxglove_viz]: viz frames published=39 dropped=0
[INFO] [1782726612.088860108] [failsafe_nav_foxglove_viz]: viz frames published=40 dropped=0
[INFO] [1782726617.029407784] [failsafe_nav_foxglove_viz]: viz frames published=43 dropped=0
[INFO] [1782726622.142059633] [failsafe_nav_foxglove_viz]: viz frames published=47 dropped=0
[INFO] [1782726627.121668134] [failsafe_nav_foxglove_viz]: viz frames published=44 dropped=0
[INFO] [1782726632.087396534] [failsafe_nav_foxglove_viz]: viz frames published=44 dropped=0
[INFO] [1782726637.104701032] [failsafe_nav_foxglove_viz]: viz frames published=46 dropped=0
[INFO] [1782726642.131271407] [failsafe_nav_foxglove_viz]: viz frames published=43 dropped=0
[INFO] [1782726647.116506932] [failsafe_nav_foxglove_viz]: viz frames published=47 dropped=0
[INFO] [1782726652.060327318] [failsafe_nav_foxglove_viz]: viz frames published=50 dropped=0
[INFO] [1782726657.034046194] [failsafe_nav_foxglove_viz]: viz frames published=42 dropped=0
[INFO] [1782726662.028419269] [failsafe_nav_foxglove_viz]: viz frames published=50 dropped=0
[INFO] [1782726667.038134275] [failsafe_nav_foxglove_viz]: viz frames published=47 dropped=0
[INFO] [1782726672.046731789] [failsafe_nav_foxglove_viz]: viz frames published=47 dropped=0
[INFO] [1782726677.094436497] [failsafe_nav_foxglove_viz]: viz frames published=47 dropped=0
[INFO] [1782726682.102922058] [failsafe_nav_foxglove_viz]: viz frames published=42 dropped=0
[INFO] [1782726687.099505303] [failsafe_nav_foxglove_viz]: viz frames published=46 dropped=0
[INFO] [1782726692.042625384] [failsafe_nav_foxglove_viz]: viz frames published=46 dropped=0
[INFO] [1782726697.095351538] [failsafe_nav_foxglove_viz]: viz frames published=44 dropped=0
[INFO] [1782726702.026359559] [failsafe_nav_foxglove_viz]: viz frames published=46 dropped=0
[INFO] [1782726707.050309230] [failsafe_nav_foxglove_viz]: viz frames published=47 dropped=0
[INFO] [1782726712.160024165] [failsafe_nav_foxglove_viz]: viz frames published=40 dropped=0
[INFO] [1782726717.170780404] [failsafe_nav_foxglove_viz]: viz frames published=37 dropped=0
[INFO] [1782726722.050398684] [failsafe_nav_foxglove_viz]: viz frames published=35 dropped=0
[INFO] [1782726727.097914006] [failsafe_nav_foxglove_viz]: viz frames published=37 dropped=0
[INFO] [1782726732.212920760] [failsafe_nav_foxglove_viz]: viz frames published=28 dropped=0
[INFO] [1782726737.210211869] [failsafe_nav_foxglove_viz]: viz frames published=22 dropped=0
[INFO] [1782726742.041841105] [failsafe_nav_foxglove_viz]: viz frames published=25 dropped=0
[INFO] [1782726747.286718207] [failsafe_nav_foxglove_viz]: viz frames published=27 dropped=0
[INFO] [1782726752.104953934] [failsafe_nav_foxglove_viz]: viz frames published=25 dropped=0
[INFO] [1782726757.025324845] [failsafe_nav_foxglove_viz]: viz frames published=25 dropped=0
[INFO] [1782726762.174002541] [failsafe_nav_foxglove_viz]: viz frames published=26 dropped=0
[INFO] [1782726767.181551543] [failsafe_nav_foxglove_viz]: viz frames published=22 dropped=0
[INFO] [1782726772.054685863] [failsafe_nav_foxglove_viz]: viz frames published=21 dropped=0
[INFO] [1782726777.556227202] [failsafe_nav_foxglove_viz]: viz frames published=22 dropped=0
[INFO] [1782726782.054683297] [failsafe_nav_foxglove_viz]: viz frames published=13 dropped=0
[INFO] [1782726787.158847601] [failsafe_nav_foxglove_viz]: viz frames published=18 dropped=0
[INFO] [1782726792.660512234] [failsafe_nav_foxglove_viz]: viz frames published=13 dropped=0
[INFO] [1782726797.027387867] [failsafe_nav_foxglove_viz]: viz frames published=24 dropped=0
[INFO] [1782726802.119434659] [failsafe_nav_foxglove_viz]: viz frames published=26 dropped=0
[INFO] [1782726807.103650146] [failsafe_nav_foxglove_viz]: viz frames published=19 dropped=0
[INFO] [1782726812.643293850] [failsafe_nav_foxglove_viz]: viz frames published=27 dropped=0
[INFO] [1782726817.218132300] [failsafe_nav_foxglove_viz]: viz frames published=21 dropped=0
[INFO] [1782726822.052461410] [failsafe_nav_foxglove_viz]: viz frames published=27 dropped=0
[INFO] [1782726827.076906098] [failsafe_nav_foxglove_viz]: viz frames published=19 dropped=0
[INFO] [1782726832.045193108] [failsafe_nav_foxglove_viz]: viz frames published=23 dropped=0
[INFO] [1782726837.157971082] [failsafe_nav_foxglove_viz]: viz frames published=19 dropped=0
[INFO] [1782726842.118938973] [failsafe_nav_foxglove_viz]: viz frames published=15 dropped=0
[INFO] [1782726847.488075820] [failsafe_nav_foxglove_viz]: viz frames published=21 dropped=0
[INFO] [1782726852.097807285] [failsafe_nav_foxglove_viz]: viz frames published=26 dropped=0
[INFO] [1782726857.061786638] [failsafe_nav_foxglove_viz]: viz frames published=27 dropped=0
[INFO] [1782726862.180534650] [failsafe_nav_foxglove_viz]: viz frames published=27 dropped=0
[INFO] [1782726867.155786538] [failsafe_nav_foxglove_viz]: viz frames published=22 dropped=0
[INFO] [1782726872.069955665] [failsafe_nav_foxglove_viz]: viz frames published=28 dropped=0
[INFO] [1782726877.193613114] [failsafe_nav_foxglove_viz]: viz frames published=23 dropped=0
[INFO] [1782726882.182355840] [failsafe_nav_foxglove_viz]: viz frames published=26 dropped=0
[INFO] [1782726887.014570014] [failsafe_nav_foxglove_viz]: viz frames published=31 dropped=0
[INFO] [1782726892.112605875] [failsafe_nav_foxglove_viz]: viz frames published=40 dropped=0
[INFO] [1782726897.128246182] [failsafe_nav_foxglove_viz]: viz frames published=34 dropped=0
[INFO] [1782726902.118380148] [failsafe_nav_foxglove_viz]: viz frames published=38 dropped=0
[INFO] [1782726907.059635225] [failsafe_nav_foxglove_viz]: viz frames published=26 dropped=0
[INFO] [1782726912.048578080] [failsafe_nav_foxglove_viz]: viz frames published=30 dropped=0
[INFO] [1782726917.111851350] [failsafe_nav_foxglove_viz]: viz frames published=33 dropped=0
[INFO] [1782726922.085316729] [failsafe_nav_foxglove_viz]: viz frames published=29 dropped=0
[INFO] [1782726927.328923298] [failsafe_nav_foxglove_viz]: viz frames published=32 dropped=0
[INFO] [1782726932.071729056] [failsafe_nav_foxglove_viz]: viz frames published=29 dropped=0
[INFO] [1782726937.093378728] [failsafe_nav_foxglove_viz]: viz frames published=33 dropped=0
[INFO] [1782726942.201378411] [failsafe_nav_foxglove_viz]: viz frames published=35 dropped=0
[INFO] [1782726947.112065380] [failsafe_nav_foxglove_viz]: viz frames published=36 dropped=0
[INFO] [1782726952.115126166] [failsafe_nav_foxglove_viz]: viz frames published=46 dropped=0
[INFO] [1782726957.077181967] [failsafe_nav_foxglove_viz]: viz frames published=39 dropped=0
[INFO] [1782726962.054920518] [failsafe_nav_foxglove_viz]: viz frames published=44 dropped=0
[INFO] [1782726967.036874839] [failsafe_nav_foxglove_viz]: viz frames published=44 dropped=0
[INFO] [1782726972.316184510] [failsafe_nav_foxglove_viz]: viz frames published=33 dropped=0
[INFO] [1782726977.086533004] [failsafe_nav_foxglove_viz]: viz frames published=28 dropped=0
[INFO] [1782726982.128070132] [failsafe_nav_foxglove_viz]: viz frames published=35 dropped=0
[INFO] [1782726987.168269601] [failsafe_nav_foxglove_viz]: viz frames published=33 dropped=0
[INFO] [1782726992.038223448] [failsafe_nav_foxglove_viz]: viz frames published=34 dropped=0
[INFO] [1782726997.100232687] [failsafe_nav_foxglove_viz]: viz frames published=36 dropped=0
[INFO] [1782727002.080426796] [failsafe_nav_foxglove_viz]: viz frames published=33 dropped=0
[INFO] [1782727007.056588453] [failsafe_nav_foxglove_viz]: viz frames published=40 dropped=0
[INFO] [1782727012.095216687] [failsafe_nav_foxglove_viz]: viz frames published=47 dropped=0
[INFO] [1782727017.034406978] [failsafe_nav_foxglove_viz]: viz frames published=47 dropped=0
[INFO] [1782727022.108294919] [failsafe_nav_foxglove_viz]: viz frames published=49 dropped=0
[INFO] [1782727027.061044803] [failsafe_nav_foxglove_viz]: viz frames published=47 dropped=0
[INFO] [1782727032.022131382] [failsafe_nav_foxglove_viz]: viz frames published=45 dropped=0
[INFO] [1782727037.081373214] [failsafe_nav_foxglove_viz]: viz frames published=43 dropped=0
[INFO] [1782727042.120764443] [failsafe_nav_foxglove_viz]: viz frames published=46 dropped=0
[INFO] [1782727047.094082462] [failsafe_nav_foxglove_viz]: viz frames published=45 dropped=0
[INFO] [1782727052.050554513] [failsafe_nav_foxglove_viz]: viz frames published=47 dropped=0
[INFO] [1782727057.124114545] [failsafe_nav_foxglove_viz]: viz frames published=45 dropped=0
[INFO] [1782727062.136805293] [failsafe_nav_foxglove_viz]: viz frames published=43 dropped=0
[INFO] [1782727067.261800799] [failsafe_nav_foxglove_viz]: viz frames published=24 dropped=0
[INFO] [1782727072.220013000] [failsafe_nav_foxglove_viz]: viz frames published=23 dropped=0
[INFO] [1782727077.056036009] [failsafe_nav_foxglove_viz]: viz frames published=23 dropped=0
[INFO] [1782727082.168493292] [failsafe_nav_foxglove_viz]: viz frames published=23 dropped=0
[INFO] [1782727087.038233054] [failsafe_nav_foxglove_viz]: viz frames published=26 dropped=0
[INFO] [1782727092.089604037] [failsafe_nav_foxglove_viz]: viz frames published=25 dropped=0
[INFO] [1782727097.205524951] [failsafe_nav_foxglove_viz]: viz frames published=26 dropped=0
[INFO] [1782727102.038864478] [failsafe_nav_foxglove_viz]: viz frames published=19 dropped=0
[INFO] [1782727107.194003515] [failsafe_nav_foxglove_viz]: viz frames published=21 dropped=0
[INFO] [1782727112.221558615] [failsafe_nav_foxglove_viz]: viz frames published=24 dropped=0
[INFO] [1782727117.104591268] [failsafe_nav_foxglove_viz]: viz frames published=20 dropped=0
[INFO] [1782727122.032629372] [failsafe_nav_foxglove_viz]: viz frames published=22 dropped=0
[INFO] [1782727127.594963361] [failsafe_nav_foxglove_viz]: viz frames published=17 dropped=0
[INFO] [1782727132.289998105] [failsafe_nav_foxglove_viz]: viz frames published=19 dropped=0
[INFO] [1782727137.249272929] [failsafe_nav_foxglove_viz]: viz frames published=14 dropped=0
[INFO] [1782727142.134744359] [failsafe_nav_foxglove_viz]: viz frames published=16 dropped=0
[INFO] [1782727147.202929261] [failsafe_nav_foxglove_viz]: viz frames published=24 dropped=0
[INFO] [1782727152.284429112] [failsafe_nav_foxglove_viz]: viz frames published=17 dropped=0
[INFO] [1782727157.377928826] [failsafe_nav_foxglove_viz]: viz frames published=25 dropped=0
[INFO] [1782727162.028801690] [failsafe_nav_foxglove_viz]: viz frames published=17 dropped=0
[INFO] [1782727167.181933132] [failsafe_nav_foxglove_viz]: viz frames published=19 dropped=0
[INFO] [1782727172.345248348] [failsafe_nav_foxglove_viz]: viz frames published=16 dropped=0
[INFO] [1782727177.180978726] [failsafe_nav_foxglove_viz]: viz frames published=21 dropped=0
[INFO] [1782727182.213283523] [failsafe_nav_foxglove_viz]: viz frames published=19 dropped=0
[INFO] [1782727187.101319502] [failsafe_nav_foxglove_viz]: viz frames published=25 dropped=0
[INFO] [1782727192.116099079] [failsafe_nav_foxglove_viz]: viz frames published=22 dropped=0
[INFO] [1782727197.149336195] [failsafe_nav_foxglove_viz]: viz frames published=16 dropped=0
[INFO] [1782727202.253861101] [failsafe_nav_foxglove_viz]: viz frames published=30 dropped=0
[INFO] [1782727207.115850824] [failsafe_nav_foxglove_viz]: viz frames published=21 dropped=0
[INFO] [1782727212.453061921] [failsafe_nav_foxglove_viz]: viz frames published=26 dropped=0
[INFO] [1782727217.073133335] [failsafe_nav_foxglove_viz]: viz frames published=27 dropped=0
[INFO] [1782727222.096471557] [failsafe_nav_foxglove_viz]: viz frames published=23 dropped=0
[INFO] [1782727227.152566577] [failsafe_nav_foxglove_viz]: viz frames published=25 dropped=0
[INFO] [1782727232.077263857] [failsafe_nav_foxglove_viz]: viz frames published=29 dropped=0
[INFO] [1782727237.128582796] [failsafe_nav_foxglove_viz]: viz frames published=17 dropped=0
[INFO] [1782727242.126323555] [failsafe_nav_foxglove_viz]: viz frames published=28 dropped=0
[INFO] [1782727247.188107881] [failsafe_nav_foxglove_viz]: viz frames published=22 dropped=0
[INFO] [1782727252.138110158] [failsafe_nav_foxglove_viz]: viz frames published=20 dropped=0
[INFO] [1782727257.091254215] [failsafe_nav_foxglove_viz]: viz frames published=18 dropped=0
[INFO] [1782727262.227948911] [failsafe_nav_foxglove_viz]: viz frames published=22 dropped=0
[INFO] [1782727267.447738885] [failsafe_nav_foxglove_viz]: viz frames published=29 dropped=0
[INFO] [1782727272.183197434] [failsafe_nav_foxglove_viz]: viz frames published=25 dropped=0
[INFO] [1782727277.286503515] [failsafe_nav_foxglove_viz]: viz frames published=26 dropped=0
[INFO] [1782727282.115766889] [failsafe_nav_foxglove_viz]: viz frames published=21 dropped=0
[INFO] [1782727287.164471742] [failsafe_nav_foxglove_viz]: viz frames published=23 dropped=0
[INFO] [1782727292.140772711] [failsafe_nav_foxglove_viz]: viz frames published=24 dropped=0
[INFO] [1782727297.039796421] [failsafe_nav_foxglove_viz]: viz frames published=33 dropped=0
[INFO] [1782727302.247223720] [failsafe_nav_foxglove_viz]: viz frames published=25 dropped=0
[INFO] [1782727307.241524279] [failsafe_nav_foxglove_viz]: viz frames published=22 dropped=0
[INFO] [1782727312.331592907] [failsafe_nav_foxglove_viz]: viz frames published=25 dropped=0
[INFO] [1782727317.146121867] [failsafe_nav_foxglove_viz]: viz frames published=23 dropped=0
[INFO] [1782727322.069172404] [failsafe_nav_foxglove_viz]: viz frames published=23 dropped=0
[INFO] [1782727327.111483516] [failsafe_nav_foxglove_viz]: viz frames published=24 dropped=0
[INFO] [1782727332.040224783] [failsafe_nav_foxglove_viz]: viz frames published=31 dropped=0
[INFO] [1782727337.046622316] [failsafe_nav_foxglove_viz]: viz frames published=25 dropped=0
[INFO] [1782727342.041777458] [failsafe_nav_foxglove_viz]: viz frames published=25 dropped=0
[INFO] [1782727347.209772971] [failsafe_nav_foxglove_viz]: viz frames published=26 dropped=0
[INFO] [1782727352.096332767] [failsafe_nav_foxglove_viz]: viz frames published=28 dropped=0
[INFO] [1782727357.053209489] [failsafe_nav_foxglove_viz]: viz frames published=25 dropped=0
[INFO] [1782727362.082841261] [failsafe_nav_foxglove_viz]: viz frames published=23 dropped=0
[INFO] [1782727367.038886880] [failsafe_nav_foxglove_viz]: viz frames published=28 dropped=0
[INFO] [1782727372.079533922] [failsafe_nav_foxglove_viz]: viz frames published=22 dropped=0
[INFO] [1782727377.116466453] [failsafe_nav_foxglove_viz]: viz frames published=25 dropped=0
[INFO] [1782727382.148537346] [failsafe_nav_foxglove_viz]: viz frames published=26 dropped=0
[INFO] [1782727387.148279432] [failsafe_nav_foxglove_viz]: viz frames published=22 dropped=0
[INFO] [1782727392.192516555] [failsafe_nav_foxglove_viz]: viz frames published=26 dropped=0
[INFO] [1782727397.428565893] [failsafe_nav_foxglove_viz]: viz frames published=19 dropped=0
[INFO] [1782727402.080275465] [failsafe_nav_foxglove_viz]: viz frames published=30 dropped=0
[INFO] [1782727407.055501529] [failsafe_nav_foxglove_viz]: viz frames published=22 dropped=0
[INFO] [1782727412.045413503] [failsafe_nav_foxglove_viz]: viz frames published=25 dropped=0
[INFO] [1782727417.257736001] [failsafe_nav_foxglove_viz]: viz frames published=24 dropped=0
[INFO] [1782727422.143111710] [failsafe_nav_foxglove_viz]: viz frames published=25 dropped=0
[INFO] [1782727427.215219381] [failsafe_nav_foxglove_viz]: viz frames published=27 dropped=0
[INFO] [1782727432.037061267] [failsafe_nav_foxglove_viz]: viz frames published=31 dropped=0
[INFO] [1782727437.160156195] [failsafe_nav_foxglove_viz]: viz frames published=24 dropped=0
[INFO] [1782727442.113293163] [failsafe_nav_foxglove_viz]: viz frames published=23 dropped=0
[INFO] [1782727447.100673442] [failsafe_nav_foxglove_viz]: viz frames published=24 dropped=0
[INFO] [1782727452.271924333] [failsafe_nav_foxglove_viz]: viz frames published=26 dropped=0
[INFO] [1782727457.207904321] [failsafe_nav_foxglove_viz]: viz frames published=20 dropped=0
[INFO] [1782727462.093580021] [failsafe_nav_foxglove_viz]: viz frames published=24 dropped=0
[INFO] [1782727467.543987770] [failsafe_nav_foxglove_viz]: viz frames published=28 dropped=0
[INFO] [1782727472.366450401] [failsafe_nav_foxglove_viz]: viz frames published=18 dropped=0
[INFO] [1782727477.085042338] [failsafe_nav_foxglove_viz]: viz frames published=29 dropped=0
[INFO] [1782727482.810014673] [failsafe_nav_foxglove_viz]: viz frames published=23 dropped=0
[INFO] [1782727487.219887847] [failsafe_nav_foxglove_viz]: viz frames published=22 dropped=0
[INFO] [1782727492.290368706] [failsafe_nav_foxglove_viz]: viz frames published=21 dropped=0
[INFO] [1782727497.235583347] [failsafe_nav_foxglove_viz]: viz frames published=17 dropped=0
[INFO] [1782727502.428067307] [failsafe_nav_foxglove_viz]: viz frames published=21 dropped=0
[INFO] [1782727507.220298933] [failsafe_nav_foxglove_viz]: viz frames published=14 dropped=0
[INFO] [1782727512.048939786] [failsafe_nav_foxglove_viz]: viz frames published=18 dropped=0
[INFO] [1782727517.131406861] [failsafe_nav_foxglove_viz]: viz frames published=22 dropped=0
[INFO] [1782727522.319499668] [failsafe_nav_foxglove_viz]: viz frames published=22 dropped=0
[INFO] [1782727527.147924293] [failsafe_nav_foxglove_viz]: viz frames published=23 dropped=0
[INFO] [1782727532.315871666] [failsafe_nav_foxglove_viz]: viz frames published=24 dropped=0
[INFO] [1782727537.029882509] [failsafe_nav_foxglove_viz]: viz frames published=17 dropped=0
[INFO] [1782727542.109512400] [failsafe_nav_foxglove_viz]: viz frames published=21 dropped=0
[INFO] [1782727547.040676661] [failsafe_nav_foxglove_viz]: viz frames published=32 dropped=0
[INFO] [1782727552.090080845] [failsafe_nav_foxglove_viz]: viz frames published=30 dropped=0
[INFO] [1782727557.081691305] [failsafe_nav_foxglove_viz]: viz frames published=17 dropped=0
[INFO] [1782727562.168232208] [failsafe_nav_foxglove_viz]: viz frames published=18 dropped=0
[INFO] [1782727567.021807252] [failsafe_nav_foxglove_viz]: viz frames published=19 dropped=0
[INFO] [1782727572.071104543] [failsafe_nav_foxglove_viz]: viz frames published=20 dropped=0
[INFO] [1782727577.186289680] [failsafe_nav_foxglove_viz]: viz frames published=16 dropped=0
[INFO] [1782727582.126516068] [failsafe_nav_foxglove_viz]: viz frames published=22 dropped=0
[INFO] [1782727587.122363816] [failsafe_nav_foxglove_viz]: viz frames published=26 dropped=0
[INFO] [1782727592.169832759] [failsafe_nav_foxglove_viz]: viz frames published=28 dropped=0
[INFO] [1782727597.112295170] [failsafe_nav_foxglove_viz]: viz frames published=25 dropped=0
[INFO] [1782727602.129785666] [failsafe_nav_foxglove_viz]: viz frames published=26 dropped=0
[INFO] [1782727607.129943440] [failsafe_nav_foxglove_viz]: viz frames published=32 dropped=0
[INFO] [1782727612.124181731] [failsafe_nav_foxglove_viz]: viz frames published=23 dropped=0
[INFO] [1782727617.128035601] [failsafe_nav_foxglove_viz]: viz frames published=24 dropped=0
[INFO] [1782727622.066467815] [failsafe_nav_foxglove_viz]: viz frames published=33 dropped=0
[INFO] [1782727627.124607925] [failsafe_nav_foxglove_viz]: viz frames published=28 dropped=0
[INFO] [1782727632.056899875] [failsafe_nav_foxglove_viz]: viz frames published=29 dropped=0
[INFO] [1782727637.169686554] [failsafe_nav_foxglove_viz]: viz frames published=28 dropped=0
[INFO] [1782727642.088407876] [failsafe_nav_foxglove_viz]: viz frames published=26 dropped=0
[INFO] [1782727647.062206427] [failsafe_nav_foxglove_viz]: viz frames published=33 dropped=0
[INFO] [1782727652.132776563] [failsafe_nav_foxglove_viz]: viz frames published=29 dropped=0
[INFO] [1782727657.055523830] [failsafe_nav_foxglove_viz]: viz frames published=30 dropped=0
[INFO] [1782727662.076812762] [failsafe_nav_foxglove_viz]: viz frames published=30 dropped=0
[INFO] [1782727667.185401831] [failsafe_nav_foxglove_viz]: viz frames published=29 dropped=0
[INFO] [1782727672.025102626] [failsafe_nav_foxglove_viz]: viz frames published=28 dropped=0
[INFO] [1782727677.151792645] [failsafe_nav_foxglove_viz]: viz frames published=32 dropped=0
[INFO] [1782727682.038653440] [failsafe_nav_foxglove_viz]: viz frames published=28 dropped=0
[INFO] [1782727687.116021301] [failsafe_nav_foxglove_viz]: viz frames published=34 dropped=0
[INFO] [1782727692.117306409] [failsafe_nav_foxglove_viz]: viz frames published=25 dropped=0
[INFO] [1782727697.144343699] [failsafe_nav_foxglove_viz]: viz frames published=32 dropped=0
[INFO] [1782727702.375794146] [failsafe_nav_foxglove_viz]: viz frames published=31 dropped=0
[INFO] [1782727707.064580516] [failsafe_nav_foxglove_viz]: viz frames published=32 dropped=0
[INFO] [1782727712.239552695] [failsafe_nav_foxglove_viz]: viz frames published=32 dropped=0
[INFO] [1782727717.082269359] [failsafe_nav_foxglove_viz]: viz frames published=29 dropped=0
[INFO] [1782727722.114624032] [failsafe_nav_foxglove_viz]: viz frames published=29 dropped=0
[INFO] [1782727727.288440116] [failsafe_nav_foxglove_viz]: viz frames published=27 dropped=0
[INFO] [1782727732.106199115] [failsafe_nav_foxglove_viz]: viz frames published=30 dropped=0
[INFO] [1782727737.148053184] [failsafe_nav_foxglove_viz]: viz frames published=32 dropped=0
[INFO] [1782727742.067196007] [failsafe_nav_foxglove_viz]: viz frames published=31 dropped=0
[INFO] [1782727747.133670270] [failsafe_nav_foxglove_viz]: viz frames published=34 dropped=0
[INFO] [1782727752.165387102] [failsafe_nav_foxglove_viz]: viz frames published=26 dropped=0
[INFO] [1782727757.038622546] [failsafe_nav_foxglove_viz]: viz frames published=31 dropped=0
[INFO] [1782727762.126251520] [failsafe_nav_foxglove_viz]: viz frames published=32 dropped=0
[INFO] [1782727767.162771967] [failsafe_nav_foxglove_viz]: viz frames published=35 dropped=0
[INFO] [1782727772.140766278] [failsafe_nav_foxglove_viz]: viz frames published=32 dropped=0
[INFO] [1782727777.272658379] [failsafe_nav_foxglove_viz]: viz frames published=33 dropped=0
[INFO] [1782727782.090573248] [failsafe_nav_foxglove_viz]: viz frames published=29 dropped=0
[INFO] [1782727787.072472097] [failsafe_nav_foxglove_viz]: viz frames published=31 dropped=0
[INFO] [1782727792.106267828] [failsafe_nav_foxglove_viz]: viz frames published=32 dropped=0
[INFO] [1782727797.148216267] [failsafe_nav_foxglove_viz]: viz frames published=33 dropped=0
[INFO] [1782727802.038430993] [failsafe_nav_foxglove_viz]: viz frames published=28 dropped=0
[INFO] [1782727807.084512496] [failsafe_nav_foxglove_viz]: viz frames published=32 dropped=0
[INFO] [1782727812.110703050] [failsafe_nav_foxglove_viz]: viz frames published=32 dropped=0
[INFO] [1782727817.301501148] [failsafe_nav_foxglove_viz]: viz frames published=32 dropped=0
[INFO] [1782727822.099988319] [failsafe_nav_foxglove_viz]: viz frames published=30 dropped=0
[INFO] [1782727827.108669785] [failsafe_nav_foxglove_viz]: viz frames published=33 dropped=0
[INFO] [1782727832.225808979] [failsafe_nav_foxglove_viz]: viz frames published=30 dropped=0
[INFO] [1782727837.130200048] [failsafe_nav_foxglove_viz]: viz frames published=23 dropped=0
[INFO] [1782727842.212782212] [failsafe_nav_foxglove_viz]: viz frames published=25 dropped=0
[INFO] [1782727847.069160076] [failsafe_nav_foxglove_viz]: viz frames published=23 dropped=0
[INFO] [1782727852.106331235] [failsafe_nav_foxglove_viz]: viz frames published=32 dropped=0
[INFO] [1782727857.347638346] [failsafe_nav_foxglove_viz]: viz frames published=27 dropped=0
[INFO] [1782727862.067530824] [failsafe_nav_foxglove_viz]: viz frames published=21 dropped=0
[INFO] [1782727867.230648368] [failsafe_nav_foxglove_viz]: viz frames published=27 dropped=0
[INFO] [1782727872.236134529] [failsafe_nav_foxglove_viz]: viz frames published=29 dropped=0
[INFO] [1782727877.102808903] [failsafe_nav_foxglove_viz]: viz frames published=25 dropped=0
[INFO] [1782727882.142901282] [failsafe_nav_foxglove_viz]: viz frames published=19 dropped=0
[INFO] [1782727887.183391802] [failsafe_nav_foxglove_viz]: viz frames published=31 dropped=0
[INFO] [1782727892.158643639] [failsafe_nav_foxglove_viz]: viz frames published=35 dropped=0
[INFO] [1782727897.169115381] [failsafe_nav_foxglove_viz]: viz frames published=31 dropped=0
[INFO] [1782727902.038846932] [failsafe_nav_foxglove_viz]: viz frames published=31 dropped=0
[INFO] [1782727907.170868250] [failsafe_nav_foxglove_viz]: viz frames published=25 dropped=0
[INFO] [1782727912.105047040] [failsafe_nav_foxglove_viz]: viz frames published=27 dropped=0
[INFO] [1782727917.178180849] [failsafe_nav_foxglove_viz]: viz frames published=31 dropped=0
[INFO] [1782727922.066904775] [failsafe_nav_foxglove_viz]: viz frames published=28 dropped=0
[INFO] [1782727927.477825734] [failsafe_nav_foxglove_viz]: viz frames published=26 dropped=0
[INFO] [1782727932.243308253] [failsafe_nav_foxglove_viz]: viz frames published=24 dropped=0
[INFO] [1782727937.030764625] [failsafe_nav_foxglove_viz]: viz frames published=28 dropped=0
[INFO] [1782727942.068988144] [failsafe_nav_foxglove_viz]: viz frames published=36 dropped=0
[INFO] [1782727947.061668949] [failsafe_nav_foxglove_viz]: viz frames published=35 dropped=0
[INFO] [1782727952.110778149] [failsafe_nav_foxglove_viz]: viz frames published=34 dropped=0
[INFO] [1782727957.223387228] [failsafe_nav_foxglove_viz]: viz frames published=35 dropped=0
[INFO] [1782727962.080863142] [failsafe_nav_foxglove_viz]: viz frames published=28 dropped=0
[INFO] [1782727967.059587516] [failsafe_nav_foxglove_viz]: viz frames published=41 dropped=0
[INFO] [1782727972.041604780] [failsafe_nav_foxglove_viz]: viz frames published=52 dropped=0
[INFO] [1782727977.044493101] [failsafe_nav_foxglove_viz]: viz frames published=42 dropped=0
[INFO] [1782727982.026819072] [failsafe_nav_foxglove_viz]: viz frames published=43 dropped=0
[INFO] [1782727987.050841928] [failsafe_nav_foxglove_viz]: viz frames published=56 dropped=0
[INFO] [1782727992.063385248] [failsafe_nav_foxglove_viz]: viz frames published=53 dropped=0
[INFO] [1782727997.029419863] [failsafe_nav_foxglove_viz]: viz frames published=53 dropped=0
[INFO] [1782728002.040385229] [failsafe_nav_foxglove_viz]: viz frames published=55 dropped=0
[INFO] [1782728007.065528875] [failsafe_nav_foxglove_viz]: viz frames published=51 dropped=0
[INFO] [1782728012.110326538] [failsafe_nav_foxglove_viz]: viz frames published=51 dropped=0
[INFO] [1782728017.073576331] [failsafe_nav_foxglove_viz]: viz frames published=53 dropped=0
[INFO] [1782728022.060652798] [failsafe_nav_foxglove_viz]: viz frames published=55 dropped=0
[INFO] [1782728027.057477556] [failsafe_nav_foxglove_viz]: viz frames published=50 dropped=0
[INFO] [1782728032.096276237] [failsafe_nav_foxglove_viz]: viz frames published=45 dropped=0
[INFO] [1782728037.085661891] [failsafe_nav_foxglove_viz]: viz frames published=48 dropped=0
[INFO] [1782728042.344637207] [failsafe_nav_foxglove_viz]: viz frames published=36 dropped=0
[INFO] [1782728047.188037092] [failsafe_nav_foxglove_viz]: viz frames published=35 dropped=0
[INFO] [1782728052.086788369] [failsafe_nav_foxglove_viz]: viz frames published=39 dropped=0
[INFO] [1782728057.051199968] [failsafe_nav_foxglove_viz]: viz frames published=53 dropped=0
[INFO] [1782728062.019389332] [failsafe_nav_foxglove_viz]: viz frames published=52 dropped=0
[INFO] [1782728067.094428247] [failsafe_nav_foxglove_viz]: viz frames published=53 dropped=0
[INFO] [1782728072.051242686] [failsafe_nav_foxglove_viz]: viz frames published=52 dropped=0
[INFO] [1782728077.268030999] [failsafe_nav_foxglove_viz]: viz frames published=51 dropped=0
[INFO] [1782728082.138281578] [failsafe_nav_foxglove_viz]: viz frames published=30 dropped=0
[INFO] [1782728087.030727711] [failsafe_nav_foxglove_viz]: viz frames published=48 dropped=0
[INFO] [1782728092.053622289] [failsafe_nav_foxglove_viz]: viz frames published=50 dropped=0
[INFO] [1782728097.105357151] [failsafe_nav_foxglove_viz]: viz frames published=39 dropped=0
[INFO] [1782728102.059654369] [failsafe_nav_foxglove_viz]: viz frames published=32 dropped=0
[INFO] [1782728107.085222013] [failsafe_nav_foxglove_viz]: viz frames published=29 dropped=0
[INFO] [1782728112.066922252] [failsafe_nav_foxglove_viz]: viz frames published=30 dropped=0
[INFO] [1782728117.150539544] [failsafe_nav_foxglove_viz]: viz frames published=35 dropped=0
[INFO] [1782728122.028113646] [failsafe_nav_foxglove_viz]: viz frames published=51 dropped=0
[INFO] [1782728127.199862964] [failsafe_nav_foxglove_viz]: viz frames published=45 dropped=0
[INFO] [1782728132.177304314] [failsafe_nav_foxglove_viz]: viz frames published=30 dropped=0
[INFO] [1782728137.097873216] [failsafe_nav_foxglove_viz]: viz frames published=31 dropped=0
[INFO] [1782728142.138590951] [failsafe_nav_foxglove_viz]: viz frames published=30 dropped=0
[INFO] [1782728147.042842450] [failsafe_nav_foxglove_viz]: viz frames published=29 dropped=0
[INFO] [1782728152.134428558] [failsafe_nav_foxglove_viz]: viz frames published=31 dropped=0
[INFO] [1782728157.036175451] [failsafe_nav_foxglove_viz]: viz frames published=37 dropped=0
[INFO] [1782728162.135117298] [failsafe_nav_foxglove_viz]: viz frames published=33 dropped=0
[INFO] [1782728167.104322063] [failsafe_nav_foxglove_viz]: viz frames published=33 dropped=0
[INFO] [1782728172.120068519] [failsafe_nav_foxglove_viz]: viz frames published=32 dropped=0
[INFO] [1782728177.068064812] [failsafe_nav_foxglove_viz]: viz frames published=30 dropped=0
Traceback (most recent call last):
  File "/root/rdk_x5_vln_robot/src/apps/failsafe_nav_foxglove_viz.py", line 596, in <module>
    main()
  File "/root/rdk_x5_vln_robot/src/apps/failsafe_nav_foxglove_viz.py", line 586, in main
    rclpy.spin(node)
  File "/opt/ros/humble/local/lib/python3.10/dist-packages/rclpy/__init__.py", line 229, in spin
    executor.spin_once()
  File "/opt/ros/humble/local/lib/python3.10/dist-packages/rclpy/executors.py", line 751, in spin_once
    self._spin_once_impl(timeout_sec)
  File "/opt/ros/humble/local/lib/python3.10/dist-packages/rclpy/executors.py", line 748, in _spin_once_impl
    raise handler.exception()
  File "/opt/ros/humble/local/lib/python3.10/dist-packages/rclpy/task.py", line 254, in __call__
    self._handler.send(None)
  File "/opt/ros/humble/local/lib/python3.10/dist-packages/rclpy/executors.py", line 447, in handler
    await call_coroutine(entity, arg)
  File "/opt/ros/humble/local/lib/python3.10/dist-packages/rclpy/executors.py", line 372, in _execute_subscription
    await await_or_execute(sub.callback, msg)
  File "/opt/ros/humble/local/lib/python3.10/dist-packages/rclpy/executors.py", line 107, in await_or_execute
    return callback(*args)
  File "/root/rdk_x5_vln_robot/src/apps/failsafe_nav_foxglove_viz.py", line 355, in compressed_image_cb
    self._on_new_frame(frame, msg.header)
  File "/root/rdk_x5_vln_robot/src/apps/failsafe_nav_foxglove_viz.py", line 364, in _on_new_frame
    self._publish_debug_image()
  File "/root/rdk_x5_vln_robot/src/apps/failsafe_nav_foxglove_viz.py", line 381, in _publish_debug_image
    self.compressed_pub.publish(out)
  File "/opt/ros/humble/local/lib/python3.10/dist-packages/rclpy/publisher.py", line 70, in publish
    self.__publisher.publish(msg)
rclpy._rclpy_pybind11.RCLError: Failed to publish: publisher's context is invalid, at ./src/rcl/publisher.c:389
