[INFO] [1782897220.406942289] [ydlidar_ros2_driver_node]: [YDLIDAR INFO] Current ROS Driver Version: 1.0.1

[YDLIDAR] SDK initializing
[YDLIDAR] SDK has been initialized
[YDLIDAR] SDK Version: 1.1.21
[YDLIDAR] Lidar successfully connected [/dev/ydlidar:230400]
[YDLIDAR] Lidar running correctly! The health status: good
[YDLIDAR] Baseplate device info
Firmware version: 1.2
Hardware version: 1
Model: unkown(YD-151)
Serial: 2026022800090821
[YDLIDAR] Current scan frequency: 10.00Hz
[YDLIDAR] Lidar init success, Elapsed time 988 ms
[YDLIDAR] Start to getting intensity flag
[YDLIDAR] Auto set intensity 1
[YDLIDAR] End to getting intensity flag
[YDLIDAR] Create thread 0xA5E218E0
[YDLIDAR] Successed to start scan mode, Elapsed time 2604 ms
[YDLIDAR] Fixed Size: 404
[YDLIDAR] Sample Rate: 4.00K
[YDLIDAR] Successed to check the lidar, Elapsed time 0 ms
[YDLIDAR] Now lidar is scanning...
[INFO] [1782897268.977170254] [rclcpp]: signal_handler(signum=15)
[INFO] [1782897269.071600561] [ydlidar_ros2_driver_node]: [YDLIDAR INFO] Now YDLIDAR is stopping .......
[YDLIDAR DEBUG] Thread [0xA5E218E0] ready to cancel[0]
[YDLIDAR DEBUG] Thread [0xA5E218E0] ready to cancel[0] time[1]
[YDLIDAR] Thread [0xA5E218E0] has been canceled
[YDLIDAR] Now lidar scanning has stopped!
