[INFO] [1782733202.869815356] [yolo_live_browser_preview]: ===== yolo_live_browser_preview =====
[INFO] [1782733202.872482589] [yolo_live_browser_preview]: image_topic=/image_raw
[INFO] [1782733202.874754194] [yolo_live_browser_preview]: det_topic=/hobot_yolo_world
[INFO] [1782733202.876937090] [yolo_live_browser_preview]: target_classes=['pen']
[INFO] [1782733202.879192028] [yolo_live_browser_preview]: min_score=0.001 raw_min_score=0.0 max_area_ratio=0.4
[INFO] [1782733202.881600509] [yolo_live_browser_preview]: require_red_verify=False min_red_ratio=0.06
[INFO] [1782733202.883889656] [yolo_live_browser_preview]: sync_max_delta_sec=0.5 show_all_boxes=True
[INFO] [1782733202.901300988] [yolo_live_browser_preview]: Open browser: http://<board_ip>:8088  (example: http://192.168.137.100:8088)
[INFO] [1782733202.924167829] [yolo_live_browser_preview]: HTTP server listening on 0.0.0.0:8088
[WARN] [1782733203.051592035] [yolo_live_browser_preview]: [MVP_REJECT] reason=waiting_multiframe_votes vote=0/6 raw=0 [none]
[WARN] [1782733204.055634875] [yolo_live_browser_preview]: [MVP_REJECT] reason=waiting_multiframe_votes vote=0/6 raw=0 [none]
[WARN] [1782733205.112444066] [yolo_live_browser_preview]: [MVP_REJECT] reason=waiting_multiframe_votes vote=0/6 raw=0 [none]
[WARN] [1782733206.214250360] [yolo_live_browser_preview]: [MVP_REJECT] reason=waiting_multiframe_votes vote=0/6 raw=0 [none]
[WARN] [1782733207.257763634] [yolo_live_browser_preview]: [MVP_REJECT] reason=waiting_multiframe_votes vote=0/6 raw=0 [none]
[WARN] [1782733208.262907455] [yolo_live_browser_preview]: [MVP_REJECT] reason=waiting_multiframe_votes vote=0/6 raw=0 [none]
[WARN] [1782733209.307226325] [yolo_live_browser_preview]: [MVP_REJECT] reason=waiting_multiframe_votes vote=0/6 raw=0 [none]
[WARN] [1782733210.405364955] [yolo_live_browser_preview]: [MVP_REJECT] reason=waiting_multiframe_votes vote=0/6 raw=0 [none]
[WARN] [1782733211.451829513] [yolo_live_browser_preview]: [MVP_REJECT] reason=waiting_multiframe_votes vote=0/6 raw=0 [none]
[WARN] [1782733212.459248662] [yolo_live_browser_preview]: [MVP_REJECT] reason=waiting_multiframe_votes vote=0/6 raw=0 [none]
[WARN] [1782733213.559515121] [yolo_live_browser_preview]: [MVP_REJECT] reason=waiting_multiframe_votes vote=0/6 raw=0 [none]
[WARN] [1782733214.708781030] [yolo_live_browser_preview]: [MVP_REJECT] reason=waiting_multiframe_votes vote=0/6 raw=0 [none]
[WARN] [1782733215.803160888] [yolo_live_browser_preview]: [MVP_REJECT] reason=waiting_multiframe_votes vote=0/6 raw=0 [none]
[WARN] [1782733216.858948887] [yolo_live_browser_preview]: [MVP_REJECT] reason=waiting_multiframe_votes vote=0/6 raw=0 [none]
[WARN] [1782733217.957723323] [yolo_live_browser_preview]: [MVP_REJECT] reason=waiting_multiframe_votes vote=0/6 raw=0 [none]
[WARN] [1782733218.965354619] [yolo_live_browser_preview]: [MVP_REJECT] reason=waiting_multiframe_votes vote=0/6 raw=0 [none]
[WARN] [1782733220.107812716] [yolo_live_browser_preview]: [MVP_REJECT] reason=waiting_multiframe_votes vote=0/6 raw=0 [none]
[WARN] [1782733221.296700469] [yolo_live_browser_preview]: [MVP_REJECT] reason=waiting_multiframe_votes vote=0/6 raw=0 [none]
[WARN] [1782733222.307928033] [yolo_live_browser_preview]: [MVP_REJECT] reason=waiting_multiframe_votes vote=0/6 raw=0 [none]
[WARN] [1782733223.325788348] [yolo_live_browser_preview]: [MVP_REJECT] reason=waiting_multiframe_votes vote=0/6 raw=0 [none]
[WARN] [1782733224.408827399] [yolo_live_browser_preview]: [MVP_REJECT] reason=waiting_multiframe_votes vote=0/6 raw=0 [none]
[WARN] [1782733225.480504504] [yolo_live_browser_preview]: [MVP_REJECT] reason=waiting_multiframe_votes vote=0/6 raw=0 [none]
[WARN] [1782733226.610100481] [yolo_live_browser_preview]: [MVP_REJECT] reason=waiting_multiframe_votes vote=0/6 raw=0 [none]
[WARN] [1782733227.655829087] [yolo_live_browser_preview]: [MVP_REJECT] reason=waiting_multiframe_votes vote=0/6 raw=0 [none]
[WARN] [1782733228.709682035] [yolo_live_browser_preview]: [MVP_REJECT] reason=waiting_multiframe_votes vote=0/6 raw=0 [none]
[WARN] [1782733229.760540194] [yolo_live_browser_preview]: [MVP_REJECT] reason=waiting_multiframe_votes vote=0/6 raw=0 [none]
[WARN] [1782733230.912486811] [yolo_live_browser_preview]: [MVP_REJECT] reason=waiting_multiframe_votes vote=0/6 raw=0 [none]
[WARN] [1782733232.010260557] [yolo_live_browser_preview]: [MVP_REJECT] reason=waiting_multiframe_votes vote=0/6 raw=0 [none]
[WARN] [1782733233.061738583] [yolo_live_browser_preview]: [MVP_REJECT] reason=waiting_multiframe_votes vote=0/6 raw=0 [none]
[WARN] [1782733234.118553388] [yolo_live_browser_preview]: [MVP_REJECT] reason=waiting_multiframe_votes vote=0/6 raw=0 [none]
[WARN] [1782733235.168059329] [yolo_live_browser_preview]: [MVP_REJECT] reason=waiting_multiframe_votes vote=0/6 raw=0 [none]
[WARN] [1782733236.205002411] [yolo_live_browser_preview]: [MVP_REJECT] reason=waiting_multiframe_votes vote=0/6 raw=0 [none]
[WARN] [1782733237.324806905] [yolo_live_browser_preview]: [MVP_REJECT] reason=waiting_multiframe_votes vote=0/6 raw=0 [none]
[WARN] [1782733238.361410540] [yolo_live_browser_preview]: [MVP_REJECT] reason=waiting_multiframe_votes vote=0/6 raw=0 [none]
[WARN] [1782733239.412524064] [yolo_live_browser_preview]: [MVP_REJECT] reason=waiting_multiframe_votes vote=0/6 raw=0 [none]
[WARN] [1782733240.457930283] [yolo_live_browser_preview]: [MVP_REJECT] reason=waiting_multiframe_votes vote=0/6 raw=0 [none]
[WARN] [1782733241.511413800] [yolo_live_browser_preview]: [MVP_REJECT] reason=waiting_multiframe_votes vote=0/6 raw=0 [none]
[WARN] [1782733242.529860463] [yolo_live_browser_preview]: [MVP_REJECT] reason=waiting_multiframe_votes vote=0/6 raw=0 [none]
[WARN] [1782733243.554608164] [yolo_live_browser_preview]: [MVP_REJECT] reason=waiting_multiframe_votes vote=0/6 raw=0 [none]
[WARN] [1782733244.558645204] [yolo_live_browser_preview]: [MVP_REJECT] reason=waiting_multiframe_votes vote=0/6 raw=0 [none]
[WARN] [1782733245.660653362] [yolo_live_browser_preview]: [MVP_REJECT] reason=waiting_multiframe_votes vote=0/6 raw=0 [none]
[WARN] [1782733246.763462260] [yolo_live_browser_preview]: [MVP_REJECT] reason=waiting_multiframe_votes vote=0/6 raw=0 [none]
[WARN] [1782733247.813265931] [yolo_live_browser_preview]: [MVP_REJECT] reason=waiting_multiframe_votes vote=0/6 raw=0 [none]
[WARN] [1782733248.858228181] [yolo_live_browser_preview]: [MVP_REJECT] reason=waiting_multiframe_votes vote=0/6 raw=0 [none]
[WARN] [1782733249.860356578] [yolo_live_browser_preview]: [MVP_REJECT] reason=waiting_multiframe_votes vote=0/6 raw=0 [none]
[WARN] [1782733250.937055032] [yolo_live_browser_preview]: [MVP_REJECT] reason=waiting_multiframe_votes vote=0/6 raw=0 [none]
[WARN] [1782733252.008062017] [yolo_live_browser_preview]: [MVP_REJECT] reason=waiting_multiframe_votes vote=0/6 raw=0 [none]
[WARN] [1782733253.063700507] [yolo_live_browser_preview]: [MVP_REJECT] reason=waiting_multiframe_votes vote=0/6 raw=0 [none]
[WARN] [1782733254.107785033] [yolo_live_browser_preview]: [MVP_REJECT] reason=waiting_multiframe_votes vote=0/6 raw=0 [none]
[WARN] [1782733255.205783372] [yolo_live_browser_preview]: [MVP_REJECT] reason=waiting_multiframe_votes vote=0/6 raw=0 [none]
[WARN] [1782733256.207790137] [yolo_live_browser_preview]: [MVP_REJECT] reason=waiting_multiframe_votes vote=0/6 raw=0 [none]
[WARN] [1782733257.251216965] [yolo_live_browser_preview]: [MVP_REJECT] reason=waiting_multiframe_votes vote=0/6 raw=0 [none]
[WARN] [1782733258.355999816] [yolo_live_browser_preview]: [MVP_REJECT] reason=waiting_multiframe_votes vote=0/6 raw=0 [none]
[WARN] [1782733259.406396463] [yolo_live_browser_preview]: [MVP_REJECT] reason=waiting_multiframe_votes vote=0/6 raw=0 [none]
[WARN] [1782733260.454644086] [yolo_live_browser_preview]: [MVP_REJECT] reason=waiting_multiframe_votes vote=0/6 raw=0 [none]
[WARN] [1782733261.461406891] [yolo_live_browser_preview]: [MVP_REJECT] reason=waiting_multiframe_votes vote=0/6 raw=0 [none]
[WARN] [1782733262.560242827] [yolo_live_browser_preview]: [MVP_REJECT] reason=waiting_multiframe_votes vote=0/6 raw=0 [none]
[WARN] [1782733263.608766720] [yolo_live_browser_preview]: [MVP_REJECT] reason=waiting_multiframe_votes vote=0/6 raw=0 [none]
[WARN] [1782733264.661657508] [yolo_live_browser_preview]: [MVP_REJECT] reason=waiting_multiframe_votes vote=0/6 raw=0 [none]
[WARN] [1782733265.711287685] [yolo_live_browser_preview]: [MVP_REJECT] reason=waiting_multiframe_votes vote=0/6 raw=0 [none]
[WARN] [1782733266.717399874] [yolo_live_browser_preview]: [MVP_REJECT] reason=waiting_multiframe_votes vote=0/6 raw=0 [none]
[WARN] [1782733267.810306974] [yolo_live_browser_preview]: [MVP_REJECT] reason=waiting_multiframe_votes vote=0/6 raw=0 [none]
[WARN] [1782733268.852310166] [yolo_live_browser_preview]: [MVP_REJECT] reason=waiting_multiframe_votes vote=0/6 raw=0 [none]
[INFO] [1782733269.089110541] [yolo_live_browser_preview]: summary: frames=514 dets=513 mvp_found=0
Failed to publish log message to rosout: publisher's context is invalid, at ./src/rcl/publisher.c:389
Traceback (most recent call last):
  File "/root/rdk_x5_vln_robot/debug_tools/yolo_live_browser_preview.py", line 525, in <module>
    if rclpy.ok():
  File "/root/rdk_x5_vln_robot/debug_tools/yolo_live_browser_preview.py", line 511, in main
    f"Open browser: http://<board_ip>:{args.port}  "
  File "/opt/ros/humble/local/lib/python3.10/dist-packages/rclpy/__init__.py", line 229, in spin
    executor.spin_once()
  File "/opt/ros/humble/local/lib/python3.10/dist-packages/rclpy/executors.py", line 751, in spin_once
    self._spin_once_impl(timeout_sec)
  File "/opt/ros/humble/local/lib/python3.10/dist-packages/rclpy/executors.py", line 740, in _spin_once_impl
    handler, entity, node = self.wait_for_ready_callbacks(timeout_sec=timeout_sec)
  File "/opt/ros/humble/local/lib/python3.10/dist-packages/rclpy/executors.py", line 723, in wait_for_ready_callbacks
    return next(self._cb_iter)
  File "/opt/ros/humble/local/lib/python3.10/dist-packages/rclpy/executors.py", line 624, in _wait_for_ready_callbacks
    raise ExternalShutdownException()
rclpy.executors.ExternalShutdownException
[INFO] [1782733336.428516901] [yolo_live_browser_preview]: ===== yolo_live_browser_preview =====
[INFO] [1782733336.430772243] [yolo_live_browser_preview]: image_topic=/image_raw
[INFO] [1782733336.432753791] [yolo_live_browser_preview]: det_topic=/hobot_yolo_world
[INFO] [1782733336.434755007] [yolo_live_browser_preview]: target_classes=['pen']
[INFO] [1782733336.436860723] [yolo_live_browser_preview]: min_score=0.001 raw_min_score=0.0 max_area_ratio=0.4
[INFO] [1782733336.438968188] [yolo_live_browser_preview]: require_red_verify=False min_red_ratio=0.06
[INFO] [1782733336.440945779] [yolo_live_browser_preview]: sync_max_delta_sec=0.5 show_all_boxes=True
[INFO] [1782733336.452699904] [yolo_live_browser_preview]: Open browser: http://<board_ip>:8088  (example: http://192.168.137.100:8088)
[INFO] [1782733336.474133230] [yolo_live_browser_preview]: HTTP server listening on 0.0.0.0:8088
[WARN] [1782733336.652147737] [yolo_live_browser_preview]: [MVP_REJECT] reason=waiting_multiframe_votes vote=0/6 raw=0 [none]
[WARN] [1782733337.706105161] [yolo_live_browser_preview]: [MVP_REJECT] reason=waiting_multiframe_votes vote=0/6 raw=0 [none]
[WARN] [1782733338.712718342] [yolo_live_browser_preview]: [MVP_REJECT] reason=waiting_multiframe_votes vote=0/6 raw=0 [none]
[WARN] [1782733339.756914577] [yolo_live_browser_preview]: [MVP_REJECT] reason=waiting_multiframe_votes vote=0/6 raw=0 [none]
[WARN] [1782733340.862398277] [yolo_live_browser_preview]: [MVP_REJECT] reason=waiting_multiframe_votes vote=0/6 raw=0 [none]
[WARN] [1782733341.961303164] [yolo_live_browser_preview]: [MVP_REJECT] reason=waiting_multiframe_votes vote=0/6 raw=0 [none]
[WARN] [1782733342.970443420] [yolo_live_browser_preview]: [MVP_REJECT] reason=waiting_multiframe_votes vote=0/6 raw=0 [none]
[WARN] [1782733344.008793447] [yolo_live_browser_preview]: [MVP_REJECT] reason=waiting_multiframe_votes vote=0/6 raw=0 [none]
[WARN] [1782733345.069956012] [yolo_live_browser_preview]: [MVP_REJECT] reason=waiting_multiframe_votes vote=0/6 raw=0 [none]
[WARN] [1782733346.099975982] [yolo_live_browser_preview]: [MVP_REJECT] reason=waiting_multiframe_votes vote=0/6 raw=0 [none]
[WARN] [1782733347.178622780] [yolo_live_browser_preview]: [MVP_REJECT] reason=waiting_multiframe_votes vote=0/6 raw=0 [none]
[WARN] [1782733348.203753290] [yolo_live_browser_preview]: [MVP_REJECT] reason=waiting_multiframe_votes vote=0/6 raw=0 [none]
[WARN] [1782733349.254929555] [yolo_live_browser_preview]: [MVP_REJECT] reason=waiting_multiframe_votes vote=0/6 raw=0 [none]
[WARN] [1782733350.310996133] [yolo_live_browser_preview]: [MVP_REJECT] reason=waiting_multiframe_votes vote=0/6 raw=0 [none]
[WARN] [1782733351.311047171] [yolo_live_browser_preview]: [MVP_REJECT] reason=waiting_multiframe_votes vote=0/6 raw=0 [none]
[WARN] [1782733352.454228777] [yolo_live_browser_preview]: [MVP_REJECT] reason=waiting_multiframe_votes vote=0/6 raw=0 [none]
[WARN] [1782733353.551933747] [yolo_live_browser_preview]: [MVP_REJECT] reason=waiting_multiframe_votes vote=0/6 raw=0 [none]
[WARN] [1782733354.654558403] [yolo_live_browser_preview]: [MVP_REJECT] reason=waiting_multiframe_votes vote=0/6 raw=0 [none]
[WARN] [1782733355.710134675] [yolo_live_browser_preview]: [MVP_REJECT] reason=waiting_multiframe_votes vote=0/6 raw=0 [none]
[WARN] [1782733356.812501548] [yolo_live_browser_preview]: [MVP_REJECT] reason=waiting_multiframe_votes vote=0/6 raw=0 [none]
[WARN] [1782733357.908039155] [yolo_live_browser_preview]: [MVP_REJECT] reason=waiting_multiframe_votes vote=0/6 raw=0 [none]
[WARN] [1782733358.960467520] [yolo_live_browser_preview]: [MVP_REJECT] reason=waiting_multiframe_votes vote=0/6 raw=0 [none]
[WARN] [1782733360.013926853] [yolo_live_browser_preview]: [MVP_REJECT] reason=waiting_multiframe_votes vote=0/6 raw=0 [none]
[WARN] [1782733361.125199601] [yolo_live_browser_preview]: [MVP_REJECT] reason=waiting_multiframe_votes vote=0/6 raw=0 [none]
[WARN] [1782733362.157471764] [yolo_live_browser_preview]: [MVP_REJECT] reason=waiting_multiframe_votes vote=0/6 raw=0 [none]
[WARN] [1782733363.159056771] [yolo_live_browser_preview]: [MVP_REJECT] reason=waiting_multiframe_votes vote=0/6 raw=0 [none]
[WARN] [1782733364.206972745] [yolo_live_browser_preview]: [MVP_REJECT] reason=waiting_multiframe_votes vote=0/6 raw=0 [none]
[WARN] [1782733365.208366397] [yolo_live_browser_preview]: [MVP_REJECT] reason=waiting_multiframe_votes vote=0/6 raw=0 [none]
[WARN] [1782733366.307623940] [yolo_live_browser_preview]: [MVP_REJECT] reason=waiting_multiframe_votes vote=0/6 raw=0 [none]
[WARN] [1782733367.359233532] [yolo_live_browser_preview]: [MVP_REJECT] reason=waiting_multiframe_votes vote=0/6 raw=0 [none]
[WARN] [1782733368.463677726] [yolo_live_browser_preview]: [MVP_REJECT] reason=waiting_multiframe_votes vote=0/6 raw=0 [none]
[WARN] [1782733369.486391679] [yolo_live_browser_preview]: [MVP_REJECT] reason=waiting_multiframe_votes vote=0/6 raw=0 [none]
[WARN] [1782733370.503487587] [yolo_live_browser_preview]: [MVP_REJECT] reason=waiting_multiframe_votes vote=0/6 raw=0 [none]
[WARN] [1782733371.532042493] [yolo_live_browser_preview]: [MVP_REJECT] reason=waiting_multiframe_votes vote=0/6 raw=1 [pen:0.0013(area=0.654,rej=area_too_large)]
[WARN] [1782733372.685211377] [yolo_live_browser_preview]: [MVP_REJECT] reason=waiting_multiframe_votes vote=0/6 raw=1 [pen:0.0013(area=0.586,rej=area_too_large)]
[WARN] [1782733373.704986113] [yolo_live_browser_preview]: [MVP_REJECT] reason=waiting_multiframe_votes vote=1/6 raw=0 [none]
[INFO] [1782733374.810991605] [yolo_live_browser_preview]: [MVP_TARGET] class=pen score=0.0015 bbox=[414, 0, 468, 427] area=0.2168 vote=3/6 reason=confirmed_by_multiframe_votes raw=1 [pen:0.0012(area=0.026,rej=bad_aspect)]
[WARN] [1782733375.832120989] [yolo_live_browser_preview]: [MVP_REJECT] reason=waiting_multiframe_votes vote=1/6 raw=1 [pen:0.0014(area=0.531,rej=area_too_large)]
[WARN] [1782733376.886432961] [yolo_live_browser_preview]: [MVP_REJECT] reason=waiting_multiframe_votes vote=0/6 raw=1 [pen:0.0012(area=0.723,rej=area_too_large)]
[WARN] [1782733377.961265948] [yolo_live_browser_preview]: [MVP_REJECT] reason=waiting_multiframe_votes vote=0/6 raw=0 [none]
[WARN] [1782733378.970504463] [yolo_live_browser_preview]: [MVP_REJECT] reason=waiting_multiframe_votes vote=0/6 raw=0 [none]
[WARN] [1782733380.055903283] [yolo_live_browser_preview]: [MVP_REJECT] reason=waiting_multiframe_votes vote=0/6 raw=0 [none]
[WARN] [1782733381.157492478] [yolo_live_browser_preview]: [MVP_REJECT] reason=waiting_multiframe_votes vote=0/6 raw=0 [none]
[WARN] [1782733382.164137146] [yolo_live_browser_preview]: [MVP_REJECT] reason=waiting_multiframe_votes vote=0/6 raw=0 [none]
[WARN] [1782733383.162661601] [yolo_live_browser_preview]: [MVP_REJECT] reason=waiting_multiframe_votes vote=0/6 raw=0 [none]
[WARN] [1782733384.163983660] [yolo_live_browser_preview]: [MVP_REJECT] reason=waiting_multiframe_votes vote=0/6 raw=0 [none]
[WARN] [1782733385.218258131] [yolo_live_browser_preview]: [MVP_REJECT] reason=waiting_multiframe_votes vote=0/6 raw=0 [none]
[WARN] [1782733386.312566570] [yolo_live_browser_preview]: [MVP_REJECT] reason=waiting_multiframe_votes vote=0/6 raw=0 [none]
[WARN] [1782733387.414373073] [yolo_live_browser_preview]: [MVP_REJECT] reason=waiting_multiframe_votes vote=0/6 raw=0 [none]
[WARN] [1782733388.511096451] [yolo_live_browser_preview]: [MVP_REJECT] reason=waiting_multiframe_votes vote=0/6 raw=0 [none]
[WARN] [1782733389.611587552] [yolo_live_browser_preview]: [MVP_REJECT] reason=waiting_multiframe_votes vote=0/6 raw=0 [none]
[WARN] [1782733390.661207565] [yolo_live_browser_preview]: [MVP_REJECT] reason=waiting_multiframe_votes vote=0/6 raw=0 [none]
[WARN] [1782733391.804658475] [yolo_live_browser_preview]: [MVP_REJECT] reason=waiting_multiframe_votes vote=0/6 raw=0 [none]
[WARN] [1782733392.861464731] [yolo_live_browser_preview]: [MVP_REJECT] reason=waiting_multiframe_votes vote=0/6 raw=0 [none]
[WARN] [1782733393.963873540] [yolo_live_browser_preview]: [MVP_REJECT] reason=waiting_multiframe_votes vote=0/6 raw=0 [none]
[WARN] [1782733395.065016105] [yolo_live_browser_preview]: [MVP_REJECT] reason=waiting_multiframe_votes vote=0/6 raw=0 [none]
[WARN] [1782733396.083158074] [yolo_live_browser_preview]: [MVP_REJECT] reason=waiting_multiframe_votes vote=0/6 raw=0 [none]
[WARN] [1782733397.137694912] [yolo_live_browser_preview]: [MVP_REJECT] reason=waiting_multiframe_votes vote=0/6 raw=0 [none]
[INFO] [1782733398.165748801] [yolo_live_browser_preview]: [MVP_TARGET] class=pen score=0.0027 bbox=[874, 37, 119, 474] area=0.0612 vote=4/6 reason=confirmed_by_multiframe_votes raw=1 [pen:0.0027(area=0.040,rej=ok)]
[WARN] [1782733399.261585566] [yolo_live_browser_preview]: [MVP_REJECT] reason=waiting_multiframe_votes vote=0/6 raw=0 [none]
[WARN] [1782733400.356676840] [yolo_live_browser_preview]: [MVP_REJECT] reason=waiting_multiframe_votes vote=0/6 raw=0 [none]
[WARN] [1782733401.431984426] [yolo_live_browser_preview]: [MVP_REJECT] reason=waiting_multiframe_votes vote=0/6 raw=0 [none]
[WARN] [1782733402.560653234] [yolo_live_browser_preview]: [MVP_REJECT] reason=waiting_multiframe_votes vote=0/6 raw=0 [none]
[WARN] [1782733403.609888009] [yolo_live_browser_preview]: [MVP_REJECT] reason=waiting_multiframe_votes vote=0/6 raw=0 [none]
[WARN] [1782733404.710488502] [yolo_live_browser_preview]: [MVP_REJECT] reason=waiting_multiframe_votes vote=0/6 raw=0 [none]
[WARN] [1782733405.712608315] [yolo_live_browser_preview]: [MVP_REJECT] reason=waiting_multiframe_votes vote=0/6 raw=0 [none]
[WARN] [1782733406.862832488] [yolo_live_browser_preview]: [MVP_REJECT] reason=waiting_multiframe_votes vote=0/6 raw=0 [none]
[WARN] [1782733407.927088045] [yolo_live_browser_preview]: [MVP_REJECT] reason=waiting_multiframe_votes vote=0/6 raw=0 [none]
[WARN] [1782733409.008215805] [yolo_live_browser_preview]: [MVP_REJECT] reason=waiting_multiframe_votes vote=0/6 raw=0 [none]
[WARN] [1782733410.061162370] [yolo_live_browser_preview]: [MVP_REJECT] reason=waiting_multiframe_votes vote=0/6 raw=0 [none]
[WARN] [1782733411.160399220] [yolo_live_browser_preview]: [MVP_REJECT] reason=waiting_multiframe_votes vote=0/6 raw=0 [none]
[WARN] [1782733412.208020429] [yolo_live_browser_preview]: [MVP_REJECT] reason=waiting_multiframe_votes vote=0/6 raw=0 [none]
[WARN] [1782733413.259028657] [yolo_live_browser_preview]: [MVP_REJECT] reason=waiting_multiframe_votes vote=0/6 raw=0 [none]
[WARN] [1782733414.359824254] [yolo_live_browser_preview]: [MVP_REJECT] reason=waiting_multiframe_votes vote=0/6 raw=0 [none]
[WARN] [1782733415.472994087] [yolo_live_browser_preview]: [MVP_REJECT] reason=waiting_multiframe_votes vote=0/6 raw=0 [none]
[WARN] [1782733416.513541217] [yolo_live_browser_preview]: [MVP_REJECT] reason=waiting_multiframe_votes vote=0/6 raw=0 [none]
[WARN] [1782733417.658631739] [yolo_live_browser_preview]: [MVP_REJECT] reason=waiting_multiframe_votes vote=0/6 raw=0 [none]
[WARN] [1782733418.714156622] [yolo_live_browser_preview]: [MVP_REJECT] reason=waiting_multiframe_votes vote=0/6 raw=0 [none]
[WARN] [1782733419.756918797] [yolo_live_browser_preview]: [MVP_REJECT] reason=waiting_multiframe_votes vote=0/6 raw=0 [none]
[WARN] [1782733420.808767373] [yolo_live_browser_preview]: [MVP_REJECT] reason=waiting_multiframe_votes vote=0/6 raw=0 [none]
[WARN] [1782733421.905369888] [yolo_live_browser_preview]: [MVP_REJECT] reason=waiting_multiframe_votes vote=0/6 raw=0 [none]
[WARN] [1782733422.909001315] [yolo_live_browser_preview]: [MVP_REJECT] reason=waiting_multiframe_votes vote=0/6 raw=0 [none]
[WARN] [1782733424.009711321] [yolo_live_browser_preview]: [MVP_REJECT] reason=waiting_multiframe_votes vote=0/6 raw=0 [none]
[WARN] [1782733425.015543325] [yolo_live_browser_preview]: [MVP_REJECT] reason=waiting_multiframe_votes vote=0/6 raw=0 [none]
[WARN] [1782733426.059254550] [yolo_live_browser_preview]: [MVP_REJECT] reason=waiting_multiframe_votes vote=0/6 raw=0 [none]
[WARN] [1782733427.113916677] [yolo_live_browser_preview]: [MVP_REJECT] reason=waiting_multiframe_votes vote=0/6 raw=0 [none]
[WARN] [1782733428.152338470] [yolo_live_browser_preview]: [MVP_REJECT] reason=waiting_multiframe_votes vote=0/6 raw=0 [none]
[WARN] [1782733429.203808709] [yolo_live_browser_preview]: [MVP_REJECT] reason=waiting_multiframe_votes vote=0/6 raw=0 [none]
[WARN] [1782733430.257955216] [yolo_live_browser_preview]: [MVP_REJECT] reason=waiting_multiframe_votes vote=0/6 raw=0 [none]
[WARN] [1782733431.361325531] [yolo_live_browser_preview]: [MVP_REJECT] reason=waiting_multiframe_votes vote=0/6 raw=0 [none]
[WARN] [1782733432.370203030] [yolo_live_browser_preview]: [MVP_REJECT] reason=waiting_multiframe_votes vote=0/6 raw=0 [none]
[WARN] [1782733433.510679406] [yolo_live_browser_preview]: [MVP_REJECT] reason=waiting_multiframe_votes vote=0/6 raw=0 [none]
[WARN] [1782733434.661465969] [yolo_live_browser_preview]: [MVP_REJECT] reason=waiting_multiframe_votes vote=0/6 raw=0 [none]
[WARN] [1782733435.758017126] [yolo_live_browser_preview]: [MVP_REJECT] reason=waiting_multiframe_votes vote=0/6 raw=0 [none]
[WARN] [1782733436.807864929] [yolo_live_browser_preview]: [MVP_REJECT] reason=waiting_multiframe_votes vote=0/6 raw=0 [none]
[WARN] [1782733437.855165747] [yolo_live_browser_preview]: [MVP_REJECT] reason=waiting_multiframe_votes vote=0/6 raw=0 [none]
[WARN] [1782733438.884404027] [yolo_live_browser_preview]: [MVP_REJECT] reason=waiting_multiframe_votes vote=0/6 raw=0 [none]
[WARN] [1782733440.006877556] [yolo_live_browser_preview]: [MVP_REJECT] reason=waiting_multiframe_votes vote=0/6 raw=0 [none]
[WARN] [1782733441.012566478] [yolo_live_browser_preview]: [MVP_REJECT] reason=waiting_multiframe_votes vote=0/6 raw=0 [none]
[WARN] [1782733442.111745937] [yolo_live_browser_preview]: [MVP_REJECT] reason=waiting_multiframe_votes vote=0/6 raw=0 [none]
[WARN] [1782733443.111909850] [yolo_live_browser_preview]: [MVP_REJECT] reason=waiting_multiframe_votes vote=0/6 raw=0 [none]
[WARN] [1782733444.161760187] [yolo_live_browser_preview]: [MVP_REJECT] reason=waiting_multiframe_votes vote=0/6 raw=0 [none]
[WARN] [1782733445.256139775] [yolo_live_browser_preview]: [MVP_REJECT] reason=waiting_multiframe_votes vote=0/6 raw=0 [none]
[WARN] [1782733446.302258394] [yolo_live_browser_preview]: [MVP_REJECT] reason=waiting_multiframe_votes vote=0/6 raw=0 [none]
[WARN] [1782733447.307813093] [yolo_live_browser_preview]: [MVP_REJECT] reason=waiting_multiframe_votes vote=0/6 raw=0 [none]
[WARN] [1782733448.357938916] [yolo_live_browser_preview]: [MVP_REJECT] reason=waiting_multiframe_votes vote=0/6 raw=0 [none]
[WARN] [1782733449.359432610] [yolo_live_browser_preview]: [MVP_REJECT] reason=waiting_multiframe_votes vote=0/6 raw=0 [none]
[WARN] [1782733450.404931510] [yolo_live_browser_preview]: [MVP_REJECT] reason=waiting_multiframe_votes vote=0/6 raw=0 [none]
[WARN] [1782733451.407368243] [yolo_live_browser_preview]: [MVP_REJECT] reason=waiting_multiframe_votes vote=0/6 raw=0 [none]
[WARN] [1782733452.407300287] [yolo_live_browser_preview]: [MVP_REJECT] reason=waiting_multiframe_votes vote=0/6 raw=0 [none]
[WARN] [1782733453.408128893] [yolo_live_browser_preview]: [MVP_REJECT] reason=waiting_multiframe_votes vote=0/6 raw=0 [none]
[WARN] [1782733454.514515891] [yolo_live_browser_preview]: [MVP_REJECT] reason=waiting_multiframe_votes vote=0/6 raw=0 [none]
[WARN] [1782733455.554889382] [yolo_live_browser_preview]: [MVP_REJECT] reason=waiting_multiframe_votes vote=0/6 raw=0 [none]
[WARN] [1782733456.611080481] [yolo_live_browser_preview]: [MVP_REJECT] reason=waiting_multiframe_votes vote=0/6 raw=0 [none]
[WARN] [1782733457.655445928] [yolo_live_browser_preview]: [MVP_REJECT] reason=waiting_multiframe_votes vote=0/6 raw=0 [none]
[WARN] [1782733458.708646354] [yolo_live_browser_preview]: [MVP_REJECT] reason=waiting_multiframe_votes vote=0/6 raw=0 [none]
[WARN] [1782733459.763371799] [yolo_live_browser_preview]: [MVP_REJECT] reason=waiting_multiframe_votes vote=0/6 raw=0 [none]
[WARN] [1782733460.910074743] [yolo_live_browser_preview]: [MVP_REJECT] reason=waiting_multiframe_votes vote=0/6 raw=0 [none]
[WARN] [1782733461.958478181] [yolo_live_browser_preview]: [MVP_REJECT] reason=waiting_multiframe_votes vote=0/6 raw=0 [none]
[WARN] [1782733462.960645086] [yolo_live_browser_preview]: [MVP_REJECT] reason=waiting_multiframe_votes vote=0/6 raw=0 [none]
[WARN] [1782733464.008427563] [yolo_live_browser_preview]: [MVP_REJECT] reason=waiting_multiframe_votes vote=0/6 raw=0 [none]
[WARN] [1782733465.059700892] [yolo_live_browser_preview]: [MVP_REJECT] reason=waiting_multiframe_votes vote=0/6 raw=0 [none]
[WARN] [1782733466.232120420] [yolo_live_browser_preview]: [MVP_REJECT] reason=waiting_multiframe_votes vote=0/6 raw=0 [none]
[WARN] [1782733467.304707953] [yolo_live_browser_preview]: [MVP_REJECT] reason=waiting_multiframe_votes vote=0/6 raw=0 [none]
[WARN] [1782733468.384313422] [yolo_live_browser_preview]: [MVP_REJECT] reason=waiting_multiframe_votes vote=0/6 raw=0 [none]
[WARN] [1782733469.511412746] [yolo_live_browser_preview]: [MVP_REJECT] reason=waiting_multiframe_votes vote=0/6 raw=0 [none]
[WARN] [1782733470.611539751] [yolo_live_browser_preview]: [MVP_REJECT] reason=waiting_multiframe_votes vote=0/6 raw=0 [none]
[WARN] [1782733471.735083317] [yolo_live_browser_preview]: [MVP_REJECT] reason=waiting_multiframe_votes vote=0/6 raw=0 [none]
[WARN] [1782733472.762340733] [yolo_live_browser_preview]: [MVP_REJECT] reason=waiting_multiframe_votes vote=0/6 raw=0 [none]
[WARN] [1782733473.812111669] [yolo_live_browser_preview]: [MVP_REJECT] reason=waiting_multiframe_votes vote=0/6 raw=0 [none]
[WARN] [1782733474.860180459] [yolo_live_browser_preview]: [MVP_REJECT] reason=waiting_multiframe_votes vote=0/6 raw=0 [none]
[WARN] [1782733475.958722391] [yolo_live_browser_preview]: [MVP_REJECT] reason=waiting_multiframe_votes vote=0/6 raw=0 [none]
[WARN] [1782733477.105376834] [yolo_live_browser_preview]: [MVP_REJECT] reason=waiting_multiframe_votes vote=0/6 raw=0 [none]
[WARN] [1782733478.160162847] [yolo_live_browser_preview]: [MVP_REJECT] reason=waiting_multiframe_votes vote=0/6 raw=0 [none]
[WARN] [1782733479.316941949] [yolo_live_browser_preview]: [MVP_REJECT] reason=waiting_multiframe_votes vote=0/6 raw=0 [none]
[WARN] [1782733480.360516502] [yolo_live_browser_preview]: [MVP_REJECT] reason=waiting_multiframe_votes vote=0/6 raw=0 [none]
[WARN] [1782733481.459019857] [yolo_live_browser_preview]: [MVP_REJECT] reason=waiting_multiframe_votes vote=0/6 raw=0 [none]
[WARN] [1782733482.508815533] [yolo_live_browser_preview]: [MVP_REJECT] reason=waiting_multiframe_votes vote=0/6 raw=0 [none]
[WARN] [1782733483.615738425] [yolo_live_browser_preview]: [MVP_REJECT] reason=waiting_multiframe_votes vote=0/6 raw=0 [none]
[WARN] [1782733484.713064005] [yolo_live_browser_preview]: [MVP_REJECT] reason=waiting_multiframe_votes vote=0/6 raw=0 [none]
[WARN] [1782733485.811133270] [yolo_live_browser_preview]: [MVP_REJECT] reason=waiting_multiframe_votes vote=0/6 raw=0 [none]
[WARN] [1782733486.855147403] [yolo_live_browser_preview]: [MVP_REJECT] reason=waiting_multiframe_votes vote=0/6 raw=0 [none]
[WARN] [1782733487.870001191] [yolo_live_browser_preview]: [MVP_REJECT] reason=waiting_multiframe_votes vote=0/6 raw=0 [none]
[WARN] [1782733488.960957144] [yolo_live_browser_preview]: [MVP_REJECT] reason=waiting_multiframe_votes vote=0/6 raw=0 [none]
[WARN] [1782733490.056097697] [yolo_live_browser_preview]: [MVP_REJECT] reason=waiting_multiframe_votes vote=0/6 raw=0 [none]
[WARN] [1782733491.062214136] [yolo_live_browser_preview]: [MVP_REJECT] reason=waiting_multiframe_votes vote=0/6 raw=0 [none]
[WARN] [1782733492.158694521] [yolo_live_browser_preview]: [MVP_REJECT] reason=waiting_multiframe_votes vote=0/6 raw=0 [none]
[WARN] [1782733493.211420236] [yolo_live_browser_preview]: [MVP_REJECT] reason=waiting_multiframe_votes vote=0/6 raw=0 [none]
[WARN] [1782733494.311222410] [yolo_live_browser_preview]: [MVP_REJECT] reason=waiting_multiframe_votes vote=0/6 raw=0 [none]
[WARN] [1782733495.457057750] [yolo_live_browser_preview]: [MVP_REJECT] reason=waiting_multiframe_votes vote=0/6 raw=0 [none]
[WARN] [1782733496.461111716] [yolo_live_browser_preview]: [MVP_REJECT] reason=waiting_multiframe_votes vote=0/6 raw=0 [none]
[WARN] [1782733497.508670893] [yolo_live_browser_preview]: [MVP_REJECT] reason=waiting_multiframe_votes vote=0/6 raw=0 [none]
[WARN] [1782733498.516557694] [yolo_live_browser_preview]: [MVP_REJECT] reason=waiting_multiframe_votes vote=0/6 raw=0 [none]
[WARN] [1782733499.601839896] [yolo_live_browser_preview]: [MVP_REJECT] reason=waiting_multiframe_votes vote=0/6 raw=0 [none]
[WARN] [1782733500.612213367] [yolo_live_browser_preview]: [MVP_REJECT] reason=waiting_multiframe_votes vote=0/6 raw=0 [none]
[WARN] [1782733501.710781939] [yolo_live_browser_preview]: [MVP_REJECT] reason=waiting_multiframe_votes vote=0/6 raw=0 [none]
[WARN] [1782733502.714483542] [yolo_live_browser_preview]: [MVP_REJECT] reason=waiting_multiframe_votes vote=0/6 raw=0 [none]
[WARN] [1782733503.755786107] [yolo_live_browser_preview]: [MVP_REJECT] reason=waiting_multiframe_votes vote=0/6 raw=0 [none]
[WARN] [1782733504.760414007] [yolo_live_browser_preview]: [MVP_REJECT] reason=waiting_multiframe_votes vote=0/6 raw=0 [none]
[WARN] [1782733505.859800373] [yolo_live_browser_preview]: [MVP_REJECT] reason=waiting_multiframe_votes vote=0/6 raw=0 [none]
[WARN] [1782733506.931384069] [yolo_live_browser_preview]: [MVP_REJECT] reason=waiting_multiframe_votes vote=0/6 raw=0 [none]
[WARN] [1782733508.062976122] [yolo_live_browser_preview]: [MVP_REJECT] reason=waiting_multiframe_votes vote=0/6 raw=0 [none]
[WARN] [1782733509.114212999] [yolo_live_browser_preview]: [MVP_REJECT] reason=waiting_multiframe_votes vote=0/6 raw=0 [none]
[WARN] [1782733510.213811239] [yolo_live_browser_preview]: [MVP_REJECT] reason=waiting_multiframe_votes vote=0/6 raw=0 [none]
[WARN] [1782733511.336844109] [yolo_live_browser_preview]: [MVP_REJECT] reason=waiting_multiframe_votes vote=0/6 raw=0 [none]
[WARN] [1782733512.357136325] [yolo_live_browser_preview]: [MVP_REJECT] reason=waiting_multiframe_votes vote=0/6 raw=0 [none]
[WARN] [1782733513.357662914] [yolo_live_browser_preview]: [MVP_REJECT] reason=waiting_multiframe_votes vote=0/6 raw=0 [none]
[WARN] [1782733514.359920817] [yolo_live_browser_preview]: [MVP_REJECT] reason=waiting_multiframe_votes vote=0/6 raw=0 [none]
[WARN] [1782733515.407828835] [yolo_live_browser_preview]: [MVP_REJECT] reason=waiting_multiframe_votes vote=0/6 raw=0 [none]
[WARN] [1782733516.409991079] [yolo_live_browser_preview]: [MVP_REJECT] reason=waiting_multiframe_votes vote=0/6 raw=0 [none]
[WARN] [1782733517.436171078] [yolo_live_browser_preview]: [MVP_REJECT] reason=waiting_multiframe_votes vote=0/6 raw=0 [none]
[WARN] [1782733518.483558375] [yolo_live_browser_preview]: [MVP_REJECT] reason=waiting_multiframe_votes vote=0/6 raw=0 [none]
[WARN] [1782733519.550598513] [yolo_live_browser_preview]: [MVP_REJECT] reason=waiting_multiframe_votes vote=0/6 raw=0 [none]
[WARN] [1782733520.559166766] [yolo_live_browser_preview]: [MVP_REJECT] reason=waiting_multiframe_votes vote=0/6 raw=0 [none]
[WARN] [1782733521.660076712] [yolo_live_browser_preview]: [MVP_REJECT] reason=waiting_multiframe_votes vote=0/6 raw=0 [none]
[WARN] [1782733522.758741724] [yolo_live_browser_preview]: [MVP_REJECT] reason=waiting_multiframe_votes vote=0/6 raw=0 [none]
[WARN] [1782733523.807155096] [yolo_live_browser_preview]: [MVP_REJECT] reason=waiting_multiframe_votes vote=0/6 raw=0 [none]
[WARN] [1782733524.881228926] [yolo_live_browser_preview]: [MVP_REJECT] reason=waiting_multiframe_votes vote=0/6 raw=0 [none]
[WARN] [1782733525.912734820] [yolo_live_browser_preview]: [MVP_REJECT] reason=waiting_multiframe_votes vote=0/6 raw=0 [none]
[WARN] [1782733526.961147931] [yolo_live_browser_preview]: [MVP_REJECT] reason=waiting_multiframe_votes vote=0/6 raw=0 [none]
[WARN] [1782733528.010800355] [yolo_live_browser_preview]: [MVP_REJECT] reason=waiting_multiframe_votes vote=0/6 raw=0 [none]
[WARN] [1782733529.107863006] [yolo_live_browser_preview]: [MVP_REJECT] reason=waiting_multiframe_votes vote=0/6 raw=0 [none]
[WARN] [1782733530.161716723] [yolo_live_browser_preview]: [MVP_REJECT] reason=waiting_multiframe_votes vote=0/6 raw=0 [none]
[WARN] [1782733531.305684995] [yolo_live_browser_preview]: [MVP_REJECT] reason=waiting_multiframe_votes vote=0/6 raw=0 [none]
[WARN] [1782733532.311102936] [yolo_live_browser_preview]: [MVP_REJECT] reason=waiting_multiframe_votes vote=0/6 raw=0 [none]
[WARN] [1782733533.380819084] [yolo_live_browser_preview]: [MVP_REJECT] reason=waiting_multiframe_votes vote=0/6 raw=0 [none]
[WARN] [1782733534.404433764] [yolo_live_browser_preview]: [MVP_REJECT] reason=waiting_multiframe_votes vote=0/6 raw=0 [none]
[WARN] [1782733535.458589561] [yolo_live_browser_preview]: [MVP_REJECT] reason=waiting_multiframe_votes vote=0/6 raw=0 [none]
[WARN] [1782733536.546233594] [yolo_live_browser_preview]: [MVP_REJECT] reason=waiting_multiframe_votes vote=0/6 raw=0 [none]
[WARN] [1782733537.615605464] [yolo_live_browser_preview]: [MVP_REJECT] reason=waiting_multiframe_votes vote=0/6 raw=0 [none]
[WARN] [1782733538.706982207] [yolo_live_browser_preview]: [MVP_REJECT] reason=waiting_multiframe_votes vote=0/6 raw=0 [none]
[WARN] [1782733539.759073770] [yolo_live_browser_preview]: [MVP_REJECT] reason=waiting_multiframe_votes vote=0/6 raw=0 [none]
[WARN] [1782733540.801072286] [yolo_live_browser_preview]: [MVP_REJECT] reason=waiting_multiframe_votes vote=0/6 raw=0 [none]
[WARN] [1782733541.908437500] [yolo_live_browser_preview]: [MVP_REJECT] reason=waiting_multiframe_votes vote=0/6 raw=0 [none]
[WARN] [1782733542.912283779] [yolo_live_browser_preview]: [MVP_REJECT] reason=waiting_multiframe_votes vote=0/6 raw=0 [none]
[WARN] [1782733543.958155449] [yolo_live_browser_preview]: [MVP_REJECT] reason=waiting_multiframe_votes vote=0/6 raw=0 [none]
[WARN] [1782733544.958227952] [yolo_live_browser_preview]: [MVP_REJECT] reason=waiting_multiframe_votes vote=0/6 raw=0 [none]
[WARN] [1782733546.004031133] [yolo_live_browser_preview]: [MVP_REJECT] reason=waiting_multiframe_votes vote=0/6 raw=0 [none]
[WARN] [1782733547.110535384] [yolo_live_browser_preview]: [MVP_REJECT] reason=waiting_multiframe_votes vote=0/6 raw=0 [none]
[WARN] [1782733548.154246617] [yolo_live_browser_preview]: [MVP_REJECT] reason=waiting_multiframe_votes vote=0/6 raw=0 [none]
[WARN] [1782733549.161076924] [yolo_live_browser_preview]: [MVP_REJECT] reason=waiting_multiframe_votes vote=0/6 raw=0 [none]
[WARN] [1782733550.162453890] [yolo_live_browser_preview]: [MVP_REJECT] reason=waiting_multiframe_votes vote=0/6 raw=0 [none]
[WARN] [1782733551.164850215] [yolo_live_browser_preview]: [MVP_REJECT] reason=waiting_multiframe_votes vote=0/6 raw=0 [none]
[WARN] [1782733552.207401679] [yolo_live_browser_preview]: [MVP_REJECT] reason=waiting_multiframe_votes vote=0/6 raw=0 [none]
[WARN] [1782733553.307664381] [yolo_live_browser_preview]: [MVP_REJECT] reason=waiting_multiframe_votes vote=0/6 raw=0 [none]
[WARN] [1782733554.360836714] [yolo_live_browser_preview]: [MVP_REJECT] reason=waiting_multiframe_votes vote=0/6 raw=0 [none]
[WARN] [1782733555.459162885] [yolo_live_browser_preview]: [MVP_REJECT] reason=waiting_multiframe_votes vote=0/6 raw=0 [none]
[WARN] [1782733556.554513501] [yolo_live_browser_preview]: [MVP_REJECT] reason=waiting_multiframe_votes vote=0/6 raw=0 [none]
[WARN] [1782733557.557870233] [yolo_live_browser_preview]: [MVP_REJECT] reason=waiting_multiframe_votes vote=0/6 raw=0 [none]
[WARN] [1782733558.660571055] [yolo_live_browser_preview]: [MVP_REJECT] reason=waiting_multiframe_votes vote=0/6 raw=0 [none]
[WARN] [1782733559.712318644] [yolo_live_browser_preview]: [MVP_REJECT] reason=waiting_multiframe_votes vote=0/6 raw=0 [none]
[WARN] [1782733560.805671198] [yolo_live_browser_preview]: [MVP_REJECT] reason=waiting_multiframe_votes vote=0/6 raw=0 [none]
[WARN] [1782733561.811313532] [yolo_live_browser_preview]: [MVP_REJECT] reason=waiting_multiframe_votes vote=0/6 raw=0 [none]
[WARN] [1782733562.965736087] [yolo_live_browser_preview]: [MVP_REJECT] reason=waiting_multiframe_votes vote=0/6 raw=0 [none]
[WARN] [1782733564.131936020] [yolo_live_browser_preview]: [MVP_REJECT] reason=waiting_multiframe_votes vote=0/6 raw=0 [none]
[WARN] [1782733565.161776896] [yolo_live_browser_preview]: [MVP_REJECT] reason=waiting_multiframe_votes vote=0/6 raw=0 [none]
[WARN] [1782733566.166569754] [yolo_live_browser_preview]: [MVP_REJECT] reason=waiting_multiframe_votes vote=0/6 raw=0 [none]
[WARN] [1782733567.210570037] [yolo_live_browser_preview]: [MVP_REJECT] reason=waiting_multiframe_votes vote=0/6 raw=0 [none]
[WARN] [1782733568.266114162] [yolo_live_browser_preview]: [MVP_REJECT] reason=waiting_multiframe_votes vote=0/6 raw=0 [none]
[WARN] [1782733569.313347159] [yolo_live_browser_preview]: [MVP_REJECT] reason=waiting_multiframe_votes vote=0/6 raw=0 [none]
[WARN] [1782733570.407046984] [yolo_live_browser_preview]: [MVP_REJECT] reason=waiting_multiframe_votes vote=0/6 raw=0 [none]
[WARN] [1782733571.457068280] [yolo_live_browser_preview]: [MVP_REJECT] reason=waiting_multiframe_votes vote=0/6 raw=0 [none]
[WARN] [1782733572.467055461] [yolo_live_browser_preview]: [MVP_REJECT] reason=waiting_multiframe_votes vote=0/6 raw=0 [none]
[WARN] [1782733573.505769080] [yolo_live_browser_preview]: [MVP_REJECT] reason=waiting_multiframe_votes vote=0/6 raw=0 [none]
[WARN] [1782733574.565719441] [yolo_live_browser_preview]: [MVP_REJECT] reason=waiting_multiframe_votes vote=0/6 raw=0 [none]
[WARN] [1782733575.660645021] [yolo_live_browser_preview]: [MVP_REJECT] reason=waiting_multiframe_votes vote=0/6 raw=0 [none]
[WARN] [1782733576.761983740] [yolo_live_browser_preview]: [MVP_REJECT] reason=waiting_multiframe_votes vote=0/6 raw=0 [none]
[WARN] [1782733577.867105270] [yolo_live_browser_preview]: [MVP_REJECT] reason=waiting_multiframe_votes vote=0/6 raw=0 [none]
[WARN] [1782733578.911618097] [yolo_live_browser_preview]: [MVP_REJECT] reason=waiting_multiframe_votes vote=0/6 raw=0 [none]
[WARN] [1782733580.010267733] [yolo_live_browser_preview]: [MVP_REJECT] reason=waiting_multiframe_votes vote=0/6 raw=0 [none]
[WARN] [1782733581.106247898] [yolo_live_browser_preview]: [MVP_REJECT] reason=waiting_multiframe_votes vote=0/6 raw=0 [none]
[WARN] [1782733582.159180166] [yolo_live_browser_preview]: [MVP_REJECT] reason=waiting_multiframe_votes vote=0/6 raw=0 [none]
[WARN] [1782733583.246094275] [yolo_live_browser_preview]: [MVP_REJECT] reason=waiting_multiframe_votes vote=0/6 raw=0 [none]
[WARN] [1782733584.311389784] [yolo_live_browser_preview]: [MVP_REJECT] reason=waiting_multiframe_votes vote=0/6 raw=0 [none]
[WARN] [1782733585.409312135] [yolo_live_browser_preview]: [MVP_REJECT] reason=waiting_multiframe_votes vote=0/6 raw=0 [none]
[WARN] [1782733586.411201522] [yolo_live_browser_preview]: [MVP_REJECT] reason=waiting_multiframe_votes vote=0/6 raw=0 [none]
[WARN] [1782733587.507834221] [yolo_live_browser_preview]: [MVP_REJECT] reason=waiting_multiframe_votes vote=0/6 raw=0 [none]
[WARN] [1782733588.553190751] [yolo_live_browser_preview]: [MVP_REJECT] reason=waiting_multiframe_votes vote=0/6 raw=0 [none]
[WARN] [1782733589.563851290] [yolo_live_browser_preview]: [MVP_REJECT] reason=waiting_multiframe_votes vote=0/6 raw=0 [none]
[WARN] [1782733590.705608403] [yolo_live_browser_preview]: [MVP_REJECT] reason=waiting_multiframe_votes vote=0/6 raw=0 [none]
[WARN] [1782733591.762815035] [yolo_live_browser_preview]: [MVP_REJECT] reason=waiting_multiframe_votes vote=0/6 raw=0 [none]
[WARN] [1782733592.855905752] [yolo_live_browser_preview]: [MVP_REJECT] reason=waiting_multiframe_votes vote=0/6 raw=0 [none]
[WARN] [1782733593.910796527] [yolo_live_browser_preview]: [MVP_REJECT] reason=waiting_multiframe_votes vote=0/6 raw=0 [none]
[WARN] [1782733595.099161405] [yolo_live_browser_preview]: [MVP_REJECT] reason=waiting_multiframe_votes vote=0/6 raw=0 [none]
[WARN] [1782733596.102883584] [yolo_live_browser_preview]: [MVP_REJECT] reason=waiting_multiframe_votes vote=0/6 raw=0 [none]
[WARN] [1782733597.210302463] [yolo_live_browser_preview]: [MVP_REJECT] reason=waiting_multiframe_votes vote=0/6 raw=0 [none]
[WARN] [1782733598.308206014] [yolo_live_browser_preview]: [MVP_REJECT] reason=waiting_multiframe_votes vote=0/6 raw=0 [none]
[WARN] [1782733599.378646187] [yolo_live_browser_preview]: [MVP_REJECT] reason=waiting_multiframe_votes vote=0/6 raw=0 [none]
[WARN] [1782733600.509727601] [yolo_live_browser_preview]: [MVP_REJECT] reason=waiting_multiframe_votes vote=0/6 raw=0 [none]
[WARN] [1782733601.510875094] [yolo_live_browser_preview]: [MVP_REJECT] reason=waiting_multiframe_votes vote=0/6 raw=0 [none]
[WARN] [1782733602.549056834] [yolo_live_browser_preview]: [MVP_REJECT] reason=waiting_multiframe_votes vote=0/6 raw=0 [none]
[WARN] [1782733603.603572069] [yolo_live_browser_preview]: [MVP_REJECT] reason=waiting_multiframe_votes vote=0/6 raw=0 [none]
[WARN] [1782733604.605323274] [yolo_live_browser_preview]: [MVP_REJECT] reason=waiting_multiframe_votes vote=0/6 raw=0 [none]
[WARN] [1782733605.710480296] [yolo_live_browser_preview]: [MVP_REJECT] reason=waiting_multiframe_votes vote=0/6 raw=0 [none]
[WARN] [1782733606.753019600] [yolo_live_browser_preview]: [MVP_REJECT] reason=waiting_multiframe_votes vote=0/6 raw=0 [none]
[WARN] [1782733607.858237178] [yolo_live_browser_preview]: [MVP_REJECT] reason=waiting_multiframe_votes vote=0/6 raw=0 [none]
[WARN] [1782733608.957441213] [yolo_live_browser_preview]: [MVP_REJECT] reason=waiting_multiframe_votes vote=0/6 raw=0 [none]
[WARN] [1782733609.971825787] [yolo_live_browser_preview]: [MVP_REJECT] reason=waiting_multiframe_votes vote=0/6 raw=0 [none]
[WARN] [1782733611.059439610] [yolo_live_browser_preview]: [MVP_REJECT] reason=waiting_multiframe_votes vote=0/6 raw=0 [none]
[WARN] [1782733612.061952226] [yolo_live_browser_preview]: [MVP_REJECT] reason=waiting_multiframe_votes vote=0/6 raw=0 [none]
[WARN] [1782733613.072319356] [yolo_live_browser_preview]: [MVP_REJECT] reason=waiting_multiframe_votes vote=0/6 raw=0 [none]
[WARN] [1782733614.248945281] [yolo_live_browser_preview]: [MVP_REJECT] reason=waiting_multiframe_votes vote=0/6 raw=0 [none]
[WARN] [1782733615.260624591] [yolo_live_browser_preview]: [MVP_REJECT] reason=waiting_multiframe_votes vote=0/6 raw=0 [none]
[WARN] [1782733616.301649451] [yolo_live_browser_preview]: [MVP_REJECT] reason=waiting_multiframe_votes vote=0/6 raw=0 [none]
[WARN] [1782733617.357788973] [yolo_live_browser_preview]: [MVP_REJECT] reason=waiting_multiframe_votes vote=0/6 raw=0 [none]
[WARN] [1782733618.403383631] [yolo_live_browser_preview]: [MVP_REJECT] reason=waiting_multiframe_votes vote=0/6 raw=0 [none]
[WARN] [1782733619.423863457] [yolo_live_browser_preview]: [MVP_REJECT] reason=waiting_multiframe_votes vote=0/6 raw=0 [none]
[WARN] [1782733620.520195687] [yolo_live_browser_preview]: [MVP_REJECT] reason=waiting_multiframe_votes vote=0/6 raw=0 [none]
[WARN] [1782733621.606524800] [yolo_live_browser_preview]: [MVP_REJECT] reason=waiting_multiframe_votes vote=0/6 raw=0 [none]
[WARN] [1782733622.607406843] [yolo_live_browser_preview]: [MVP_REJECT] reason=waiting_multiframe_votes vote=0/6 raw=0 [none]
[WARN] [1782733623.707807774] [yolo_live_browser_preview]: [MVP_REJECT] reason=waiting_multiframe_votes vote=0/6 raw=0 [none]
[WARN] [1782733624.810079147] [yolo_live_browser_preview]: [MVP_REJECT] reason=waiting_multiframe_votes vote=0/6 raw=0 [none]
[WARN] [1782733625.909940637] [yolo_live_browser_preview]: [MVP_REJECT] reason=waiting_multiframe_votes vote=0/6 raw=0 [none]
[WARN] [1782733626.959716562] [yolo_live_browser_preview]: [MVP_REJECT] reason=waiting_multiframe_votes vote=0/6 raw=0 [none]
[WARN] [1782733628.014699880] [yolo_live_browser_preview]: [MVP_REJECT] reason=waiting_multiframe_votes vote=0/6 raw=0 [none]
[WARN] [1782733629.062680993] [yolo_live_browser_preview]: [MVP_REJECT] reason=waiting_multiframe_votes vote=0/6 raw=0 [none]
[WARN] [1782733630.109277723] [yolo_live_browser_preview]: [MVP_REJECT] reason=waiting_multiframe_votes vote=0/6 raw=0 [none]
[WARN] [1782733631.163098383] [yolo_live_browser_preview]: [MVP_REJECT] reason=waiting_multiframe_votes vote=0/6 raw=0 [none]
[WARN] [1782733632.254776358] [yolo_live_browser_preview]: [MVP_REJECT] reason=waiting_multiframe_votes vote=0/6 raw=0 [none]
[WARN] [1782733633.365396067] [yolo_live_browser_preview]: [MVP_REJECT] reason=waiting_multiframe_votes vote=0/6 raw=0 [none]
[WARN] [1782733634.452215279] [yolo_live_browser_preview]: [MVP_REJECT] reason=waiting_multiframe_votes vote=0/6 raw=0 [none]
[WARN] [1782733635.608993560] [yolo_live_browser_preview]: [MVP_REJECT] reason=waiting_multiframe_votes vote=0/6 raw=0 [none]
[WARN] [1782733636.613398903] [yolo_live_browser_preview]: [MVP_REJECT] reason=waiting_multiframe_votes vote=0/6 raw=0 [none]
[WARN] [1782733637.708810182] [yolo_live_browser_preview]: [MVP_REJECT] reason=waiting_multiframe_votes vote=0/6 raw=0 [none]
[WARN] [1782733638.762186675] [yolo_live_browser_preview]: [MVP_REJECT] reason=waiting_multiframe_votes vote=0/6 raw=0 [none]
[WARN] [1782733639.859133052] [yolo_live_browser_preview]: [MVP_REJECT] reason=waiting_multiframe_votes vote=0/6 raw=0 [none]
[WARN] [1782733640.962569941] [yolo_live_browser_preview]: [MVP_REJECT] reason=waiting_multiframe_votes vote=0/6 raw=0 [none]
[WARN] [1782733642.010093289] [yolo_live_browser_preview]: [MVP_REJECT] reason=waiting_multiframe_votes vote=0/6 raw=0 [none]
[WARN] [1782733643.055467505] [yolo_live_browser_preview]: [MVP_REJECT] reason=waiting_multiframe_votes vote=0/6 raw=0 [none]
[WARN] [1782733644.157289404] [yolo_live_browser_preview]: [MVP_REJECT] reason=waiting_multiframe_votes vote=0/6 raw=0 [none]
[WARN] [1782733645.161916283] [yolo_live_browser_preview]: [MVP_REJECT] reason=waiting_multiframe_votes vote=0/6 raw=0 [none]
[WARN] [1782733646.212188329] [yolo_live_browser_preview]: [MVP_REJECT] reason=waiting_multiframe_votes vote=0/6 raw=0 [none]
[WARN] [1782733647.309859078] [yolo_live_browser_preview]: [MVP_REJECT] reason=waiting_multiframe_votes vote=0/6 raw=0 [none]
[WARN] [1782733648.406370359] [yolo_live_browser_preview]: [MVP_REJECT] reason=waiting_multiframe_votes vote=0/6 raw=0 [none]
[WARN] [1782733649.457215995] [yolo_live_browser_preview]: [MVP_REJECT] reason=waiting_multiframe_votes vote=0/6 raw=0 [none]
[WARN] [1782733650.512579566] [yolo_live_browser_preview]: [MVP_REJECT] reason=waiting_multiframe_votes vote=0/6 raw=0 [none]
[WARN] [1782733651.555103910] [yolo_live_browser_preview]: [MVP_REJECT] reason=waiting_multiframe_votes vote=0/6 raw=0 [none]
[WARN] [1782733652.660274415] [yolo_live_browser_preview]: [MVP_REJECT] reason=waiting_multiframe_votes vote=0/6 raw=0 [none]
[WARN] [1782733653.709532303] [yolo_live_browser_preview]: [MVP_REJECT] reason=waiting_multiframe_votes vote=0/6 raw=0 [none]
[WARN] [1782733654.810041381] [yolo_live_browser_preview]: [MVP_REJECT] reason=waiting_multiframe_votes vote=0/6 raw=0 [none]
[WARN] [1782733655.811928077] [yolo_live_browser_preview]: [MVP_REJECT] reason=waiting_multiframe_votes vote=0/6 raw=0 [none]
[WARN] [1782733656.813905431] [yolo_live_browser_preview]: [MVP_REJECT] reason=waiting_multiframe_votes vote=0/6 raw=0 [none]
[WARN] [1782733658.002512787] [yolo_live_browser_preview]: [MVP_REJECT] reason=waiting_multiframe_votes vote=0/6 raw=0 [none]
[WARN] [1782733659.114755830] [yolo_live_browser_preview]: [MVP_REJECT] reason=waiting_multiframe_votes vote=0/6 raw=0 [none]
[WARN] [1782733660.253444041] [yolo_live_browser_preview]: [MVP_REJECT] reason=waiting_multiframe_votes vote=0/6 raw=0 [none]
[WARN] [1782733661.263189498] [yolo_live_browser_preview]: [MVP_REJECT] reason=waiting_multiframe_votes vote=0/6 raw=0 [none]
[WARN] [1782733662.311855383] [yolo_live_browser_preview]: [MVP_REJECT] reason=waiting_multiframe_votes vote=0/6 raw=0 [none]
[WARN] [1782733663.414005574] [yolo_live_browser_preview]: [MVP_REJECT] reason=waiting_multiframe_votes vote=0/6 raw=0 [none]
[WARN] [1782733664.460542611] [yolo_live_browser_preview]: [MVP_REJECT] reason=waiting_multiframe_votes vote=0/6 raw=0 [none]
[WARN] [1782733665.511232335] [yolo_live_browser_preview]: [MVP_REJECT] reason=waiting_multiframe_votes vote=0/6 raw=0 [none]
[WARN] [1782733666.610640708] [yolo_live_browser_preview]: [MVP_REJECT] reason=waiting_multiframe_votes vote=0/6 raw=0 [none]
[WARN] [1782733667.660118040] [yolo_live_browser_preview]: [MVP_REJECT] reason=waiting_multiframe_votes vote=0/6 raw=0 [none]
[WARN] [1782733668.708055323] [yolo_live_browser_preview]: [MVP_REJECT] reason=waiting_multiframe_votes vote=0/6 raw=0 [none]
[WARN] [1782733669.757282010] [yolo_live_browser_preview]: [MVP_REJECT] reason=waiting_multiframe_votes vote=0/6 raw=0 [none]
[WARN] [1782733670.803339153] [yolo_live_browser_preview]: [MVP_REJECT] reason=waiting_multiframe_votes vote=0/6 raw=0 [none]
[WARN] [1782733671.855325938] [yolo_live_browser_preview]: [MVP_REJECT] reason=waiting_multiframe_votes vote=0/6 raw=0 [none]
[WARN] [1782733672.904938468] [yolo_live_browser_preview]: [MVP_REJECT] reason=waiting_multiframe_votes vote=0/6 raw=0 [none]
[WARN] [1782733673.955284778] [yolo_live_browser_preview]: [MVP_REJECT] reason=waiting_multiframe_votes vote=0/6 raw=0 [none]
[WARN] [1782733675.005472538] [yolo_live_browser_preview]: [MVP_REJECT] reason=waiting_multiframe_votes vote=0/6 raw=0 [none]
[WARN] [1782733676.012962739] [yolo_live_browser_preview]: [MVP_REJECT] reason=waiting_multiframe_votes vote=0/6 raw=0 [none]
[WARN] [1782733677.059342322] [yolo_live_browser_preview]: [MVP_REJECT] reason=waiting_multiframe_votes vote=0/6 raw=1 [pen:0.0014(area=0.026,rej=bad_aspect)]
[WARN] [1782733678.110498299] [yolo_live_browser_preview]: [MVP_REJECT] reason=waiting_multiframe_votes vote=0/6 raw=0 [none]
[WARN] [1782733679.255891251] [yolo_live_browser_preview]: [MVP_REJECT] reason=waiting_multiframe_votes vote=0/6 raw=0 [none]
[WARN] [1782733680.331144598] [yolo_live_browser_preview]: [MVP_REJECT] reason=waiting_multiframe_votes vote=0/6 raw=0 [none]
[WARN] [1782733681.359921900] [yolo_live_browser_preview]: [MVP_REJECT] reason=waiting_multiframe_votes vote=0/6 raw=0 [none]
[WARN] [1782733682.452869552] [yolo_live_browser_preview]: [MVP_REJECT] reason=waiting_multiframe_votes vote=0/6 raw=0 [none]
[WARN] [1782733683.559032072] [yolo_live_browser_preview]: [MVP_REJECT] reason=waiting_multiframe_votes vote=0/6 raw=0 [none]
[WARN] [1782733684.560471007] [yolo_live_browser_preview]: [MVP_REJECT] reason=waiting_multiframe_votes vote=0/6 raw=0 [none]
[WARN] [1782733685.569303745] [yolo_live_browser_preview]: [MVP_REJECT] reason=waiting_multiframe_votes vote=0/6 raw=0 [none]
[WARN] [1782733686.609271759] [yolo_live_browser_preview]: [MVP_REJECT] reason=waiting_multiframe_votes vote=0/6 raw=0 [none]
[WARN] [1782733687.657104784] [yolo_live_browser_preview]: [MVP_REJECT] reason=waiting_multiframe_votes vote=0/6 raw=0 [none]
[WARN] [1782733688.660327469] [yolo_live_browser_preview]: [MVP_REJECT] reason=waiting_multiframe_votes vote=0/6 raw=0 [none]
[WARN] [1782733689.661599111] [yolo_live_browser_preview]: [MVP_REJECT] reason=waiting_multiframe_votes vote=0/6 raw=0 [none]
[WARN] [1782733690.685250470] [yolo_live_browser_preview]: [MVP_REJECT] reason=waiting_multiframe_votes vote=0/6 raw=0 [none]
[WARN] [1782733691.751123572] [yolo_live_browser_preview]: [MVP_REJECT] reason=waiting_multiframe_votes vote=0/6 raw=0 [none]
[WARN] [1782733692.853746932] [yolo_live_browser_preview]: [MVP_REJECT] reason=waiting_multiframe_votes vote=0/6 raw=0 [none]
[WARN] [1782733694.056882862] [yolo_live_browser_preview]: [MVP_REJECT] reason=waiting_multiframe_votes vote=0/6 raw=0 [none]
[INFO] [1782733694.275846093] [yolo_live_browser_preview]: summary: frames=2796 dets=2796 mvp_found=22
Failed to publish log message to rosout: publisher's context is invalid, at ./src/rcl/publisher.c:389
Traceback (most recent call last):
  File "/root/rdk_x5_vln_robot/debug_tools/yolo_live_browser_preview.py", line 530, in <module>
    main()
  File "/root/rdk_x5_vln_robot/debug_tools/yolo_live_browser_preview.py", line 516, in main
    rclpy.spin(node)
  File "/opt/ros/humble/local/lib/python3.10/dist-packages/rclpy/__init__.py", line 229, in spin
    executor.spin_once()
  File "/opt/ros/humble/local/lib/python3.10/dist-packages/rclpy/executors.py", line 751, in spin_once
    self._spin_once_impl(timeout_sec)
  File "/opt/ros/humble/local/lib/python3.10/dist-packages/rclpy/executors.py", line 740, in _spin_once_impl
    handler, entity, node = self.wait_for_ready_callbacks(timeout_sec=timeout_sec)
  File "/opt/ros/humble/local/lib/python3.10/dist-packages/rclpy/executors.py", line 723, in wait_for_ready_callbacks
    return next(self._cb_iter)
  File "/opt/ros/humble/local/lib/python3.10/dist-packages/rclpy/executors.py", line 624, in _wait_for_ready_callbacks
    raise ExternalShutdownException()
rclpy.executors.ExternalShutdownException
