[INFO] [launch]: All log files can be found below /root/.ros/log/2026-06-09-22-59-03-236734-ubuntu-66371
[INFO] [launch]: Default logging verbosity is set to INFO
config_file_path is  /opt/tros/humble/lib/hobot_usb_cam/config/usb_camera_calibration.yaml
Hobot shm pkg enables zero-copy with fastrtps profiles file: /opt/tros/humble/lib/hobot_shm/config/shm_fastdds.xml
Hobot shm pkg sets RMW_FASTRTPS_USE_QOS_FROM_XML: 1
config_file_path is  /opt/tros/humble/lib/hobot_usb_cam/config/usb_camera_calibration.yaml
env of RMW_FASTRTPS_USE_QOS_FROM_XML is  1 , ignore env setting
env of RMW_FASTRTPS_USE_QOS_FROM_XML is  1 , ignore env setting
[INFO] [hobot_usb_cam-1]: process started with pid [66374]
[hobot_usb_cam-1] [WARN] [1781017143.694239570] [hobot_usb_cam]: framerate: 60
[hobot_usb_cam-1] [WARN] [1781017143.694786446] [hobot_usb_cam]: pixel_format_name: mjpeg
[hobot_usb_cam-1] [WARN] [1781017143.818854458] [hobot_usb_cam]: This devices supproted formats:
[hobot_usb_cam-1] [WARN] [1781017143.819226917] [hobot_usb_cam]: 	Motion-JPEG: 1920 x 1080 (30 Hz)
[hobot_usb_cam-1] [WARN] [1781017143.819327542] [hobot_usb_cam]: 	Motion-JPEG: 1280 x 720 (60 Hz)
[hobot_usb_cam-1] [WARN] [1781017143.819386167] [hobot_usb_cam]: 	Motion-JPEG: 1280 x 1024 (30 Hz)
[hobot_usb_cam-1] [WARN] [1781017143.819438334] [hobot_usb_cam]: 	Motion-JPEG: 640 x 480 (120 Hz)
[hobot_usb_cam-1] [WARN] [1781017143.819486501] [hobot_usb_cam]: 	Motion-JPEG: 800 x 600 (60 Hz)
[hobot_usb_cam-1] [WARN] [1781017143.819533501] [hobot_usb_cam]: 	Motion-JPEG: 1024 x 768 (30 Hz)
[hobot_usb_cam-1] [WARN] [1781017143.819579084] [hobot_usb_cam]: 	Motion-JPEG: 320 x 240 (120 Hz)
[hobot_usb_cam-1] [WARN] [1781017143.819623835] [hobot_usb_cam]: 	YUYV 4:2:2: 1920 x 1080 (6 Hz)
[hobot_usb_cam-1] [WARN] [1781017143.819669418] [hobot_usb_cam]: 	YUYV 4:2:2: 640 x 480 (30 Hz)
[hobot_usb_cam-1] [WARN] [1781017143.819715543] [hobot_usb_cam]: 	YUYV 4:2:2: 320 x 240 (30 Hz)
[hobot_usb_cam-1] [WARN] [1781017143.819760960] [hobot_usb_cam]: 	YUYV 4:2:2: 800 x 600 (20 Hz)
[hobot_usb_cam-1] [WARN] [1781017143.819805960] [hobot_usb_cam]: 	YUYV 4:2:2: 1280 x 720 (9 Hz)
[hobot_usb_cam-1] [WARN] [1781017143.819851835] [hobot_usb_cam]: 	YUYV 4:2:2: 1024 x 768 (6 Hz)
[hobot_usb_cam-1] [WARN] [1781017143.819897127] [hobot_usb_cam]: 	YUYV 4:2:2: 1280 x 1024 (6 Hz)
