[INFO] [1781017148.618198725] [compressed_to_raw_image]: compressed_to_raw_image started
[INFO] [1781017148.620522980] [compressed_to_raw_image]: subscribe: /image  type=sensor_msgs/msg/CompressedImage
[INFO] [1781017148.622485693] [compressed_to_raw_image]: publish  : /image_raw type=sensor_msgs/msg/Image
[INFO] [1781017150.521733225] [compressed_to_raw_image]: published /image_raw: 1280x720, approx_fps=28.21
[INFO] [1781017152.548250520] [compressed_to_raw_image]: published /image_raw: 1280x720, approx_fps=30.10
[INFO] [1781017154.572994515] [compressed_to_raw_image]: published /image_raw: 1280x720, approx_fps=30.13
[INFO] [1781017156.573269122] [compressed_to_raw_image]: published /image_raw: 1280x720, approx_fps=30.00
[INFO] [1781017158.600358905] [compressed_to_raw_image]: published /image_raw: 1280x720, approx_fps=30.09
[INFO] [1781017160.620535503] [compressed_to_raw_image]: published /image_raw: 1280x720, approx_fps=30.20
[INFO] [1781017162.642400434] [compressed_to_raw_image]: published /image_raw: 1280x720, approx_fps=30.17
[INFO] [1781017164.663351233] [compressed_to_raw_image]: published /image_raw: 1280x720, approx_fps=28.21
[INFO] [1781017166.666111948] [compressed_to_raw_image]: published /image_raw: 1280x720, approx_fps=27.46
[INFO] [1781017168.685223901] [compressed_to_raw_image]: published /image_raw: 1280x720, approx_fps=27.24
[INFO] [1781017170.710705572] [compressed_to_raw_image]: published /image_raw: 1280x720, approx_fps=32.57
[INFO] [1781017172.737266574] [compressed_to_raw_image]: published /image_raw: 1280x720, approx_fps=36.04
[INFO] [1781017174.742272360] [compressed_to_raw_image]: published /image_raw: 1280x720, approx_fps=34.90
[INFO] [1781017176.756288869] [compressed_to_raw_image]: published /image_raw: 1280x720, approx_fps=36.24
[INFO] [1781017178.769714539] [compressed_to_raw_image]: published /image_raw: 1280x720, approx_fps=36.26
[INFO] [1781017180.790537554] [compressed_to_raw_image]: published /image_raw: 1280x720, approx_fps=35.13
[INFO] [1781017182.797408869] [compressed_to_raw_image]: published /image_raw: 1280x720, approx_fps=35.87
[INFO] [1781017184.822948843] [compressed_to_raw_image]: published /image_raw: 1280x720, approx_fps=36.54
[INFO] [1781017186.846009682] [compressed_to_raw_image]: published /image_raw: 1280x720, approx_fps=37.07
[INFO] [1781017188.870373437] [compressed_to_raw_image]: published /image_raw: 1280x720, approx_fps=37.05
[INFO] [1781017190.888320007] [compressed_to_raw_image]: published /image_raw: 1280x720, approx_fps=37.17
[INFO] [1781017192.905217113] [compressed_to_raw_image]: published /image_raw: 1280x720, approx_fps=37.19
[INFO] [1781017194.926075515] [compressed_to_raw_image]: published /image_raw: 1280x720, approx_fps=37.12
[INFO] [1781017196.940235690] [compressed_to_raw_image]: published /image_raw: 1280x720, approx_fps=36.73
[INFO] [1781017198.954532861] [compressed_to_raw_image]: published /image_raw: 1280x720, approx_fps=36.74
[INFO] [1781017200.962035722] [compressed_to_raw_image]: published /image_raw: 1280x720, approx_fps=36.87
[INFO] [1781017202.967567742] [compressed_to_raw_image]: published /image_raw: 1280x720, approx_fps=36.40
[INFO] [1781017204.981759066] [compressed_to_raw_image]: published /image_raw: 1280x720, approx_fps=36.74
[INFO] [1781017206.999764103] [compressed_to_raw_image]: published /image_raw: 1280x720, approx_fps=36.67
[INFO] [1781017209.000224350] [compressed_to_raw_image]: published /image_raw: 1280x720, approx_fps=37.00
[INFO] [1781017211.027752481] [compressed_to_raw_image]: published /image_raw: 1280x720, approx_fps=36.50
[INFO] [1781017213.055067816] [compressed_to_raw_image]: published /image_raw: 1280x720, approx_fps=34.04
[INFO] [1781017215.078210679] [compressed_to_raw_image]: published /image_raw: 1280x720, approx_fps=33.61
[INFO] [1781017217.087588261] [compressed_to_raw_image]: published /image_raw: 1280x720, approx_fps=34.34
[INFO] [1781017219.105162147] [compressed_to_raw_image]: published /image_raw: 1280x720, approx_fps=35.69
[INFO] [1781017221.105756952] [compressed_to_raw_image]: published /image_raw: 1280x720, approx_fps=36.48
[INFO] [1781017223.125853876] [compressed_to_raw_image]: published /image_raw: 1280x720, approx_fps=35.14
[INFO] [1781017225.152576934] [compressed_to_raw_image]: published /image_raw: 1280x720, approx_fps=36.53
[INFO] [1781017227.156437484] [compressed_to_raw_image]: published /image_raw: 1280x720, approx_fps=36.91
[INFO] [1781017229.166124041] [compressed_to_raw_image]: published /image_raw: 1280x720, approx_fps=36.82
[INFO] [1781017231.172557087] [compressed_to_raw_image]: published /image_raw: 1280x720, approx_fps=36.88
[INFO] [1781017233.199258962] [compressed_to_raw_image]: published /image_raw: 1280x720, approx_fps=36.53
[INFO] [1781017235.210013217] [compressed_to_raw_image]: published /image_raw: 1280x720, approx_fps=35.80
[INFO] [1781017237.224988268] [compressed_to_raw_image]: published /image_raw: 1280x720, approx_fps=36.73
[INFO] [1781017239.231892424] [compressed_to_raw_image]: published /image_raw: 1280x720, approx_fps=36.87
[INFO] [1781017241.244004295] [compressed_to_raw_image]: published /image_raw: 1280x720, approx_fps=36.78
[INFO] [1781017243.268843145] [compressed_to_raw_image]: published /image_raw: 1280x720, approx_fps=36.55
[INFO] [1781017245.281197299] [compressed_to_raw_image]: published /image_raw: 1280x720, approx_fps=36.77
[INFO] [1781017247.294708244] [compressed_to_raw_image]: published /image_raw: 1280x720, approx_fps=36.77
[INFO] [1781017249.301263420] [compressed_to_raw_image]: published /image_raw: 1280x720, approx_fps=36.36
[INFO] [1781017251.307321341] [compressed_to_raw_image]: published /image_raw: 1280x720, approx_fps=36.89
[INFO] [1781017253.308330956] [compressed_to_raw_image]: published /image_raw: 1280x720, approx_fps=36.99
[INFO] [1781017255.307927606] [compressed_to_raw_image]: published /image_raw: 1280x720, approx_fps=37.00
[INFO] [1781017257.333545887] [compressed_to_raw_image]: published /image_raw: 1280x720, approx_fps=37.03
[INFO] [1781017259.333781572] [compressed_to_raw_image]: published /image_raw: 1280x720, approx_fps=36.99
Traceback (most recent call last):
  File "/root/rdk_x5_vln_robot/src/perception/compressed_to_raw_image.py", line 98, in <module>
    main()
  File "/root/rdk_x5_vln_robot/src/perception/compressed_to_raw_image.py", line 94, in main
    rclpy.shutdown()
  File "/opt/ros/humble/local/lib/python3.10/dist-packages/rclpy/__init__.py", line 130, in shutdown
    _shutdown(context=context)
  File "/opt/ros/humble/local/lib/python3.10/dist-packages/rclpy/utilities.py", line 58, in shutdown
    return context.shutdown()
  File "/opt/ros/humble/local/lib/python3.10/dist-packages/rclpy/context.py", line 102, in shutdown
    self.__context.shutdown()
rclpy._rclpy_pybind11.RCLError: failed to shutdown: rcl_shutdown already called on the given context, at ./src/rcl/init.c:241
