[INFO] [1781269511.525205091] [compressed_to_raw_image]: compressed_to_raw_image started
[INFO] [1781269511.527613925] [compressed_to_raw_image]: subscribe: /image  type=sensor_msgs/msg/CompressedImage
[INFO] [1781269511.529703258] [compressed_to_raw_image]: publish  : /image_raw type=sensor_msgs/msg/Image
[INFO] [1781269705.519282143] [compressed_to_raw_image]: published /image_raw: 1280x720, approx_fps=0.01
[INFO] [1781269707.538323425] [compressed_to_raw_image]: published /image_raw: 1280x720, approx_fps=20.83
[INFO] [1781269709.573740409] [compressed_to_raw_image]: published /image_raw: 1280x720, approx_fps=20.15
[INFO] [1781269711.621810054] [compressed_to_raw_image]: published /image_raw: 1280x720, approx_fps=20.01
[INFO] [1781269713.656977988] [compressed_to_raw_image]: published /image_raw: 1280x720, approx_fps=19.65
[INFO] [1781269715.675613295] [compressed_to_raw_image]: published /image_raw: 1280x720, approx_fps=20.32
[INFO] [1781269717.722381095] [compressed_to_raw_image]: published /image_raw: 1280x720, approx_fps=20.03
[INFO] [1781269719.770602308] [compressed_to_raw_image]: published /image_raw: 1280x720, approx_fps=20.01
[INFO] [1781269721.841143138] [compressed_to_raw_image]: published /image_raw: 1280x720, approx_fps=19.98
[INFO] [1781269723.829764975] [compressed_to_raw_image]: published /image_raw: 1280x720, approx_fps=19.92
[INFO] [1781269725.871677051] [compressed_to_raw_image]: published /image_raw: 1280x720, approx_fps=20.08
[INFO] [1781269727.874201628] [compressed_to_raw_image]: published /image_raw: 1280x720, approx_fps=19.97
[INFO] [1781269729.919482654] [compressed_to_raw_image]: published /image_raw: 1280x720, approx_fps=20.06
[INFO] [1781269731.921603765] [compressed_to_raw_image]: published /image_raw: 1280x720, approx_fps=19.98
[INFO] [1781269733.933324497] [compressed_to_raw_image]: published /image_raw: 1280x720, approx_fps=19.98
[INFO] [1781269735.972061345] [compressed_to_raw_image]: published /image_raw: 1280x720, approx_fps=20.01
[INFO] [1781269738.021722605] [compressed_to_raw_image]: published /image_raw: 1280x720, approx_fps=20.00
[INFO] [1781269740.070403445] [compressed_to_raw_image]: published /image_raw: 1280x720, approx_fps=20.01
[INFO] [1781269742.072258995] [compressed_to_raw_image]: published /image_raw: 1280x720, approx_fps=19.99
[INFO] [1781269744.071975751] [compressed_to_raw_image]: published /image_raw: 1280x720, approx_fps=20.00
[INFO] [1781269746.071705378] [compressed_to_raw_image]: published /image_raw: 1280x720, approx_fps=20.00
[INFO] [1781269748.071687251] [compressed_to_raw_image]: published /image_raw: 1280x720, approx_fps=20.00
[INFO] [1781269750.120192113] [compressed_to_raw_image]: published /image_raw: 1280x720, approx_fps=20.01
[INFO] [1781269752.169928763] [compressed_to_raw_image]: published /image_raw: 1280x720, approx_fps=20.01
[INFO] [1781269754.187759748] [compressed_to_raw_image]: published /image_raw: 1280x720, approx_fps=19.83
[INFO] [1781269756.220939976] [compressed_to_raw_image]: published /image_raw: 1280x720, approx_fps=20.16
[INFO] [1781269758.271904740] [compressed_to_raw_image]: published /image_raw: 1280x720, approx_fps=20.00
[INFO] [1781269760.274175299] [compressed_to_raw_image]: published /image_raw: 1280x720, approx_fps=19.97
[INFO] [1781269762.337752886] [compressed_to_raw_image]: published /image_raw: 1280x720, approx_fps=19.87
[INFO] [1781269764.370593975] [compressed_to_raw_image]: published /image_raw: 1280x720, approx_fps=20.17
[INFO] [1781269766.377269273] [compressed_to_raw_image]: published /image_raw: 1280x720, approx_fps=19.92
[INFO] [1781269768.429058184] [compressed_to_raw_image]: published /image_raw: 1280x720, approx_fps=19.98
[INFO] [1781269770.429976809] [compressed_to_raw_image]: published /image_raw: 1280x720, approx_fps=19.99
[INFO] [1781269772.471006965] [compressed_to_raw_image]: published /image_raw: 1280x720, approx_fps=20.09
[INFO] [1781269774.474598541] [compressed_to_raw_image]: published /image_raw: 1280x720, approx_fps=19.98
[INFO] [1781269776.522599147] [compressed_to_raw_image]: published /image_raw: 1280x720, approx_fps=20.01
[INFO] [1781269778.587082914] [compressed_to_raw_image]: published /image_raw: 1280x720, approx_fps=19.85
[INFO] [1781269780.621222473] [compressed_to_raw_image]: published /image_raw: 1280x720, approx_fps=20.17
[INFO] [1781269782.621962702] [compressed_to_raw_image]: published /image_raw: 1280x720, approx_fps=19.99
[INFO] [1781269784.669808127] [compressed_to_raw_image]: published /image_raw: 1280x720, approx_fps=20.02
[INFO] [1781269786.672655474] [compressed_to_raw_image]: published /image_raw: 1280x720, approx_fps=19.97
[INFO] [1781269788.673854776] [compressed_to_raw_image]: published /image_raw: 1280x720, approx_fps=19.99
[INFO] [1781269790.721274857] [compressed_to_raw_image]: published /image_raw: 1280x720, approx_fps=20.01
[INFO] [1781269792.769527310] [compressed_to_raw_image]: published /image_raw: 1280x720, approx_fps=20.02
[INFO] [1781269794.773979143] [compressed_to_raw_image]: published /image_raw: 1280x720, approx_fps=19.99
[INFO] [1781269796.819965089] [compressed_to_raw_image]: published /image_raw: 1280x720, approx_fps=20.01
[INFO] [1781269798.822467748] [compressed_to_raw_image]: published /image_raw: 1280x720, approx_fps=19.97
[INFO] [1781269800.823897780] [compressed_to_raw_image]: published /image_raw: 1280x720, approx_fps=19.99
[INFO] [1781269802.828087183] [compressed_to_raw_image]: published /image_raw: 1280x720, approx_fps=19.95
[INFO] [1781269804.874448324] [compressed_to_raw_image]: published /image_raw: 1280x720, approx_fps=20.05
[INFO] [1781269806.922307211] [compressed_to_raw_image]: published /image_raw: 1280x720, approx_fps=20.02
[INFO] [1781269808.928645228] [compressed_to_raw_image]: published /image_raw: 1280x720, approx_fps=19.94
[INFO] [1781269810.968864777] [compressed_to_raw_image]: published /image_raw: 1280x720, approx_fps=20.08
[INFO] [1781269812.970778914] [compressed_to_raw_image]: published /image_raw: 1280x720, approx_fps=19.99
[INFO] [1781269815.020684204] [compressed_to_raw_image]: published /image_raw: 1280x720, approx_fps=20.00
[INFO] [1781269817.025052833] [compressed_to_raw_image]: published /image_raw: 1280x720, approx_fps=19.97
[INFO] [1781269819.073197451] [compressed_to_raw_image]: published /image_raw: 1280x720, approx_fps=20.01
[INFO] [1781269821.122367648] [compressed_to_raw_image]: published /image_raw: 1280x720, approx_fps=20.00
[INFO] [1781269823.170570258] [compressed_to_raw_image]: published /image_raw: 1280x720, approx_fps=20.02
[INFO] [1781269825.171041792] [compressed_to_raw_image]: published /image_raw: 1280x720, approx_fps=19.99
[INFO] [1781269827.187744570] [compressed_to_raw_image]: published /image_raw: 1280x720, approx_fps=19.84
[INFO] [1781269829.222818507] [compressed_to_raw_image]: published /image_raw: 1280x720, approx_fps=20.16
[INFO] [1781269831.229826572] [compressed_to_raw_image]: published /image_raw: 1280x720, approx_fps=19.92
[INFO] [1781269833.273313126] [compressed_to_raw_image]: published /image_raw: 1280x720, approx_fps=20.09
[INFO] [1781269835.318100093] [compressed_to_raw_image]: published /image_raw: 1280x720, approx_fps=20.02
[INFO] [1781269837.373420971] [compressed_to_raw_image]: published /image_raw: 1280x720, approx_fps=19.97
[INFO] [1781269839.373052275] [compressed_to_raw_image]: published /image_raw: 1280x720, approx_fps=19.99
[INFO] [1781269841.418864899] [compressed_to_raw_image]: published /image_raw: 1280x720, approx_fps=20.03
[INFO] [1781269843.419951488] [compressed_to_raw_image]: published /image_raw: 1280x720, approx_fps=19.99
[INFO] [1781269845.467984938] [compressed_to_raw_image]: published /image_raw: 1280x720, approx_fps=20.02
[INFO] [1781269847.471210229] [compressed_to_raw_image]: published /image_raw: 1280x720, approx_fps=19.98
[INFO] [1781269849.470456768] [compressed_to_raw_image]: published /image_raw: 1280x720, approx_fps=20.00
[INFO] [1781269851.518449168] [compressed_to_raw_image]: published /image_raw: 1280x720, approx_fps=20.01
[INFO] [1781269853.519827867] [compressed_to_raw_image]: published /image_raw: 1280x720, approx_fps=19.99
[INFO] [1781269855.570426426] [compressed_to_raw_image]: published /image_raw: 1280x720, approx_fps=20.00
[INFO] [1781269857.618646858] [compressed_to_raw_image]: published /image_raw: 1280x720, approx_fps=20.02
[INFO] [1781269859.637841460] [compressed_to_raw_image]: published /image_raw: 1280x720, approx_fps=19.82
[INFO] [1781269861.669001223] [compressed_to_raw_image]: published /image_raw: 1280x720, approx_fps=20.18
[INFO] [1781269863.719668187] [compressed_to_raw_image]: published /image_raw: 1280x720, approx_fps=20.00
[INFO] [1781269865.718852619] [compressed_to_raw_image]: published /image_raw: 1280x720, approx_fps=20.00
[INFO] [1781269867.773111950] [compressed_to_raw_image]: published /image_raw: 1280x720, approx_fps=19.98
[INFO] [1781269869.820159656] [compressed_to_raw_image]: published /image_raw: 1280x720, approx_fps=20.02
[INFO] [1781269871.820113329] [compressed_to_raw_image]: published /image_raw: 1280x720, approx_fps=20.00
[INFO] [1781269873.821198706] [compressed_to_raw_image]: published /image_raw: 1280x720, approx_fps=19.99
[INFO] [1781269875.868232445] [compressed_to_raw_image]: published /image_raw: 1280x720, approx_fps=20.03
[INFO] [1781269877.869181609] [compressed_to_raw_image]: published /image_raw: 1280x720, approx_fps=19.98
[INFO] [1781269879.889190098] [compressed_to_raw_image]: published /image_raw: 1280x720, approx_fps=19.82
[INFO] [1781269881.921984081] [compressed_to_raw_image]: published /image_raw: 1280x720, approx_fps=20.17
[INFO] [1781269883.971021599] [compressed_to_raw_image]: published /image_raw: 1280x720, approx_fps=20.00
[INFO] [1781269886.019477198] [compressed_to_raw_image]: published /image_raw: 1280x720, approx_fps=20.02
[INFO] [1781269888.077031249] [compressed_to_raw_image]: published /image_raw: 1280x720, approx_fps=19.92
[INFO] [1781269890.121554926] [compressed_to_raw_image]: published /image_raw: 1280x720, approx_fps=20.05
[INFO] [1781269892.167542100] [compressed_to_raw_image]: published /image_raw: 1280x720, approx_fps=20.05
[INFO] [1781269894.169177490] [compressed_to_raw_image]: published /image_raw: 1280x720, approx_fps=19.99
[INFO] [1781269896.169595795] [compressed_to_raw_image]: published /image_raw: 1280x720, approx_fps=19.99
[INFO] [1781269898.221379126] [compressed_to_raw_image]: published /image_raw: 1280x720, approx_fps=19.99
[INFO] [1781269900.271916495] [compressed_to_raw_image]: published /image_raw: 1280x720, approx_fps=20.00
[INFO] [1781269902.320721529] [compressed_to_raw_image]: published /image_raw: 1280x720, approx_fps=20.02
[INFO] [1781269904.320241740] [compressed_to_raw_image]: published /image_raw: 1280x720, approx_fps=19.99
[INFO] [1781269906.370939226] [compressed_to_raw_image]: published /image_raw: 1280x720, approx_fps=19.99
[INFO] [1781269908.420116834] [compressed_to_raw_image]: published /image_raw: 1280x720, approx_fps=20.01
[INFO] [1781269910.421956620] [compressed_to_raw_image]: published /image_raw: 1280x720, approx_fps=19.98
[INFO] [1781269912.469357057] [compressed_to_raw_image]: published /image_raw: 1280x720, approx_fps=20.03
[INFO] [1781269914.472373462] [compressed_to_raw_image]: published /image_raw: 1280x720, approx_fps=19.99
[INFO] [1781269916.473567156] [compressed_to_raw_image]: published /image_raw: 1280x720, approx_fps=19.97
[INFO] [1781269918.523191376] [compressed_to_raw_image]: published /image_raw: 1280x720, approx_fps=20.00
[INFO] [1781269920.569042219] [compressed_to_raw_image]: published /image_raw: 1280x720, approx_fps=20.03
[INFO] [1781269922.644526342] [compressed_to_raw_image]: published /image_raw: 1280x720, approx_fps=19.75
[INFO] [1781269924.671169811] [compressed_to_raw_image]: published /image_raw: 1280x720, approx_fps=20.24
[INFO] [1781269926.719163062] [compressed_to_raw_image]: published /image_raw: 1280x720, approx_fps=20.01
[INFO] [1781269928.721091948] [compressed_to_raw_image]: published /image_raw: 1280x720, approx_fps=19.99
[INFO] [1781269930.721198958] [compressed_to_raw_image]: published /image_raw: 1280x720, approx_fps=19.99
[INFO] [1781269932.722242173] [compressed_to_raw_image]: published /image_raw: 1280x720, approx_fps=19.99
[INFO] [1781269934.766592039] [compressed_to_raw_image]: published /image_raw: 1280x720, approx_fps=20.04
[INFO] [1781269936.770770540] [compressed_to_raw_image]: published /image_raw: 1280x720, approx_fps=19.98
[INFO] [1781269938.770552081] [compressed_to_raw_image]: published /image_raw: 1280x720, approx_fps=20.00
[INFO] [1781269940.773205535] [compressed_to_raw_image]: published /image_raw: 1280x720, approx_fps=19.98
[INFO] [1781269942.820205599] [compressed_to_raw_image]: published /image_raw: 1280x720, approx_fps=20.02
[INFO] [1781269944.872894242] [compressed_to_raw_image]: published /image_raw: 1280x720, approx_fps=19.98
[INFO] [1781269946.873259606] [compressed_to_raw_image]: published /image_raw: 1280x720, approx_fps=20.00
[INFO] [1781269948.920239245] [compressed_to_raw_image]: published /image_raw: 1280x720, approx_fps=20.03
[INFO] [1781269950.922022354] [compressed_to_raw_image]: published /image_raw: 1280x720, approx_fps=19.99
[INFO] [1781269952.967261989] [compressed_to_raw_image]: published /image_raw: 1280x720, approx_fps=20.02
[INFO] [1781269954.987801837] [compressed_to_raw_image]: published /image_raw: 1280x720, approx_fps=19.80
[INFO] [1781269957.018497387] [compressed_to_raw_image]: published /image_raw: 1280x720, approx_fps=20.19
[INFO] [1781269959.022603486] [compressed_to_raw_image]: published /image_raw: 1280x720, approx_fps=19.97
[INFO] [1781269961.078391732] [compressed_to_raw_image]: published /image_raw: 1280x720, approx_fps=20.02
[INFO] [1781269963.071658995] [compressed_to_raw_image]: published /image_raw: 1280x720, approx_fps=19.99
[INFO] [1781269965.119317906] [compressed_to_raw_image]: published /image_raw: 1280x720, approx_fps=20.01
[INFO] [1781269967.170487480] [compressed_to_raw_image]: published /image_raw: 1280x720, approx_fps=19.99
[INFO] [1781269969.189707019] [compressed_to_raw_image]: published /image_raw: 1280x720, approx_fps=19.81
[INFO] [1781269971.221395636] [compressed_to_raw_image]: published /image_raw: 1280x720, approx_fps=20.19
[INFO] [1781269973.224576342] [compressed_to_raw_image]: published /image_raw: 1280x720, approx_fps=19.97
[INFO] [1781269975.224701881] [compressed_to_raw_image]: published /image_raw: 1280x720, approx_fps=20.00
[INFO] [1781269977.269668569] [compressed_to_raw_image]: published /image_raw: 1280x720, approx_fps=20.05
[INFO] [1781269979.269847686] [compressed_to_raw_image]: published /image_raw: 1280x720, approx_fps=19.99
[INFO] [1781269981.271093634] [compressed_to_raw_image]: published /image_raw: 1280x720, approx_fps=19.99
[INFO] [1781269983.287330866] [compressed_to_raw_image]: published /image_raw: 1280x720, approx_fps=19.85
[INFO] [1781269985.320231715] [compressed_to_raw_image]: published /image_raw: 1280x720, approx_fps=20.16
[INFO] [1781269987.371935848] [compressed_to_raw_image]: published /image_raw: 1280x720, approx_fps=19.99
[INFO] [1781269989.420034396] [compressed_to_raw_image]: published /image_raw: 1280x720, approx_fps=20.01
[INFO] [1781269991.420632624] [compressed_to_raw_image]: published /image_raw: 1280x720, approx_fps=20.00
[INFO] [1781269993.467994501] [compressed_to_raw_image]: published /image_raw: 1280x720, approx_fps=20.02
[INFO] [1781269995.530741621] [compressed_to_raw_image]: published /image_raw: 1280x720, approx_fps=19.89
[INFO] [1781269997.571230746] [compressed_to_raw_image]: published /image_raw: 1280x720, approx_fps=20.10
[INFO] [1781269999.636899151] [compressed_to_raw_image]: published /image_raw: 1280x720, approx_fps=19.84
[INFO] [1781270001.669834565] [compressed_to_raw_image]: published /image_raw: 1280x720, approx_fps=20.16
[INFO] [1781270003.679400360] [compressed_to_raw_image]: published /image_raw: 1280x720, approx_fps=19.91
[INFO] [1781270005.722348849] [compressed_to_raw_image]: published /image_raw: 1280x720, approx_fps=20.07
[INFO] [1781270007.737269221] [compressed_to_raw_image]: published /image_raw: 1280x720, approx_fps=19.84
[INFO] [1781270009.769094876] [compressed_to_raw_image]: published /image_raw: 1280x720, approx_fps=20.18
[INFO] [1781270011.821478981] [compressed_to_raw_image]: published /image_raw: 1280x720, approx_fps=19.98
[INFO] [1781270013.869344126] [compressed_to_raw_image]: published /image_raw: 1280x720, approx_fps=20.02
[INFO] [1781270015.872019535] [compressed_to_raw_image]: published /image_raw: 1280x720, approx_fps=19.98
[INFO] [1781270017.874021149] [compressed_to_raw_image]: published /image_raw: 1280x720, approx_fps=19.99
[INFO] [1781270019.922648330] [compressed_to_raw_image]: published /image_raw: 1280x720, approx_fps=20.01
[INFO] [1781270021.969174091] [compressed_to_raw_image]: published /image_raw: 1280x720, approx_fps=20.02
[INFO] [1781270023.969927200] [compressed_to_raw_image]: published /image_raw: 1280x720, approx_fps=19.99
[INFO] [1781270025.971052682] [compressed_to_raw_image]: published /image_raw: 1280x720, approx_fps=20.00
[INFO] [1781270028.019531145] [compressed_to_raw_image]: published /image_raw: 1280x720, approx_fps=20.01
[INFO] [1781270030.020406289] [compressed_to_raw_image]: published /image_raw: 1280x720, approx_fps=19.99
[INFO] [1781270032.075158995] [compressed_to_raw_image]: published /image_raw: 1280x720, approx_fps=19.98
[INFO] [1781270034.119887703] [compressed_to_raw_image]: published /image_raw: 1280x720, approx_fps=20.02
[INFO] [1781270036.120762549] [compressed_to_raw_image]: published /image_raw: 1280x720, approx_fps=20.00
[INFO] [1781270038.167477626] [compressed_to_raw_image]: published /image_raw: 1280x720, approx_fps=20.03
[INFO] [1781270040.169315093] [compressed_to_raw_image]: published /image_raw: 1280x720, approx_fps=19.98
[INFO] [1781270042.218447707] [compressed_to_raw_image]: published /image_raw: 1280x720, approx_fps=20.02
[INFO] [1781270044.219022461] [compressed_to_raw_image]: published /image_raw: 1280x720, approx_fps=19.99
[INFO] [1781270046.269860238] [compressed_to_raw_image]: published /image_raw: 1280x720, approx_fps=19.99
[INFO] [1781270048.273151653] [compressed_to_raw_image]: published /image_raw: 1280x720, approx_fps=19.97
[INFO] [1781270050.278595192] [compressed_to_raw_image]: published /image_raw: 1280x720, approx_fps=19.94
[INFO] [1781270052.278159855] [compressed_to_raw_image]: published /image_raw: 1280x720, approx_fps=19.99
[INFO] [1781270054.286754846] [compressed_to_raw_image]: published /image_raw: 1280x720, approx_fps=19.92
[INFO] [1781270056.319456201] [compressed_to_raw_image]: published /image_raw: 1280x720, approx_fps=20.18
[INFO] [1781270058.368756007] [compressed_to_raw_image]: published /image_raw: 1280x720, approx_fps=20.01
[INFO] [1781270060.369359662] [compressed_to_raw_image]: published /image_raw: 1280x720, approx_fps=19.99
[INFO] [1781270062.420426005] [compressed_to_raw_image]: published /image_raw: 1280x720, approx_fps=19.99
[INFO] [1781270064.472752512] [compressed_to_raw_image]: published /image_raw: 1280x720, approx_fps=19.99
[INFO] [1781270066.520212643] [compressed_to_raw_image]: published /image_raw: 1280x720, approx_fps=20.02
[INFO] [1781270068.519586290] [compressed_to_raw_image]: published /image_raw: 1280x720, approx_fps=19.99
[INFO] [1781270070.570753792] [compressed_to_raw_image]: published /image_raw: 1280x720, approx_fps=19.99
[INFO] [1781270072.618936042] [compressed_to_raw_image]: published /image_raw: 1280x720, approx_fps=20.02
[INFO] [1781270074.623395390] [compressed_to_raw_image]: published /image_raw: 1280x720, approx_fps=19.96
[INFO] [1781270076.667890721] [compressed_to_raw_image]: published /image_raw: 1280x720, approx_fps=20.04
[ERROR] [1781270077.465595718] [compressed_to_raw_image]: convert failed: RCLError("Failed to publish: publisher's context is invalid, at ./src/rcl/publisher.c:389")
Failed to publish log message to rosout: publisher's context is invalid, at ./src/rcl/publisher.c:389
