[WARN] [1781269571.614601462] [hobot_yolo_world]: This is hobot yolo world!
[WARN] [1781269571.711346675] [hobot_yolo_world]: Parameter:
 feed_type(0:local, 1:sub): 1
 image: config/yolo_world_test.jpg
 dump_render_img: 0
 is_shared_mem_sub: 0
 score_threshold: 0.001
 iou_threshold: 0.45
 nms_top_k: 50
 texts: backpack
 ai_msg_pub_topic_name: /hobot_yolo_world
 ros_img_sub_topic_name: /image_raw
 ros_string_sub_topic_name: /target_words
[WARN] [1781269571.956833686] [hobot_yolo_world]: Parameter:
 model_file_name: config/yolo_world.bin
 model_name: 
[WARN] [1781269571.957049644] [hobot_yolo_world]: model_file_name_: config/yolo_world.bin, task_num: 4
[BPU_PLAT]BPU Platform Version(1.3.6)! soc info(x5)
[HBRT] set log level as 0. version = 3.15.55.0
[DNN] Runtime version = 1.24.5_(3.15.55 HBRT)
[A][DNN][packed_model.cpp:247][Model](2026-06-12,21:06:12.646.545) [HorizonRT] The model builder version = 1.23.5
[WARN] [1781269572.980951980] [hobot_yolo_world]: Get model name: yolo_world_pad_pretrain_norm_new from load model.
[WARN] [1781269572.981174480] [hobot_yolo_world]: Create ai msg publisher with topic_name: /hobot_yolo_world
[WARN] [1781269573.021009857] [hobot_yolo_world]: Create string subscription with topic_name: /target_words
[WARN] [1781269573.024293690] [hobot_yolo_world]: Create img subscription with topic_name: /image_raw
[W][DNN]bpu_model_info.cpp:491][Version](2026-06-12,21:06:12.957.195) Model: yolo_world_pad_pretrain_norm_new. Inconsistency between the hbrt library version 3.15.55.0 and the model build version 3.15.47.0 detected, in order to ensure correct model results, it is recommended to use compilation tools and the BPU SDK from the same OpenExplorer package.
[WARN] [1781269706.934546366] [hobot_yolo_world]: Sub img fps: 24.00, Smart fps: 14.45, pre process time ms: 22, infer time ms: 317, post process time ms: 1
[WARN] [1781269708.062043284] [hobot_yolo_world]: Sub img fps: 24.00, Smart fps: 11.54, pre process time ms: 43, infer time ms: 402, post process time ms: 2
[WARN] [1781269709.128502417] [hobot_yolo_world]: Sub img fps: 18.04, Smart fps: 13.13, pre process time ms: 33, infer time ms: 318, post process time ms: 1
[WARN] [1781269710.252517792] [hobot_yolo_world]: Sub img fps: 22.53, Smart fps: 11.58, pre process time ms: 58, infer time ms: 397, post process time ms: 2
[WARN] [1781269711.297321299] [hobot_yolo_world]: Sub img fps: 20.29, Smart fps: 13.41, pre process time ms: 49, infer time ms: 319, post process time ms: 2
[WARN] [1781269712.416939464] [hobot_yolo_world]: Sub img fps: 20.61, Smart fps: 11.62, pre process time ms: 26, infer time ms: 395, post process time ms: 1
[WARN] [1781269713.459327053] [hobot_yolo_world]: Sub img fps: 18.96, Smart fps: 13.44, pre process time ms: 36, infer time ms: 314, post process time ms: 2
[WARN] [1781269714.609953711] [hobot_yolo_world]: Sub img fps: 20.27, Smart fps: 11.30, pre process time ms: 46, infer time ms: 407, post process time ms: 1
[WARN] [1781269715.666544880] [hobot_yolo_world]: Sub img fps: 19.52, Smart fps: 13.26, pre process time ms: 38, infer time ms: 319, post process time ms: 2
[WARN] [1781269716.781570874] [hobot_yolo_world]: Sub img fps: 20.48, Smart fps: 11.66, pre process time ms: 43, infer time ms: 394, post process time ms: 2
[WARN] [1781269717.824794333] [hobot_yolo_world]: Sub img fps: 20.81, Smart fps: 13.42, pre process time ms: 34, infer time ms: 317, post process time ms: 1
[WARN] [1781269718.942127866] [hobot_yolo_world]: Sub img fps: 20.15, Smart fps: 11.64, pre process time ms: 26, infer time ms: 393, post process time ms: 2
[WARN] [1781269719.982302199] [hobot_yolo_world]: Sub img fps: 19.98, Smart fps: 13.46, pre process time ms: 22, infer time ms: 317, post process time ms: 2
[WARN] [1781269721.097443188] [hobot_yolo_world]: Sub img fps: 19.64, Smart fps: 11.66, pre process time ms: 24, infer time ms: 395, post process time ms: 2
[WARN] [1781269722.137007977] [hobot_yolo_world]: Sub img fps: 20.21, Smart fps: 13.47, pre process time ms: 21, infer time ms: 297, post process time ms: 1
[WARN] [1781269723.255403130] [hobot_yolo_world]: Sub img fps: 20.25, Smart fps: 11.63, pre process time ms: 44, infer time ms: 375, post process time ms: 2
[WARN] [1781269724.297812499] [hobot_yolo_world]: Sub img fps: 19.59, Smart fps: 13.44, pre process time ms: 34, infer time ms: 320, post process time ms: 1
[WARN] [1781269725.416156150] [hobot_yolo_world]: Sub img fps: 20.33, Smart fps: 11.64, pre process time ms: 44, infer time ms: 377, post process time ms: 2
[WARN] [1781269726.457441935] [hobot_yolo_world]: Sub img fps: 19.29, Smart fps: 13.45, pre process time ms: 26, infer time ms: 296, post process time ms: 2
[WARN] [1781269727.572070250] [hobot_yolo_world]: Sub img fps: 20.90, Smart fps: 11.67, pre process time ms: 44, infer time ms: 394, post process time ms: 2
[WARN] [1781269728.610661283] [hobot_yolo_world]: Sub img fps: 19.42, Smart fps: 13.49, pre process time ms: 24, infer time ms: 315, post process time ms: 1
[WARN] [1781269729.725928596] [hobot_yolo_world]: Sub img fps: 20.53, Smart fps: 11.67, pre process time ms: 23, infer time ms: 374, post process time ms: 1
[WARN] [1781269730.763732460] [hobot_yolo_world]: Sub img fps: 19.90, Smart fps: 13.49, pre process time ms: 22, infer time ms: 315, post process time ms: 1
[WARN] [1781269731.877071521] [hobot_yolo_world]: Sub img fps: 19.90, Smart fps: 11.68, pre process time ms: 22, infer time ms: 392, post process time ms: 2
[WARN] [1781269732.917503841] [hobot_yolo_world]: Sub img fps: 20.00, Smart fps: 13.46, pre process time ms: 24, infer time ms: 315, post process time ms: 1
[WARN] [1781269734.036746399] [hobot_yolo_world]: Sub img fps: 20.04, Smart fps: 11.62, pre process time ms: 26, infer time ms: 395, post process time ms: 1
[WARN] [1781269735.078389550] [hobot_yolo_world]: Sub img fps: 19.72, Smart fps: 13.45, pre process time ms: 24, infer time ms: 317, post process time ms: 2
[WARN] [1781269736.195638981] [hobot_yolo_world]: Sub img fps: 19.96, Smart fps: 11.64, pre process time ms: 26, infer time ms: 389, post process time ms: 1
[WARN] [1781269737.236651172] [hobot_yolo_world]: Sub img fps: 20.33, Smart fps: 13.45, pre process time ms: 24, infer time ms: 316, post process time ms: 1
[WARN] [1781269738.351170268] [hobot_yolo_world]: Sub img fps: 19.98, Smart fps: 11.67, pre process time ms: 27, infer time ms: 395, post process time ms: 2
[WARN] [1781269739.388607957] [hobot_yolo_world]: Sub img fps: 19.89, Smart fps: 13.50, pre process time ms: 25, infer time ms: 297, post process time ms: 1
[WARN] [1781269740.503572717] [hobot_yolo_world]: Sub img fps: 20.19, Smart fps: 11.66, pre process time ms: 29, infer time ms: 394, post process time ms: 1
[WARN] [1781269741.543843362] [hobot_yolo_world]: Sub img fps: 19.96, Smart fps: 13.46, pre process time ms: 25, infer time ms: 297, post process time ms: 1
[WARN] [1781269742.659373245] [hobot_yolo_world]: Sub img fps: 19.96, Smart fps: 11.66, pre process time ms: 37, infer time ms: 395, post process time ms: 1
[WARN] [1781269743.698355471] [hobot_yolo_world]: Sub img fps: 19.96, Smart fps: 13.49, pre process time ms: 25, infer time ms: 317, post process time ms: 2
[WARN] [1781269744.813398227] [hobot_yolo_world]: Sub img fps: 20.13, Smart fps: 11.67, pre process time ms: 24, infer time ms: 375, post process time ms: 2
[WARN] [1781269745.860351450] [hobot_yolo_world]: Sub img fps: 19.98, Smart fps: 13.37, pre process time ms: 24, infer time ms: 315, post process time ms: 2
[WARN] [1781269746.974513538] [hobot_yolo_world]: Sub img fps: 20.08, Smart fps: 11.67, pre process time ms: 24, infer time ms: 394, post process time ms: 1
[WARN] [1781269748.014324260] [hobot_yolo_world]: Sub img fps: 19.96, Smart fps: 13.47, pre process time ms: 24, infer time ms: 313, post process time ms: 2
[WARN] [1781269749.131301844] [hobot_yolo_world]: Sub img fps: 19.94, Smart fps: 11.64, pre process time ms: 24, infer time ms: 377, post process time ms: 2
[WARN] [1781269750.172780106] [hobot_yolo_world]: Sub img fps: 19.66, Smart fps: 13.45, pre process time ms: 24, infer time ms: 313, post process time ms: 1
[WARN] [1781269751.293900937] [hobot_yolo_world]: Sub img fps: 20.49, Smart fps: 11.60, pre process time ms: 45, infer time ms: 397, post process time ms: 1
[WARN] [1781269752.343960237] [hobot_yolo_world]: Sub img fps: 19.88, Smart fps: 13.33, pre process time ms: 25, infer time ms: 318, post process time ms: 1
[WARN] [1781269753.460411901] [hobot_yolo_world]: Sub img fps: 19.70, Smart fps: 11.65, pre process time ms: 53, infer time ms: 393, post process time ms: 1
[WARN] [1781269754.502152783] [hobot_yolo_world]: Sub img fps: 20.00, Smart fps: 13.45, pre process time ms: 33, infer time ms: 299, post process time ms: 2
[WARN] [1781269755.619392069] [hobot_yolo_world]: Sub img fps: 19.98, Smart fps: 11.64, pre process time ms: 27, infer time ms: 395, post process time ms: 2
[WARN] [1781269756.658811450] [hobot_yolo_world]: Sub img fps: 19.70, Smart fps: 13.47, pre process time ms: 26, infer time ms: 316, post process time ms: 1
[WARN] [1781269757.774460068] [hobot_yolo_world]: Sub img fps: 20.31, Smart fps: 11.66, pre process time ms: 26, infer time ms: 394, post process time ms: 1
[WARN] [1781269758.814168321] [hobot_yolo_world]: Sub img fps: 20.10, Smart fps: 13.47, pre process time ms: 24, infer time ms: 297, post process time ms: 2
[WARN] [1781269759.933098061] [hobot_yolo_world]: Sub img fps: 19.70, Smart fps: 11.63, pre process time ms: 24, infer time ms: 388, post process time ms: 2
[WARN] [1781269760.974160896] [hobot_yolo_world]: Sub img fps: 20.17, Smart fps: 13.45, pre process time ms: 28, infer time ms: 315, post process time ms: 2
[WARN] [1781269762.088983260] [hobot_yolo_world]: Sub img fps: 20.17, Smart fps: 11.67, pre process time ms: 44, infer time ms: 394, post process time ms: 1
[WARN] [1781269763.126493051] [hobot_yolo_world]: Sub img fps: 19.67, Smart fps: 13.50, pre process time ms: 33, infer time ms: 313, post process time ms: 2
[WARN] [1781269764.243903621] [hobot_yolo_world]: Sub img fps: 20.31, Smart fps: 11.64, pre process time ms: 26, infer time ms: 392, post process time ms: 1
[WARN] [1781269765.281664244] [hobot_yolo_world]: Sub img fps: 20.00, Smart fps: 13.50, pre process time ms: 23, infer time ms: 317, post process time ms: 1
[WARN] [1781269766.399707269] [hobot_yolo_world]: Sub img fps: 19.70, Smart fps: 11.64, pre process time ms: 27, infer time ms: 379, post process time ms: 2
[WARN] [1781269767.441813889] [hobot_yolo_world]: Sub img fps: 19.96, Smart fps: 12.48, pre process time ms: 27, infer time ms: 394, post process time ms: 1
[WARN] [1781269768.492878341] [hobot_yolo_world]: Sub img fps: 20.35, Smart fps: 13.33, pre process time ms: 33, infer time ms: 298, post process time ms: 1
[WARN] [1781269769.612844946] [hobot_yolo_world]: Sub img fps: 19.90, Smart fps: 11.61, pre process time ms: 43, infer time ms: 397, post process time ms: 1
[WARN] [1781269770.654636605] [hobot_yolo_world]: Sub img fps: 20.15, Smart fps: 13.45, pre process time ms: 25, infer time ms: 316, post process time ms: 1
[WARN] [1781269771.773901958] [hobot_yolo_world]: Sub img fps: 19.89, Smart fps: 11.62, pre process time ms: 46, infer time ms: 390, post process time ms: 1
[WARN] [1781269772.812637283] [hobot_yolo_world]: Sub img fps: 20.11, Smart fps: 13.49, pre process time ms: 23, infer time ms: 313, post process time ms: 1
[WARN] [1781269773.926845760] [hobot_yolo_world]: Sub img fps: 19.84, Smart fps: 11.67, pre process time ms: 29, infer time ms: 393, post process time ms: 1
[WARN] [1781269774.967490998] [hobot_yolo_world]: Sub img fps: 19.85, Smart fps: 13.46, pre process time ms: 25, infer time ms: 316, post process time ms: 1
[WARN] [1781269776.082770057] [hobot_yolo_world]: Sub img fps: 20.29, Smart fps: 11.66, pre process time ms: 24, infer time ms: 394, post process time ms: 1
[WARN] [1781269777.122038085] [hobot_yolo_world]: Sub img fps: 19.76, Smart fps: 13.47, pre process time ms: 24, infer time ms: 315, post process time ms: 2
[WARN] [1781269778.237954683] [hobot_yolo_world]: Sub img fps: 19.76, Smart fps: 11.65, pre process time ms: 23, infer time ms: 376, post process time ms: 1
[WARN] [1781269779.276216585] [hobot_yolo_world]: Sub img fps: 20.39, Smart fps: 13.49, pre process time ms: 25, infer time ms: 315, post process time ms: 2
[WARN] [1781269780.393970472] [hobot_yolo_world]: Sub img fps: 20.00, Smart fps: 11.64, pre process time ms: 25, infer time ms: 394, post process time ms: 1
[WARN] [1781269781.430172664] [hobot_yolo_world]: Sub img fps: 19.65, Smart fps: 13.53, pre process time ms: 23, infer time ms: 315, post process time ms: 2
[WARN] [1781269782.545233007] [hobot_yolo_world]: Sub img fps: 19.63, Smart fps: 11.66, pre process time ms: 45, infer time ms: 393, post process time ms: 2
[WARN] [1781269783.583084447] [hobot_yolo_world]: Sub img fps: 20.79, Smart fps: 13.50, pre process time ms: 23, infer time ms: 315, post process time ms: 2
[WARN] [1781269784.699627997] [hobot_yolo_world]: Sub img fps: 19.90, Smart fps: 11.65, pre process time ms: 27, infer time ms: 394, post process time ms: 1
[WARN] [1781269785.738029185] [hobot_yolo_world]: Sub img fps: 20.08, Smart fps: 13.49, pre process time ms: 24, infer time ms: 299, post process time ms: 2
[WARN] [1781269786.854781149] [hobot_yolo_world]: Sub img fps: 19.82, Smart fps: 11.64, pre process time ms: 42, infer time ms: 383, post process time ms: 1
[WARN] [1781269787.893056543] [hobot_yolo_world]: Sub img fps: 20.13, Smart fps: 13.49, pre process time ms: 26, infer time ms: 297, post process time ms: 2
[WARN] [1781269789.009296214] [hobot_yolo_world]: Sub img fps: 19.84, Smart fps: 11.65, pre process time ms: 43, infer time ms: 384, post process time ms: 2
[WARN] [1781269790.048368231] [hobot_yolo_world]: Sub img fps: 19.90, Smart fps: 13.47, pre process time ms: 33, infer time ms: 307, post process time ms: 2
[WARN] [1781269791.162376150] [hobot_yolo_world]: Sub img fps: 20.41, Smart fps: 11.67, pre process time ms: 25, infer time ms: 393, post process time ms: 2
[WARN] [1781269792.200671666] [hobot_yolo_world]: Sub img fps: 19.80, Smart fps: 13.49, pre process time ms: 25, infer time ms: 316, post process time ms: 1
[WARN] [1781269793.314937916] [hobot_yolo_world]: Sub img fps: 19.76, Smart fps: 11.67, pre process time ms: 24, infer time ms: 394, post process time ms: 1
[WARN] [1781269794.353234805] [hobot_yolo_world]: Sub img fps: 20.47, Smart fps: 13.49, pre process time ms: 26, infer time ms: 298, post process time ms: 2
[WARN] [1781269795.468365053] [hobot_yolo_world]: Sub img fps: 19.78, Smart fps: 11.67, pre process time ms: 24, infer time ms: 394, post process time ms: 2
[WARN] [1781269796.508023315] [hobot_yolo_world]: Sub img fps: 19.79, Smart fps: 13.47, pre process time ms: 26, infer time ms: 315, post process time ms: 2
[WARN] [1781269797.625033352] [hobot_yolo_world]: Sub img fps: 20.41, Smart fps: 11.64, pre process time ms: 24, infer time ms: 396, post process time ms: 2
[WARN] [1781269798.664562862] [hobot_yolo_world]: Sub img fps: 20.23, Smart fps: 13.47, pre process time ms: 25, infer time ms: 315, post process time ms: 1
[WARN] [1781269799.779858981] [hobot_yolo_world]: Sub img fps: 20.23, Smart fps: 11.66, pre process time ms: 23, infer time ms: 394, post process time ms: 1
[WARN] [1781269800.817335240] [hobot_yolo_world]: Sub img fps: 20.10, Smart fps: 13.50, pre process time ms: 24, infer time ms: 315, post process time ms: 2
[WARN] [1781269801.932542107] [hobot_yolo_world]: Sub img fps: 19.53, Smart fps: 11.66, pre process time ms: 24, infer time ms: 394, post process time ms: 1
[WARN] [1781269802.971723405] [hobot_yolo_world]: Sub img fps: 20.19, Smart fps: 13.47, pre process time ms: 23, infer time ms: 316, post process time ms: 1
[WARN] [1781269804.087607311] [hobot_yolo_world]: Sub img fps: 20.23, Smart fps: 11.65, pre process time ms: 26, infer time ms: 395, post process time ms: 1
[WARN] [1781269805.127383149] [hobot_yolo_world]: Sub img fps: 20.00, Smart fps: 13.47, pre process time ms: 23, infer time ms: 303, post process time ms: 2
[WARN] [1781269806.244385428] [hobot_yolo_world]: Sub img fps: 19.92, Smart fps: 11.65, pre process time ms: 26, infer time ms: 394, post process time ms: 2
[WARN] [1781269807.283233889] [hobot_yolo_world]: Sub img fps: 20.13, Smart fps: 13.49, pre process time ms: 24, infer time ms: 315, post process time ms: 2
[WARN] [1781269808.399523792] [hobot_yolo_world]: Sub img fps: 19.96, Smart fps: 11.65, pre process time ms: 29, infer time ms: 376, post process time ms: 1
[WARN] [1781269809.436771293] [hobot_yolo_world]: Sub img fps: 19.66, Smart fps: 13.51, pre process time ms: 25, infer time ms: 315, post process time ms: 2
[WARN] [1781269810.552143111] [hobot_yolo_world]: Sub img fps: 20.21, Smart fps: 11.66, pre process time ms: 26, infer time ms: 394, post process time ms: 2
[WARN] [1781269811.589960693] [hobot_yolo_world]: Sub img fps: 20.23, Smart fps: 13.49, pre process time ms: 25, infer time ms: 316, post process time ms: 1
[WARN] [1781269812.704701134] [hobot_yolo_world]: Sub img fps: 19.88, Smart fps: 11.67, pre process time ms: 29, infer time ms: 394, post process time ms: 1
[WARN] [1781269813.743969506] [hobot_yolo_world]: Sub img fps: 20.04, Smart fps: 13.47, pre process time ms: 26, infer time ms: 317, post process time ms: 1
[WARN] [1781269814.860070778] [hobot_yolo_world]: Sub img fps: 19.94, Smart fps: 11.65, pre process time ms: 25, infer time ms: 395, post process time ms: 2
[WARN] [1781269815.898971232] [hobot_yolo_world]: Sub img fps: 20.08, Smart fps: 13.49, pre process time ms: 33, infer time ms: 316, post process time ms: 1
[WARN] [1781269817.013126378] [hobot_yolo_world]: Sub img fps: 20.02, Smart fps: 11.67, pre process time ms: 24, infer time ms: 394, post process time ms: 2
[WARN] [1781269818.052727913] [hobot_yolo_world]: Sub img fps: 20.02, Smart fps: 13.47, pre process time ms: 26, infer time ms: 316, post process time ms: 1
[WARN] [1781269819.168838806] [hobot_yolo_world]: Sub img fps: 19.64, Smart fps: 11.66, pre process time ms: 24, infer time ms: 394, post process time ms: 2
[WARN] [1781269820.206641089] [hobot_yolo_world]: Sub img fps: 20.41, Smart fps: 13.49, pre process time ms: 25, infer time ms: 297, post process time ms: 1
[WARN] [1781269821.322644439] [hobot_yolo_world]: Sub img fps: 20.00, Smart fps: 11.66, pre process time ms: 25, infer time ms: 394, post process time ms: 2
[WARN] [1781269822.360687929] [hobot_yolo_world]: Sub img fps: 19.59, Smart fps: 13.49, pre process time ms: 25, infer time ms: 314, post process time ms: 1
[WARN] [1781269823.480287401] [hobot_yolo_world]: Sub img fps: 20.04, Smart fps: 11.62, pre process time ms: 24, infer time ms: 395, post process time ms: 2
[WARN] [1781269824.518298723] [hobot_yolo_world]: Sub img fps: 19.94, Smart fps: 13.50, pre process time ms: 24, infer time ms: 315, post process time ms: 2
[WARN] [1781269825.632611361] [hobot_yolo_world]: Sub img fps: 19.94, Smart fps: 11.67, pre process time ms: 26, infer time ms: 394, post process time ms: 1
[WARN] [1781269826.671033889] [hobot_yolo_world]: Sub img fps: 20.25, Smart fps: 13.49, pre process time ms: 24, infer time ms: 315, post process time ms: 2
[WARN] [1781269827.787180233] [hobot_yolo_world]: Sub img fps: 20.00, Smart fps: 11.65, pre process time ms: 42, infer time ms: 391, post process time ms: 2
[WARN] [1781269828.825128593] [hobot_yolo_world]: Sub img fps: 19.98, Smart fps: 13.50, pre process time ms: 25, infer time ms: 295, post process time ms: 2
[WARN] [1781269829.942392226] [hobot_yolo_world]: Sub img fps: 19.96, Smart fps: 11.65, pre process time ms: 26, infer time ms: 394, post process time ms: 2
[WARN] [1781269830.978876918] [hobot_yolo_world]: Sub img fps: 20.08, Smart fps: 13.50, pre process time ms: 23, infer time ms: 315, post process time ms: 1
[WARN] [1781269832.098969549] [hobot_yolo_world]: Sub img fps: 19.50, Smart fps: 11.61, pre process time ms: 34, infer time ms: 393, post process time ms: 1
[WARN] [1781269833.145304737] [hobot_yolo_world]: Sub img fps: 20.51, Smart fps: 13.38, pre process time ms: 26, infer time ms: 298, post process time ms: 2
[WARN] [1781269834.259959868] [hobot_yolo_world]: Sub img fps: 20.00, Smart fps: 11.67, pre process time ms: 25, infer time ms: 376, post process time ms: 1
[WARN] [1781269835.298289555] [hobot_yolo_world]: Sub img fps: 20.00, Smart fps: 13.49, pre process time ms: 25, infer time ms: 310, post process time ms: 2
[WARN] [1781269836.412146767] [hobot_yolo_world]: Sub img fps: 19.72, Smart fps: 11.68, pre process time ms: 27, infer time ms: 394, post process time ms: 2
[WARN] [1781269837.449976120] [hobot_yolo_world]: Sub img fps: 19.80, Smart fps: 13.50, pre process time ms: 25, infer time ms: 315, post process time ms: 1
[WARN] [1781269838.564660539] [hobot_yolo_world]: Sub img fps: 20.55, Smart fps: 11.67, pre process time ms: 24, infer time ms: 394, post process time ms: 1
[WARN] [1781269839.602949015] [hobot_yolo_world]: Sub img fps: 19.96, Smart fps: 13.49, pre process time ms: 25, infer time ms: 316, post process time ms: 1
[WARN] [1781269840.718330890] [hobot_yolo_world]: Sub img fps: 19.98, Smart fps: 11.66, pre process time ms: 23, infer time ms: 395, post process time ms: 2
[WARN] [1781269841.758008156] [hobot_yolo_world]: Sub img fps: 19.96, Smart fps: 13.47, pre process time ms: 28, infer time ms: 312, post process time ms: 2
[WARN] [1781269842.873080904] [hobot_yolo_world]: Sub img fps: 20.11, Smart fps: 11.67, pre process time ms: 23, infer time ms: 394, post process time ms: 2
[WARN] [1781269843.911384460] [hobot_yolo_world]: Sub img fps: 20.00, Smart fps: 13.49, pre process time ms: 29, infer time ms: 313, post process time ms: 2
[WARN] [1781269845.026568206] [hobot_yolo_world]: Sub img fps: 19.84, Smart fps: 11.66, pre process time ms: 25, infer time ms: 394, post process time ms: 1
[WARN] [1781269846.063899761] [hobot_yolo_world]: Sub img fps: 19.92, Smart fps: 13.50, pre process time ms: 26, infer time ms: 315, post process time ms: 1
[WARN] [1781269847.178470213] [hobot_yolo_world]: Sub img fps: 19.92, Smart fps: 11.67, pre process time ms: 25, infer time ms: 394, post process time ms: 1
[WARN] [1781269848.216413391] [hobot_yolo_world]: Sub img fps: 20.47, Smart fps: 13.50, pre process time ms: 24, infer time ms: 315, post process time ms: 2
[WARN] [1781269849.330817425] [hobot_yolo_world]: Sub img fps: 19.86, Smart fps: 11.67, pre process time ms: 25, infer time ms: 393, post process time ms: 1
[WARN] [1781269850.372925226] [hobot_yolo_world]: Sub img fps: 19.98, Smart fps: 13.44, pre process time ms: 36, infer time ms: 316, post process time ms: 1
[WARN] [1781269851.488970466] [hobot_yolo_world]: Sub img fps: 19.76, Smart fps: 11.65, pre process time ms: 25, infer time ms: 392, post process time ms: 1
[WARN] [1781269852.527740807] [hobot_yolo_world]: Sub img fps: 20.41, Smart fps: 13.49, pre process time ms: 23, infer time ms: 317, post process time ms: 1
[WARN] [1781269853.643439921] [hobot_yolo_world]: Sub img fps: 19.92, Smart fps: 11.66, pre process time ms: 26, infer time ms: 394, post process time ms: 2
[WARN] [1781269854.680022219] [hobot_yolo_world]: Sub img fps: 20.08, Smart fps: 13.51, pre process time ms: 23, infer time ms: 314, post process time ms: 2
[WARN] [1781269855.795565331] [hobot_yolo_world]: Sub img fps: 20.00, Smart fps: 11.66, pre process time ms: 27, infer time ms: 394, post process time ms: 1
[WARN] [1781269856.835056919] [hobot_yolo_world]: Sub img fps: 19.96, Smart fps: 13.49, pre process time ms: 24, infer time ms: 316, post process time ms: 3
[WARN] [1781269857.949741487] [hobot_yolo_world]: Sub img fps: 19.98, Smart fps: 11.66, pre process time ms: 26, infer time ms: 376, post process time ms: 1
[WARN] [1781269858.991011281] [hobot_yolo_world]: Sub img fps: 20.10, Smart fps: 13.46, pre process time ms: 26, infer time ms: 315, post process time ms: 1
[WARN] [1781269860.107305681] [hobot_yolo_world]: Sub img fps: 20.00, Smart fps: 11.65, pre process time ms: 28, infer time ms: 395, post process time ms: 2
[WARN] [1781269861.146873099] [hobot_yolo_world]: Sub img fps: 20.00, Smart fps: 13.47, pre process time ms: 25, infer time ms: 314, post process time ms: 1
[WARN] [1781269862.262613039] [hobot_yolo_world]: Sub img fps: 19.96, Smart fps: 11.66, pre process time ms: 24, infer time ms: 395, post process time ms: 1
[WARN] [1781269863.301327122] [hobot_yolo_world]: Sub img fps: 19.63, Smart fps: 13.49, pre process time ms: 26, infer time ms: 301, post process time ms: 2
[WARN] [1781269864.416270602] [hobot_yolo_world]: Sub img fps: 20.43, Smart fps: 11.67, pre process time ms: 24, infer time ms: 393, post process time ms: 2
[WARN] [1781269865.455488641] [hobot_yolo_world]: Sub img fps: 19.96, Smart fps: 13.47, pre process time ms: 26, infer time ms: 316, post process time ms: 1
[WARN] [1781269866.573290660] [hobot_yolo_world]: Sub img fps: 20.08, Smart fps: 11.64, pre process time ms: 44, infer time ms: 396, post process time ms: 2
[WARN] [1781269867.612930573] [hobot_yolo_world]: Sub img fps: 20.02, Smart fps: 13.46, pre process time ms: 25, infer time ms: 314, post process time ms: 1
[WARN] [1781269868.729651133] [hobot_yolo_world]: Sub img fps: 19.70, Smart fps: 11.65, pre process time ms: 24, infer time ms: 392, post process time ms: 1
[WARN] [1781269869.770452002] [hobot_yolo_world]: Sub img fps: 20.35, Smart fps: 13.46, pre process time ms: 23, infer time ms: 317, post process time ms: 2
[WARN] [1781269870.883687769] [hobot_yolo_world]: Sub img fps: 20.02, Smart fps: 11.68, pre process time ms: 23, infer time ms: 393, post process time ms: 1
[WARN] [1781269871.922905762] [hobot_yolo_world]: Sub img fps: 19.84, Smart fps: 13.47, pre process time ms: 28, infer time ms: 316, post process time ms: 1
[WARN] [1781269873.040544401] [hobot_yolo_world]: Sub img fps: 19.78, Smart fps: 11.64, pre process time ms: 26, infer time ms: 393, post process time ms: 1
[WARN] [1781269874.078900142] [hobot_yolo_world]: Sub img fps: 20.25, Smart fps: 13.49, pre process time ms: 23, infer time ms: 318, post process time ms: 1
[WARN] [1781269875.194599614] [hobot_yolo_world]: Sub img fps: 20.10, Smart fps: 11.66, pre process time ms: 27, infer time ms: 395, post process time ms: 1
[WARN] [1781269876.233249603] [hobot_yolo_world]: Sub img fps: 20.06, Smart fps: 13.49, pre process time ms: 23, infer time ms: 316, post process time ms: 2
[WARN] [1781269877.350985156] [hobot_yolo_world]: Sub img fps: 19.96, Smart fps: 11.64, pre process time ms: 27, infer time ms: 393, post process time ms: 1
[WARN] [1781269878.391077435] [hobot_yolo_world]: Sub img fps: 20.06, Smart fps: 13.46, pre process time ms: 25, infer time ms: 318, post process time ms: 2
[WARN] [1781269879.525463440] [hobot_yolo_world]: Sub img fps: 19.57, Smart fps: 11.46, pre process time ms: 36, infer time ms: 239, post process time ms: 1
[WARN] [1781269880.566222218] [hobot_yolo_world]: Sub img fps: 20.43, Smart fps: 13.46, pre process time ms: 27, infer time ms: 317, post process time ms: 2
[WARN] [1781269881.682578559] [hobot_yolo_world]: Sub img fps: 20.11, Smart fps: 11.65, pre process time ms: 28, infer time ms: 393, post process time ms: 2
[WARN] [1781269882.722996627] [hobot_yolo_world]: Sub img fps: 19.86, Smart fps: 13.46, pre process time ms: 23, infer time ms: 317, post process time ms: 1
[WARN] [1781269883.837038508] [hobot_yolo_world]: Sub img fps: 20.06, Smart fps: 11.67, pre process time ms: 25, infer time ms: 394, post process time ms: 2
[WARN] [1781269884.876700075] [hobot_yolo_world]: Sub img fps: 20.10, Smart fps: 13.47, pre process time ms: 23, infer time ms: 317, post process time ms: 1
[WARN] [1781269885.993180871] [hobot_yolo_world]: Sub img fps: 19.12, Smart fps: 11.65, pre process time ms: 26, infer time ms: 393, post process time ms: 2
[WARN] [1781269887.032400269] [hobot_yolo_world]: Sub img fps: 20.65, Smart fps: 13.47, pre process time ms: 23, infer time ms: 316, post process time ms: 2
[WARN] [1781269888.146081814] [hobot_yolo_world]: Sub img fps: 20.25, Smart fps: 11.68, pre process time ms: 43, infer time ms: 391, post process time ms: 2
[WARN] [1781269889.183475420] [hobot_yolo_world]: Sub img fps: 19.94, Smart fps: 13.51, pre process time ms: 23, infer time ms: 315, post process time ms: 2
[WARN] [1781269890.301086962] [hobot_yolo_world]: Sub img fps: 19.61, Smart fps: 11.64, pre process time ms: 29, infer time ms: 393, post process time ms: 3
[WARN] [1781269891.339772608] [hobot_yolo_world]: Sub img fps: 19.98, Smart fps: 13.47, pre process time ms: 26, infer time ms: 317, post process time ms: 1
[WARN] [1781269892.454751566] [hobot_yolo_world]: Sub img fps: 19.94, Smart fps: 11.66, pre process time ms: 27, infer time ms: 395, post process time ms: 1
[WARN] [1781269893.493485377] [hobot_yolo_world]: Sub img fps: 19.91, Smart fps: 13.49, pre process time ms: 26, infer time ms: 317, post process time ms: 2
[WARN] [1781269894.609810916] [hobot_yolo_world]: Sub img fps: 20.23, Smart fps: 11.65, pre process time ms: 25, infer time ms: 393, post process time ms: 1
[WARN] [1781269895.649580683] [hobot_yolo_world]: Sub img fps: 19.72, Smart fps: 13.47, pre process time ms: 26, infer time ms: 299, post process time ms: 1
[WARN] [1781269896.764066846] [hobot_yolo_world]: Sub img fps: 20.15, Smart fps: 11.67, pre process time ms: 56, infer time ms: 395, post process time ms: 2
[WARN] [1781269897.801660737] [hobot_yolo_world]: Sub img fps: 20.10, Smart fps: 13.50, pre process time ms: 25, infer time ms: 316, post process time ms: 1
[WARN] [1781269898.917794232] [hobot_yolo_world]: Sub img fps: 19.94, Smart fps: 11.65, pre process time ms: 23, infer time ms: 393, post process time ms: 1
[WARN] [1781269899.955161538] [hobot_yolo_world]: Sub img fps: 19.74, Smart fps: 13.50, pre process time ms: 25, infer time ms: 312, post process time ms: 2
[WARN] [1781269901.071474281] [hobot_yolo_world]: Sub img fps: 20.31, Smart fps: 11.65, pre process time ms: 25, infer time ms: 394, post process time ms: 1
[WARN] [1781269902.109507127] [hobot_yolo_world]: Sub img fps: 20.00, Smart fps: 13.50, pre process time ms: 25, infer time ms: 312, post process time ms: 1
[WARN] [1781269903.225301827] [hobot_yolo_world]: Sub img fps: 19.67, Smart fps: 11.66, pre process time ms: 25, infer time ms: 393, post process time ms: 2
[WARN] [1781269904.266246796] [hobot_yolo_world]: Sub img fps: 20.39, Smart fps: 13.45, pre process time ms: 26, infer time ms: 318, post process time ms: 2
[WARN] [1781269905.381521994] [hobot_yolo_world]: Sub img fps: 19.94, Smart fps: 11.66, pre process time ms: 24, infer time ms: 394, post process time ms: 1
[WARN] [1781269906.420078754] [hobot_yolo_world]: Sub img fps: 19.72, Smart fps: 13.49, pre process time ms: 24, infer time ms: 298, post process time ms: 2
[WARN] [1781269907.536295617] [hobot_yolo_world]: Sub img fps: 19.96, Smart fps: 11.65, pre process time ms: 43, infer time ms: 394, post process time ms: 2
[WARN] [1781269908.574690126] [hobot_yolo_world]: Sub img fps: 20.47, Smart fps: 13.49, pre process time ms: 23, infer time ms: 317, post process time ms: 1
[WARN] [1781269909.689604071] [hobot_yolo_world]: Sub img fps: 19.88, Smart fps: 11.67, pre process time ms: 44, infer time ms: 392, post process time ms: 2
[WARN] [1781269910.727397578] [hobot_yolo_world]: Sub img fps: 20.00, Smart fps: 13.49, pre process time ms: 23, infer time ms: 316, post process time ms: 2
[WARN] [1781269911.844509729] [hobot_yolo_world]: Sub img fps: 20.10, Smart fps: 11.64, pre process time ms: 46, infer time ms: 394, post process time ms: 1
[WARN] [1781269912.881980151] [hobot_yolo_world]: Sub img fps: 19.92, Smart fps: 13.50, pre process time ms: 24, infer time ms: 316, post process time ms: 1
[WARN] [1781269913.998201676] [hobot_yolo_world]: Sub img fps: 19.76, Smart fps: 11.65, pre process time ms: 26, infer time ms: 393, post process time ms: 2
[WARN] [1781269915.037745430] [hobot_yolo_world]: Sub img fps: 20.31, Smart fps: 13.47, pre process time ms: 25, infer time ms: 313, post process time ms: 1
[WARN] [1781269916.151930162] [hobot_yolo_world]: Sub img fps: 19.98, Smart fps: 11.67, pre process time ms: 30, infer time ms: 394, post process time ms: 1
[WARN] [1781269917.188724707] [hobot_yolo_world]: Sub img fps: 20.10, Smart fps: 13.51, pre process time ms: 26, infer time ms: 314, post process time ms: 1
[WARN] [1781269918.303858645] [hobot_yolo_world]: Sub img fps: 20.00, Smart fps: 11.66, pre process time ms: 27, infer time ms: 395, post process time ms: 1
[WARN] [1781269919.343550771] [hobot_yolo_world]: Sub img fps: 19.59, Smart fps: 13.49, pre process time ms: 24, infer time ms: 317, post process time ms: 2
[WARN] [1781269920.460704999] [hobot_yolo_world]: Sub img fps: 20.39, Smart fps: 11.64, pre process time ms: 28, infer time ms: 393, post process time ms: 1
[WARN] [1781269921.497833749] [hobot_yolo_world]: Sub img fps: 20.11, Smart fps: 13.50, pre process time ms: 26, infer time ms: 298, post process time ms: 1
[WARN] [1781269922.613951393] [hobot_yolo_world]: Sub img fps: 19.86, Smart fps: 11.65, pre process time ms: 26, infer time ms: 395, post process time ms: 1
[WARN] [1781269923.651129600] [hobot_yolo_world]: Sub img fps: 19.46, Smart fps: 13.50, pre process time ms: 25, infer time ms: 315, post process time ms: 2
[WARN] [1781269924.766216242] [hobot_yolo_world]: Sub img fps: 20.67, Smart fps: 11.66, pre process time ms: 24, infer time ms: 375, post process time ms: 2
[WARN] [1781269925.804685072] [hobot_yolo_world]: Sub img fps: 19.78, Smart fps: 13.49, pre process time ms: 28, infer time ms: 314, post process time ms: 1
[WARN] [1781269926.919565963] [hobot_yolo_world]: Sub img fps: 19.94, Smart fps: 11.67, pre process time ms: 44, infer time ms: 376, post process time ms: 1
[WARN] [1781269927.957764042] [hobot_yolo_world]: Sub img fps: 20.33, Smart fps: 13.49, pre process time ms: 25, infer time ms: 303, post process time ms: 1
[WARN] [1781269929.074365972] [hobot_yolo_world]: Sub img fps: 19.98, Smart fps: 11.65, pre process time ms: 24, infer time ms: 395, post process time ms: 2
[WARN] [1781269930.112945049] [hobot_yolo_world]: Sub img fps: 19.94, Smart fps: 13.49, pre process time ms: 25, infer time ms: 314, post process time ms: 1
[WARN] [1781269931.227975187] [hobot_yolo_world]: Sub img fps: 20.00, Smart fps: 11.66, pre process time ms: 23, infer time ms: 394, post process time ms: 1
[WARN] [1781269932.267810512] [hobot_yolo_world]: Sub img fps: 20.10, Smart fps: 13.47, pre process time ms: 24, infer time ms: 316, post process time ms: 1
[WARN] [1781269933.383387148] [hobot_yolo_world]: Sub img fps: 19.86, Smart fps: 11.66, pre process time ms: 25, infer time ms: 394, post process time ms: 2
[WARN] [1781269934.422529514] [hobot_yolo_world]: Sub img fps: 19.79, Smart fps: 13.47, pre process time ms: 23, infer time ms: 316, post process time ms: 1
[WARN] [1781269935.537876482] [hobot_yolo_world]: Sub img fps: 20.41, Smart fps: 11.66, pre process time ms: 43, infer time ms: 390, post process time ms: 1
[WARN] [1781269936.575527222] [hobot_yolo_world]: Sub img fps: 19.67, Smart fps: 13.50, pre process time ms: 27, infer time ms: 313, post process time ms: 1
[WARN] [1781269937.697733144] [hobot_yolo_world]: Sub img fps: 20.23, Smart fps: 11.59, pre process time ms: 26, infer time ms: 379, post process time ms: 1
[WARN] [1781269938.735152466] [hobot_yolo_world]: Sub img fps: 20.08, Smart fps: 13.50, pre process time ms: 25, infer time ms: 315, post process time ms: 2
[WARN] [1781269939.850929764] [hobot_yolo_world]: Sub img fps: 19.66, Smart fps: 11.66, pre process time ms: 46, infer time ms: 394, post process time ms: 1
[WARN] [1781269940.890251834] [hobot_yolo_world]: Sub img fps: 20.35, Smart fps: 13.47, pre process time ms: 25, infer time ms: 297, post process time ms: 2
[WARN] [1781269942.005673047] [hobot_yolo_world]: Sub img fps: 20.13, Smart fps: 11.66, pre process time ms: 28, infer time ms: 394, post process time ms: 1
[WARN] [1781269943.045975907] [hobot_yolo_world]: Sub img fps: 19.27, Smart fps: 13.46, pre process time ms: 25, infer time ms: 316, post process time ms: 1
[WARN] [1781269944.162962952] [hobot_yolo_world]: Sub img fps: 20.65, Smart fps: 11.65, pre process time ms: 26, infer time ms: 395, post process time ms: 2
[WARN] [1781269945.201732644] [hobot_yolo_world]: Sub img fps: 19.94, Smart fps: 13.47, pre process time ms: 28, infer time ms: 316, post process time ms: 1
[WARN] [1781269946.317247355] [hobot_yolo_world]: Sub img fps: 20.04, Smart fps: 11.66, pre process time ms: 24, infer time ms: 395, post process time ms: 2
[WARN] [1781269947.357032378] [hobot_yolo_world]: Sub img fps: 19.94, Smart fps: 13.47, pre process time ms: 26, infer time ms: 315, post process time ms: 2
[WARN] [1781269948.475176545] [hobot_yolo_world]: Sub img fps: 19.90, Smart fps: 11.63, pre process time ms: 26, infer time ms: 235, post process time ms: 2
[WARN] [1781269949.513438151] [hobot_yolo_world]: Sub img fps: 20.27, Smart fps: 13.49, pre process time ms: 28, infer time ms: 315, post process time ms: 2
[WARN] [1781269950.631701108] [hobot_yolo_world]: Sub img fps: 19.94, Smart fps: 11.63, pre process time ms: 23, infer time ms: 396, post process time ms: 1
[WARN] [1781269951.671046087] [hobot_yolo_world]: Sub img fps: 19.76, Smart fps: 13.47, pre process time ms: 23, infer time ms: 297, post process time ms: 2
[WARN] [1781269952.786265418] [hobot_yolo_world]: Sub img fps: 20.33, Smart fps: 11.67, pre process time ms: 24, infer time ms: 393, post process time ms: 2
[WARN] [1781269953.824286480] [hobot_yolo_world]: Sub img fps: 19.92, Smart fps: 13.49, pre process time ms: 23, infer time ms: 316, post process time ms: 2
[WARN] [1781269954.940613059] [hobot_yolo_world]: Sub img fps: 20.08, Smart fps: 11.65, pre process time ms: 26, infer time ms: 393, post process time ms: 1
[WARN] [1781269955.980380036] [hobot_yolo_world]: Sub img fps: 20.08, Smart fps: 13.47, pre process time ms: 26, infer time ms: 297, post process time ms: 2
[WARN] [1781269957.097224072] [hobot_yolo_world]: Sub img fps: 19.94, Smart fps: 11.65, pre process time ms: 28, infer time ms: 394, post process time ms: 2
[WARN] [1781269958.135025714] [hobot_yolo_world]: Sub img fps: 19.89, Smart fps: 13.49, pre process time ms: 24, infer time ms: 314, post process time ms: 2
[WARN] [1781269959.251956166] [hobot_yolo_world]: Sub img fps: 20.15, Smart fps: 11.65, pre process time ms: 52, infer time ms: 376, post process time ms: 1
[WARN] [1781269960.290817598] [hobot_yolo_world]: Sub img fps: 19.96, Smart fps: 13.49, pre process time ms: 26, infer time ms: 316, post process time ms: 1
[WARN] [1781269961.406290757] [hobot_yolo_world]: Sub img fps: 19.98, Smart fps: 11.66, pre process time ms: 27, infer time ms: 394, post process time ms: 2
[WARN] [1781269962.445115521] [hobot_yolo_world]: Sub img fps: 20.04, Smart fps: 13.49, pre process time ms: 25, infer time ms: 317, post process time ms: 2
[WARN] [1781269963.561352845] [hobot_yolo_world]: Sub img fps: 19.96, Smart fps: 11.65, pre process time ms: 26, infer time ms: 394, post process time ms: 2
[WARN] [1781269964.603191232] [hobot_yolo_world]: Sub img fps: 19.98, Smart fps: 13.45, pre process time ms: 28, infer time ms: 317, post process time ms: 2
[WARN] [1781269965.719895595] [hobot_yolo_world]: Sub img fps: 19.98, Smart fps: 11.65, pre process time ms: 45, infer time ms: 394, post process time ms: 1
[WARN] [1781269966.757652358] [hobot_yolo_world]: Sub img fps: 20.10, Smart fps: 13.50, pre process time ms: 24, infer time ms: 308, post process time ms: 1
[WARN] [1781269967.874784720] [hobot_yolo_world]: Sub img fps: 19.92, Smart fps: 11.64, pre process time ms: 24, infer time ms: 376, post process time ms: 1
[WARN] [1781269968.915148146] [hobot_yolo_world]: Sub img fps: 20.10, Smart fps: 13.46, pre process time ms: 28, infer time ms: 316, post process time ms: 2
[WARN] [1781269970.030600632] [hobot_yolo_world]: Sub img fps: 19.78, Smart fps: 11.66, pre process time ms: 26, infer time ms: 375, post process time ms: 1
[WARN] [1781269971.068771100] [hobot_yolo_world]: Sub img fps: 20.25, Smart fps: 13.50, pre process time ms: 24, infer time ms: 297, post process time ms: 1
[WARN] [1781269972.185694001] [hobot_yolo_world]: Sub img fps: 19.94, Smart fps: 11.65, pre process time ms: 25, infer time ms: 394, post process time ms: 1
[WARN] [1781269973.224240759] [hobot_yolo_world]: Sub img fps: 19.39, Smart fps: 13.49, pre process time ms: 23, infer time ms: 317, post process time ms: 2
[WARN] [1781269974.337745409] [hobot_yolo_world]: Sub img fps: 20.67, Smart fps: 11.68, pre process time ms: 26, infer time ms: 393, post process time ms: 1
[WARN] [1781269975.376244375] [hobot_yolo_world]: Sub img fps: 20.00, Smart fps: 13.49, pre process time ms: 25, infer time ms: 315, post process time ms: 2
[WARN] [1781269976.419743337] [hobot_yolo_world]: Sub img fps: 19.94, Smart fps: 12.46, pre process time ms: 39, infer time ms: 298, post process time ms: 1
[WARN] [1781269977.537212735] [hobot_yolo_world]: Sub img fps: 19.72, Smart fps: 11.64, pre process time ms: 28, infer time ms: 393, post process time ms: 2
[WARN] [1781269978.574248698] [hobot_yolo_world]: Sub img fps: 20.41, Smart fps: 13.51, pre process time ms: 25, infer time ms: 298, post process time ms: 2
[WARN] [1781269979.689339261] [hobot_yolo_world]: Sub img fps: 20.00, Smart fps: 11.66, pre process time ms: 26, infer time ms: 393, post process time ms: 2
[WARN] [1781269980.728656390] [hobot_yolo_world]: Sub img fps: 19.85, Smart fps: 13.47, pre process time ms: 23, infer time ms: 315, post process time ms: 1
[WARN] [1781269981.846242284] [hobot_yolo_world]: Sub img fps: 20.13, Smart fps: 11.64, pre process time ms: 26, infer time ms: 395, post process time ms: 2
[WARN] [1781269982.885966744] [hobot_yolo_world]: Sub img fps: 20.08, Smart fps: 13.47, pre process time ms: 23, infer time ms: 317, post process time ms: 2
[WARN] [1781269984.011834843] [hobot_yolo_world]: Sub img fps: 19.96, Smart fps: 11.55, pre process time ms: 42, infer time ms: 403, post process time ms: 1
[WARN] [1781269985.049711177] [hobot_yolo_world]: Sub img fps: 20.04, Smart fps: 13.49, pre process time ms: 26, infer time ms: 298, post process time ms: 1
[WARN] [1781269986.165666944] [hobot_yolo_world]: Sub img fps: 20.04, Smart fps: 11.66, pre process time ms: 23, infer time ms: 395, post process time ms: 1
[WARN] [1781269987.205142527] [hobot_yolo_world]: Sub img fps: 19.55, Smart fps: 13.47, pre process time ms: 28, infer time ms: 295, post process time ms: 2
[WARN] [1781269988.321423084] [hobot_yolo_world]: Sub img fps: 20.45, Smart fps: 11.65, pre process time ms: 24, infer time ms: 394, post process time ms: 2
[WARN] [1781269989.367973121] [hobot_yolo_world]: Sub img fps: 20.02, Smart fps: 13.38, pre process time ms: 24, infer time ms: 315, post process time ms: 1
[WARN] [1781269990.483410636] [hobot_yolo_world]: Sub img fps: 20.02, Smart fps: 11.66, pre process time ms: 24, infer time ms: 393, post process time ms: 2
[WARN] [1781269991.524308507] [hobot_yolo_world]: Sub img fps: 20.10, Smart fps: 13.46, pre process time ms: 26, infer time ms: 312, post process time ms: 2
[WARN] [1781269992.639899395] [hobot_yolo_world]: Sub img fps: 19.94, Smart fps: 11.66, pre process time ms: 44, infer time ms: 392, post process time ms: 1
[WARN] [1781269993.676724267] [hobot_yolo_world]: Sub img fps: 20.10, Smart fps: 13.51, pre process time ms: 23, infer time ms: 315, post process time ms: 1
[WARN] [1781269994.800506609] [hobot_yolo_world]: Sub img fps: 18.89, Smart fps: 11.58, pre process time ms: 25, infer time ms: 399, post process time ms: 1
[WARN] [1781269995.841063145] [hobot_yolo_world]: Sub img fps: 21.05, Smart fps: 13.46, pre process time ms: 25, infer time ms: 316, post process time ms: 2
[WARN] [1781269996.961146279] [hobot_yolo_world]: Sub img fps: 18.99, Smart fps: 11.61, pre process time ms: 27, infer time ms: 378, post process time ms: 2
[WARN] [1781269998.003551812] [hobot_yolo_world]: Sub img fps: 21.09, Smart fps: 13.44, pre process time ms: 24, infer time ms: 300, post process time ms: 2
[WARN] [1781269999.121591154] [hobot_yolo_world]: Sub img fps: 19.96, Smart fps: 11.63, pre process time ms: 26, infer time ms: 394, post process time ms: 1
[WARN] [1781270000.160885437] [hobot_yolo_world]: Sub img fps: 20.08, Smart fps: 13.47, pre process time ms: 25, infer time ms: 313, post process time ms: 1
[WARN] [1781270001.275170112] [hobot_yolo_world]: Sub img fps: 20.02, Smart fps: 11.67, pre process time ms: 23, infer time ms: 393, post process time ms: 2
[WARN] [1781270002.313361936] [hobot_yolo_world]: Sub img fps: 19.98, Smart fps: 13.50, pre process time ms: 23, infer time ms: 296, post process time ms: 2
[WARN] [1781270003.428402318] [hobot_yolo_world]: Sub img fps: 19.82, Smart fps: 11.66, pre process time ms: 23, infer time ms: 392, post process time ms: 2
[WARN] [1781270004.465897016] [hobot_yolo_world]: Sub img fps: 20.08, Smart fps: 13.50, pre process time ms: 24, infer time ms: 315, post process time ms: 1
[WARN] [1781270005.581227104] [hobot_yolo_world]: Sub img fps: 19.70, Smart fps: 11.66, pre process time ms: 23, infer time ms: 393, post process time ms: 2
[WARN] [1781270006.618681885] [hobot_yolo_world]: Sub img fps: 20.49, Smart fps: 13.50, pre process time ms: 23, infer time ms: 316, post process time ms: 1
[WARN] [1781270007.733000514] [hobot_yolo_world]: Sub img fps: 19.94, Smart fps: 11.67, pre process time ms: 25, infer time ms: 375, post process time ms: 1
[WARN] [1781270008.776698333] [hobot_yolo_world]: Sub img fps: 19.92, Smart fps: 13.42, pre process time ms: 24, infer time ms: 312, post process time ms: 1
[WARN] [1781270009.892963668] [hobot_yolo_world]: Sub img fps: 19.53, Smart fps: 11.65, pre process time ms: 26, infer time ms: 394, post process time ms: 1
[WARN] [1781270010.930866154] [hobot_yolo_world]: Sub img fps: 20.43, Smart fps: 13.50, pre process time ms: 23, infer time ms: 316, post process time ms: 1
[WARN] [1781270012.047533197] [hobot_yolo_world]: Sub img fps: 19.74, Smart fps: 11.65, pre process time ms: 27, infer time ms: 394, post process time ms: 2
[WARN] [1781270013.086497348] [hobot_yolo_world]: Sub img fps: 20.17, Smart fps: 13.49, pre process time ms: 25, infer time ms: 316, post process time ms: 2
[WARN] [1781270014.200598598] [hobot_yolo_world]: Sub img fps: 19.82, Smart fps: 11.67, pre process time ms: 29, infer time ms: 394, post process time ms: 1
[WARN] [1781270015.237729749] [hobot_yolo_world]: Sub img fps: 19.86, Smart fps: 13.50, pre process time ms: 46, infer time ms: 315, post process time ms: 1
[WARN] [1781270016.353233122] [hobot_yolo_world]: Sub img fps: 19.70, Smart fps: 11.66, pre process time ms: 28, infer time ms: 376, post process time ms: 2
[WARN] [1781270017.392532771] [hobot_yolo_world]: Sub img fps: 20.19, Smart fps: 13.47, pre process time ms: 25, infer time ms: 317, post process time ms: 2
[WARN] [1781270018.508701101] [hobot_yolo_world]: Sub img fps: 20.31, Smart fps: 11.65, pre process time ms: 45, infer time ms: 393, post process time ms: 1
[WARN] [1781270019.546872207] [hobot_yolo_world]: Sub img fps: 19.80, Smart fps: 13.49, pre process time ms: 33, infer time ms: 298, post process time ms: 1
[WARN] [1781270020.661166203] [hobot_yolo_world]: Sub img fps: 20.13, Smart fps: 11.67, pre process time ms: 25, infer time ms: 393, post process time ms: 2
[WARN] [1781270021.699010225] [hobot_yolo_world]: Sub img fps: 20.10, Smart fps: 13.49, pre process time ms: 25, infer time ms: 316, post process time ms: 2
[WARN] [1781270022.813072595] [hobot_yolo_world]: Sub img fps: 19.63, Smart fps: 11.68, pre process time ms: 43, infer time ms: 376, post process time ms: 2
[WARN] [1781270023.851219116] [hobot_yolo_world]: Sub img fps: 19.83, Smart fps: 13.49, pre process time ms: 43, infer time ms: 314, post process time ms: 2
[WARN] [1781270024.965454776] [hobot_yolo_world]: Sub img fps: 20.63, Smart fps: 11.68, pre process time ms: 24, infer time ms: 393, post process time ms: 2
[WARN] [1781270026.012866459] [hobot_yolo_world]: Sub img fps: 19.88, Smart fps: 13.37, pre process time ms: 25, infer time ms: 325, post process time ms: 1
[WARN] [1781270027.044387147] [hobot_yolo_world]: Sub img fps: 19.66, Smart fps: 12.61, pre process time ms: 28, infer time ms: 298, post process time ms: 2
[WARN] [1781270028.160633304] [hobot_yolo_world]: Sub img fps: 20.35, Smart fps: 11.65, pre process time ms: 26, infer time ms: 375, post process time ms: 2
[WARN] [1781270029.198463822] [hobot_yolo_world]: Sub img fps: 20.10, Smart fps: 13.49, pre process time ms: 27, infer time ms: 316, post process time ms: 1
[WARN] [1781270030.312951146] [hobot_yolo_world]: Sub img fps: 19.96, Smart fps: 11.67, pre process time ms: 27, infer time ms: 394, post process time ms: 1
[WARN] [1781270031.352417995] [hobot_yolo_world]: Sub img fps: 19.98, Smart fps: 13.47, pre process time ms: 25, infer time ms: 297, post process time ms: 2
[WARN] [1781270032.467258484] [hobot_yolo_world]: Sub img fps: 20.00, Smart fps: 11.67, pre process time ms: 24, infer time ms: 393, post process time ms: 2
[WARN] [1781270033.505917833] [hobot_yolo_world]: Sub img fps: 20.11, Smart fps: 13.49, pre process time ms: 25, infer time ms: 315, post process time ms: 1
[WARN] [1781270034.622074987] [hobot_yolo_world]: Sub img fps: 19.63, Smart fps: 11.66, pre process time ms: 26, infer time ms: 394, post process time ms: 2
[WARN] [1781270035.660864500] [hobot_yolo_world]: Sub img fps: 20.37, Smart fps: 13.47, pre process time ms: 27, infer time ms: 298, post process time ms: 1
[WARN] [1781270036.778160945] [hobot_yolo_world]: Sub img fps: 19.98, Smart fps: 11.64, pre process time ms: 25, infer time ms: 394, post process time ms: 2
[WARN] [1781270037.815700416] [hobot_yolo_world]: Sub img fps: 20.02, Smart fps: 13.50, pre process time ms: 24, infer time ms: 315, post process time ms: 1
[WARN] [1781270038.932312151] [hobot_yolo_world]: Sub img fps: 19.70, Smart fps: 11.65, pre process time ms: 25, infer time ms: 393, post process time ms: 2
[WARN] [1781270039.969158205] [hobot_yolo_world]: Sub img fps: 19.94, Smart fps: 13.50, pre process time ms: 25, infer time ms: 315, post process time ms: 2
[WARN] [1781270041.084286605] [hobot_yolo_world]: Sub img fps: 19.94, Smart fps: 11.67, pre process time ms: 27, infer time ms: 393, post process time ms: 2
[WARN] [1781270042.122029574] [hobot_yolo_world]: Sub img fps: 20.08, Smart fps: 13.49, pre process time ms: 24, infer time ms: 316, post process time ms: 2
[WARN] [1781270043.237227599] [hobot_yolo_world]: Sub img fps: 19.98, Smart fps: 11.66, pre process time ms: 23, infer time ms: 392, post process time ms: 2
[WARN] [1781270044.277876316] [hobot_yolo_world]: Sub img fps: 20.04, Smart fps: 13.46, pre process time ms: 25, infer time ms: 312, post process time ms: 1
[WARN] [1781270045.392517422] [hobot_yolo_world]: Sub img fps: 20.02, Smart fps: 11.67, pre process time ms: 40, infer time ms: 394, post process time ms: 2
[WARN] [1781270046.432142097] [hobot_yolo_world]: Sub img fps: 19.94, Smart fps: 13.47, pre process time ms: 23, infer time ms: 298, post process time ms: 2
[WARN] [1781270047.547981452] [hobot_yolo_world]: Sub img fps: 20.10, Smart fps: 11.65, pre process time ms: 28, infer time ms: 393, post process time ms: 1
[WARN] [1781270048.588622708] [hobot_yolo_world]: Sub img fps: 19.94, Smart fps: 13.46, pre process time ms: 48, infer time ms: 316, post process time ms: 1
[WARN] [1781270049.705985520] [hobot_yolo_world]: Sub img fps: 19.57, Smart fps: 11.64, pre process time ms: 29, infer time ms: 395, post process time ms: 1
[WARN] [1781270050.746176109] [hobot_yolo_world]: Sub img fps: 20.49, Smart fps: 13.46, pre process time ms: 34, infer time ms: 316, post process time ms: 2
[WARN] [1781270051.861501711] [hobot_yolo_world]: Sub img fps: 20.04, Smart fps: 11.66, pre process time ms: 43, infer time ms: 376, post process time ms: 1
[WARN] [1781270052.901446674] [hobot_yolo_world]: Sub img fps: 19.74, Smart fps: 13.47, pre process time ms: 27, infer time ms: 316, post process time ms: 2
[WARN] [1781270054.019977983] [hobot_yolo_world]: Sub img fps: 19.57, Smart fps: 11.64, pre process time ms: 24, infer time ms: 394, post process time ms: 2
[WARN] [1781270055.058100403] [hobot_yolo_world]: Sub img fps: 20.77, Smart fps: 13.49, pre process time ms: 25, infer time ms: 316, post process time ms: 2
[WARN] [1781270056.173289504] [hobot_yolo_world]: Sub img fps: 19.92, Smart fps: 11.66, pre process time ms: 24, infer time ms: 394, post process time ms: 2
[WARN] [1781270057.213950631] [hobot_yolo_world]: Sub img fps: 19.96, Smart fps: 13.46, pre process time ms: 24, infer time ms: 315, post process time ms: 1
[WARN] [1781270058.329511271] [hobot_yolo_world]: Sub img fps: 20.10, Smart fps: 11.66, pre process time ms: 23, infer time ms: 393, post process time ms: 2
[WARN] [1781270059.368056939] [hobot_yolo_world]: Sub img fps: 20.00, Smart fps: 13.49, pre process time ms: 24, infer time ms: 316, post process time ms: 2
[WARN] [1781270060.484978704] [hobot_yolo_world]: Sub img fps: 19.88, Smart fps: 11.65, pre process time ms: 25, infer time ms: 393, post process time ms: 2
[WARN] [1781270061.521576288] [hobot_yolo_world]: Sub img fps: 20.13, Smart fps: 13.50, pre process time ms: 25, infer time ms: 315, post process time ms: 1
[WARN] [1781270062.637509176] [hobot_yolo_world]: Sub img fps: 19.96, Smart fps: 11.66, pre process time ms: 27, infer time ms: 394, post process time ms: 1
[WARN] [1781270063.675549342] [hobot_yolo_world]: Sub img fps: 19.96, Smart fps: 13.49, pre process time ms: 22, infer time ms: 316, post process time ms: 1
[WARN] [1781270064.793368979] [hobot_yolo_world]: Sub img fps: 19.98, Smart fps: 11.64, pre process time ms: 27, infer time ms: 394, post process time ms: 2
[WARN] [1781270065.830868519] [hobot_yolo_world]: Sub img fps: 20.10, Smart fps: 13.50, pre process time ms: 23, infer time ms: 315, post process time ms: 1
[WARN] [1781270066.946928821] [hobot_yolo_world]: Sub img fps: 20.00, Smart fps: 11.65, pre process time ms: 26, infer time ms: 394, post process time ms: 1
[WARN] [1781270067.986156277] [hobot_yolo_world]: Sub img fps: 19.92, Smart fps: 13.49, pre process time ms: 23, infer time ms: 316, post process time ms: 2
[WARN] [1781270069.101325370] [hobot_yolo_world]: Sub img fps: 20.08, Smart fps: 11.66, pre process time ms: 27, infer time ms: 393, post process time ms: 2
[WARN] [1781270070.140807157] [hobot_yolo_world]: Sub img fps: 20.10, Smart fps: 13.47, pre process time ms: 25, infer time ms: 298, post process time ms: 1
[WARN] [1781270071.256684416] [hobot_yolo_world]: Sub img fps: 19.57, Smart fps: 11.65, pre process time ms: 44, infer time ms: 392, post process time ms: 1
[WARN] [1781270072.298099534] [hobot_yolo_world]: Sub img fps: 20.33, Smart fps: 13.45, pre process time ms: 27, infer time ms: 317, post process time ms: 2
[WARN] [1781270073.411571126] [hobot_yolo_world]: Sub img fps: 20.10, Smart fps: 11.68, pre process time ms: 24, infer time ms: 393, post process time ms: 2
[WARN] [1781270074.451348411] [hobot_yolo_world]: Sub img fps: 19.94, Smart fps: 13.47, pre process time ms: 26, infer time ms: 316, post process time ms: 2
[WARN] [1781270075.566216126] [hobot_yolo_world]: Sub img fps: 20.00, Smart fps: 11.67, pre process time ms: 23, infer time ms: 393, post process time ms: 2
[WARN] [1781270076.604033119] [hobot_yolo_world]: Sub img fps: 19.96, Smart fps: 13.50, pre process time ms: 25, infer time ms: 297, post process time ms: 2
