[INFO] [launch]: All log files can be found below /root/.ros/log/2026-06-19-15-42-32-289568-ubuntu-30217
[INFO] [launch]: Default logging verbosity is set to INFO
[INFO] [ydlidar_ros2_driver_node-1]: process started with pid [30219]
[INFO] [static_transform_publisher-2]: process started with pid [30221]
[ydlidar_ros2_driver_node-1] [0m[INFO] [1781854952.570208018] [ydlidar_ros2_driver_node]: [YDLIDAR INFO] Current ROS Driver Version: 1.0.1
[ydlidar_ros2_driver_node-1] [0m
[ydlidar_ros2_driver_node-1] [YDLIDAR] SDK initializing
[ydlidar_ros2_driver_node-1] [YDLIDAR] SDK has been initialized
[ydlidar_ros2_driver_node-1] [YDLIDAR] SDK Version: 1.1.21
[static_transform_publisher-2] [WARN] [1781854952.571027934] []: Old-style arguments are deprecated; see --help for new-style arguments
[static_transform_publisher-2] [INFO] [1781854952.647129222] [static_tf_pub_laser]: Spinning until stopped - publishing transform
[static_transform_publisher-2] translation: ('0.000000', '0.000000', '0.020000')
[static_transform_publisher-2] rotation: ('0.000000', '0.000000', '0.000000', '1.000000')
[static_transform_publisher-2] from 'base_link' to 'laser'
[ydlidar_ros2_driver_node-1] [YDLIDAR] Lidar successfully connected [/dev/ydlidar:230400]
[ydlidar_ros2_driver_node-1] [YDLIDAR] Lidar running correctly! The health status: good
[ydlidar_ros2_driver_node-1] [YDLIDAR] Baseplate device info
[ydlidar_ros2_driver_node-1] Firmware version: 1.2
[ydlidar_ros2_driver_node-1] Hardware version: 1
[ydlidar_ros2_driver_node-1] Model: unkown(YD-151)
[ydlidar_ros2_driver_node-1] Serial: 2026022800090821
[ydlidar_ros2_driver_node-1] [YDLIDAR] Current scan frequency: 10.00Hz
[ydlidar_ros2_driver_node-1] [YDLIDAR] Lidar init success, Elapsed time 1407 ms
[ydlidar_ros2_driver_node-1] [YDLIDAR] Start to getting intensity flag
[ydlidar_ros2_driver_node-1] [YDLIDAR] Auto set intensity 1
[ydlidar_ros2_driver_node-1] [YDLIDAR] End to getting intensity flag
[ydlidar_ros2_driver_node-1] [YDLIDAR] Create thread 0x79E8A8E0
[ydlidar_ros2_driver_node-1] [YDLIDAR] Successed to start scan mode, Elapsed time 2692 ms
[ydlidar_ros2_driver_node-1] [YDLIDAR] Fixed Size: 404
[ydlidar_ros2_driver_node-1] [YDLIDAR] Sample Rate: 4.00K
[ydlidar_ros2_driver_node-1] [YDLIDAR] Successed to check the lidar, Elapsed time 0 ms
[ydlidar_ros2_driver_node-1] [YDLIDAR] Now lidar is scanning...
[ydlidar_ros2_driver_node-1] timeout count: 1
[ydlidar_ros2_driver_node-1] [YDLIDAR ERROR]: Device Block
[ydlidar_ros2_driver_node-1] [31m[ERROR] [1781854973.258598801] [ydlidar_ros2_driver_node]: Failed to get scan[0m
[ydlidar_ros2_driver_node-1] timeout count: 2
[ydlidar_ros2_driver_node-1] [YDLIDAR ERROR]: Device Block
[ydlidar_ros2_driver_node-1] [31m[ERROR] [1781854975.259260683] [ydlidar_ros2_driver_node]: Failed to get scan[0m
[ydlidar_ros2_driver_node-1] [YDLIDAR ERROR]: Device Block
[ydlidar_ros2_driver_node-1] [31m[ERROR] [1781854977.259919189] [ydlidar_ros2_driver_node]: Failed to get scan[0m
[ydlidar_ros2_driver_node-1] [31m[ERROR] [1781854979.260491319] [ydlidar_ros2_driver_node]: Failed to get scan[0m
[ydlidar_ros2_driver_node-1] timeout count: 1
[ydlidar_ros2_driver_node-1] [YDLIDAR ERROR]: Operation timed out
[ydlidar_ros2_driver_node-1] [31m[ERROR] [1781855629.487917003] [ydlidar_ros2_driver_node]: Failed to get scan[0m
[ydlidar_ros2_driver_node-1] timeout count: 2
[ydlidar_ros2_driver_node-1] timeout count: 1
[ydlidar_ros2_driver_node-1] timeout count: 1
[ydlidar_ros2_driver_node-1] timeout count: 1
[ydlidar_ros2_driver_node-1] timeout count: 1
[ydlidar_ros2_driver_node-1] timeout count: 1
[ydlidar_ros2_driver_node-1] [YDLIDAR ERROR]: Operation timed out
[ydlidar_ros2_driver_node-1] [31m[ERROR] [1781855656.617403242] [ydlidar_ros2_driver_node]: Failed to get scan[0m
[ydlidar_ros2_driver_node-1] [YDLIDAR ERROR]: Device Failed
[ydlidar_ros2_driver_node-1] [31m[ERROR] [1781855658.618315911] [ydlidar_ros2_driver_node]: Failed to get scan[0m
[ydlidar_ros2_driver_node-1] timeout count: 1
[ydlidar_ros2_driver_node-1] [YDLIDAR ERROR]: Operation timed out
[ydlidar_ros2_driver_node-1] [31m[ERROR] [1781855664.331485823] [ydlidar_ros2_driver_node]: Failed to get scan[0m
[ydlidar_ros2_driver_node-1] timeout count: 1
[ydlidar_ros2_driver_node-1] [YDLIDAR ERROR]: Operation timed out
[ydlidar_ros2_driver_node-1] [31m[ERROR] [1781855677.024261722] [ydlidar_ros2_driver_node]: Failed to get scan[0m
[ydlidar_ros2_driver_node-1] [31m[ERROR] [1781855679.025105866] [ydlidar_ros2_driver_node]: Failed to get scan[0m
[ydlidar_ros2_driver_node-1] timeout count: 1
[ydlidar_ros2_driver_node-1] timeout count: 1
[ydlidar_ros2_driver_node-1] timeout count: 1
[ydlidar_ros2_driver_node-1] timeout count: 1
[ydlidar_ros2_driver_node-1] [YDLIDAR ERROR]: Operation timed out
[ydlidar_ros2_driver_node-1] [31m[ERROR] [1781855696.177186247] [ydlidar_ros2_driver_node]: Failed to get scan[0m
[ydlidar_ros2_driver_node-1] [31m[ERROR] [1781855698.178327619] [ydlidar_ros2_driver_node]: Failed to get scan[0m
[ydlidar_ros2_driver_node-1] timeout count: 1
[ydlidar_ros2_driver_node-1] timeout count: 1
[ydlidar_ros2_driver_node-1] timeout count: 1
[ydlidar_ros2_driver_node-1] timeout count: 1
[ydlidar_ros2_driver_node-1] timeout count: 1
[ydlidar_ros2_driver_node-1] timeout count: 1
[ydlidar_ros2_driver_node-1] timeout count: 1
[ydlidar_ros2_driver_node-1] [YDLIDAR ERROR]: Operation timed out
[ydlidar_ros2_driver_node-1] [31m[ERROR] [1781855714.577801816] [ydlidar_ros2_driver_node]: Failed to get scan[0m
[ydlidar_ros2_driver_node-1] timeout count: 1
[ydlidar_ros2_driver_node-1] [YDLIDAR ERROR]: Operation timed out
[ydlidar_ros2_driver_node-1] [31m[ERROR] [1781855716.978475387] [ydlidar_ros2_driver_node]: Failed to get scan[0m
[ydlidar_ros2_driver_node-1] timeout count: 1
[ydlidar_ros2_driver_node-1] timeout count: 1
[ydlidar_ros2_driver_node-1] [YDLIDAR ERROR]: Operation timed out
[ydlidar_ros2_driver_node-1] [31m[ERROR] [1781855729.668412021] [ydlidar_ros2_driver_node]: Failed to get scan[0m
[ydlidar_ros2_driver_node-1] timeout count: 1
[ydlidar_ros2_driver_node-1] timeout count: 1
[ydlidar_ros2_driver_node-1] timeout count: 1
[ydlidar_ros2_driver_node-1] [YDLIDAR ERROR]: Operation timed out
[ydlidar_ros2_driver_node-1] [31m[ERROR] [1781855742.058532455] [ydlidar_ros2_driver_node]: Failed to get scan[0m
[ydlidar_ros2_driver_node-1] timeout count: 1
[ydlidar_ros2_driver_node-1] [YDLIDAR ERROR]: Operation timed out
[ydlidar_ros2_driver_node-1] [31m[ERROR] [1781855745.457498960] [ydlidar_ros2_driver_node]: Failed to get scan[0m
[ydlidar_ros2_driver_node-1] timeout count: 1
[ydlidar_ros2_driver_node-1] timeout count: 1
[ydlidar_ros2_driver_node-1] [YDLIDAR ERROR]: Operation timed out
[ydlidar_ros2_driver_node-1] [31m[ERROR] [1781855751.755549425] [ydlidar_ros2_driver_node]: Failed to get scan[0m
[ydlidar_ros2_driver_node-1] timeout count: 1
[ydlidar_ros2_driver_node-1] timeout count: 1
[ydlidar_ros2_driver_node-1] [YDLIDAR ERROR]: Operation timed out
[ydlidar_ros2_driver_node-1] [31m[ERROR] [1781855754.849316140] [ydlidar_ros2_driver_node]: Failed to get scan[0m
[ydlidar_ros2_driver_node-1] timeout count: 1
[ydlidar_ros2_driver_node-1] [YDLIDAR ERROR]: Operation timed out
[ydlidar_ros2_driver_node-1] [31m[ERROR] [1781855758.148251433] [ydlidar_ros2_driver_node]: Failed to get scan[0m
[ydlidar_ros2_driver_node-1] timeout count: 1
[ydlidar_ros2_driver_node-1] timeout count: 1
[ydlidar_ros2_driver_node-1] timeout count: 1
[ydlidar_ros2_driver_node-1] [YDLIDAR ERROR]: Operation timed out
[ydlidar_ros2_driver_node-1] [31m[ERROR] [1781855763.344779581] [ydlidar_ros2_driver_node]: Failed to get scan[0m
[ydlidar_ros2_driver_node-1] timeout count: 2
[ydlidar_ros2_driver_node-1] [YDLIDAR ERROR]: Operation timed out
[ydlidar_ros2_driver_node-1] [31m[ERROR] [1781855767.840814151] [ydlidar_ros2_driver_node]: Failed to get scan[0m
[ydlidar_ros2_driver_node-1] timeout count: 1
[ydlidar_ros2_driver_node-1] timeout count: 1
[ydlidar_ros2_driver_node-1] timeout count: 1
[ydlidar_ros2_driver_node-1] [YDLIDAR ERROR]: Operation timed out
[ydlidar_ros2_driver_node-1] [31m[ERROR] [1781855783.377424646] [ydlidar_ros2_driver_node]: Failed to get scan[0m
[ydlidar_ros2_driver_node-1] timeout count: 1
[ydlidar_ros2_driver_node-1] timeout count: 1
[ydlidar_ros2_driver_node-1] [YDLIDAR ERROR]: Operation timed out
[ydlidar_ros2_driver_node-1] [31m[ERROR] [1781855789.392991668] [ydlidar_ros2_driver_node]: Failed to get scan[0m
[ydlidar_ros2_driver_node-1] timeout count: 2
[ydlidar_ros2_driver_node-1] timeout count: 1
[ydlidar_ros2_driver_node-1] timeout count: 2
[ydlidar_ros2_driver_node-1] [YDLIDAR ERROR]: Operation timed out
[ydlidar_ros2_driver_node-1] [31m[ERROR] [1781855794.992940471] [ydlidar_ros2_driver_node]: Failed to get scan[0m
[ydlidar_ros2_driver_node-1] timeout count: 1
[ydlidar_ros2_driver_node-1] timeout count: 1
[ydlidar_ros2_driver_node-1] [YDLIDAR ERROR]: Operation timed out
[ydlidar_ros2_driver_node-1] [31m[ERROR] [1781855805.581418543] [ydlidar_ros2_driver_node]: Failed to get scan[0m
[ydlidar_ros2_driver_node-1] timeout count: 1
[ydlidar_ros2_driver_node-1] timeout count: 1
[ydlidar_ros2_driver_node-1] timeout count: 1
[ydlidar_ros2_driver_node-1] timeout count: 1
[ydlidar_ros2_driver_node-1] timeout count: 1
[ydlidar_ros2_driver_node-1] timeout count: 1
[ydlidar_ros2_driver_node-1] [YDLIDAR ERROR]: Operation timed out
[ydlidar_ros2_driver_node-1] [31m[ERROR] [1781855819.775520668] [ydlidar_ros2_driver_node]: Failed to get scan[0m
[ydlidar_ros2_driver_node-1] timeout count: 2
[ydlidar_ros2_driver_node-1] [YDLIDAR ERROR]: Operation timed out
[ydlidar_ros2_driver_node-1] [31m[ERROR] [1781855821.776296237] [ydlidar_ros2_driver_node]: Failed to get scan[0m
[ydlidar_ros2_driver_node-1] timeout count: 1
[ydlidar_ros2_driver_node-1] timeout count: 1
[ydlidar_ros2_driver_node-1] timeout count: 1
[ydlidar_ros2_driver_node-1] [YDLIDAR ERROR]: Operation timed out
[ydlidar_ros2_driver_node-1] [31m[ERROR] [1781855830.668995820] [ydlidar_ros2_driver_node]: Failed to get scan[0m
[ydlidar_ros2_driver_node-1] timeout count: 1
[ydlidar_ros2_driver_node-1] timeout count: 1
[ydlidar_ros2_driver_node-1] [YDLIDAR ERROR]: Operation timed out
[ydlidar_ros2_driver_node-1] [31m[ERROR] [1781855835.264989581] [ydlidar_ros2_driver_node]: Failed to get scan[0m
[ydlidar_ros2_driver_node-1] timeout count: 1
[ydlidar_ros2_driver_node-1] [YDLIDAR ERROR]: Operation timed out
[ydlidar_ros2_driver_node-1] [31m[ERROR] [1781855841.164249969] [ydlidar_ros2_driver_node]: Failed to get scan[0m
[ydlidar_ros2_driver_node-1] timeout count: 1
[ydlidar_ros2_driver_node-1] [YDLIDAR ERROR]: Operation timed out
[ydlidar_ros2_driver_node-1] [31m[ERROR] [1781855843.171482764] [ydlidar_ros2_driver_node]: Failed to get scan[0m
[ydlidar_ros2_driver_node-1] timeout count: 1
[ydlidar_ros2_driver_node-1] timeout count: 1
[ydlidar_ros2_driver_node-1] [YDLIDAR ERROR]: Operation timed out
[ydlidar_ros2_driver_node-1] [31m[ERROR] [1781855846.261963705] [ydlidar_ros2_driver_node]: Failed to get scan[0m
[ydlidar_ros2_driver_node-1] [31m[ERROR] [1781855848.262693122] [ydlidar_ros2_driver_node]: Failed to get scan[0m
[ydlidar_ros2_driver_node-1] timeout count: 1
[ydlidar_ros2_driver_node-1] [YDLIDAR ERROR]: Operation timed out
[ydlidar_ros2_driver_node-1] [31m[ERROR] [1781855850.266597745] [ydlidar_ros2_driver_node]: Failed to get scan[0m
[ydlidar_ros2_driver_node-1] timeout count: 1
[ydlidar_ros2_driver_node-1] timeout count: 1
[ydlidar_ros2_driver_node-1] [YDLIDAR ERROR]: Operation timed out
[ydlidar_ros2_driver_node-1] [31m[ERROR] [1781855859.610088834] [ydlidar_ros2_driver_node]: Failed to get scan[0m
[ydlidar_ros2_driver_node-1] timeout count: 1
[ydlidar_ros2_driver_node-1] timeout count: 1
[ydlidar_ros2_driver_node-1] timeout count: 1
[ydlidar_ros2_driver_node-1] [YDLIDAR ERROR]: Operation timed out
[ydlidar_ros2_driver_node-1] [31m[ERROR] [1781855869.407063220] [ydlidar_ros2_driver_node]: Failed to get scan[0m
[ydlidar_ros2_driver_node-1] timeout count: 1
[ydlidar_ros2_driver_node-1] [YDLIDAR ERROR]: Operation timed out
[ydlidar_ros2_driver_node-1] [31m[ERROR] [1781855872.104658224] [ydlidar_ros2_driver_node]: Failed to get scan[0m
[ydlidar_ros2_driver_node-1] timeout count: 2
[ydlidar_ros2_driver_node-1] [YDLIDAR ERROR]: Device Failed
[ydlidar_ros2_driver_node-1] [31m[ERROR] [1781855874.109192989] [ydlidar_ros2_driver_node]: Failed to get scan[0m
[ydlidar_ros2_driver_node-1] [31m[ERROR] [1781855877.838747838] [ydlidar_ros2_driver_node]: Failed to get scan[0m
[ydlidar_ros2_driver_node-1] timeout count: 1
[ydlidar_ros2_driver_node-1] [YDLIDAR ERROR]: Device Failed
[ydlidar_ros2_driver_node-1] [31m[ERROR] [1781855880.937349890] [ydlidar_ros2_driver_node]: Failed to get scan[0m
[ydlidar_ros2_driver_node-1] timeout count: 1
[ydlidar_ros2_driver_node-1] [YDLIDAR ERROR]: Operation timed out
[ydlidar_ros2_driver_node-1] [31m[ERROR] [1781855882.938294272] [ydlidar_ros2_driver_node]: Failed to get scan[0m
[ydlidar_ros2_driver_node-1] timeout count: 1
[ydlidar_ros2_driver_node-1] timeout count: 1
[ydlidar_ros2_driver_node-1] [YDLIDAR ERROR]: Operation timed out
[ydlidar_ros2_driver_node-1] [31m[ERROR] [1781855892.326181533] [ydlidar_ros2_driver_node]: Failed to get scan[0m
[ydlidar_ros2_driver_node-1] timeout count: 1
[ydlidar_ros2_driver_node-1] timeout count: 2
[ydlidar_ros2_driver_node-1] [YDLIDAR ERROR]: Operation timed out
[ydlidar_ros2_driver_node-1] [31m[ERROR] [1781855894.331125278] [ydlidar_ros2_driver_node]: Failed to get scan[0m
[ydlidar_ros2_driver_node-1] [YDLIDAR ERROR]: Operation timed out
[ydlidar_ros2_driver_node-1] [31m[ERROR] [1781855896.332065398] [ydlidar_ros2_driver_node]: Failed to get scan[0m
[ydlidar_ros2_driver_node-1] timeout count: 1
[ydlidar_ros2_driver_node-1] timeout count: 2
[ydlidar_ros2_driver_node-1] [YDLIDAR ERROR]: Operation timed out
[ydlidar_ros2_driver_node-1] [31m[ERROR] [1781855898.337775306] [ydlidar_ros2_driver_node]: Failed to get scan[0m
[ydlidar_ros2_driver_node-1] timeout count: 1
[ydlidar_ros2_driver_node-1] [YDLIDAR ERROR]: Operation timed out
[ydlidar_ros2_driver_node-1] [31m[ERROR] [1781855911.614983281] [ydlidar_ros2_driver_node]: Failed to get scan[0m
[ydlidar_ros2_driver_node-1] timeout count: 1
[ydlidar_ros2_driver_node-1] timeout count: 1
[ydlidar_ros2_driver_node-1] [YDLIDAR ERROR]: Operation timed out
[ydlidar_ros2_driver_node-1] [31m[ERROR] [1781855925.409010775] [ydlidar_ros2_driver_node]: Failed to get scan[0m
[ydlidar_ros2_driver_node-1] [YDLIDAR ERROR]: Operation timed out
[ydlidar_ros2_driver_node-1] [31m[ERROR] [1781855930.404565874] [ydlidar_ros2_driver_node]: Failed to get scan[0m
[ydlidar_ros2_driver_node-1] timeout count: 1
[ydlidar_ros2_driver_node-1] timeout count: 1
[ydlidar_ros2_driver_node-1] timeout count: 1
[ydlidar_ros2_driver_node-1] [YDLIDAR ERROR]: Device Tremble
[ydlidar_ros2_driver_node-1] [31m[ERROR] [1781855938.800405048] [ydlidar_ros2_driver_node]: Failed to get scan[0m
[ydlidar_ros2_driver_node-1] timeout count: 1
[ydlidar_ros2_driver_node-1] timeout count: 1
[ydlidar_ros2_driver_node-1] [YDLIDAR ERROR]: Operation timed out
[ydlidar_ros2_driver_node-1] [31m[ERROR] [1781855946.355503148] [ydlidar_ros2_driver_node]: Failed to get scan[0m
[ydlidar_ros2_driver_node-1] timeout count: 1
[ydlidar_ros2_driver_node-1] timeout count: 1
[ydlidar_ros2_driver_node-1] [YDLIDAR ERROR]: Operation timed out
[ydlidar_ros2_driver_node-1] [31m[ERROR] [1781855948.356359510] [ydlidar_ros2_driver_node]: Failed to get scan[0m
[ydlidar_ros2_driver_node-1] timeout count: 2
[ydlidar_ros2_driver_node-1] timeout count: 1
[ydlidar_ros2_driver_node-1] [YDLIDAR ERROR]: Operation timed out
[ydlidar_ros2_driver_node-1] [31m[ERROR] [1781855951.051638746] [ydlidar_ros2_driver_node]: Failed to get scan[0m
[ydlidar_ros2_driver_node-1] timeout count: 1
[ydlidar_ros2_driver_node-1] [YDLIDAR ERROR]: Device Tremble
[ydlidar_ros2_driver_node-1] [31m[ERROR] [1781855956.251033100] [ydlidar_ros2_driver_node]: Failed to get scan[0m
[ydlidar_ros2_driver_node-1] timeout count: 1
[ydlidar_ros2_driver_node-1] [31m[ERROR] [1781855958.251994661] [ydlidar_ros2_driver_node]: Failed to get scan[0m
[ydlidar_ros2_driver_node-1] timeout count: 1
[ydlidar_ros2_driver_node-1] timeout count: 1
[ydlidar_ros2_driver_node-1] [YDLIDAR ERROR]: Device Failed
[ydlidar_ros2_driver_node-1] [31m[ERROR] [1781855972.801024750] [ydlidar_ros2_driver_node]: Failed to get scan[0m
[ydlidar_ros2_driver_node-1] [31m[ERROR] [1781855980.181728872] [ydlidar_ros2_driver_node]: Failed to get scan[0m
[ydlidar_ros2_driver_node-1] timeout count: 1
[ydlidar_ros2_driver_node-1] timeout count: 1
[ydlidar_ros2_driver_node-1] [YDLIDAR ERROR]: Operation timed out
[ydlidar_ros2_driver_node-1] [31m[ERROR] [1781855982.182503621] [ydlidar_ros2_driver_node]: Failed to get scan[0m
[ydlidar_ros2_driver_node-1] [31m[ERROR] [1781855984.187947241] [ydlidar_ros2_driver_node]: Failed to get scan[0m
[ydlidar_ros2_driver_node-1] timeout count: 1
[ydlidar_ros2_driver_node-1] [YDLIDAR ERROR]: Operation timed out
[ydlidar_ros2_driver_node-1] [31m[ERROR] [1781855986.735194564] [ydlidar_ros2_driver_node]: Failed to get scan[0m
[ydlidar_ros2_driver_node-1] timeout count: 1
[ydlidar_ros2_driver_node-1] timeout count: 1
[ydlidar_ros2_driver_node-1] timeout count: 1
[ydlidar_ros2_driver_node-1] [YDLIDAR ERROR]: Operation timed out
[ydlidar_ros2_driver_node-1] [31m[ERROR] [1781855996.836403563] [ydlidar_ros2_driver_node]: Failed to get scan[0m
[ydlidar_ros2_driver_node-1] timeout count: 1
[ydlidar_ros2_driver_node-1] timeout count: 1
[ydlidar_ros2_driver_node-1] timeout count: 1
[ydlidar_ros2_driver_node-1] timeout count: 1
[ydlidar_ros2_driver_node-1] timeout count: 1
[ydlidar_ros2_driver_node-1] timeout count: 1
[ydlidar_ros2_driver_node-1] timeout count: 2
[ydlidar_ros2_driver_node-1] [YDLIDAR ERROR]: Operation timed out
[ydlidar_ros2_driver_node-1] [31m[ERROR] [1781856021.826838308] [ydlidar_ros2_driver_node]: Failed to get scan[0m
[ydlidar_ros2_driver_node-1] [YDLIDAR ERROR]: Device Failed
[ydlidar_ros2_driver_node-1] [31m[ERROR] [1781856023.827615770] [ydlidar_ros2_driver_node]: Failed to get scan[0m
[ydlidar_ros2_driver_node-1] timeout count: 1
[ydlidar_ros2_driver_node-1] timeout count: 1
[ydlidar_ros2_driver_node-1] timeout count: 1
[ydlidar_ros2_driver_node-1] timeout count: 1
[ydlidar_ros2_driver_node-1] [YDLIDAR ERROR]: Operation timed out
[ydlidar_ros2_driver_node-1] [31m[ERROR] [1781856048.819689645] [ydlidar_ros2_driver_node]: Failed to get scan[0m
[ydlidar_ros2_driver_node-1] timeout count: 1
[ydlidar_ros2_driver_node-1] timeout count: 1
[ydlidar_ros2_driver_node-1] timeout count: 1
[ydlidar_ros2_driver_node-1] [YDLIDAR ERROR]: Operation timed out
[ydlidar_ros2_driver_node-1] [31m[ERROR] [1781856061.416554012] [ydlidar_ros2_driver_node]: Failed to get scan[0m
[ydlidar_ros2_driver_node-1] timeout count: 1
[ydlidar_ros2_driver_node-1] timeout count: 1
[ydlidar_ros2_driver_node-1] [YDLIDAR ERROR]: Operation timed out
[ydlidar_ros2_driver_node-1] [31m[ERROR] [1781856067.312184874] [ydlidar_ros2_driver_node]: Failed to get scan[0m
[ydlidar_ros2_driver_node-1] timeout count: 2
[ydlidar_ros2_driver_node-1] timeout count: 1
[ydlidar_ros2_driver_node-1] [YDLIDAR ERROR]: Operation timed out
[ydlidar_ros2_driver_node-1] [31m[ERROR] [1781856073.306819521] [ydlidar_ros2_driver_node]: Failed to get scan[0m
[ydlidar_ros2_driver_node-1] timeout count: 1
[ydlidar_ros2_driver_node-1] timeout count: 2
[ydlidar_ros2_driver_node-1] [YDLIDAR ERROR]: Operation timed out
[ydlidar_ros2_driver_node-1] [31m[ERROR] [1781856075.607258293] [ydlidar_ros2_driver_node]: Failed to get scan[0m
[ydlidar_ros2_driver_node-1] timeout count: 1
[ydlidar_ros2_driver_node-1] [YDLIDAR ERROR]: Operation timed out
[ydlidar_ros2_driver_node-1] [31m[ERROR] [1781856079.304954985] [ydlidar_ros2_driver_node]: Failed to get scan[0m
[ydlidar_ros2_driver_node-1] timeout count: 1
[ydlidar_ros2_driver_node-1] timeout count: 1
[ydlidar_ros2_driver_node-1] timeout count: 1
[ydlidar_ros2_driver_node-1] [YDLIDAR ERROR]: Operation timed out
[ydlidar_ros2_driver_node-1] [31m[ERROR] [1781856091.197972908] [ydlidar_ros2_driver_node]: Failed to get scan[0m
[ydlidar_ros2_driver_node-1] timeout count: 1
[ydlidar_ros2_driver_node-1] timeout count: 1
[ydlidar_ros2_driver_node-1] timeout count: 1
[ydlidar_ros2_driver_node-1] timeout count: 1
[ydlidar_ros2_driver_node-1] timeout count: 2
[ydlidar_ros2_driver_node-1] [YDLIDAR ERROR]: Operation timed out
[ydlidar_ros2_driver_node-1] [31m[ERROR] [1781856106.494394992] [ydlidar_ros2_driver_node]: Failed to get scan[0m
[ydlidar_ros2_driver_node-1] [YDLIDAR ERROR]: Operation timed out
[ydlidar_ros2_driver_node-1] [31m[ERROR] [1781856108.495261802] [ydlidar_ros2_driver_node]: Failed to get scan[0m
[ydlidar_ros2_driver_node-1] timeout count: 1
[ydlidar_ros2_driver_node-1] timeout count: 1
[ydlidar_ros2_driver_node-1] timeout count: 1
[ydlidar_ros2_driver_node-1] timeout count: 1
[ydlidar_ros2_driver_node-1] [YDLIDAR ERROR]: Operation timed out
[ydlidar_ros2_driver_node-1] [31m[ERROR] [1781856117.385854615] [ydlidar_ros2_driver_node]: Failed to get scan[0m
[ydlidar_ros2_driver_node-1] timeout count: 2
[ydlidar_ros2_driver_node-1] timeout count: 1
[ydlidar_ros2_driver_node-1] timeout count: 1
[ydlidar_ros2_driver_node-1] timeout count: 1
[ydlidar_ros2_driver_node-1] [YDLIDAR ERROR]: Device Tremble
[ydlidar_ros2_driver_node-1] [31m[ERROR] [1781856127.581954077] [ydlidar_ros2_driver_node]: Failed to get scan[0m
[ydlidar_ros2_driver_node-1] timeout count: 1
[ydlidar_ros2_driver_node-1] [YDLIDAR ERROR]: Operation timed out
[ydlidar_ros2_driver_node-1] [31m[ERROR] [1781856130.938689363] [ydlidar_ros2_driver_node]: Failed to get scan[0m
[ydlidar_ros2_driver_node-1] timeout count: 2
[ydlidar_ros2_driver_node-1] timeout count: 1
[ydlidar_ros2_driver_node-1] [YDLIDAR ERROR]: Operation timed out
[ydlidar_ros2_driver_node-1] [31m[ERROR] [1781856135.582300827] [ydlidar_ros2_driver_node]: Failed to get scan[0m
[ydlidar_ros2_driver_node-1] timeout count: 2
[ydlidar_ros2_driver_node-1] timeout count: 1
[ydlidar_ros2_driver_node-1] [YDLIDAR ERROR]: Operation timed out
[ydlidar_ros2_driver_node-1] [31m[ERROR] [1781856137.586497364] [ydlidar_ros2_driver_node]: Failed to get scan[0m
[ydlidar_ros2_driver_node-1] timeout count: 1
[ydlidar_ros2_driver_node-1] [YDLIDAR ERROR]: Operation timed out
[ydlidar_ros2_driver_node-1] [31m[ERROR] [1781856148.178568096] [ydlidar_ros2_driver_node]: Failed to get scan[0m
[ydlidar_ros2_driver_node-1] timeout count: 1
[ydlidar_ros2_driver_node-1] [YDLIDAR ERROR]: Operation timed out
[ydlidar_ros2_driver_node-1] [31m[ERROR] [1781856152.673760879] [ydlidar_ros2_driver_node]: Failed to get scan[0m
[ydlidar_ros2_driver_node-1] timeout count: 1
[ydlidar_ros2_driver_node-1] timeout count: 1
[ydlidar_ros2_driver_node-1] timeout count: 1
[ydlidar_ros2_driver_node-1] timeout count: 1
[ydlidar_ros2_driver_node-1] timeout count: 1
[ydlidar_ros2_driver_node-1] timeout count: 1
[ydlidar_ros2_driver_node-1] timeout count: 1
[ydlidar_ros2_driver_node-1] timeout count: 1
[ydlidar_ros2_driver_node-1] timeout count: 1
[ydlidar_ros2_driver_node-1] [YDLIDAR ERROR]: Operation timed out
[ydlidar_ros2_driver_node-1] [31m[ERROR] [1781856180.762233267] [ydlidar_ros2_driver_node]: Failed to get scan[0m
[ydlidar_ros2_driver_node-1] timeout count: 1
[ydlidar_ros2_driver_node-1] [YDLIDAR ERROR]: Device Tremble
[ydlidar_ros2_driver_node-1] [31m[ERROR] [1781856185.859495632] [ydlidar_ros2_driver_node]: Failed to get scan[0m
[ydlidar_ros2_driver_node-1] timeout count: 1
[ydlidar_ros2_driver_node-1] timeout count: 1
[ydlidar_ros2_driver_node-1] timeout count: 1
[ydlidar_ros2_driver_node-1] timeout count: 2
[ydlidar_ros2_driver_node-1] [YDLIDAR ERROR]: Operation timed out
[ydlidar_ros2_driver_node-1] [31m[ERROR] [1781856195.052711734] [ydlidar_ros2_driver_node]: Failed to get scan[0m
[ydlidar_ros2_driver_node-1] [YDLIDAR ERROR]: Device Failed
[ydlidar_ros2_driver_node-1] [31m[ERROR] [1781856197.053430269] [ydlidar_ros2_driver_node]: Failed to get scan[0m
[ydlidar_ros2_driver_node-1] [YDLIDAR ERROR]: Device Failed
[ydlidar_ros2_driver_node-1] [31m[ERROR] [1781856199.054220386] [ydlidar_ros2_driver_node]: Failed to get scan[0m
[ydlidar_ros2_driver_node-1] [31m[ERROR] [1781856201.064110457] [ydlidar_ros2_driver_node]: Failed to get scan[0m
[ydlidar_ros2_driver_node-1] timeout count: 1
[ydlidar_ros2_driver_node-1] timeout count: 1
[ydlidar_ros2_driver_node-1] timeout count: 2
[ydlidar_ros2_driver_node-1] [YDLIDAR ERROR]: Operation timed out
[ydlidar_ros2_driver_node-1] [31m[ERROR] [1781856206.838561262] [ydlidar_ros2_driver_node]: Failed to get scan[0m
[ydlidar_ros2_driver_node-1] [YDLIDAR ERROR]: Device Failed
[ydlidar_ros2_driver_node-1] [31m[ERROR] [1781856208.839417789] [ydlidar_ros2_driver_node]: Failed to get scan[0m
[ydlidar_ros2_driver_node-1] timeout count: 1
[ydlidar_ros2_driver_node-1] timeout count: 1
[ydlidar_ros2_driver_node-1] timeout count: 1
[ydlidar_ros2_driver_node-1] timeout count: 1
[ydlidar_ros2_driver_node-1] timeout count: 1
[ydlidar_ros2_driver_node-1] timeout count: 1
[ydlidar_ros2_driver_node-1] [YDLIDAR ERROR]: Operation timed out
[ydlidar_ros2_driver_node-1] [31m[ERROR] [1781856233.249351586] [ydlidar_ros2_driver_node]: Failed to get scan[0m
[ydlidar_ros2_driver_node-1] timeout count: 1
[ydlidar_ros2_driver_node-1] [YDLIDAR ERROR]: Operation timed out
[ydlidar_ros2_driver_node-1] [31m[ERROR] [1781856235.255835509] [ydlidar_ros2_driver_node]: Failed to get scan[0m
[ydlidar_ros2_driver_node-1] timeout count: 1
[ydlidar_ros2_driver_node-1] [YDLIDAR ERROR]: Operation timed out
[ydlidar_ros2_driver_node-1] [31m[ERROR] [1781856237.260098639] [ydlidar_ros2_driver_node]: Failed to get scan[0m
[ydlidar_ros2_driver_node-1] timeout count: 1
[ydlidar_ros2_driver_node-1] timeout count: 1
[ydlidar_ros2_driver_node-1] [YDLIDAR ERROR]: Operation timed out
[ydlidar_ros2_driver_node-1] [31m[ERROR] [1781856242.046952407] [ydlidar_ros2_driver_node]: Failed to get scan[0m
[ydlidar_ros2_driver_node-1] timeout count: 1
[ydlidar_ros2_driver_node-1] [YDLIDAR ERROR]: Operation timed out
[ydlidar_ros2_driver_node-1] [31m[ERROR] [1781856246.343660453] [ydlidar_ros2_driver_node]: Failed to get scan[0m
[ydlidar_ros2_driver_node-1] timeout count: 1
[ydlidar_ros2_driver_node-1] timeout count: 2
[ydlidar_ros2_driver_node-1] timeout count: 1
[ydlidar_ros2_driver_node-1] [YDLIDAR ERROR]: Device Tremble
[ydlidar_ros2_driver_node-1] [31m[ERROR] [1781856255.538390234] [ydlidar_ros2_driver_node]: Failed to get scan[0m
[ydlidar_ros2_driver_node-1] [YDLIDAR ERROR]: Device Failed
[ydlidar_ros2_driver_node-1] [31m[ERROR] [1781856262.039664749] [ydlidar_ros2_driver_node]: Failed to get scan[0m
[ydlidar_ros2_driver_node-1] timeout count: 1
[ydlidar_ros2_driver_node-1] timeout count: 1
[ydlidar_ros2_driver_node-1] [YDLIDAR ERROR]: Operation timed out
[ydlidar_ros2_driver_node-1] [31m[ERROR] [1781856274.089226642] [ydlidar_ros2_driver_node]: Failed to get scan[0m
[ydlidar_ros2_driver_node-1] timeout count: 2
[ydlidar_ros2_driver_node-1] [YDLIDAR ERROR]: Device Failed
[ydlidar_ros2_driver_node-1] [31m[ERROR] [1781856276.090070498] [ydlidar_ros2_driver_node]: Failed to get scan[0m
[ydlidar_ros2_driver_node-1] [YDLIDAR ERROR]: Device Tremble
[ydlidar_ros2_driver_node-1] [31m[ERROR] [1781856280.428517103] [ydlidar_ros2_driver_node]: Failed to get scan[0m
[ydlidar_ros2_driver_node-1] timeout count: 1
[ydlidar_ros2_driver_node-1] timeout count: 1
[ydlidar_ros2_driver_node-1] timeout count: 1
[ydlidar_ros2_driver_node-1] timeout count: 1
[ydlidar_ros2_driver_node-1] timeout count: 1
[ydlidar_ros2_driver_node-1] timeout count: 1
[ydlidar_ros2_driver_node-1] timeout count: 1
[ydlidar_ros2_driver_node-1] [YDLIDAR ERROR]: Device Tremble
[ydlidar_ros2_driver_node-1] [31m[ERROR] [1781856313.683887398] [ydlidar_ros2_driver_node]: Failed to get scan[0m
[ydlidar_ros2_driver_node-1] timeout count: 1
[ydlidar_ros2_driver_node-1] [YDLIDAR ERROR]: Operation timed out
[ydlidar_ros2_driver_node-1] [31m[ERROR] [1781856333.659837153] [ydlidar_ros2_driver_node]: Failed to get scan[0m
[ydlidar_ros2_driver_node-1] timeout count: 1
[ydlidar_ros2_driver_node-1] timeout count: 1
[ydlidar_ros2_driver_node-1] [YDLIDAR ERROR]: Operation timed out
[ydlidar_ros2_driver_node-1] [31m[ERROR] [1781856337.854138534] [ydlidar_ros2_driver_node]: Failed to get scan[0m
[ydlidar_ros2_driver_node-1] timeout count: 2
[ydlidar_ros2_driver_node-1] timeout count: 1
[ydlidar_ros2_driver_node-1] [YDLIDAR ERROR]: Operation timed out
[ydlidar_ros2_driver_node-1] [31m[ERROR] [1781856339.855049640] [ydlidar_ros2_driver_node]: Failed to get scan[0m
[ydlidar_ros2_driver_node-1] timeout count: 1
[ydlidar_ros2_driver_node-1] [YDLIDAR ERROR]: Operation timed out
[ydlidar_ros2_driver_node-1] [31m[ERROR] [1781856343.155752038] [ydlidar_ros2_driver_node]: Failed to get scan[0m
[ydlidar_ros2_driver_node-1] timeout count: 2
[ydlidar_ros2_driver_node-1] timeout count: 1
[ydlidar_ros2_driver_node-1] timeout count: 2
[ydlidar_ros2_driver_node-1] [YDLIDAR ERROR]: Operation timed out
[ydlidar_ros2_driver_node-1] [31m[ERROR] [1781856350.049689900] [ydlidar_ros2_driver_node]: Failed to get scan[0m
[ydlidar_ros2_driver_node-1] [YDLIDAR ERROR]: Device Failed
[ydlidar_ros2_driver_node-1] [31m[ERROR] [1781856352.051116581] [ydlidar_ros2_driver_node]: Failed to get scan[0m
[ydlidar_ros2_driver_node-1] timeout count: 1
[ydlidar_ros2_driver_node-1] timeout count: 1
[ydlidar_ros2_driver_node-1] timeout count: 1
[ydlidar_ros2_driver_node-1] [YDLIDAR ERROR]: Operation timed out
[ydlidar_ros2_driver_node-1] [31m[ERROR] [1781856364.746108500] [ydlidar_ros2_driver_node]: Failed to get scan[0m
[ydlidar_ros2_driver_node-1] [YDLIDAR ERROR]: Device Failed
[ydlidar_ros2_driver_node-1] [31m[ERROR] [1781856366.747026006] [ydlidar_ros2_driver_node]: Failed to get scan[0m
[ydlidar_ros2_driver_node-1] timeout count: 1
[ydlidar_ros2_driver_node-1] timeout count: 1
[ydlidar_ros2_driver_node-1] timeout count: 1
[ydlidar_ros2_driver_node-1] [YDLIDAR ERROR]: Operation timed out
[ydlidar_ros2_driver_node-1] [31m[ERROR] [1781856376.378468065] [ydlidar_ros2_driver_node]: Failed to get scan[0m
[ydlidar_ros2_driver_node-1] timeout count: 1
[ydlidar_ros2_driver_node-1] [YDLIDAR ERROR]: Device Failed
[ydlidar_ros2_driver_node-1] [31m[ERROR] [1781856378.576998099] [ydlidar_ros2_driver_node]: Failed to get scan[0m
[ydlidar_ros2_driver_node-1] timeout count: 1
[ydlidar_ros2_driver_node-1] [YDLIDAR ERROR]: Operation timed out
[ydlidar_ros2_driver_node-1] [31m[ERROR] [1781856381.705064578] [ydlidar_ros2_driver_node]: Failed to get scan[0m
[ydlidar_ros2_driver_node-1] timeout count: 1
[ydlidar_ros2_driver_node-1] timeout count: 1
[ydlidar_ros2_driver_node-1] timeout count: 1
[ydlidar_ros2_driver_node-1] timeout count: 1
[ydlidar_ros2_driver_node-1] [YDLIDAR ERROR]: Operation timed out
[ydlidar_ros2_driver_node-1] [31m[ERROR] [1781856394.479742930] [ydlidar_ros2_driver_node]: Failed to get scan[0m
[ydlidar_ros2_driver_node-1] timeout count: 1
[ydlidar_ros2_driver_node-1] timeout count: 2
[ydlidar_ros2_driver_node-1] [YDLIDAR ERROR]: Operation timed out
[ydlidar_ros2_driver_node-1] [31m[ERROR] [1781856398.678457772] [ydlidar_ros2_driver_node]: Failed to get scan[0m
[ydlidar_ros2_driver_node-1] timeout count: 1
[ydlidar_ros2_driver_node-1] timeout count: 1
[ydlidar_ros2_driver_node-1] timeout count: 1
[ydlidar_ros2_driver_node-1] timeout count: 2
[ydlidar_ros2_driver_node-1] [YDLIDAR ERROR]: Operation timed out
[ydlidar_ros2_driver_node-1] [31m[ERROR] [1781856406.774471707] [ydlidar_ros2_driver_node]: Failed to get scan[0m
[ydlidar_ros2_driver_node-1] timeout count: 1
[ydlidar_ros2_driver_node-1] [YDLIDAR ERROR]: Operation timed out
[ydlidar_ros2_driver_node-1] [31m[ERROR] [1781856410.574589180] [ydlidar_ros2_driver_node]: Failed to get scan[0m
[ydlidar_ros2_driver_node-1] timeout count: 1
[ydlidar_ros2_driver_node-1] timeout count: 1
[ydlidar_ros2_driver_node-1] timeout count: 1
[ydlidar_ros2_driver_node-1] timeout count: 1
[ydlidar_ros2_driver_node-1] [YDLIDAR ERROR]: Operation timed out
[ydlidar_ros2_driver_node-1] [31m[ERROR] [1781856418.272147107] [ydlidar_ros2_driver_node]: Failed to get scan[0m
[ydlidar_ros2_driver_node-1] timeout count: 2
[ydlidar_ros2_driver_node-1] timeout count: 1
[ydlidar_ros2_driver_node-1] [YDLIDAR ERROR]: Operation timed out
[ydlidar_ros2_driver_node-1] [31m[ERROR] [1781856420.272898790] [ydlidar_ros2_driver_node]: Failed to get scan[0m
[ydlidar_ros2_driver_node-1] timeout count: 2
[ydlidar_ros2_driver_node-1] timeout count: 1
[ydlidar_ros2_driver_node-1] [YDLIDAR ERROR]: Device Failed
[ydlidar_ros2_driver_node-1] [31m[ERROR] [1781856425.069845860] [ydlidar_ros2_driver_node]: Failed to get scan[0m
[ydlidar_ros2_driver_node-1] timeout count: 1
[ydlidar_ros2_driver_node-1] [YDLIDAR ERROR]: Operation timed out
[ydlidar_ros2_driver_node-1] [31m[ERROR] [1781856428.365600593] [ydlidar_ros2_driver_node]: Failed to get scan[0m
[ydlidar_ros2_driver_node-1] timeout count: 1
[ydlidar_ros2_driver_node-1] timeout count: 2
[ydlidar_ros2_driver_node-1] [YDLIDAR ERROR]: Operation timed out
[ydlidar_ros2_driver_node-1] [31m[ERROR] [1781856430.371332434] [ydlidar_ros2_driver_node]: Failed to get scan[0m
[ydlidar_ros2_driver_node-1] timeout count: 1
[ydlidar_ros2_driver_node-1] [YDLIDAR ERROR]: Operation timed out
[ydlidar_ros2_driver_node-1] [31m[ERROR] [1781856443.206771284] [ydlidar_ros2_driver_node]: Failed to get scan[0m
[ydlidar_ros2_driver_node-1] timeout count: 1
[ydlidar_ros2_driver_node-1] timeout count: 1
[ydlidar_ros2_driver_node-1] timeout count: 1
[ydlidar_ros2_driver_node-1] [YDLIDAR ERROR]: Operation timed out
[ydlidar_ros2_driver_node-1] [31m[ERROR] [1781856450.404516714] [ydlidar_ros2_driver_node]: Failed to get scan[0m
[ydlidar_ros2_driver_node-1] timeout count: 1
[ydlidar_ros2_driver_node-1] timeout count: 2
[ydlidar_ros2_driver_node-1] [YDLIDAR ERROR]: Operation timed out
[ydlidar_ros2_driver_node-1] [31m[ERROR] [1781856453.201533371] [ydlidar_ros2_driver_node]: Failed to get scan[0m
[ydlidar_ros2_driver_node-1] timeout count: 1
[ydlidar_ros2_driver_node-1] timeout count: 1
[ydlidar_ros2_driver_node-1] [YDLIDAR ERROR]: Operation timed out
[ydlidar_ros2_driver_node-1] [31m[ERROR] [1781856464.699068661] [ydlidar_ros2_driver_node]: Failed to get scan[0m
[ydlidar_ros2_driver_node-1] [YDLIDAR ERROR]: Operation timed out
[ydlidar_ros2_driver_node-1] [31m[ERROR] [1781856482.893059773] [ydlidar_ros2_driver_node]: Failed to get scan[0m
[ydlidar_ros2_driver_node-1] timeout count: 1
[ydlidar_ros2_driver_node-1] timeout count: 1
[ydlidar_ros2_driver_node-1] timeout count: 1
[ydlidar_ros2_driver_node-1] [YDLIDAR ERROR]: Operation timed out
[ydlidar_ros2_driver_node-1] [31m[ERROR] [1781856488.289414424] [ydlidar_ros2_driver_node]: Failed to get scan[0m
[ydlidar_ros2_driver_node-1] timeout count: 1
[ydlidar_ros2_driver_node-1] timeout count: 2
[ydlidar_ros2_driver_node-1] [YDLIDAR ERROR]: Operation timed out
[ydlidar_ros2_driver_node-1] [31m[ERROR] [1781856490.290303609] [ydlidar_ros2_driver_node]: Failed to get scan[0m
[ydlidar_ros2_driver_node-1] [YDLIDAR ERROR]: Operation timed out
[ydlidar_ros2_driver_node-1] [31m[ERROR] [1781856497.285088545] [ydlidar_ros2_driver_node]: Failed to get scan[0m
[ydlidar_ros2_driver_node-1] timeout count: 1
[ydlidar_ros2_driver_node-1] [YDLIDAR ERROR]: Operation timed out
[ydlidar_ros2_driver_node-1] [31m[ERROR] [1781856499.285767268] [ydlidar_ros2_driver_node]: Failed to get scan[0m
[ydlidar_ros2_driver_node-1] timeout count: 1
[ydlidar_ros2_driver_node-1] timeout count: 1
[ydlidar_ros2_driver_node-1] [YDLIDAR ERROR]: Operation timed out
[ydlidar_ros2_driver_node-1] [31m[ERROR] [1781856501.585976633] [ydlidar_ros2_driver_node]: Failed to get scan[0m
[ydlidar_ros2_driver_node-1] timeout count: 1
[ydlidar_ros2_driver_node-1] [YDLIDAR ERROR]: Operation timed out
[ydlidar_ros2_driver_node-1] [31m[ERROR] [1781856508.382981104] [ydlidar_ros2_driver_node]: Failed to get scan[0m
[ydlidar_ros2_driver_node-1] timeout count: 1
[ydlidar_ros2_driver_node-1] [YDLIDAR ERROR]: Operation timed out
[ydlidar_ros2_driver_node-1] [31m[ERROR] [1781856523.169386790] [ydlidar_ros2_driver_node]: Failed to get scan[0m
[ydlidar_ros2_driver_node-1] [YDLIDAR ERROR]: Device Failed
[ydlidar_ros2_driver_node-1] [31m[ERROR] [1781856527.468143183] [ydlidar_ros2_driver_node]: Failed to get scan[0m
[ydlidar_ros2_driver_node-1] [31m[ERROR] [1781856529.469249597] [ydlidar_ros2_driver_node]: Failed to get scan[0m
[ydlidar_ros2_driver_node-1] timeout count: 1
[ydlidar_ros2_driver_node-1] timeout count: 1
[ydlidar_ros2_driver_node-1] timeout count: 1
[ydlidar_ros2_driver_node-1] timeout count: 1
[ydlidar_ros2_driver_node-1] timeout count: 1
[ydlidar_ros2_driver_node-1] [YDLIDAR ERROR]: Operation timed out
[ydlidar_ros2_driver_node-1] [31m[ERROR] [1781856569.333188087] [ydlidar_ros2_driver_node]: Failed to get scan[0m
[ydlidar_ros2_driver_node-1] timeout count: 1
[ydlidar_ros2_driver_node-1] [YDLIDAR ERROR]: Device Failed
[ydlidar_ros2_driver_node-1] [31m[ERROR] [1781856580.529192390] [ydlidar_ros2_driver_node]: Failed to get scan[0m
[ydlidar_ros2_driver_node-1] timeout count: 1
[ydlidar_ros2_driver_node-1] [YDLIDAR ERROR]: Operation timed out
[ydlidar_ros2_driver_node-1] [31m[ERROR] [1781856584.228745487] [ydlidar_ros2_driver_node]: Failed to get scan[0m
[ydlidar_ros2_driver_node-1] timeout count: 1
[ydlidar_ros2_driver_node-1] timeout count: 1
[ydlidar_ros2_driver_node-1] [YDLIDAR ERROR]: Operation timed out
[ydlidar_ros2_driver_node-1] [31m[ERROR] [1781856592.501627636] [ydlidar_ros2_driver_node]: Failed to get scan[0m
[ydlidar_ros2_driver_node-1] timeout count: 1
[ydlidar_ros2_driver_node-1] [YDLIDAR ERROR]: Operation timed out
[ydlidar_ros2_driver_node-1] [31m[ERROR] [1781856599.000979314] [ydlidar_ros2_driver_node]: Failed to get scan[0m
[ydlidar_ros2_driver_node-1] timeout count: 1
[ydlidar_ros2_driver_node-1] [YDLIDAR ERROR]: Operation timed out
[ydlidar_ros2_driver_node-1] [31m[ERROR] [1781856606.395973723] [ydlidar_ros2_driver_node]: Failed to get scan[0m
[ydlidar_ros2_driver_node-1] timeout count: 1
[ydlidar_ros2_driver_node-1] [YDLIDAR ERROR]: Operation timed out
[ydlidar_ros2_driver_node-1] [31m[ERROR] [1781856614.195356783] [ydlidar_ros2_driver_node]: Failed to get scan[0m
[ydlidar_ros2_driver_node-1] timeout count: 2
[ydlidar_ros2_driver_node-1] timeout count: 1
[ydlidar_ros2_driver_node-1] timeout count: 1
[ydlidar_ros2_driver_node-1] timeout count: 1
[ydlidar_ros2_driver_node-1] timeout count: 1
[ydlidar_ros2_driver_node-1] timeout count: 1
[ydlidar_ros2_driver_node-1] timeout count: 2
[ydlidar_ros2_driver_node-1] [YDLIDAR ERROR]: Operation timed out
[ydlidar_ros2_driver_node-1] [31m[ERROR] [1781856667.879859416] [ydlidar_ros2_driver_node]: Failed to get scan[0m
[ydlidar_ros2_driver_node-1] timeout count: 1
[ydlidar_ros2_driver_node-1] timeout count: 1
[ydlidar_ros2_driver_node-1] timeout count: 1
[ydlidar_ros2_driver_node-1] timeout count: 1
[ydlidar_ros2_driver_node-1] timeout count: 1
[ydlidar_ros2_driver_node-1] [YDLIDAR ERROR]: Operation timed out
[ydlidar_ros2_driver_node-1] [31m[ERROR] [1781856718.061109934] [ydlidar_ros2_driver_node]: Failed to get scan[0m
[ydlidar_ros2_driver_node-1] timeout count: 1
[ydlidar_ros2_driver_node-1] timeout count: 1
[ydlidar_ros2_driver_node-1] timeout count: 1
[ydlidar_ros2_driver_node-1] [YDLIDAR ERROR]: Operation timed out
[ydlidar_ros2_driver_node-1] [31m[ERROR] [1781856725.860918713] [ydlidar_ros2_driver_node]: Failed to get scan[0m
[ydlidar_ros2_driver_node-1] timeout count: 1
[ydlidar_ros2_driver_node-1] timeout count: 1
[ydlidar_ros2_driver_node-1] timeout count: 1
[ydlidar_ros2_driver_node-1] timeout count: 2
[ydlidar_ros2_driver_node-1] [YDLIDAR ERROR]: Operation timed out
[ydlidar_ros2_driver_node-1] [31m[ERROR] [1781856742.258190126] [ydlidar_ros2_driver_node]: Failed to get scan[0m
[ydlidar_ros2_driver_node-1] timeout count: 1
[ydlidar_ros2_driver_node-1] [YDLIDAR ERROR]: Operation timed out
[ydlidar_ros2_driver_node-1] [31m[ERROR] [1781856750.254327423] [ydlidar_ros2_driver_node]: Failed to get scan[0m
[ydlidar_ros2_driver_node-1] timeout count: 1
[ydlidar_ros2_driver_node-1] timeout count: 1
[ydlidar_ros2_driver_node-1] [YDLIDAR ERROR]: Operation timed out
[ydlidar_ros2_driver_node-1] [31m[ERROR] [1781856753.453531321] [ydlidar_ros2_driver_node]: Failed to get scan[0m
[ydlidar_ros2_driver_node-1] timeout count: 1
[ydlidar_ros2_driver_node-1] [YDLIDAR ERROR]: Operation timed out
[ydlidar_ros2_driver_node-1] [31m[ERROR] [1781856755.456758629] [ydlidar_ros2_driver_node]: Failed to get scan[0m
[ydlidar_ros2_driver_node-1] timeout count: 1
[ydlidar_ros2_driver_node-1] timeout count: 1
[ydlidar_ros2_driver_node-1] timeout count: 1
[ydlidar_ros2_driver_node-1] [YDLIDAR ERROR]: Operation timed out
[ydlidar_ros2_driver_node-1] [31m[ERROR] [1781856773.349962315] [ydlidar_ros2_driver_node]: Failed to get scan[0m
[ydlidar_ros2_driver_node-1] [YDLIDAR ERROR]: Device Failed
[ydlidar_ros2_driver_node-1] [31m[ERROR] [1781856775.350699408] [ydlidar_ros2_driver_node]: Failed to get scan[0m
[ydlidar_ros2_driver_node-1] timeout count: 1
[ydlidar_ros2_driver_node-1] [YDLIDAR ERROR]: Operation timed out
[ydlidar_ros2_driver_node-1] [31m[ERROR] [1781856780.401984713] [ydlidar_ros2_driver_node]: Failed to get scan[0m
[ydlidar_ros2_driver_node-1] timeout count: 1
[ydlidar_ros2_driver_node-1] timeout count: 1
[ydlidar_ros2_driver_node-1] [YDLIDAR ERROR]: Operation timed out
[ydlidar_ros2_driver_node-1] [31m[ERROR] [1781856796.397097542] [ydlidar_ros2_driver_node]: Failed to get scan[0m
[ydlidar_ros2_driver_node-1] [YDLIDAR ERROR]: Device Tremble
[ydlidar_ros2_driver_node-1] [31m[ERROR] [1781856800.205620901] [ydlidar_ros2_driver_node]: Failed to get scan[0m
[ydlidar_ros2_driver_node-1] timeout count: 1
[ydlidar_ros2_driver_node-1] timeout count: 1
[ydlidar_ros2_driver_node-1] [YDLIDAR ERROR]: Operation timed out
[ydlidar_ros2_driver_node-1] [31m[ERROR] [1781856810.696813320] [ydlidar_ros2_driver_node]: Failed to get scan[0m
[ydlidar_ros2_driver_node-1] [YDLIDAR ERROR]: Operation timed out
[ydlidar_ros2_driver_node-1] [31m[ERROR] [1781856812.697788064] [ydlidar_ros2_driver_node]: Failed to get scan[0m
[ydlidar_ros2_driver_node-1] timeout count: 1
[ydlidar_ros2_driver_node-1] timeout count: 1
[ydlidar_ros2_driver_node-1] [YDLIDAR ERROR]: Operation timed out
[ydlidar_ros2_driver_node-1] [31m[ERROR] [1781856814.907703107] [ydlidar_ros2_driver_node]: Failed to get scan[0m
[ydlidar_ros2_driver_node-1] timeout count: 1
[ydlidar_ros2_driver_node-1] timeout count: 1
[ydlidar_ros2_driver_node-1] timeout count: 1
[ydlidar_ros2_driver_node-1] timeout count: 1
[ydlidar_ros2_driver_node-1] timeout count: 1
[ydlidar_ros2_driver_node-1] [YDLIDAR ERROR]: Operation timed out
[ydlidar_ros2_driver_node-1] [31m[ERROR] [1781856832.790641669] [ydlidar_ros2_driver_node]: Failed to get scan[0m
[ydlidar_ros2_driver_node-1] timeout count: 1
[ydlidar_ros2_driver_node-1] [YDLIDAR ERROR]: Operation timed out
[ydlidar_ros2_driver_node-1] [31m[ERROR] [1781856839.288008384] [ydlidar_ros2_driver_node]: Failed to get scan[0m
[ydlidar_ros2_driver_node-1] timeout count: 1
[ydlidar_ros2_driver_node-1] timeout count: 2
[ydlidar_ros2_driver_node-1] [YDLIDAR ERROR]: Operation timed out
[ydlidar_ros2_driver_node-1] [31m[ERROR] [1781856841.288909034] [ydlidar_ros2_driver_node]: Failed to get scan[0m
[ydlidar_ros2_driver_node-1] timeout count: 1
[ydlidar_ros2_driver_node-1] [YDLIDAR ERROR]: Operation timed out
[ydlidar_ros2_driver_node-1] [31m[ERROR] [1781856851.283964737] [ydlidar_ros2_driver_node]: Failed to get scan[0m
[ydlidar_ros2_driver_node-1] timeout count: 1
[ydlidar_ros2_driver_node-1] timeout count: 2
[ydlidar_ros2_driver_node-1] timeout count: 1
[ydlidar_ros2_driver_node-1] [YDLIDAR ERROR]: Operation timed out
[ydlidar_ros2_driver_node-1] [31m[ERROR] [1781856857.481998518] [ydlidar_ros2_driver_node]: Failed to get scan[0m
[ydlidar_ros2_driver_node-1] timeout count: 2
[ydlidar_ros2_driver_node-1] timeout count: 1
[ydlidar_ros2_driver_node-1] [YDLIDAR ERROR]: Operation timed out
[ydlidar_ros2_driver_node-1] [31m[ERROR] [1781856861.682663064] [ydlidar_ros2_driver_node]: Failed to get scan[0m
[ydlidar_ros2_driver_node-1] timeout count: 1
[ydlidar_ros2_driver_node-1] timeout count: 1
[ydlidar_ros2_driver_node-1] timeout count: 1
[ydlidar_ros2_driver_node-1] timeout count: 1
[ydlidar_ros2_driver_node-1] timeout count: 1
[ydlidar_ros2_driver_node-1] [YDLIDAR ERROR]: Operation timed out
[ydlidar_ros2_driver_node-1] [31m[ERROR] [1781856876.281834906] [ydlidar_ros2_driver_node]: Failed to get scan[0m
[ydlidar_ros2_driver_node-1] timeout count: 2
[ydlidar_ros2_driver_node-1] timeout count: 1
[ydlidar_ros2_driver_node-1] [YDLIDAR ERROR]: Operation timed out
[ydlidar_ros2_driver_node-1] [31m[ERROR] [1781856882.477836534] [ydlidar_ros2_driver_node]: Failed to get scan[0m
[ydlidar_ros2_driver_node-1] timeout count: 1
[ydlidar_ros2_driver_node-1] timeout count: 1
[ydlidar_ros2_driver_node-1] timeout count: 1
[ydlidar_ros2_driver_node-1] [YDLIDAR ERROR]: Operation timed out
[ydlidar_ros2_driver_node-1] [31m[ERROR] [1781856889.940674254] [ydlidar_ros2_driver_node]: Failed to get scan[0m
[ydlidar_ros2_driver_node-1] timeout count: 1
[ydlidar_ros2_driver_node-1] timeout count: 2
[ydlidar_ros2_driver_node-1] [YDLIDAR ERROR]: Operation timed out
[ydlidar_ros2_driver_node-1] [31m[ERROR] [1781856893.537596417] [ydlidar_ros2_driver_node]: Failed to get scan[0m
[ydlidar_ros2_driver_node-1] [YDLIDAR ERROR]: Device Failed
[ydlidar_ros2_driver_node-1] [31m[ERROR] [1781856895.539927796] [ydlidar_ros2_driver_node]: Failed to get scan[0m
[ydlidar_ros2_driver_node-1] timeout count: 1
[ydlidar_ros2_driver_node-1] timeout count: 1
[ydlidar_ros2_driver_node-1] timeout count: 1
[ydlidar_ros2_driver_node-1] timeout count: 2
[ydlidar_ros2_driver_node-1] [YDLIDAR ERROR]: Operation timed out
[ydlidar_ros2_driver_node-1] [31m[ERROR] [1781856903.160389032] [ydlidar_ros2_driver_node]: Failed to get scan[0m
[ydlidar_ros2_driver_node-1] timeout count: 1
[ydlidar_ros2_driver_node-1] timeout count: 1
[ydlidar_ros2_driver_node-1] [YDLIDAR ERROR]: Operation timed out
[ydlidar_ros2_driver_node-1] [31m[ERROR] [1781856915.854710169] [ydlidar_ros2_driver_node]: Failed to get scan[0m
[ydlidar_ros2_driver_node-1] timeout count: 2
[ydlidar_ros2_driver_node-1] timeout count: 1
[ydlidar_ros2_driver_node-1] timeout count: 1
[ydlidar_ros2_driver_node-1] [YDLIDAR ERROR]: Operation timed out
[ydlidar_ros2_driver_node-1] [31m[ERROR] [1781856923.356063238] [ydlidar_ros2_driver_node]: Failed to get scan[0m
[ydlidar_ros2_driver_node-1] timeout count: 1
[ydlidar_ros2_driver_node-1] timeout count: 1
[ydlidar_ros2_driver_node-1] timeout count: 1
[ydlidar_ros2_driver_node-1] timeout count: 1
[ydlidar_ros2_driver_node-1] timeout count: 1
[ydlidar_ros2_driver_node-1] [YDLIDAR ERROR]: Operation timed out
[ydlidar_ros2_driver_node-1] [31m[ERROR] [1781856947.849788171] [ydlidar_ros2_driver_node]: Failed to get scan[0m
[ydlidar_ros2_driver_node-1] timeout count: 2
[ydlidar_ros2_driver_node-1] [YDLIDAR ERROR]: Operation timed out
[ydlidar_ros2_driver_node-1] [31m[ERROR] [1781856957.845054223] [ydlidar_ros2_driver_node]: Failed to get scan[0m
[ydlidar_ros2_driver_node-1] timeout count: 1
[ydlidar_ros2_driver_node-1] timeout count: 1
[ydlidar_ros2_driver_node-1] timeout count: 1
[ydlidar_ros2_driver_node-1] [YDLIDAR ERROR]: Operation timed out
[ydlidar_ros2_driver_node-1] [31m[ERROR] [1781856972.943576685] [ydlidar_ros2_driver_node]: Failed to get scan[0m
[ydlidar_ros2_driver_node-1] timeout count: 1
[ydlidar_ros2_driver_node-1] timeout count: 1
[ydlidar_ros2_driver_node-1] [YDLIDAR ERROR]: Operation timed out
[ydlidar_ros2_driver_node-1] [31m[ERROR] [1781856974.944583704] [ydlidar_ros2_driver_node]: Failed to get scan[0m
[ydlidar_ros2_driver_node-1] timeout count: 1
[ydlidar_ros2_driver_node-1] timeout count: 1
[ydlidar_ros2_driver_node-1] timeout count: 2
[ydlidar_ros2_driver_node-1] [YDLIDAR ERROR]: Operation timed out
[ydlidar_ros2_driver_node-1] [31m[ERROR] [1781856981.539676320] [ydlidar_ros2_driver_node]: Failed to get scan[0m
[ydlidar_ros2_driver_node-1] timeout count: 1
[ydlidar_ros2_driver_node-1] [YDLIDAR ERROR]: Device Tremble
[ydlidar_ros2_driver_node-1] [31m[ERROR] [1781856987.039263291] [ydlidar_ros2_driver_node]: Failed to get scan[0m
[ydlidar_ros2_driver_node-1] timeout count: 1
[ydlidar_ros2_driver_node-1] [YDLIDAR ERROR]: Operation timed out
[ydlidar_ros2_driver_node-1] [31m[ERROR] [1781856990.497988810] [ydlidar_ros2_driver_node]: Failed to get scan[0m
[ydlidar_ros2_driver_node-1] timeout count: 1
[ydlidar_ros2_driver_node-1] timeout count: 1
[ydlidar_ros2_driver_node-1] timeout count: 1
[ydlidar_ros2_driver_node-1] [YDLIDAR ERROR]: Operation timed out
[ydlidar_ros2_driver_node-1] [31m[ERROR] [1781857012.902906596] [ydlidar_ros2_driver_node]: Failed to get scan[0m
[ydlidar_ros2_driver_node-1] timeout count: 1
[ydlidar_ros2_driver_node-1] timeout count: 1
[ydlidar_ros2_driver_node-1] timeout count: 1
[ydlidar_ros2_driver_node-1] [YDLIDAR ERROR]: Operation timed out
[ydlidar_ros2_driver_node-1] [31m[ERROR] [1781857021.498546925] [ydlidar_ros2_driver_node]: Failed to get scan[0m
[ydlidar_ros2_driver_node-1] timeout count: 2
[ydlidar_ros2_driver_node-1] timeout count: 1
[ydlidar_ros2_driver_node-1] [YDLIDAR ERROR]: Operation timed out
[ydlidar_ros2_driver_node-1] [31m[ERROR] [1781857033.506986555] [ydlidar_ros2_driver_node]: Failed to get scan[0m
[ydlidar_ros2_driver_node-1] timeout count: 1
[ydlidar_ros2_driver_node-1] timeout count: 1
[ydlidar_ros2_driver_node-1] timeout count: 1
[ydlidar_ros2_driver_node-1] timeout count: 1
[ydlidar_ros2_driver_node-1] [YDLIDAR ERROR]: Operation timed out
[ydlidar_ros2_driver_node-1] [31m[ERROR] [1781857081.184135905] [ydlidar_ros2_driver_node]: Failed to get scan[0m
[ydlidar_ros2_driver_node-1] timeout count: 1
[ydlidar_ros2_driver_node-1] timeout count: 1
[ydlidar_ros2_driver_node-1] timeout count: 1
[ydlidar_ros2_driver_node-1] [YDLIDAR ERROR]: Operation timed out
[ydlidar_ros2_driver_node-1] [31m[ERROR] [1781857094.781362908] [ydlidar_ros2_driver_node]: Failed to get scan[0m
[ydlidar_ros2_driver_node-1] timeout count: 1
[ydlidar_ros2_driver_node-1] timeout count: 1
[ydlidar_ros2_driver_node-1] timeout count: 1
[ydlidar_ros2_driver_node-1] timeout count: 1
[ydlidar_ros2_driver_node-1] timeout count: 1
[ydlidar_ros2_driver_node-1] [YDLIDAR ERROR]: Operation timed out
[ydlidar_ros2_driver_node-1] [31m[ERROR] [1781857135.070118858] [ydlidar_ros2_driver_node]: Failed to get scan[0m
[ydlidar_ros2_driver_node-1] timeout count: 1
[ydlidar_ros2_driver_node-1] timeout count: 1
[ydlidar_ros2_driver_node-1] [YDLIDAR ERROR]: Operation timed out
[ydlidar_ros2_driver_node-1] [31m[ERROR] [1781857139.868985009] [ydlidar_ros2_driver_node]: Failed to get scan[0m
[ydlidar_ros2_driver_node-1] [YDLIDAR ERROR]: Operation timed out
[ydlidar_ros2_driver_node-1] [31m[ERROR] [1781857145.964785475] [ydlidar_ros2_driver_node]: Failed to get scan[0m
[ydlidar_ros2_driver_node-1] timeout count: 1
[ydlidar_ros2_driver_node-1] [YDLIDAR ERROR]: Device Failed
[ydlidar_ros2_driver_node-1] [31m[ERROR] [1781857151.361991038] [ydlidar_ros2_driver_node]: Failed to get scan[0m
[ydlidar_ros2_driver_node-1] timeout count: 1
[ydlidar_ros2_driver_node-1] timeout count: 2
[ydlidar_ros2_driver_node-1] [YDLIDAR ERROR]: Operation timed out
[ydlidar_ros2_driver_node-1] [31m[ERROR] [1781857163.944487078] [ydlidar_ros2_driver_node]: Failed to get scan[0m
[ydlidar_ros2_driver_node-1] [YDLIDAR ERROR]: Device Failed
[ydlidar_ros2_driver_node-1] [31m[ERROR] [1781857165.945917579] [ydlidar_ros2_driver_node]: Failed to get scan[0m
[ydlidar_ros2_driver_node-1] timeout count: 1
[ydlidar_ros2_driver_node-1] [YDLIDAR ERROR]: Operation timed out
[ydlidar_ros2_driver_node-1] [31m[ERROR] [1781857168.347137622] [ydlidar_ros2_driver_node]: Failed to get scan[0m
[ydlidar_ros2_driver_node-1] timeout count: 1
[ydlidar_ros2_driver_node-1] timeout count: 1
[ydlidar_ros2_driver_node-1] [YDLIDAR ERROR]: Operation timed out
[ydlidar_ros2_driver_node-1] [31m[ERROR] [1781857173.094695741] [ydlidar_ros2_driver_node]: Failed to get scan[0m
[ydlidar_ros2_driver_node-1] timeout count: 1
[ydlidar_ros2_driver_node-1] [YDLIDAR ERROR]: Operation timed out
[ydlidar_ros2_driver_node-1] [31m[ERROR] [1781857181.291515239] [ydlidar_ros2_driver_node]: Failed to get scan[0m
[ydlidar_ros2_driver_node-1] timeout count: 2
[ydlidar_ros2_driver_node-1] timeout count: 1
[ydlidar_ros2_driver_node-1] timeout count: 1
[ydlidar_ros2_driver_node-1] [YDLIDAR ERROR]: Operation timed out
[ydlidar_ros2_driver_node-1] [31m[ERROR] [1781857190.391990786] [ydlidar_ros2_driver_node]: Failed to get scan[0m
[ydlidar_ros2_driver_node-1] timeout count: 1
[ydlidar_ros2_driver_node-1] [YDLIDAR ERROR]: Operation timed out
[ydlidar_ros2_driver_node-1] [31m[ERROR] [1781857192.392847698] [ydlidar_ros2_driver_node]: Failed to get scan[0m
[ydlidar_ros2_driver_node-1] timeout count: 1
[ydlidar_ros2_driver_node-1] timeout count: 1
[ydlidar_ros2_driver_node-1] timeout count: 1
[ydlidar_ros2_driver_node-1] timeout count: 1
[ydlidar_ros2_driver_node-1] timeout count: 1
[ydlidar_ros2_driver_node-1] timeout count: 1
[ydlidar_ros2_driver_node-1] timeout count: 1
[ydlidar_ros2_driver_node-1] timeout count: 1
[ydlidar_ros2_driver_node-1] timeout count: 1
[ydlidar_ros2_driver_node-1] timeout count: 1
[ydlidar_ros2_driver_node-1] timeout count: 1
[ydlidar_ros2_driver_node-1] timeout count: 1
[ydlidar_ros2_driver_node-1] timeout count: 1
[ydlidar_ros2_driver_node-1] timeout count: 1
[ydlidar_ros2_driver_node-1] timeout count: 1
[ydlidar_ros2_driver_node-1] timeout count: 1
[ydlidar_ros2_driver_node-1] timeout count: 1
[ydlidar_ros2_driver_node-1] [YDLIDAR ERROR]: Operation timed out
[ydlidar_ros2_driver_node-1] [31m[ERROR] [1781857293.476753054] [ydlidar_ros2_driver_node]: Failed to get scan[0m
[ydlidar_ros2_driver_node-1] timeout count: 1
[ydlidar_ros2_driver_node-1] timeout count: 1
[ydlidar_ros2_driver_node-1] [YDLIDAR ERROR]: Operation timed out
[ydlidar_ros2_driver_node-1] [31m[ERROR] [1781857300.172243220] [ydlidar_ros2_driver_node]: Failed to get scan[0m
[ydlidar_ros2_driver_node-1] [31m[ERROR] [1781857302.172841770] [ydlidar_ros2_driver_node]: Failed to get scan[0m
[ydlidar_ros2_driver_node-1] timeout count: 1
[ydlidar_ros2_driver_node-1] timeout count: 1
[ydlidar_ros2_driver_node-1] timeout count: 1
[ydlidar_ros2_driver_node-1] timeout count: 1
[ydlidar_ros2_driver_node-1] [YDLIDAR ERROR]: Operation timed out
[ydlidar_ros2_driver_node-1] [31m[ERROR] [1781857314.220156823] [ydlidar_ros2_driver_node]: Failed to get scan[0m
[ydlidar_ros2_driver_node-1] timeout count: 1
[ydlidar_ros2_driver_node-1] timeout count: 1
[ydlidar_ros2_driver_node-1] timeout count: 1
[ydlidar_ros2_driver_node-1] timeout count: 1
[ydlidar_ros2_driver_node-1] [YDLIDAR ERROR]: Device Tremble
[ydlidar_ros2_driver_node-1] [31m[ERROR] [1781857338.916502405] [ydlidar_ros2_driver_node]: Failed to get scan[0m
[ydlidar_ros2_driver_node-1] timeout count: 1
[ydlidar_ros2_driver_node-1] timeout count: 1
[ydlidar_ros2_driver_node-1] timeout count: 1
[ydlidar_ros2_driver_node-1] timeout count: 1
[ydlidar_ros2_driver_node-1] timeout count: 1
[ydlidar_ros2_driver_node-1] timeout count: 1
[ydlidar_ros2_driver_node-1] timeout count: 1
[ydlidar_ros2_driver_node-1] timeout count: 1
[ydlidar_ros2_driver_node-1] timeout count: 1
[ydlidar_ros2_driver_node-1] timeout count: 1
[ydlidar_ros2_driver_node-1] [YDLIDAR ERROR]: Operation timed out
[ydlidar_ros2_driver_node-1] [31m[ERROR] [1781857394.435564610] [ydlidar_ros2_driver_node]: Failed to get scan[0m
[ydlidar_ros2_driver_node-1] timeout count: 1
[ydlidar_ros2_driver_node-1] timeout count: 1
[ydlidar_ros2_driver_node-1] [YDLIDAR ERROR]: Operation timed out
[ydlidar_ros2_driver_node-1] [31m[ERROR] [1781857407.433118788] [ydlidar_ros2_driver_node]: Failed to get scan[0m
[ydlidar_ros2_driver_node-1] timeout count: 2
[ydlidar_ros2_driver_node-1] timeout count: 1
[ydlidar_ros2_driver_node-1] timeout count: 1
[ydlidar_ros2_driver_node-1] timeout count: 1
[ydlidar_ros2_driver_node-1] [YDLIDAR ERROR]: Operation timed out
[ydlidar_ros2_driver_node-1] [31m[ERROR] [1781857433.142864275] [ydlidar_ros2_driver_node]: Failed to get scan[0m
[ydlidar_ros2_driver_node-1] timeout count: 1
[ydlidar_ros2_driver_node-1] timeout count: 1
[ydlidar_ros2_driver_node-1] [YDLIDAR ERROR]: Operation timed out
[ydlidar_ros2_driver_node-1] [31m[ERROR] [1781857436.941129781] [ydlidar_ros2_driver_node]: Failed to get scan[0m
[ydlidar_ros2_driver_node-1] timeout count: 2
[ydlidar_ros2_driver_node-1] timeout count: 1
[ydlidar_ros2_driver_node-1] timeout count: 1
[ydlidar_ros2_driver_node-1] timeout count: 1
[ydlidar_ros2_driver_node-1] timeout count: 1
[ydlidar_ros2_driver_node-1] timeout count: 1
[ydlidar_ros2_driver_node-1] [YDLIDAR ERROR]: Operation timed out
[ydlidar_ros2_driver_node-1] [31m[ERROR] [1781857455.280243255] [ydlidar_ros2_driver_node]: Failed to get scan[0m
[ydlidar_ros2_driver_node-1] timeout count: 2
[ydlidar_ros2_driver_node-1] [YDLIDAR ERROR]: Device Failed
[ydlidar_ros2_driver_node-1] [31m[ERROR] [1781857457.280931562] [ydlidar_ros2_driver_node]: Failed to get scan[0m
[ydlidar_ros2_driver_node-1] timeout count: 1
[ydlidar_ros2_driver_node-1] timeout count: 1
[ydlidar_ros2_driver_node-1] timeout count: 1
[ydlidar_ros2_driver_node-1] timeout count: 1
[ydlidar_ros2_driver_node-1] timeout count: 1
[ydlidar_ros2_driver_node-1] timeout count: 1
[ydlidar_ros2_driver_node-1] [YDLIDAR ERROR]: Device Failed
[ydlidar_ros2_driver_node-1] [31m[ERROR] [1781857494.005682201] [ydlidar_ros2_driver_node]: Failed to get scan[0m
[ydlidar_ros2_driver_node-1] [31m[ERROR] [1781857496.006289083] [ydlidar_ros2_driver_node]: Failed to get scan[0m
[ydlidar_ros2_driver_node-1] timeout count: 1
[ydlidar_ros2_driver_node-1] timeout count: 1
[ydlidar_ros2_driver_node-1] timeout count: 1
[ydlidar_ros2_driver_node-1] timeout count: 1
[ydlidar_ros2_driver_node-1] timeout count: 1
[ydlidar_ros2_driver_node-1] timeout count: 1
[ydlidar_ros2_driver_node-1] [YDLIDAR ERROR]: Operation timed out
[ydlidar_ros2_driver_node-1] [31m[ERROR] [1781857517.060735348] [ydlidar_ros2_driver_node]: Failed to get scan[0m
[ydlidar_ros2_driver_node-1] timeout count: 1
[ydlidar_ros2_driver_node-1] timeout count: 1
[ydlidar_ros2_driver_node-1] timeout count: 1
[ydlidar_ros2_driver_node-1] timeout count: 2
[ydlidar_ros2_driver_node-1] [YDLIDAR ERROR]: Operation timed out
[ydlidar_ros2_driver_node-1] [31m[ERROR] [1781857547.453185001] [ydlidar_ros2_driver_node]: Failed to get scan[0m
[ydlidar_ros2_driver_node-1] timeout count: 1
[ydlidar_ros2_driver_node-1] timeout count: 1
[ydlidar_ros2_driver_node-1] timeout count: 1
[ydlidar_ros2_driver_node-1] [YDLIDAR ERROR]: Operation timed out
[ydlidar_ros2_driver_node-1] [31m[ERROR] [1781857582.149455841] [ydlidar_ros2_driver_node]: Failed to get scan[0m
[ydlidar_ros2_driver_node-1] timeout count: 1
[ydlidar_ros2_driver_node-1] timeout count: 1
[ydlidar_ros2_driver_node-1] timeout count: 1
[ydlidar_ros2_driver_node-1] [YDLIDAR ERROR]: Operation timed out
[ydlidar_ros2_driver_node-1] [31m[ERROR] [1781857602.145841995] [ydlidar_ros2_driver_node]: Failed to get scan[0m
[ydlidar_ros2_driver_node-1] timeout count: 1
[ydlidar_ros2_driver_node-1] timeout count: 1
[ydlidar_ros2_driver_node-1] timeout count: 2
[ydlidar_ros2_driver_node-1] [YDLIDAR ERROR]: Operation timed out
[ydlidar_ros2_driver_node-1] [31m[ERROR] [1781857612.146994984] [ydlidar_ros2_driver_node]: Failed to get scan[0m
[ydlidar_ros2_driver_node-1] timeout count: 1
[ydlidar_ros2_driver_node-1] timeout count: 1
[ydlidar_ros2_driver_node-1] timeout count: 1
[ydlidar_ros2_driver_node-1] timeout count: 1
[ydlidar_ros2_driver_node-1] timeout count: 1
[ydlidar_ros2_driver_node-1] timeout count: 1
[ydlidar_ros2_driver_node-1] [YDLIDAR ERROR]: Operation timed out
[ydlidar_ros2_driver_node-1] [31m[ERROR] [1781857624.604752227] [ydlidar_ros2_driver_node]: Failed to get scan[0m
[ydlidar_ros2_driver_node-1] timeout count: 1
[ydlidar_ros2_driver_node-1] [YDLIDAR ERROR]: Operation timed out
[ydlidar_ros2_driver_node-1] [31m[ERROR] [1781857629.303828600] [ydlidar_ros2_driver_node]: Failed to get scan[0m
[ydlidar_ros2_driver_node-1] timeout count: 2
[ydlidar_ros2_driver_node-1] timeout count: 1
[ydlidar_ros2_driver_node-1] [YDLIDAR ERROR]: Operation timed out
[ydlidar_ros2_driver_node-1] [31m[ERROR] [1781857631.306713303] [ydlidar_ros2_driver_node]: Failed to get scan[0m
[ydlidar_ros2_driver_node-1] timeout count: 1
[ydlidar_ros2_driver_node-1] timeout count: 1
[ydlidar_ros2_driver_node-1] timeout count: 1
[ydlidar_ros2_driver_node-1] timeout count: 1
[ydlidar_ros2_driver_node-1] timeout count: 1
[ydlidar_ros2_driver_node-1] timeout count: 1
[ydlidar_ros2_driver_node-1] timeout count: 1
[ydlidar_ros2_driver_node-1] timeout count: 1
[ydlidar_ros2_driver_node-1] timeout count: 1
[ydlidar_ros2_driver_node-1] timeout count: 1
[ydlidar_ros2_driver_node-1] [YDLIDAR ERROR]: Operation timed out
[ydlidar_ros2_driver_node-1] [31m[ERROR] [1781857658.299404925] [ydlidar_ros2_driver_node]: Failed to get scan[0m
[ydlidar_ros2_driver_node-1] timeout count: 2
[ydlidar_ros2_driver_node-1] timeout count: 1
[ydlidar_ros2_driver_node-1] timeout count: 1
[ydlidar_ros2_driver_node-1] [YDLIDAR ERROR]: Operation timed out
[ydlidar_ros2_driver_node-1] [31m[ERROR] [1781857666.298972616] [ydlidar_ros2_driver_node]: Failed to get scan[0m
[ydlidar_ros2_driver_node-1] timeout count: 2
[ydlidar_ros2_driver_node-1] timeout count: 1
[ydlidar_ros2_driver_node-1] [YDLIDAR ERROR]: Operation timed out
[ydlidar_ros2_driver_node-1] [31m[ERROR] [1781857671.499218754] [ydlidar_ros2_driver_node]: Failed to get scan[0m
[ydlidar_ros2_driver_node-1] timeout count: 1
[ydlidar_ros2_driver_node-1] timeout count: 1
[ydlidar_ros2_driver_node-1] timeout count: 1
[ydlidar_ros2_driver_node-1] [YDLIDAR ERROR]: Operation timed out
[ydlidar_ros2_driver_node-1] [31m[ERROR] [1781857677.397428353] [ydlidar_ros2_driver_node]: Failed to get scan[0m
[ydlidar_ros2_driver_node-1] timeout count: 1
[ydlidar_ros2_driver_node-1] timeout count: 1
[ydlidar_ros2_driver_node-1] [YDLIDAR ERROR]: Device Failed
[ydlidar_ros2_driver_node-1] [31m[ERROR] [1781857689.997848269] [ydlidar_ros2_driver_node]: Failed to get scan[0m
[ydlidar_ros2_driver_node-1] timeout count: 1
[ydlidar_ros2_driver_node-1] [YDLIDAR ERROR]: Operation timed out
[ydlidar_ros2_driver_node-1] [31m[ERROR] [1781857696.670357857] [ydlidar_ros2_driver_node]: Failed to get scan[0m
[ydlidar_ros2_driver_node-1] timeout count: 1
