[INFO] [1779972726.622419829] [cmd_vel_to_rosmaster]: Initializing Rosmaster...
[INFO] [1779972726.624714538] [cmd_vel_to_rosmaster]: Serial port: /dev/ttyUSB0
[INFO] [1779972727.196975302] [cmd_vel_to_rosmaster]: cmd_vel_to_rosmaster started.
[INFO] [1779972727.199466174] [cmd_vel_to_rosmaster]: Subscribed topic: /cmd_vel
[INFO] [1779972727.201826674] [cmd_vel_to_rosmaster]: linear.y is ignored in this stage.
[INFO] [1779972727.204187424] [cmd_vel_to_rosmaster]: Safety limits: max_vx=0.100 m/s, max_wz=0.500 rad/s
[INFO] [1779972729.198924499] [cmd_vel_to_rosmaster]: status: battery=12.2, motion=(0.0, 0.0, 0.0), last_cmd=(vx=0.000, wz=0.000)
[INFO] [1779972731.206054633] [cmd_vel_to_rosmaster]: status: battery=12.1, motion=(0.0, 0.0, 0.0), last_cmd=(vx=0.000, wz=0.000)
[INFO] [1779972733.204378486] [cmd_vel_to_rosmaster]: status: battery=12.1, motion=(0.0, 0.0, 0.0), last_cmd=(vx=0.000, wz=0.000)
[INFO] [1779972735.195864771] [cmd_vel_to_rosmaster]: status: battery=12.2, motion=(0.0, 0.0, 0.0), last_cmd=(vx=0.000, wz=0.000)
[INFO] [1779972737.205502519] [cmd_vel_to_rosmaster]: status: battery=12.1, motion=(0.0, 0.0, 0.0), last_cmd=(vx=0.000, wz=0.000)
[INFO] [1779972739.195786949] [cmd_vel_to_rosmaster]: status: battery=12.2, motion=(0.0, 0.0, 0.0), last_cmd=(vx=0.000, wz=0.000)
[INFO] [1779972741.196700260] [cmd_vel_to_rosmaster]: status: battery=12.2, motion=(0.0, 0.0, 0.0), last_cmd=(vx=0.000, wz=0.000)
[INFO] [1779972743.206256198] [cmd_vel_to_rosmaster]: status: battery=12.2, motion=(0.0, 0.0, 0.0), last_cmd=(vx=0.000, wz=0.000)
[INFO] [1779972745.196221267] [cmd_vel_to_rosmaster]: status: battery=12.2, motion=(0.0, 0.0, 0.0), last_cmd=(vx=0.000, wz=0.000)
[INFO] [1779972747.203611693] [cmd_vel_to_rosmaster]: status: battery=12.1, motion=(0.0, 0.0, 0.0), last_cmd=(vx=0.000, wz=0.000)
[INFO] [1779972749.196212123] [cmd_vel_to_rosmaster]: status: battery=12.1, motion=(0.0, 0.0, 0.0), last_cmd=(vx=0.000, wz=0.000)
[INFO] [1779972751.204597398] [cmd_vel_to_rosmaster]: status: battery=12.1, motion=(0.0, 0.0, 0.0), last_cmd=(vx=0.000, wz=0.000)
[INFO] [1779972752.887609837] [cmd_vel_to_rosmaster]: raw cmd: linear.x=0.040, linear.y=0.000, angular.z=0.000 => send: vx=0.040, vy=0.000, wz=0.000
[INFO] [1779972752.987797509] [cmd_vel_to_rosmaster]: raw cmd: linear.x=0.040, linear.y=0.000, angular.z=0.000 => send: vx=0.040, vy=0.000, wz=0.000
[INFO] [1779972753.088321516] [cmd_vel_to_rosmaster]: raw cmd: linear.x=0.040, linear.y=0.000, angular.z=0.000 => send: vx=0.040, vy=0.000, wz=0.000
[INFO] [1779972753.190348834] [cmd_vel_to_rosmaster]: raw cmd: linear.x=0.040, linear.y=0.000, angular.z=0.000 => send: vx=0.040, vy=0.000, wz=0.000
[INFO] [1779972753.208034015] [cmd_vel_to_rosmaster]: status: battery=12.1, motion=(0.0, 0.0, 0.0), last_cmd=(vx=0.040, wz=0.000)
[INFO] [1779972753.289907107] [cmd_vel_to_rosmaster]: raw cmd: linear.x=0.040, linear.y=0.000, angular.z=0.000 => send: vx=0.040, vy=0.000, wz=0.000
[INFO] [1779972753.394374387] [cmd_vel_to_rosmaster]: raw cmd: linear.x=0.040, linear.y=0.000, angular.z=0.000 => send: vx=0.040, vy=0.000, wz=0.000
[INFO] [1779972753.493746246] [cmd_vel_to_rosmaster]: raw cmd: linear.x=0.040, linear.y=0.000, angular.z=0.000 => send: vx=0.040, vy=0.000, wz=0.000
[INFO] [1779972753.594635999] [cmd_vel_to_rosmaster]: raw cmd: linear.x=0.040, linear.y=0.000, angular.z=0.000 => send: vx=0.040, vy=0.000, wz=0.000
[INFO] [1779972753.701393243] [cmd_vel_to_rosmaster]: raw cmd: linear.x=0.040, linear.y=0.000, angular.z=0.000 => send: vx=0.040, vy=0.000, wz=0.000
[INFO] [1779972753.801273802] [cmd_vel_to_rosmaster]: raw cmd: linear.x=0.040, linear.y=0.000, angular.z=0.000 => send: vx=0.040, vy=0.000, wz=0.000
[INFO] [1779972753.893710062] [cmd_vel_to_rosmaster]: raw cmd: linear.x=0.000, linear.y=0.000, angular.z=0.000 => send: vx=0.000, vy=0.000, wz=0.000
[INFO] [1779972754.710446109] [cmd_vel_to_rosmaster]: raw cmd: linear.x=-0.040, linear.y=0.000, angular.z=0.000 => send: vx=-0.040, vy=0.000, wz=0.000
[INFO] [1779972754.817659854] [cmd_vel_to_rosmaster]: raw cmd: linear.x=-0.040, linear.y=0.000, angular.z=0.000 => send: vx=-0.040, vy=0.000, wz=0.000
[INFO] [1779972754.919029440] [cmd_vel_to_rosmaster]: raw cmd: linear.x=-0.040, linear.y=0.000, angular.z=0.000 => send: vx=-0.040, vy=0.000, wz=0.000
[INFO] [1779972755.013068099] [cmd_vel_to_rosmaster]: raw cmd: linear.x=-0.040, linear.y=0.000, angular.z=0.000 => send: vx=-0.040, vy=0.000, wz=0.000
[INFO] [1779972755.120015773] [cmd_vel_to_rosmaster]: raw cmd: linear.x=-0.040, linear.y=0.000, angular.z=0.000 => send: vx=-0.040, vy=0.000, wz=0.000
[INFO] [1779972755.206987340] [cmd_vel_to_rosmaster]: status: battery=12.1, motion=(0.0, 0.0, 0.0), last_cmd=(vx=-0.040, wz=0.000)
[INFO] [1779972755.219998263] [cmd_vel_to_rosmaster]: raw cmd: linear.x=-0.040, linear.y=0.000, angular.z=0.000 => send: vx=-0.040, vy=0.000, wz=0.000
[INFO] [1779972755.315488573] [cmd_vel_to_rosmaster]: raw cmd: linear.x=-0.040, linear.y=0.000, angular.z=0.000 => send: vx=-0.040, vy=0.000, wz=0.000
[INFO] [1779972755.421692174] [cmd_vel_to_rosmaster]: raw cmd: linear.x=-0.040, linear.y=0.000, angular.z=0.000 => send: vx=-0.040, vy=0.000, wz=0.000
[INFO] [1779972755.519657321] [cmd_vel_to_rosmaster]: raw cmd: linear.x=-0.040, linear.y=0.000, angular.z=0.000 => send: vx=-0.040, vy=0.000, wz=0.000
[INFO] [1779972755.619282108] [cmd_vel_to_rosmaster]: raw cmd: linear.x=-0.040, linear.y=0.000, angular.z=0.000 => send: vx=-0.040, vy=0.000, wz=0.000
[INFO] [1779972755.720793908] [cmd_vel_to_rosmaster]: raw cmd: linear.x=0.000, linear.y=0.000, angular.z=0.000 => send: vx=0.000, vy=0.000, wz=0.000
[INFO] [1779972757.206032672] [cmd_vel_to_rosmaster]: status: battery=12.1, motion=(0.0, 0.0, 0.0), last_cmd=(vx=0.000, wz=0.000)
[INFO] [1779972759.197632461] [cmd_vel_to_rosmaster]: status: battery=12.1, motion=(0.0, 0.0, 0.0), last_cmd=(vx=0.000, wz=0.000)
[INFO] [1779972761.205417219] [cmd_vel_to_rosmaster]: status: battery=12.1, motion=(0.0, 0.0, 0.0), last_cmd=(vx=0.000, wz=0.000)
[INFO] [1779972763.205512267] [cmd_vel_to_rosmaster]: status: battery=12.2, motion=(0.0, 0.0, 0.0), last_cmd=(vx=0.000, wz=0.000)
[INFO] [1779972765.196815034] [cmd_vel_to_rosmaster]: status: battery=12.2, motion=(0.0, 0.0, 0.0), last_cmd=(vx=0.000, wz=0.000)
[INFO] [1779972767.205640672] [cmd_vel_to_rosmaster]: status: battery=12.2, motion=(0.0, 0.0, 0.0), last_cmd=(vx=0.000, wz=0.000)
[INFO] [1779972769.205566903] [cmd_vel_to_rosmaster]: status: battery=12.2, motion=(0.0, 0.0, 0.0), last_cmd=(vx=0.000, wz=0.000)
[INFO] [1779972771.197713705] [cmd_vel_to_rosmaster]: status: battery=12.1, motion=(0.0, 0.0, 0.0), last_cmd=(vx=0.000, wz=0.000)
[INFO] [1779972773.206682809] [cmd_vel_to_rosmaster]: status: battery=12.1, motion=(0.0, 0.0, 0.0), last_cmd=(vx=0.000, wz=0.000)
[INFO] [1779972775.206205465] [cmd_vel_to_rosmaster]: status: battery=12.1, motion=(0.0, 0.0, 0.0), last_cmd=(vx=0.000, wz=0.000)
[INFO] [1779972777.198384762] [cmd_vel_to_rosmaster]: status: battery=12.2, motion=(0.0, 0.0, 0.0), last_cmd=(vx=0.000, wz=0.000)
[INFO] [1779972779.203788623] [cmd_vel_to_rosmaster]: status: battery=12.1, motion=(0.0, 0.0, 0.0), last_cmd=(vx=0.000, wz=0.000)
[INFO] [1779972781.204788917] [cmd_vel_to_rosmaster]: status: battery=12.2, motion=(0.0, 0.0, 0.0), last_cmd=(vx=0.000, wz=0.000)
[INFO] [1779972783.197557192] [cmd_vel_to_rosmaster]: status: battery=12.2, motion=(0.0, 0.0, 0.0), last_cmd=(vx=0.000, wz=0.000)
[INFO] [1779972785.206407287] [cmd_vel_to_rosmaster]: status: battery=12.1, motion=(0.0, 0.0, 0.0), last_cmd=(vx=0.000, wz=0.000)
[INFO] [1779972787.205940583] [cmd_vel_to_rosmaster]: status: battery=12.1, motion=(0.0, 0.0, 0.0), last_cmd=(vx=0.000, wz=0.000)
[INFO] [1779972789.198450046] [cmd_vel_to_rosmaster]: status: battery=12.1, motion=(0.0, 0.0, 0.0), last_cmd=(vx=0.000, wz=0.000)
[INFO] [1779972791.206827376] [cmd_vel_to_rosmaster]: status: battery=12.1, motion=(0.0, 0.0, 0.0), last_cmd=(vx=0.000, wz=0.000)
[INFO] [1779972793.204847914] [cmd_vel_to_rosmaster]: status: battery=12.2, motion=(0.0, 0.0, 0.0), last_cmd=(vx=0.000, wz=0.000)
[INFO] [1779972795.198202082] [cmd_vel_to_rosmaster]: status: battery=12.1, motion=(0.0, 0.0, 0.0), last_cmd=(vx=0.000, wz=0.000)
[INFO] [1779972797.205528394] [cmd_vel_to_rosmaster]: status: battery=12.2, motion=(0.0, 0.0, 0.0), last_cmd=(vx=0.000, wz=0.000)
[INFO] [1779972799.205185707] [cmd_vel_to_rosmaster]: status: battery=12.1, motion=(0.0, 0.0, 0.0), last_cmd=(vx=0.000, wz=0.000)
[INFO] [1779972801.199186448] [cmd_vel_to_rosmaster]: status: battery=12.1, motion=(0.0, 0.0, 0.0), last_cmd=(vx=0.000, wz=0.000)
[INFO] [1779972803.206512053] [cmd_vel_to_rosmaster]: status: battery=12.1, motion=(0.0, 0.0, 0.0), last_cmd=(vx=0.000, wz=0.000)
[INFO] [1779972805.206449065] [cmd_vel_to_rosmaster]: status: battery=12.1, motion=(0.0, 0.0, 0.0), last_cmd=(vx=0.000, wz=0.000)
[INFO] [1779972807.198920314] [cmd_vel_to_rosmaster]: status: battery=12.2, motion=(0.0, 0.0, 0.0), last_cmd=(vx=0.000, wz=0.000)
[INFO] [1779972809.206591489] [cmd_vel_to_rosmaster]: status: battery=12.1, motion=(0.0, 0.0, 0.0), last_cmd=(vx=0.000, wz=0.000)
[INFO] [1779972811.204350219] [cmd_vel_to_rosmaster]: status: battery=12.1, motion=(0.0, 0.0, 0.0), last_cmd=(vx=0.000, wz=0.000)
[INFO] [1779972813.198407761] [cmd_vel_to_rosmaster]: status: battery=12.1, motion=(0.0, 0.0, 0.0), last_cmd=(vx=0.000, wz=0.000)
[INFO] [1779972815.205046137] [cmd_vel_to_rosmaster]: status: battery=12.1, motion=(0.0, 0.0, 0.0), last_cmd=(vx=0.000, wz=0.000)
[INFO] [1779972817.205928181] [cmd_vel_to_rosmaster]: status: battery=12.1, motion=(0.0, 0.0, 0.0), last_cmd=(vx=0.000, wz=0.000)
[INFO] [1779972819.199694779] [cmd_vel_to_rosmaster]: status: battery=12.1, motion=(0.0, 0.0, 0.0), last_cmd=(vx=0.000, wz=0.000)
[INFO] [1779972821.206876497] [cmd_vel_to_rosmaster]: status: battery=12.1, motion=(0.0, 0.0, 0.0), last_cmd=(vx=0.000, wz=0.000)
[INFO] [1779972823.206181816] [cmd_vel_to_rosmaster]: status: battery=12.1, motion=(0.0, 0.0, 0.0), last_cmd=(vx=0.000, wz=0.000)
[INFO] [1779972825.198861677] [cmd_vel_to_rosmaster]: status: battery=12.1, motion=(0.0, 0.0, 0.0), last_cmd=(vx=0.000, wz=0.000)
[INFO] [1779972827.205975274] [cmd_vel_to_rosmaster]: status: battery=12.1, motion=(0.0, 0.0, 0.0), last_cmd=(vx=0.000, wz=0.000)
[INFO] [1779972829.207642817] [cmd_vel_to_rosmaster]: status: battery=12.1, motion=(0.0, 0.0, 0.0), last_cmd=(vx=0.000, wz=0.000)
[INFO] [1779972831.199821134] [cmd_vel_to_rosmaster]: status: battery=12.1, motion=(0.0, 0.0, 0.0), last_cmd=(vx=0.000, wz=0.000)
[INFO] [1779972833.206640854] [cmd_vel_to_rosmaster]: status: battery=12.1, motion=(0.0, 0.0, 0.0), last_cmd=(vx=0.000, wz=0.000)
[INFO] [1779972835.205971951] [cmd_vel_to_rosmaster]: status: battery=12.1, motion=(0.0, 0.0, 0.0), last_cmd=(vx=0.000, wz=0.000)
[INFO] [1779972837.200399395] [cmd_vel_to_rosmaster]: status: battery=12.1, motion=(0.0, 0.0, 0.0), last_cmd=(vx=0.000, wz=0.000)
[INFO] [1779972839.204217255] [cmd_vel_to_rosmaster]: status: battery=12.1, motion=(0.0, 0.0, 0.0), last_cmd=(vx=0.000, wz=0.000)
[INFO] [1779972841.207230504] [cmd_vel_to_rosmaster]: status: battery=12.1, motion=(0.0, 0.0, 0.0), last_cmd=(vx=0.000, wz=0.000)
[INFO] [1779972843.199504902] [cmd_vel_to_rosmaster]: status: battery=12.1, motion=(0.0, 0.0, 0.0), last_cmd=(vx=0.000, wz=0.000)
[INFO] [1779972845.205166802] [cmd_vel_to_rosmaster]: status: battery=12.1, motion=(0.0, 0.0, 0.0), last_cmd=(vx=0.000, wz=0.000)
[INFO] [1779972847.205874044] [cmd_vel_to_rosmaster]: status: battery=12.1, motion=(0.0, 0.0, 0.0), last_cmd=(vx=0.000, wz=0.000)
[INFO] [1779972849.200406803] [cmd_vel_to_rosmaster]: status: battery=12.1, motion=(0.0, 0.0, 0.0), last_cmd=(vx=0.000, wz=0.000)
[INFO] [1779972851.206628540] [cmd_vel_to_rosmaster]: status: battery=12.1, motion=(0.0, 0.0, 0.0), last_cmd=(vx=0.000, wz=0.000)
[INFO] [1779972853.207039122] [cmd_vel_to_rosmaster]: status: battery=12.1, motion=(0.0, 0.0, 0.0), last_cmd=(vx=0.000, wz=0.000)
[INFO] [1779972855.200790719] [cmd_vel_to_rosmaster]: status: battery=12.1, motion=(0.0, 0.0, 0.0), last_cmd=(vx=0.000, wz=0.000)
[INFO] [1779972857.204382936] [cmd_vel_to_rosmaster]: status: battery=12.1, motion=(0.0, 0.0, 0.0), last_cmd=(vx=0.000, wz=0.000)
[INFO] [1779972859.205484089] [cmd_vel_to_rosmaster]: status: battery=12.1, motion=(0.0, 0.0, 0.0), last_cmd=(vx=0.000, wz=0.000)
[INFO] [1779972861.201098826] [cmd_vel_to_rosmaster]: status: battery=12.1, motion=(0.0, 0.0, 0.0), last_cmd=(vx=0.000, wz=0.000)
[INFO] [1779972863.205936398] [cmd_vel_to_rosmaster]: status: battery=12.1, motion=(0.0, 0.0, 0.0), last_cmd=(vx=0.000, wz=0.000)
[INFO] [1779972865.205970504] [cmd_vel_to_rosmaster]: status: battery=12.1, motion=(0.0, 0.0, 0.0), last_cmd=(vx=0.000, wz=0.000)
[INFO] [1779972867.201102101] [cmd_vel_to_rosmaster]: status: battery=12.1, motion=(0.0, 0.0, 0.0), last_cmd=(vx=0.000, wz=0.000)
[INFO] [1779972869.206378944] [cmd_vel_to_rosmaster]: status: battery=12.1, motion=(0.0, 0.0, 0.0), last_cmd=(vx=0.000, wz=0.000)
[INFO] [1779972871.204516376] [cmd_vel_to_rosmaster]: status: battery=12.1, motion=(0.0, 0.0, 0.0), last_cmd=(vx=0.000, wz=0.000)
[INFO] [1779972873.200694604] [cmd_vel_to_rosmaster]: status: battery=12.1, motion=(0.0, 0.0, 0.0), last_cmd=(vx=0.000, wz=0.000)
[INFO] [1779972875.204796887] [cmd_vel_to_rosmaster]: status: battery=12.1, motion=(0.0, 0.0, 0.0), last_cmd=(vx=0.000, wz=0.000)
[INFO] [1779972877.205232729] [cmd_vel_to_rosmaster]: status: battery=12.1, motion=(0.0, 0.0, 0.0), last_cmd=(vx=0.000, wz=0.000)
[INFO] [1779972879.201361214] [cmd_vel_to_rosmaster]: status: battery=12.1, motion=(0.0, 0.0, 0.0), last_cmd=(vx=0.000, wz=0.000)
[INFO] [1779972881.205950793] [cmd_vel_to_rosmaster]: status: battery=12.1, motion=(0.0, 0.0, 0.0), last_cmd=(vx=0.000, wz=0.000)
[INFO] [1779972883.205971598] [cmd_vel_to_rosmaster]: status: battery=12.1, motion=(0.0, 0.0, 0.0), last_cmd=(vx=0.000, wz=0.000)
[INFO] [1779972885.201518128] [cmd_vel_to_rosmaster]: status: battery=12.1, motion=(0.0, 0.0, 0.0), last_cmd=(vx=0.000, wz=0.000)
[INFO] [1779972887.206150121] [cmd_vel_to_rosmaster]: status: battery=12.1, motion=(0.0, 0.0, 0.0), last_cmd=(vx=0.000, wz=0.000)
[INFO] [1779972889.203909352] [cmd_vel_to_rosmaster]: status: battery=12.1, motion=(0.0, 0.0, 0.0), last_cmd=(vx=0.000, wz=0.000)
[INFO] [1779972891.201864797] [cmd_vel_to_rosmaster]: status: battery=12.1, motion=(0.0, 0.0, 0.0), last_cmd=(vx=0.000, wz=0.000)
[INFO] [1779972893.205141076] [cmd_vel_to_rosmaster]: status: battery=12.1, motion=(0.0, 0.0, 0.0), last_cmd=(vx=0.000, wz=0.000)
[INFO] [1779972895.205339585] [cmd_vel_to_rosmaster]: status: battery=12.1, motion=(0.0, 0.0, 0.0), last_cmd=(vx=0.000, wz=0.000)
[INFO] [1779972897.202126122] [cmd_vel_to_rosmaster]: status: battery=12.1, motion=(0.0, 0.0, 0.0), last_cmd=(vx=0.000, wz=0.000)
[INFO] [1779972899.205965440] [cmd_vel_to_rosmaster]: status: battery=12.1, motion=(0.0, 0.0, 0.0), last_cmd=(vx=0.000, wz=0.000)
[INFO] [1779972901.207591169] [cmd_vel_to_rosmaster]: status: battery=12.1, motion=(0.0, 0.0, 0.0), last_cmd=(vx=0.000, wz=0.000)
[INFO] [1779972903.202563189] [cmd_vel_to_rosmaster]: status: battery=12.1, motion=(0.0, 0.0, 0.0), last_cmd=(vx=0.000, wz=0.000)
[INFO] [1779972905.204735162] [cmd_vel_to_rosmaster]: status: battery=12.1, motion=(0.0, 0.0, 0.0), last_cmd=(vx=0.000, wz=0.000)
[INFO] [1779972907.204693133] [cmd_vel_to_rosmaster]: status: battery=12.1, motion=(0.0, 0.0, 0.0), last_cmd=(vx=0.000, wz=0.000)
[INFO] [1779972909.202665139] [cmd_vel_to_rosmaster]: status: battery=12.1, motion=(0.0, 0.0, 0.0), last_cmd=(vx=0.000, wz=0.000)
[INFO] [1779972911.206143635] [cmd_vel_to_rosmaster]: status: battery=12.1, motion=(0.0, 0.0, 0.0), last_cmd=(vx=0.000, wz=0.000)
[INFO] [1779972913.206638773] [cmd_vel_to_rosmaster]: status: battery=12.1, motion=(0.0, 0.0, 0.0), last_cmd=(vx=0.000, wz=0.000)
[INFO] [1779972915.203722227] [cmd_vel_to_rosmaster]: status: battery=12.1, motion=(0.0, 0.0, 0.0), last_cmd=(vx=0.000, wz=0.000)
[INFO] [1779972917.203652472] [cmd_vel_to_rosmaster]: status: battery=12.1, motion=(0.0, 0.0, 0.0), last_cmd=(vx=0.000, wz=0.000)
[INFO] [1779972919.205163182] [cmd_vel_to_rosmaster]: status: battery=12.1, motion=(0.0, 0.0, 0.0), last_cmd=(vx=0.000, wz=0.000)
[INFO] [1779972921.202805038] [cmd_vel_to_rosmaster]: status: battery=12.1, motion=(0.0, 0.0, 0.0), last_cmd=(vx=0.000, wz=0.000)
[INFO] [1779972923.206137952] [cmd_vel_to_rosmaster]: status: battery=12.1, motion=(0.0, 0.0, 0.0), last_cmd=(vx=0.000, wz=0.000)
[INFO] [1779972925.206039002] [cmd_vel_to_rosmaster]: status: battery=12.1, motion=(0.0, 0.0, 0.0), last_cmd=(vx=0.000, wz=0.000)
[INFO] [1779972927.203268068] [cmd_vel_to_rosmaster]: status: battery=12.1, motion=(0.0, 0.0, 0.0), last_cmd=(vx=0.000, wz=0.000)
[INFO] [1779972929.206680176] [cmd_vel_to_rosmaster]: status: battery=12.1, motion=(0.0, 0.0, 0.0), last_cmd=(vx=0.000, wz=0.000)
[INFO] [1779972931.203624172] [cmd_vel_to_rosmaster]: status: battery=12.1, motion=(0.0, 0.0, 0.0), last_cmd=(vx=0.000, wz=0.000)
[INFO] [1779972933.203573585] [cmd_vel_to_rosmaster]: status: battery=12.1, motion=(0.0, 0.0, 0.0), last_cmd=(vx=0.000, wz=0.000)
[INFO] [1779972935.204423847] [cmd_vel_to_rosmaster]: status: battery=12.1, motion=(0.0, 0.0, 0.0), last_cmd=(vx=0.000, wz=0.000)
[INFO] [1779972937.205313260] [cmd_vel_to_rosmaster]: status: battery=12.1, motion=(0.0, 0.0, 0.0), last_cmd=(vx=0.000, wz=0.000)
[INFO] [1779972939.203869142] [cmd_vel_to_rosmaster]: status: battery=12.1, motion=(0.0, 0.0, 0.0), last_cmd=(vx=0.000, wz=0.000)
[INFO] [1779972941.205814959] [cmd_vel_to_rosmaster]: status: battery=12.1, motion=(0.0, 0.0, 0.0), last_cmd=(vx=0.000, wz=0.000)
[INFO] [1779972943.205995683] [cmd_vel_to_rosmaster]: status: battery=12.1, motion=(0.0, 0.0, 0.0), last_cmd=(vx=0.000, wz=0.000)
[INFO] [1779972945.203224838] [cmd_vel_to_rosmaster]: status: battery=12.1, motion=(0.0, 0.0, 0.0), last_cmd=(vx=0.000, wz=0.000)
[INFO] [1779972947.204158804] [cmd_vel_to_rosmaster]: status: battery=12.1, motion=(0.0, 0.0, 0.0), last_cmd=(vx=0.000, wz=0.000)
[INFO] [1779972949.206953658] [cmd_vel_to_rosmaster]: status: battery=12.1, motion=(0.0, 0.0, 0.0), last_cmd=(vx=0.000, wz=0.000)
[INFO] [1779972951.203939094] [cmd_vel_to_rosmaster]: status: battery=12.1, motion=(0.0, 0.0, 0.0), last_cmd=(vx=0.000, wz=0.000)
[INFO] [1779972953.205908281] [cmd_vel_to_rosmaster]: status: battery=12.1, motion=(0.0, 0.0, 0.0), last_cmd=(vx=0.000, wz=0.000)
[INFO] [1779972955.206252386] [cmd_vel_to_rosmaster]: status: battery=12.1, motion=(0.0, 0.0, 0.0), last_cmd=(vx=0.000, wz=0.000)
[INFO] [1779972957.205195085] [cmd_vel_to_rosmaster]: status: battery=12.1, motion=(0.0, 0.0, 0.0), last_cmd=(vx=0.000, wz=0.000)
[INFO] [1779972959.204270693] [cmd_vel_to_rosmaster]: status: battery=12.1, motion=(0.0, 0.0, 0.0), last_cmd=(vx=0.000, wz=0.000)
[INFO] [1779972961.206388024] [cmd_vel_to_rosmaster]: status: battery=12.1, motion=(0.0, 0.0, 0.0), last_cmd=(vx=0.000, wz=0.000)
[INFO] [1779972963.204042439] [cmd_vel_to_rosmaster]: status: battery=12.1, motion=(0.0, 0.0, 0.0), last_cmd=(vx=0.000, wz=0.000)
[INFO] [1779972965.205685211] [cmd_vel_to_rosmaster]: status: battery=12.1, motion=(0.0, 0.0, 0.0), last_cmd=(vx=0.000, wz=0.000)
[INFO] [1779972967.205570802] [cmd_vel_to_rosmaster]: status: battery=12.1, motion=(0.0, 0.0, 0.0), last_cmd=(vx=0.000, wz=0.000)
[INFO] [1779972969.204671142] [cmd_vel_to_rosmaster]: status: battery=12.1, motion=(0.0, 0.0, 0.0), last_cmd=(vx=0.000, wz=0.000)
[INFO] [1779972971.205805141] [cmd_vel_to_rosmaster]: status: battery=12.1, motion=(0.0, 0.0, 0.0), last_cmd=(vx=0.000, wz=0.000)
[INFO] [1779972973.205819520] [cmd_vel_to_rosmaster]: status: battery=12.1, motion=(0.0, 0.0, 0.0), last_cmd=(vx=0.000, wz=0.000)
[INFO] [1779972975.205018956] [cmd_vel_to_rosmaster]: status: battery=12.1, motion=(0.0, 0.0, 0.0), last_cmd=(vx=0.000, wz=0.000)
[INFO] [1779972977.204851898] [cmd_vel_to_rosmaster]: status: battery=12.1, motion=(0.0, 0.0, 0.0), last_cmd=(vx=0.000, wz=0.000)
[INFO] [1779972979.205552992] [cmd_vel_to_rosmaster]: status: battery=12.1, motion=(0.0, 0.0, 0.0), last_cmd=(vx=0.000, wz=0.000)
[INFO] [1779972981.204947849] [cmd_vel_to_rosmaster]: status: battery=12.1, motion=(0.0, 0.0, 0.0), last_cmd=(vx=0.000, wz=0.000)
[INFO] [1779972983.205787270] [cmd_vel_to_rosmaster]: status: battery=12.1, motion=(0.0, 0.0, 0.0), last_cmd=(vx=0.000, wz=0.000)
[INFO] [1779972985.208637050] [cmd_vel_to_rosmaster]: status: battery=12.1, motion=(0.0, 0.0, 0.0), last_cmd=(vx=0.000, wz=0.000)
[INFO] [1779972987.205158005] [cmd_vel_to_rosmaster]: status: battery=12.1, motion=(0.0, 0.0, 0.0), last_cmd=(vx=0.000, wz=0.000)
[INFO] [1779972989.206130045] [cmd_vel_to_rosmaster]: status: battery=12.1, motion=(0.0, 0.0, 0.0), last_cmd=(vx=0.000, wz=0.000)
[INFO] [1779972991.203996481] [cmd_vel_to_rosmaster]: status: battery=12.1, motion=(0.0, 0.0, 0.0), last_cmd=(vx=0.000, wz=0.000)
[INFO] [1779972993.205404623] [cmd_vel_to_rosmaster]: status: battery=12.1, motion=(0.0, 0.0, 0.0), last_cmd=(vx=0.000, wz=0.000)
[INFO] [1779972995.207420034] [cmd_vel_to_rosmaster]: status: battery=12.1, motion=(0.0, 0.0, 0.0), last_cmd=(vx=0.000, wz=0.000)
[INFO] [1779972997.205982622] [cmd_vel_to_rosmaster]: status: battery=12.1, motion=(0.0, 0.0, 0.0), last_cmd=(vx=0.000, wz=0.000)
[INFO] [1779972999.205749307] [cmd_vel_to_rosmaster]: status: battery=12.1, motion=(0.0, 0.0, 0.0), last_cmd=(vx=0.000, wz=0.000)
[INFO] [1779973001.206189567] [cmd_vel_to_rosmaster]: status: battery=12.1, motion=(0.0, 0.0, 0.0), last_cmd=(vx=0.000, wz=0.000)
[INFO] [1779973003.206349483] [cmd_vel_to_rosmaster]: status: battery=12.1, motion=(0.0, 0.0, 0.0), last_cmd=(vx=0.000, wz=0.000)
[INFO] [1779973005.205204137] [cmd_vel_to_rosmaster]: status: battery=12.1, motion=(0.0, 0.0, 0.0), last_cmd=(vx=0.000, wz=0.000)
[INFO] [1779973007.205834832] [cmd_vel_to_rosmaster]: status: battery=12.1, motion=(0.0, 0.0, 0.0), last_cmd=(vx=0.000, wz=0.000)
[INFO] [1779973009.205424779] [cmd_vel_to_rosmaster]: status: battery=12.1, motion=(0.0, 0.0, 0.0), last_cmd=(vx=0.000, wz=0.000)
[INFO] [1779973011.205984749] [cmd_vel_to_rosmaster]: status: battery=12.1, motion=(0.0, 0.0, 0.0), last_cmd=(vx=0.000, wz=0.000)
[INFO] [1779973013.206901848] [cmd_vel_to_rosmaster]: status: battery=12.1, motion=(0.0, 0.0, 0.0), last_cmd=(vx=0.000, wz=0.000)
[INFO] [1779973015.200403887] [cmd_vel_to_rosmaster]: status: battery=12.1, motion=(0.0, 0.0, 0.0), last_cmd=(vx=0.000, wz=0.000)
[INFO] [1779973017.207042572] [cmd_vel_to_rosmaster]: status: battery=12.1, motion=(0.0, 0.0, 0.0), last_cmd=(vx=0.000, wz=0.000)
[INFO] [1779973019.204668042] [cmd_vel_to_rosmaster]: status: battery=12.1, motion=(0.0, 0.0, 0.0), last_cmd=(vx=0.000, wz=0.000)
[INFO] [1779973021.205454651] [cmd_vel_to_rosmaster]: status: battery=12.1, motion=(0.0, 0.0, 0.0), last_cmd=(vx=0.000, wz=0.000)
[INFO] [1779973023.205899467] [cmd_vel_to_rosmaster]: status: battery=12.1, motion=(0.0, 0.0, 0.0), last_cmd=(vx=0.000, wz=0.000)
[INFO] [1779973025.196927006] [cmd_vel_to_rosmaster]: status: battery=12.1, motion=(0.0, 0.0, 0.0), last_cmd=(vx=0.000, wz=0.000)
[INFO] [1779973027.206903927] [cmd_vel_to_rosmaster]: status: battery=12.1, motion=(0.0, 0.0, 0.0), last_cmd=(vx=0.000, wz=0.000)
[INFO] [1779973029.206893042] [cmd_vel_to_rosmaster]: status: battery=12.1, motion=(0.0, 0.0, 0.0), last_cmd=(vx=0.000, wz=0.000)
[INFO] [1779973031.197687253] [cmd_vel_to_rosmaster]: status: battery=12.1, motion=(0.0, 0.0, 0.0), last_cmd=(vx=0.000, wz=0.000)
[INFO] [1779973033.196215284] [cmd_vel_to_rosmaster]: status: battery=12.1, motion=(0.0, 0.0, 0.0), last_cmd=(vx=0.000, wz=0.000)
[INFO] [1779973035.197527345] [cmd_vel_to_rosmaster]: status: battery=12.1, motion=(0.0, 0.0, 0.0), last_cmd=(vx=0.000, wz=0.000)
[INFO] [1779973037.195986040] [cmd_vel_to_rosmaster]: status: battery=12.1, motion=(0.0, 0.0, 0.0), last_cmd=(vx=0.000, wz=0.000)
[INFO] [1779973039.195959139] [cmd_vel_to_rosmaster]: status: battery=12.1, motion=(0.0, 0.0, 0.0), last_cmd=(vx=0.000, wz=0.000)
[INFO] [1779973041.196002737] [cmd_vel_to_rosmaster]: status: battery=12.1, motion=(0.0, 0.0, 0.0), last_cmd=(vx=0.000, wz=0.000)
[INFO] [1779973043.196798591] [cmd_vel_to_rosmaster]: status: battery=12.1, motion=(0.0, 0.0, 0.0), last_cmd=(vx=0.000, wz=0.000)
[INFO] [1779973045.198364903] [cmd_vel_to_rosmaster]: status: battery=12.1, motion=(0.0, 0.0, 0.0), last_cmd=(vx=0.000, wz=0.000)
[INFO] [1779973047.196032684] [cmd_vel_to_rosmaster]: status: battery=12.1, motion=(0.0, 0.0, 0.0), last_cmd=(vx=0.000, wz=0.000)
[INFO] [1779973049.196648574] [cmd_vel_to_rosmaster]: status: battery=12.1, motion=(0.0, 0.0, 0.0), last_cmd=(vx=0.000, wz=0.000)
[INFO] [1779973051.195940732] [cmd_vel_to_rosmaster]: status: battery=12.1, motion=(0.0, 0.0, 0.0), last_cmd=(vx=0.000, wz=0.000)
[INFO] [1779973053.195976949] [cmd_vel_to_rosmaster]: status: battery=12.1, motion=(0.0, 0.0, 0.0), last_cmd=(vx=0.000, wz=0.000)
[INFO] [1779973055.196629345] [cmd_vel_to_rosmaster]: status: battery=12.1, motion=(0.0, 0.0, 0.0), last_cmd=(vx=0.000, wz=0.000)
[INFO] [1779973057.197320145] [cmd_vel_to_rosmaster]: status: battery=12.1, motion=(0.0, 0.0, 0.0), last_cmd=(vx=0.000, wz=0.000)
[INFO] [1779973059.197955473] [cmd_vel_to_rosmaster]: status: battery=12.1, motion=(0.0, 0.0, 0.0), last_cmd=(vx=0.000, wz=0.000)
[INFO] [1779973061.196727596] [cmd_vel_to_rosmaster]: status: battery=12.1, motion=(0.0, 0.0, 0.0), last_cmd=(vx=0.000, wz=0.000)
[INFO] [1779973063.197592239] [cmd_vel_to_rosmaster]: status: battery=12.1, motion=(0.0, 0.0, 0.0), last_cmd=(vx=0.000, wz=0.000)
[INFO] [1779973065.196716535] [cmd_vel_to_rosmaster]: status: battery=12.1, motion=(0.0, 0.0, 0.0), last_cmd=(vx=0.000, wz=0.000)
[INFO] [1779973067.205003174] [cmd_vel_to_rosmaster]: status: battery=12.1, motion=(0.0, 0.0, 0.0), last_cmd=(vx=0.000, wz=0.000)
[INFO] [1779973069.196073869] [cmd_vel_to_rosmaster]: status: battery=12.1, motion=(0.0, 0.0, 0.0), last_cmd=(vx=0.000, wz=0.000)
[INFO] [1779973071.206489049] [cmd_vel_to_rosmaster]: status: battery=12.1, motion=(0.0, 0.0, 0.0), last_cmd=(vx=0.000, wz=0.000)
[INFO] [1779973073.206307911] [cmd_vel_to_rosmaster]: status: battery=12.1, motion=(0.0, 0.0, 0.0), last_cmd=(vx=0.000, wz=0.000)
[INFO] [1779973075.201577485] [cmd_vel_to_rosmaster]: status: battery=12.1, motion=(0.0, 0.0, 0.0), last_cmd=(vx=0.000, wz=0.000)
[INFO] [1779973077.197489421] [cmd_vel_to_rosmaster]: status: battery=12.1, motion=(0.0, 0.0, 0.0), last_cmd=(vx=0.000, wz=0.000)
[INFO] [1779973079.195922027] [cmd_vel_to_rosmaster]: status: battery=12.1, motion=(0.0, 0.0, 0.0), last_cmd=(vx=0.000, wz=0.000)
[INFO] [1779973081.196748303] [cmd_vel_to_rosmaster]: status: battery=12.1, motion=(0.0, 0.0, 0.0), last_cmd=(vx=0.000, wz=0.000)
[INFO] [1779973083.196711644] [cmd_vel_to_rosmaster]: status: battery=12.1, motion=(0.0, 0.0, 0.0), last_cmd=(vx=0.000, wz=0.000)
[INFO] [1779973085.196683763] [cmd_vel_to_rosmaster]: status: battery=12.1, motion=(0.0, 0.0, 0.0), last_cmd=(vx=0.000, wz=0.000)
[INFO] [1779973087.197581128] [cmd_vel_to_rosmaster]: status: battery=12.1, motion=(0.0, 0.0, 0.0), last_cmd=(vx=0.000, wz=0.000)
[INFO] [1779973089.197494750] [cmd_vel_to_rosmaster]: status: battery=12.1, motion=(0.0, 0.0, 0.0), last_cmd=(vx=0.000, wz=0.000)
[INFO] [1779973091.197669085] [cmd_vel_to_rosmaster]: status: battery=12.1, motion=(0.0, 0.0, 0.0), last_cmd=(vx=0.000, wz=0.000)
[INFO] [1779973093.196702628] [cmd_vel_to_rosmaster]: status: battery=12.1, motion=(0.0, 0.0, 0.0), last_cmd=(vx=0.000, wz=0.000)
[INFO] [1779973095.196662602] [cmd_vel_to_rosmaster]: status: battery=12.1, motion=(0.0, 0.0, 0.0), last_cmd=(vx=0.000, wz=0.000)
[INFO] [1779973097.196686779] [cmd_vel_to_rosmaster]: status: battery=12.1, motion=(0.0, 0.0, 0.0), last_cmd=(vx=0.000, wz=0.000)
[INFO] [1779973099.196685363] [cmd_vel_to_rosmaster]: status: battery=12.1, motion=(0.0, 0.0, 0.0), last_cmd=(vx=0.000, wz=0.000)
[INFO] [1779973101.195942329] [cmd_vel_to_rosmaster]: status: battery=12.1, motion=(0.0, 0.0, 0.0), last_cmd=(vx=0.000, wz=0.000)
[INFO] [1779973103.195999542] [cmd_vel_to_rosmaster]: status: battery=12.1, motion=(0.0, 0.0, 0.0), last_cmd=(vx=0.000, wz=0.000)
[INFO] [1779973105.197395067] [cmd_vel_to_rosmaster]: status: battery=12.1, motion=(0.0, 0.0, 0.0), last_cmd=(vx=0.000, wz=0.000)
[INFO] [1779973107.197121858] [cmd_vel_to_rosmaster]: status: battery=12.1, motion=(0.0, 0.0, 0.0), last_cmd=(vx=0.000, wz=0.000)
[INFO] [1779973109.196695116] [cmd_vel_to_rosmaster]: status: battery=12.1, motion=(0.0, 0.0, 0.0), last_cmd=(vx=0.000, wz=0.000)
[INFO] [1779973111.196741403] [cmd_vel_to_rosmaster]: status: battery=12.1, motion=(0.0, 0.0, 0.0), last_cmd=(vx=0.000, wz=0.000)
[INFO] [1779973113.195953582] [cmd_vel_to_rosmaster]: status: battery=12.1, motion=(0.0, 0.0, 0.0), last_cmd=(vx=0.000, wz=0.000)
[INFO] [1779973115.195948812] [cmd_vel_to_rosmaster]: status: battery=12.1, motion=(0.0, 0.0, 0.0), last_cmd=(vx=0.000, wz=0.000)
[INFO] [1779973117.197202119] [cmd_vel_to_rosmaster]: status: battery=12.1, motion=(0.0, 0.0, 0.0), last_cmd=(vx=0.000, wz=0.000)
[INFO] [1779973119.195961804] [cmd_vel_to_rosmaster]: status: battery=12.1, motion=(0.0, 0.0, 0.0), last_cmd=(vx=0.000, wz=0.000)
[INFO] [1779973121.196756828] [cmd_vel_to_rosmaster]: status: battery=12.1, motion=(0.0, 0.0, 0.0), last_cmd=(vx=0.000, wz=0.000)
[INFO] [1779973123.196406933] [cmd_vel_to_rosmaster]: status: battery=12.1, motion=(0.0, 0.0, 0.0), last_cmd=(vx=0.000, wz=0.000)
[INFO] [1779973125.196445659] [cmd_vel_to_rosmaster]: status: battery=12.1, motion=(0.0, 0.0, 0.0), last_cmd=(vx=0.000, wz=0.000)
[INFO] [1779973127.196192353] [cmd_vel_to_rosmaster]: status: battery=12.1, motion=(0.0, 0.0, 0.0), last_cmd=(vx=0.000, wz=0.000)
[INFO] [1779973129.195954250] [cmd_vel_to_rosmaster]: status: battery=12.1, motion=(0.0, 0.0, 0.0), last_cmd=(vx=0.000, wz=0.000)
[INFO] [1779973131.196060255] [cmd_vel_to_rosmaster]: status: battery=12.1, motion=(0.0, 0.0, 0.0), last_cmd=(vx=0.000, wz=0.000)
[INFO] [1779973133.195919336] [cmd_vel_to_rosmaster]: status: battery=12.1, motion=(0.0, 0.0, 0.0), last_cmd=(vx=0.000, wz=0.000)
[INFO] [1779973135.196596004] [cmd_vel_to_rosmaster]: status: battery=12.1, motion=(0.0, 0.0, 0.0), last_cmd=(vx=0.000, wz=0.000)
[INFO] [1779973137.197064572] [cmd_vel_to_rosmaster]: status: battery=12.1, motion=(0.0, 0.0, 0.0), last_cmd=(vx=0.000, wz=0.000)
[INFO] [1779973139.195891232] [cmd_vel_to_rosmaster]: status: battery=12.1, motion=(0.0, 0.0, 0.0), last_cmd=(vx=0.000, wz=0.000)
[INFO] [1779973141.196055289] [cmd_vel_to_rosmaster]: status: battery=12.1, motion=(0.0, 0.0, 0.0), last_cmd=(vx=0.000, wz=0.000)
[INFO] [1779973143.196143685] [cmd_vel_to_rosmaster]: status: battery=12.1, motion=(0.0, 0.0, 0.0), last_cmd=(vx=0.000, wz=0.000)
[INFO] [1779973145.195957962] [cmd_vel_to_rosmaster]: status: battery=12.1, motion=(0.0, 0.0, 0.0), last_cmd=(vx=0.000, wz=0.000)
[INFO] [1779973147.195988230] [cmd_vel_to_rosmaster]: status: battery=12.1, motion=(0.0, 0.0, 0.0), last_cmd=(vx=0.000, wz=0.000)
[INFO] [1779973149.196145611] [cmd_vel_to_rosmaster]: status: battery=12.1, motion=(0.0, 0.0, 0.0), last_cmd=(vx=0.000, wz=0.000)
[INFO] [1779973151.197246043] [cmd_vel_to_rosmaster]: status: battery=12.1, motion=(0.0, 0.0, 0.0), last_cmd=(vx=0.000, wz=0.000)
[INFO] [1779973153.196130670] [cmd_vel_to_rosmaster]: status: battery=12.1, motion=(0.0, 0.0, 0.0), last_cmd=(vx=0.000, wz=0.000)
[INFO] [1779973155.196135335] [cmd_vel_to_rosmaster]: status: battery=12.1, motion=(0.0, 0.0, 0.0), last_cmd=(vx=0.000, wz=0.000)
[INFO] [1779973157.195996351] [cmd_vel_to_rosmaster]: status: battery=12.1, motion=(0.0, 0.0, 0.0), last_cmd=(vx=0.000, wz=0.000)
[INFO] [1779973159.196148247] [cmd_vel_to_rosmaster]: status: battery=12.1, motion=(0.0, 0.0, 0.0), last_cmd=(vx=0.000, wz=0.000)
[INFO] [1779973161.196034946] [cmd_vel_to_rosmaster]: status: battery=12.1, motion=(0.0, 0.0, 0.0), last_cmd=(vx=0.000, wz=0.000)
[INFO] [1779973163.196049020] [cmd_vel_to_rosmaster]: status: battery=12.1, motion=(0.0, 0.0, 0.0), last_cmd=(vx=0.000, wz=0.000)
[INFO] [1779973165.196186756] [cmd_vel_to_rosmaster]: status: battery=12.1, motion=(0.0, 0.0, 0.0), last_cmd=(vx=0.000, wz=0.000)
[INFO] [1779973167.197140471] [cmd_vel_to_rosmaster]: status: battery=12.1, motion=(0.0, 0.0, 0.0), last_cmd=(vx=0.000, wz=0.000)
[INFO] [1779973169.197117152] [cmd_vel_to_rosmaster]: status: battery=12.1, motion=(0.0, 0.0, 0.0), last_cmd=(vx=0.000, wz=0.000)
[INFO] [1779973171.196065254] [cmd_vel_to_rosmaster]: status: battery=12.1, motion=(0.0, 0.0, 0.0), last_cmd=(vx=0.000, wz=0.000)
[INFO] [1779973173.195952278] [cmd_vel_to_rosmaster]: status: battery=12.1, motion=(0.0, 0.0, 0.0), last_cmd=(vx=0.000, wz=0.000)
[INFO] [1779973175.195933528] [cmd_vel_to_rosmaster]: status: battery=12.1, motion=(0.0, 0.0, 0.0), last_cmd=(vx=0.000, wz=0.000)
[INFO] [1779973177.196103039] [cmd_vel_to_rosmaster]: status: battery=12.1, motion=(0.0, 0.0, 0.0), last_cmd=(vx=0.000, wz=0.000)
[INFO] [1779973179.195943691] [cmd_vel_to_rosmaster]: status: battery=12.1, motion=(0.0, 0.0, 0.0), last_cmd=(vx=0.000, wz=0.000)
[INFO] [1779973181.196513130] [cmd_vel_to_rosmaster]: status: battery=12.1, motion=(0.0, 0.0, 0.0), last_cmd=(vx=0.000, wz=0.000)
[INFO] [1779973183.197305693] [cmd_vel_to_rosmaster]: status: battery=12.1, motion=(0.0, 0.0, 0.0), last_cmd=(vx=0.000, wz=0.000)
[INFO] [1779973185.195870292] [cmd_vel_to_rosmaster]: status: battery=12.1, motion=(0.0, 0.0, 0.0), last_cmd=(vx=0.000, wz=0.000)
[INFO] [1779973187.196689974] [cmd_vel_to_rosmaster]: status: battery=12.1, motion=(0.0, 0.0, 0.0), last_cmd=(vx=0.000, wz=0.000)
[INFO] [1779973189.196050837] [cmd_vel_to_rosmaster]: status: battery=12.1, motion=(0.0, 0.0, 0.0), last_cmd=(vx=0.000, wz=0.000)
[INFO] [1779973191.196218883] [cmd_vel_to_rosmaster]: status: battery=12.1, motion=(0.0, 0.0, 0.0), last_cmd=(vx=0.000, wz=0.000)
[INFO] [1779973193.196037710] [cmd_vel_to_rosmaster]: status: battery=12.1, motion=(0.0, 0.0, 0.0), last_cmd=(vx=0.000, wz=0.000)
[INFO] [1779973195.196034639] [cmd_vel_to_rosmaster]: status: battery=12.1, motion=(0.0, 0.0, 0.0), last_cmd=(vx=0.000, wz=0.000)
[INFO] [1779973197.196861406] [cmd_vel_to_rosmaster]: status: battery=12.1, motion=(0.0, 0.0, 0.0), last_cmd=(vx=0.000, wz=0.000)
[INFO] [1779973199.196879867] [cmd_vel_to_rosmaster]: status: battery=12.1, motion=(0.0, 0.0, 0.0), last_cmd=(vx=0.000, wz=0.000)
[INFO] [1779973201.206060495] [cmd_vel_to_rosmaster]: status: battery=12.1, motion=(0.0, 0.0, 0.0), last_cmd=(vx=0.000, wz=0.000)
[INFO] [1779973203.196000203] [cmd_vel_to_rosmaster]: status: battery=12.1, motion=(0.0, 0.0, 0.0), last_cmd=(vx=0.000, wz=0.000)
[INFO] [1779973205.195968059] [cmd_vel_to_rosmaster]: status: battery=12.1, motion=(0.0, 0.0, 0.0), last_cmd=(vx=0.000, wz=0.000)
[INFO] [1779973207.195975914] [cmd_vel_to_rosmaster]: status: battery=12.1, motion=(0.0, 0.0, 0.0), last_cmd=(vx=0.000, wz=0.000)
[INFO] [1779973209.195956806] [cmd_vel_to_rosmaster]: status: battery=12.1, motion=(0.0, 0.0, 0.0), last_cmd=(vx=0.000, wz=0.000)
[INFO] [1779973211.195967524] [cmd_vel_to_rosmaster]: status: battery=12.1, motion=(0.0, 0.0, 0.0), last_cmd=(vx=0.000, wz=0.000)
[INFO] [1779973213.196618598] [cmd_vel_to_rosmaster]: status: battery=12.1, motion=(0.0, 0.0, 0.0), last_cmd=(vx=0.000, wz=0.000)
[INFO] [1779973215.197161325] [cmd_vel_to_rosmaster]: status: battery=12.1, motion=(0.0, 0.0, 0.0), last_cmd=(vx=0.000, wz=0.000)
[INFO] [1779973217.196115679] [cmd_vel_to_rosmaster]: status: battery=12.1, motion=(0.0, 0.0, 0.0), last_cmd=(vx=0.000, wz=0.000)
[INFO] [1779973219.195956834] [cmd_vel_to_rosmaster]: status: battery=12.1, motion=(0.0, 0.0, 0.0), last_cmd=(vx=0.000, wz=0.000)
[INFO] [1779973221.195928087] [cmd_vel_to_rosmaster]: status: battery=12.1, motion=(0.0, 0.0, 0.0), last_cmd=(vx=0.000, wz=0.000)
[INFO] [1779973223.195919353] [cmd_vel_to_rosmaster]: status: battery=12.1, motion=(0.0, 0.0, 0.0), last_cmd=(vx=0.000, wz=0.000)
[INFO] [1779973225.195943171] [cmd_vel_to_rosmaster]: status: battery=12.1, motion=(0.0, 0.0, 0.0), last_cmd=(vx=0.000, wz=0.000)
[INFO] [1779973227.196254033] [cmd_vel_to_rosmaster]: status: battery=12.1, motion=(0.0, 0.0, 0.0), last_cmd=(vx=0.000, wz=0.000)
[INFO] [1779973229.197150767] [cmd_vel_to_rosmaster]: status: battery=12.1, motion=(0.0, 0.0, 0.0), last_cmd=(vx=0.000, wz=0.000)
[INFO] [1779973231.196562268] [cmd_vel_to_rosmaster]: status: battery=12.1, motion=(0.0, 0.0, 0.0), last_cmd=(vx=0.000, wz=0.000)
[INFO] [1779973233.196025640] [cmd_vel_to_rosmaster]: status: battery=12.1, motion=(0.0, 0.0, 0.0), last_cmd=(vx=0.000, wz=0.000)
[INFO] [1779973235.195907251] [cmd_vel_to_rosmaster]: status: battery=12.1, motion=(0.0, 0.0, 0.0), last_cmd=(vx=0.000, wz=0.000)
[INFO] [1779973237.197072464] [cmd_vel_to_rosmaster]: status: battery=12.1, motion=(0.0, 0.0, 0.0), last_cmd=(vx=0.000, wz=0.000)
[INFO] [1779973239.196442183] [cmd_vel_to_rosmaster]: status: battery=12.1, motion=(0.0, 0.0, 0.0), last_cmd=(vx=0.000, wz=0.000)
[INFO] [1779973241.195937802] [cmd_vel_to_rosmaster]: status: battery=12.1, motion=(0.0, 0.0, 0.0), last_cmd=(vx=0.000, wz=0.000)
[INFO] [1779973243.196180352] [cmd_vel_to_rosmaster]: status: battery=12.1, motion=(0.0, 0.0, 0.0), last_cmd=(vx=0.000, wz=0.000)
[INFO] [1779973245.196461171] [cmd_vel_to_rosmaster]: status: battery=12.1, motion=(0.0, 0.0, 0.0), last_cmd=(vx=0.000, wz=0.000)
[INFO] [1779973247.197076378] [cmd_vel_to_rosmaster]: status: battery=12.1, motion=(0.0, 0.0, 0.0), last_cmd=(vx=0.000, wz=0.000)
[INFO] [1779973249.196883024] [cmd_vel_to_rosmaster]: status: battery=12.1, motion=(0.0, 0.0, 0.0), last_cmd=(vx=0.000, wz=0.000)
[INFO] [1779973251.195896770] [cmd_vel_to_rosmaster]: status: battery=12.1, motion=(0.0, 0.0, 0.0), last_cmd=(vx=0.000, wz=0.000)
[INFO] [1779973253.196062763] [cmd_vel_to_rosmaster]: status: battery=12.1, motion=(0.0, 0.0, 0.0), last_cmd=(vx=0.000, wz=0.000)
[INFO] [1779973255.199345316] [cmd_vel_to_rosmaster]: status: battery=12.1, motion=(0.0, 0.0, 0.0), last_cmd=(vx=0.000, wz=0.000)
[INFO] [1779973257.204919018] [cmd_vel_to_rosmaster]: status: battery=12.1, motion=(0.0, 0.0, 0.0), last_cmd=(vx=0.000, wz=0.000)
[INFO] [1779973259.205953385] [cmd_vel_to_rosmaster]: status: battery=12.1, motion=(0.0, 0.0, 0.0), last_cmd=(vx=0.000, wz=0.000)
[INFO] [1779973261.205898757] [cmd_vel_to_rosmaster]: status: battery=12.1, motion=(0.0, 0.0, 0.0), last_cmd=(vx=0.000, wz=0.000)
[INFO] [1779973263.204742046] [cmd_vel_to_rosmaster]: status: battery=12.1, motion=(0.0, 0.0, 0.0), last_cmd=(vx=0.000, wz=0.000)
[INFO] [1779973265.196680965] [cmd_vel_to_rosmaster]: status: battery=12.1, motion=(0.0, 0.0, 0.0), last_cmd=(vx=0.000, wz=0.000)
[INFO] [1779973267.204016704] [cmd_vel_to_rosmaster]: status: battery=12.1, motion=(0.0, 0.0, 0.0), last_cmd=(vx=0.000, wz=0.000)
[INFO] [1779973269.204727940] [cmd_vel_to_rosmaster]: status: battery=12.1, motion=(0.0, 0.0, 0.0), last_cmd=(vx=0.000, wz=0.000)
[INFO] [1779973271.205318242] [cmd_vel_to_rosmaster]: status: battery=12.1, motion=(0.0, 0.0, 0.0), last_cmd=(vx=0.000, wz=0.000)
[INFO] [1779973273.206093729] [cmd_vel_to_rosmaster]: status: battery=12.1, motion=(0.0, 0.0, 0.0), last_cmd=(vx=0.000, wz=0.000)
[INFO] [1779973275.205655577] [cmd_vel_to_rosmaster]: status: battery=12.1, motion=(0.0, 0.0, 0.0), last_cmd=(vx=0.000, wz=0.000)
[INFO] [1779973277.205994807] [cmd_vel_to_rosmaster]: status: battery=12.1, motion=(0.0, 0.0, 0.0), last_cmd=(vx=0.000, wz=0.000)
[INFO] [1779973279.206323634] [cmd_vel_to_rosmaster]: status: battery=12.1, motion=(0.0, 0.0, 0.0), last_cmd=(vx=0.000, wz=0.000)
[INFO] [1779973281.203495449] [cmd_vel_to_rosmaster]: status: battery=12.1, motion=(0.0, 0.0, 0.0), last_cmd=(vx=0.000, wz=0.000)
[INFO] [1779973283.206108360] [cmd_vel_to_rosmaster]: status: battery=12.1, motion=(0.0, 0.0, 0.0), last_cmd=(vx=0.000, wz=0.000)
[INFO] [1779973285.204863342] [cmd_vel_to_rosmaster]: status: battery=12.1, motion=(0.0, 0.0, 0.0), last_cmd=(vx=0.000, wz=0.000)
[INFO] [1779973287.205543812] [cmd_vel_to_rosmaster]: status: battery=12.1, motion=(0.0, 0.0, 0.0), last_cmd=(vx=0.000, wz=0.000)
[INFO] [1779973289.206384781] [cmd_vel_to_rosmaster]: status: battery=12.1, motion=(0.0, 0.0, 0.0), last_cmd=(vx=0.000, wz=0.000)
[INFO] [1779973291.206158628] [cmd_vel_to_rosmaster]: status: battery=12.1, motion=(0.0, 0.0, 0.0), last_cmd=(vx=0.000, wz=0.000)
[INFO] [1779973293.206305674] [cmd_vel_to_rosmaster]: status: battery=12.1, motion=(0.0, 0.0, 0.0), last_cmd=(vx=0.000, wz=0.000)
[INFO] [1779973295.205488841] [cmd_vel_to_rosmaster]: status: battery=12.1, motion=(0.0, 0.0, 0.0), last_cmd=(vx=0.000, wz=0.000)
[INFO] [1779973297.205713616] [cmd_vel_to_rosmaster]: status: battery=12.1, motion=(0.0, 0.0, 0.0), last_cmd=(vx=0.000, wz=0.000)
[INFO] [1779973299.204248928] [cmd_vel_to_rosmaster]: status: battery=12.1, motion=(0.0, 0.0, 0.0), last_cmd=(vx=0.000, wz=0.000)
[INFO] [1779973301.205491084] [cmd_vel_to_rosmaster]: status: battery=12.1, motion=(0.0, 0.0, 0.0), last_cmd=(vx=0.000, wz=0.000)
[INFO] [1779973303.205471686] [cmd_vel_to_rosmaster]: status: battery=12.1, motion=(0.0, 0.0, 0.0), last_cmd=(vx=0.000, wz=0.000)
[INFO] [1779973305.206480595] [cmd_vel_to_rosmaster]: status: battery=12.1, motion=(0.0, 0.0, 0.0), last_cmd=(vx=0.000, wz=0.000)
[INFO] [1779973307.206139695] [cmd_vel_to_rosmaster]: status: battery=12.1, motion=(0.0, 0.0, 0.0), last_cmd=(vx=0.000, wz=0.000)
[INFO] [1779973309.205618437] [cmd_vel_to_rosmaster]: status: battery=12.1, motion=(0.0, 0.0, 0.0), last_cmd=(vx=0.000, wz=0.000)
[INFO] [1779973311.205849396] [cmd_vel_to_rosmaster]: status: battery=12.1, motion=(0.0, 0.0, 0.0), last_cmd=(vx=0.000, wz=0.000)
[INFO] [1779973313.203900542] [cmd_vel_to_rosmaster]: status: battery=12.1, motion=(0.0, 0.0, 0.0), last_cmd=(vx=0.000, wz=0.000)
[INFO] [1779973315.204215269] [cmd_vel_to_rosmaster]: status: battery=12.1, motion=(0.0, 0.0, 0.0), last_cmd=(vx=0.000, wz=0.000)
[INFO] [1779973317.207690657] [cmd_vel_to_rosmaster]: status: battery=12.1, motion=(0.0, 0.0, 0.0), last_cmd=(vx=0.000, wz=0.000)
[INFO] [1779973319.206295693] [cmd_vel_to_rosmaster]: status: battery=12.1, motion=(0.0, 0.0, 0.0), last_cmd=(vx=0.000, wz=0.000)
[INFO] [1779973321.196066218] [cmd_vel_to_rosmaster]: status: battery=12.1, motion=(0.0, 0.0, 0.0), last_cmd=(vx=0.000, wz=0.000)
[INFO] [1779973323.197442826] [cmd_vel_to_rosmaster]: status: battery=12.1, motion=(0.0, 0.0, 0.0), last_cmd=(vx=0.000, wz=0.000)
[INFO] [1779973325.196996854] [cmd_vel_to_rosmaster]: status: battery=12.1, motion=(0.0, 0.0, 0.0), last_cmd=(vx=0.000, wz=0.000)
[INFO] [1779973327.195983711] [cmd_vel_to_rosmaster]: status: battery=12.1, motion=(0.0, 0.0, 0.0), last_cmd=(vx=0.000, wz=0.000)
[INFO] [1779973329.195922224] [cmd_vel_to_rosmaster]: status: battery=12.1, motion=(0.0, 0.0, 0.0), last_cmd=(vx=0.000, wz=0.000)
[INFO] [1779973331.195937602] [cmd_vel_to_rosmaster]: status: battery=12.1, motion=(0.0, 0.0, 0.0), last_cmd=(vx=0.000, wz=0.000)
[INFO] [1779973333.195933593] [cmd_vel_to_rosmaster]: status: battery=12.1, motion=(0.0, 0.0, 0.0), last_cmd=(vx=0.000, wz=0.000)
[INFO] [1779973335.195864487] [cmd_vel_to_rosmaster]: status: battery=12.1, motion=(0.0, 0.0, 0.0), last_cmd=(vx=0.000, wz=0.000)
[INFO] [1779973337.196468737] [cmd_vel_to_rosmaster]: status: battery=12.1, motion=(0.0, 0.0, 0.0), last_cmd=(vx=0.000, wz=0.000)
[INFO] [1779973339.196959969] [cmd_vel_to_rosmaster]: status: battery=12.1, motion=(0.0, 0.0, 0.0), last_cmd=(vx=0.000, wz=0.000)
[INFO] [1779973341.200240883] [cmd_vel_to_rosmaster]: status: battery=12.1, motion=(0.0, 0.0, 0.0), last_cmd=(vx=0.000, wz=0.000)
[INFO] [1779973343.196547872] [cmd_vel_to_rosmaster]: status: battery=12.1, motion=(0.0, 0.0, 0.0), last_cmd=(vx=0.000, wz=0.000)
[INFO] [1779973345.195940038] [cmd_vel_to_rosmaster]: status: battery=12.1, motion=(0.0, 0.0, 0.0), last_cmd=(vx=0.000, wz=0.000)
[INFO] [1779973347.195958384] [cmd_vel_to_rosmaster]: status: battery=12.1, motion=(0.0, 0.0, 0.0), last_cmd=(vx=0.000, wz=0.000)
[INFO] [1779973349.196117243] [cmd_vel_to_rosmaster]: status: battery=12.1, motion=(0.0, 0.0, 0.0), last_cmd=(vx=0.000, wz=0.000)
[INFO] [1779973351.196107570] [cmd_vel_to_rosmaster]: status: battery=12.1, motion=(0.0, 0.0, 0.0), last_cmd=(vx=0.000, wz=0.000)
[INFO] [1779973353.196031573] [cmd_vel_to_rosmaster]: status: battery=12.1, motion=(0.0, 0.0, 0.0), last_cmd=(vx=0.000, wz=0.000)
[INFO] [1779973355.196496957] [cmd_vel_to_rosmaster]: status: battery=12.1, motion=(0.0, 0.0, 0.0), last_cmd=(vx=0.000, wz=0.000)
[INFO] [1779973357.196737720] [cmd_vel_to_rosmaster]: status: battery=12.1, motion=(0.0, 0.0, 0.0), last_cmd=(vx=0.000, wz=0.000)
[INFO] [1779973359.195890612] [cmd_vel_to_rosmaster]: status: battery=12.1, motion=(0.0, 0.0, 0.0), last_cmd=(vx=0.000, wz=0.000)
[INFO] [1779973361.195973337] [cmd_vel_to_rosmaster]: status: battery=12.1, motion=(0.0, 0.0, 0.0), last_cmd=(vx=0.000, wz=0.000)
[INFO] [1779973363.204801013] [cmd_vel_to_rosmaster]: status: battery=12.1, motion=(0.0, 0.0, 0.0), last_cmd=(vx=0.000, wz=0.000)
[INFO] [1779973365.205536775] [cmd_vel_to_rosmaster]: status: battery=12.1, motion=(0.0, 0.0, 0.0), last_cmd=(vx=0.000, wz=0.000)
[INFO] [1779973367.196054829] [cmd_vel_to_rosmaster]: status: battery=12.1, motion=(0.0, 0.0, 0.0), last_cmd=(vx=0.000, wz=0.000)
[INFO] [1779973369.196095162] [cmd_vel_to_rosmaster]: status: battery=12.1, motion=(0.0, 0.0, 0.0), last_cmd=(vx=0.000, wz=0.000)
[INFO] [1779973371.198436485] [cmd_vel_to_rosmaster]: status: battery=12.1, motion=(0.0, 0.0, 0.0), last_cmd=(vx=0.000, wz=0.000)
[INFO] [1779973373.196163965] [cmd_vel_to_rosmaster]: status: battery=12.1, motion=(0.0, 0.0, 0.0), last_cmd=(vx=0.000, wz=0.000)
[INFO] [1779973375.196794307] [cmd_vel_to_rosmaster]: status: battery=12.1, motion=(0.0, 0.0, 0.0), last_cmd=(vx=0.000, wz=0.000)
[INFO] [1779973377.203775260] [cmd_vel_to_rosmaster]: status: battery=12.1, motion=(0.0, 0.0, 0.0), last_cmd=(vx=0.000, wz=0.000)
[INFO] [1779973379.206296655] [cmd_vel_to_rosmaster]: status: battery=12.1, motion=(0.0, 0.0, 0.0), last_cmd=(vx=0.000, wz=0.000)
[INFO] [1779973381.205341740] [cmd_vel_to_rosmaster]: status: battery=12.1, motion=(0.0, 0.0, 0.0), last_cmd=(vx=0.000, wz=0.000)
[INFO] [1779973383.205985680] [cmd_vel_to_rosmaster]: status: battery=12.1, motion=(0.0, 0.0, 0.0), last_cmd=(vx=0.000, wz=0.000)
[INFO] [1779973385.206052890] [cmd_vel_to_rosmaster]: status: battery=12.1, motion=(0.0, 0.0, 0.0), last_cmd=(vx=0.000, wz=0.000)
[INFO] [1779973387.206638493] [cmd_vel_to_rosmaster]: status: battery=12.1, motion=(0.0, 0.0, 0.0), last_cmd=(vx=0.000, wz=0.000)
[INFO] [1779973389.206547236] [cmd_vel_to_rosmaster]: status: battery=12.1, motion=(0.0, 0.0, 0.0), last_cmd=(vx=0.000, wz=0.000)
[INFO] [1779973391.204092659] [cmd_vel_to_rosmaster]: status: battery=12.1, motion=(0.0, 0.0, 0.0), last_cmd=(vx=0.000, wz=0.000)
[INFO] [1779973393.206218015] [cmd_vel_to_rosmaster]: status: battery=12.1, motion=(0.0, 0.0, 0.0), last_cmd=(vx=0.000, wz=0.000)
[INFO] [1779973395.204614170] [cmd_vel_to_rosmaster]: status: battery=12.1, motion=(0.0, 0.0, 0.0), last_cmd=(vx=0.000, wz=0.000)
[INFO] [1779973397.206374630] [cmd_vel_to_rosmaster]: status: battery=12.1, motion=(0.0, 0.0, 0.0), last_cmd=(vx=0.000, wz=0.000)
[INFO] [1779973399.206181470] [cmd_vel_to_rosmaster]: status: battery=12.1, motion=(0.0, 0.0, 0.0), last_cmd=(vx=0.000, wz=0.000)
[INFO] [1779973401.206234941] [cmd_vel_to_rosmaster]: status: battery=12.1, motion=(0.0, 0.0, 0.0), last_cmd=(vx=0.000, wz=0.000)
[INFO] [1779973403.208296045] [cmd_vel_to_rosmaster]: status: battery=12.1, motion=(0.0, 0.0, 0.0), last_cmd=(vx=0.000, wz=0.000)
[INFO] [1779973405.197205879] [cmd_vel_to_rosmaster]: status: battery=12.1, motion=(0.0, 0.0, 0.0), last_cmd=(vx=0.000, wz=0.000)
[INFO] [1779973407.195911055] [cmd_vel_to_rosmaster]: status: battery=12.1, motion=(0.0, 0.0, 0.0), last_cmd=(vx=0.000, wz=0.000)
[INFO] [1779973409.204678450] [cmd_vel_to_rosmaster]: status: battery=12.1, motion=(0.0, 0.0, 0.0), last_cmd=(vx=0.000, wz=0.000)
[INFO] [1779973411.205364652] [cmd_vel_to_rosmaster]: status: battery=12.1, motion=(0.0, 0.0, 0.0), last_cmd=(vx=0.000, wz=0.000)
[INFO] [1779973413.205103861] [cmd_vel_to_rosmaster]: status: battery=12.1, motion=(0.0, 0.0, 0.0), last_cmd=(vx=0.000, wz=0.000)
[INFO] [1779973415.206901055] [cmd_vel_to_rosmaster]: status: battery=12.1, motion=(0.0, 0.0, 0.0), last_cmd=(vx=0.000, wz=0.000)
[INFO] [1779973417.206605494] [cmd_vel_to_rosmaster]: status: battery=12.1, motion=(0.0, 0.0, 0.0), last_cmd=(vx=0.000, wz=0.000)
[INFO] [1779973419.198610270] [cmd_vel_to_rosmaster]: status: battery=12.1, motion=(0.0, 0.0, 0.0), last_cmd=(vx=0.000, wz=0.000)
[INFO] [1779973421.207028254] [cmd_vel_to_rosmaster]: status: battery=12.1, motion=(0.0, 0.0, 0.0), last_cmd=(vx=0.000, wz=0.000)
[INFO] [1779973423.204067143] [cmd_vel_to_rosmaster]: status: battery=12.1, motion=(0.0, 0.0, 0.0), last_cmd=(vx=0.000, wz=0.000)
[INFO] [1779973425.204625695] [cmd_vel_to_rosmaster]: status: battery=12.1, motion=(0.0, 0.0, 0.0), last_cmd=(vx=0.000, wz=0.000)
[INFO] [1779973427.205114731] [cmd_vel_to_rosmaster]: status: battery=12.1, motion=(0.0, 0.0, 0.0), last_cmd=(vx=0.000, wz=0.000)
[INFO] [1779973429.206046397] [cmd_vel_to_rosmaster]: status: battery=12.1, motion=(0.0, 0.0, 0.0), last_cmd=(vx=0.000, wz=0.000)
[INFO] [1779973431.196733183] [cmd_vel_to_rosmaster]: status: battery=12.1, motion=(0.0, 0.0, 0.0), last_cmd=(vx=0.000, wz=0.000)
[INFO] [1779973433.206010487] [cmd_vel_to_rosmaster]: status: battery=12.1, motion=(0.0, 0.0, 0.0), last_cmd=(vx=0.000, wz=0.000)
[INFO] [1779973435.208094642] [cmd_vel_to_rosmaster]: status: battery=12.1, motion=(0.0, 0.0, 0.0), last_cmd=(vx=0.000, wz=0.000)
[INFO] [1779973437.203781821] [cmd_vel_to_rosmaster]: status: battery=12.1, motion=(0.0, 0.0, 0.0), last_cmd=(vx=0.000, wz=0.000)
[INFO] [1779973439.207375381] [cmd_vel_to_rosmaster]: status: battery=12.1, motion=(0.0, 0.0, 0.0), last_cmd=(vx=0.000, wz=0.000)
[INFO] [1779973441.204936692] [cmd_vel_to_rosmaster]: status: battery=12.1, motion=(0.0, 0.0, 0.0), last_cmd=(vx=0.000, wz=0.000)
[INFO] [1779973443.195901010] [cmd_vel_to_rosmaster]: status: battery=12.1, motion=(0.0, 0.0, 0.0), last_cmd=(vx=0.000, wz=0.000)
[INFO] [1779973445.196059078] [cmd_vel_to_rosmaster]: status: battery=12.1, motion=(0.0, 0.0, 0.0), last_cmd=(vx=0.000, wz=0.000)
[INFO] [1779973447.206908942] [cmd_vel_to_rosmaster]: status: battery=12.1, motion=(0.0, 0.0, 0.0), last_cmd=(vx=0.000, wz=0.000)
[INFO] [1779973449.206598514] [cmd_vel_to_rosmaster]: status: battery=12.1, motion=(0.0, 0.0, 0.0), last_cmd=(vx=0.000, wz=0.000)
[INFO] [1779973451.196978727] [cmd_vel_to_rosmaster]: status: battery=12.1, motion=(0.0, 0.0, 0.0), last_cmd=(vx=0.000, wz=0.000)
[INFO] [1779973453.206900648] [cmd_vel_to_rosmaster]: status: battery=12.1, motion=(0.0, 0.0, 0.0), last_cmd=(vx=0.000, wz=0.000)
[INFO] [1779973455.204274331] [cmd_vel_to_rosmaster]: status: battery=12.1, motion=(0.0, 0.0, 0.0), last_cmd=(vx=0.000, wz=0.000)
[INFO] [1779973457.206511166] [cmd_vel_to_rosmaster]: status: battery=12.1, motion=(0.0, 0.0, 0.0), last_cmd=(vx=0.000, wz=0.000)
[INFO] [1779973459.207466732] [cmd_vel_to_rosmaster]: status: battery=12.1, motion=(0.0, 0.0, 0.0), last_cmd=(vx=0.000, wz=0.000)
[INFO] [1779973461.206558040] [cmd_vel_to_rosmaster]: status: battery=12.1, motion=(0.0, 0.0, 0.0), last_cmd=(vx=0.000, wz=0.000)
