[INFO] [launch]: All log files can be found below /root/.ros/log/2026-06-29-17-13-27-433202-ubuntu-81816
[INFO] [launch]: Default logging verbosity is set to INFO
[INFO] [ydlidar_ros2_driver_node-1]: process started with pid [81837]
[ydlidar_ros2_driver_node-1] [0m[INFO] [1782724407.786864278] [ydlidar_ros2_driver_node]: [YDLIDAR INFO] Current ROS Driver Version: 1.0.1
[ydlidar_ros2_driver_node-1] [0m
[ydlidar_ros2_driver_node-1] [YDLIDAR] SDK initializing
[ydlidar_ros2_driver_node-1] [YDLIDAR] SDK has been initialized
[ydlidar_ros2_driver_node-1] [YDLIDAR] SDK Version: 1.1.21
[ydlidar_ros2_driver_node-1] [YDLIDAR] Lidar successfully connected [/dev/ydlidar:230400]
[ydlidar_ros2_driver_node-1] [YDLIDAR] Lidar running correctly! The health status: good
[ydlidar_ros2_driver_node-1] [YDLIDAR] Baseplate device info
[ydlidar_ros2_driver_node-1] Firmware version: 1.2
[ydlidar_ros2_driver_node-1] Hardware version: 1
[ydlidar_ros2_driver_node-1] Model: unkown(YD-151)
[ydlidar_ros2_driver_node-1] Serial: 2026022800090821
[ydlidar_ros2_driver_node-1] [YDLIDAR] Current scan frequency: 10.00Hz
[ydlidar_ros2_driver_node-1] [YDLIDAR] Lidar init success, Elapsed time 1025 ms
[ydlidar_ros2_driver_node-1] [YDLIDAR] Start to getting intensity flag
[ydlidar_ros2_driver_node-1] [YDLIDAR] Auto set intensity 1
[ydlidar_ros2_driver_node-1] [YDLIDAR] End to getting intensity flag
[ydlidar_ros2_driver_node-1] [YDLIDAR] Create thread 0xAA29E8E0
[ydlidar_ros2_driver_node-1] [YDLIDAR] Successed to start scan mode, Elapsed time 2638 ms
[ydlidar_ros2_driver_node-1] [YDLIDAR] Fixed Size: 404
[ydlidar_ros2_driver_node-1] [YDLIDAR] Sample Rate: 4.00K
[ydlidar_ros2_driver_node-1] [YDLIDAR] Successed to check the lidar, Elapsed time 0 ms
[ydlidar_ros2_driver_node-1] [YDLIDAR] Now lidar is scanning...
[ydlidar_ros2_driver_node-1] [33m[WARN] [1782724730.943396523] [ydlidar_ros2_driver_node]: New subscription discovered on topic '/scan', requesting incompatible QoS. No messages will be sent to it. Last incompatible policy: RELIABILITY_QOS_POLICY[0m
[ydlidar_ros2_driver_node-1] [0m[INFO] [1782725358.332513188] [rclcpp]: signal_handler(signum=15)[0m
[ydlidar_ros2_driver_node-1] [0m[INFO] [1782725358.352778502] [ydlidar_ros2_driver_node]: [YDLIDAR INFO] Now YDLIDAR is stopping .......[0m
[ydlidar_ros2_driver_node-1] [YDLIDAR DEBUG] Thread [0xAA29E8E0] ready to cancel[0]
[ydlidar_ros2_driver_node-1] [YDLIDAR DEBUG] Thread [0xAA29E8E0] ready to cancel[0] time[3]
[ydlidar_ros2_driver_node-1] [YDLIDAR] Thread [0xAA29E8E0] has been canceled
[ydlidar_ros2_driver_node-1] [YDLIDAR] Now lidar scanning has stopped!
[INFO] [ydlidar_ros2_driver_node-1]: process has finished cleanly [pid 81837]
