[INFO] [1782797950.458423983] [yolov5s_onnx_ros]: Model warmup done in 1601ms
[INFO] [1782797950.495823075] [yolov5s_onnx_ros]: ===== YOLOv5s ONNX ROS realtime test =====
[INFO] [1782797950.498157992] [yolov5s_onnx_ros]: model=/root/rdk_x5_vln_robot/models/yolov5s.onnx
[INFO] [1782797950.500442659] [yolov5s_onnx_ros]: image_topic=/image image_type=compressed
[INFO] [1782797950.502633368] [yolov5s_onnx_ros]: classes={'backpack', 'cup', 'bottle'}
[INFO] [1782797950.504805869] [yolov5s_onnx_ros]: conf=0.25 iou=0.45 imgsz=640 max_fps=4.0 debug_scale=0.45 jpeg_quality=55 opencv_threads=4
[INFO] [1782797950.506873036] [yolov5s_onnx_ros]: Foxglove Image topic: /yolov5s/debug_image/compressed
[INFO] [1782797950.509003620] [yolov5s_onnx_ros]: BBox JSON topic: /target_bbox_json
[WARN] [1782797972.597015324] [yolov5s_onnx_ros]: NO target vr=0.00 lost=10 fps=1.78 infer=1406.7ms
[INFO] [1782797994.994756189] [yolov5s_onnx_ros]: visible cls=bottle score=0.674 bbox=[243, 194, 324, 461] vr=0.40 fps=1.12 infer=1426.4ms
[INFO] [1782798016.751188958] [yolov5s_onnx_ros]: visible cls=bottle score=0.500 bbox=[240, 195, 323, 466] vr=0.60 fps=0.90 infer=1397.1ms
[INFO] [1782798039.053111146] [yolov5s_onnx_ros]: visible cls=bottle score=0.812 bbox=[627, 234, 680, 383] vr=0.70 fps=0.78 infer=1428.0ms
[INFO] [1782798060.835308466] [yolov5s_onnx_ros]: visible cls=bottle score=0.785 bbox=[626, 234, 678, 384] vr=0.76 fps=0.72 infer=1466.6ms
[INFO] [1782798083.010469246] [yolov5s_onnx_ros]: visible cls=bottle score=0.805 bbox=[626, 234, 680, 383] vr=0.80 fps=0.67 infer=1409.9ms
[INFO] [1782798104.717873437] [yolov5s_onnx_ros]: visible cls=bottle score=0.831 bbox=[627, 234, 679, 382] vr=0.97 fps=0.45 infer=1417.9ms
[INFO] [1782798126.653552343] [yolov5s_onnx_ros]: visible cls=bottle score=0.793 bbox=[626, 234, 679, 383] vr=1.00 fps=0.46 infer=1435.7ms
[INFO] [1782798148.770754453] [yolov5s_onnx_ros]: visible cls=bottle score=0.823 bbox=[626, 235, 680, 383] vr=1.00 fps=0.45 infer=1435.7ms
[INFO] [1782798170.451710219] [yolov5s_onnx_ros]: visible cls=bottle score=0.794 bbox=[627, 232, 679, 383] vr=1.00 fps=0.46 infer=1367.7ms
[INFO] [1782798192.178378824] [yolov5s_onnx_ros]: visible cls=bottle score=0.815 bbox=[627, 234, 679, 382] vr=1.00 fps=0.46 infer=1403.7ms
[INFO] [1782798213.989102956] [yolov5s_onnx_ros]: visible cls=bottle score=0.811 bbox=[626, 234, 679, 383] vr=0.98 fps=0.46 infer=1394.1ms
[INFO] [1782798235.388285138] [yolov5s_onnx_ros]: visible cls=bottle score=0.792 bbox=[626, 234, 678, 383] vr=0.98 fps=0.46 infer=1364.9ms
[INFO] [1782798257.144378124] [yolov5s_onnx_ros]: visible cls=bottle score=0.833 bbox=[627, 233, 679, 382] vr=0.98 fps=0.46 infer=1439.4ms
[INFO] [1782798278.933333369] [yolov5s_onnx_ros]: visible cls=bottle score=0.825 bbox=[626, 233, 680, 383] vr=0.98 fps=0.46 infer=1411.0ms
[INFO] [1782798300.987896414] [yolov5s_onnx_ros]: visible cls=bottle score=0.822 bbox=[626, 234, 679, 384] vr=0.98 fps=0.46 infer=1426.7ms
[INFO] [1782798323.330243708] [yolov5s_onnx_ros]: visible cls=bottle score=0.831 bbox=[627, 234, 679, 383] vr=0.98 fps=0.46 infer=1415.8ms
[INFO] [1782798345.786008016] [yolov5s_onnx_ros]: visible cls=bottle score=0.829 bbox=[627, 234, 680, 383] vr=1.00 fps=0.46 infer=1487.7ms
[INFO] [1782798368.244271829] [yolov5s_onnx_ros]: visible cls=bottle score=0.754 bbox=[627, 234, 679, 383] vr=1.00 fps=0.45 infer=1440.9ms
[INFO] [1782798390.122504849] [yolov5s_onnx_ros]: visible cls=bottle score=0.811 bbox=[627, 235, 679, 382] vr=1.00 fps=0.45 infer=1415.3ms
[INFO] [1782798412.327977824] [yolov5s_onnx_ros]: visible cls=bottle score=0.820 bbox=[627, 234, 680, 383] vr=1.00 fps=0.45 infer=1440.4ms
[INFO] [1782798434.782710199] [yolov5s_onnx_ros]: visible cls=bottle score=0.818 bbox=[627, 233, 680, 383] vr=1.00 fps=0.45 infer=1438.1ms
[INFO] [1782798457.297703163] [yolov5s_onnx_ros]: visible cls=bottle score=0.797 bbox=[627, 234, 679, 384] vr=1.00 fps=0.45 infer=1421.1ms
[INFO] [1782798479.901133172] [yolov5s_onnx_ros]: visible cls=bottle score=0.831 bbox=[626, 234, 680, 382] vr=1.00 fps=0.45 infer=1444.9ms
[INFO] [1782798501.950259234] [yolov5s_onnx_ros]: visible cls=bottle score=0.831 bbox=[627, 234, 680, 382] vr=1.00 fps=0.45 infer=1364.4ms
[INFO] [1782798524.255800995] [yolov5s_onnx_ros]: visible cls=bottle score=0.791 bbox=[626, 234, 678, 382] vr=1.00 fps=0.45 infer=1441.4ms
[INFO] [1782798546.209386987] [yolov5s_onnx_ros]: visible cls=bottle score=0.818 bbox=[627, 234, 679, 382] vr=1.00 fps=0.45 infer=1504.0ms
[INFO] [1782798568.950639943] [yolov5s_onnx_ros]: visible cls=bottle score=0.829 bbox=[627, 234, 679, 382] vr=1.00 fps=0.45 infer=1518.2ms
[INFO] [1782798590.682042541] [yolov5s_onnx_ros]: visible cls=bottle score=0.796 bbox=[626, 234, 679, 382] vr=1.00 fps=0.45 infer=1470.3ms
