[INFO] [launch]: All log files can be found below /root/.ros/log/2026-06-30-20-37-22-650097-ubuntu-242374
[INFO] [launch]: Default logging verbosity is set to INFO
config_file_path is  /opt/tros/humble/lib/hobot_usb_cam/config/usb_camera_calibration.yaml
Hobot shm pkg enables zero-copy with fastrtps profiles file: /opt/tros/humble/lib/hobot_shm/config/shm_fastdds.xml
Hobot shm pkg sets RMW_FASTRTPS_USE_QOS_FROM_XML: 1
config_file_path is  /opt/tros/humble/lib/hobot_usb_cam/config/usb_camera_calibration.yaml
env of RMW_FASTRTPS_USE_QOS_FROM_XML is  1 , ignore env setting
env of RMW_FASTRTPS_USE_QOS_FROM_XML is  1 , ignore env setting
[INFO] [hobot_usb_cam-1]: process started with pid [242391]
[hobot_usb_cam-1] [WARN] [1782823043.158612019] [hobot_usb_cam]: framerate: 20
[hobot_usb_cam-1] [WARN] [1782823043.159210477] [hobot_usb_cam]: pixel_format_name: mjpeg
[hobot_usb_cam-1] [WARN] [1782823043.278514474] [hobot_usb_cam]: This devices supproted formats:
[hobot_usb_cam-1] [WARN] [1782823043.278843765] [hobot_usb_cam]: 	Motion-JPEG: 1920 x 1080 (30 Hz)
[hobot_usb_cam-1] [WARN] [1782823043.278938432] [hobot_usb_cam]: 	Motion-JPEG: 1280 x 720 (60 Hz)
[hobot_usb_cam-1] [WARN] [1782823043.278996140] [hobot_usb_cam]: 	Motion-JPEG: 1280 x 1024 (30 Hz)
[hobot_usb_cam-1] [WARN] [1782823043.279044140] [hobot_usb_cam]: 	Motion-JPEG: 640 x 480 (120 Hz)
[hobot_usb_cam-1] [WARN] [1782823043.279088390] [hobot_usb_cam]: 	Motion-JPEG: 800 x 600 (60 Hz)
[hobot_usb_cam-1] [WARN] [1782823043.279129474] [hobot_usb_cam]: 	Motion-JPEG: 1024 x 768 (30 Hz)
[hobot_usb_cam-1] [WARN] [1782823043.279169307] [hobot_usb_cam]: 	Motion-JPEG: 320 x 240 (120 Hz)
[hobot_usb_cam-1] [WARN] [1782823043.279207015] [hobot_usb_cam]: 	YUYV 4:2:2: 1920 x 1080 (6 Hz)
[hobot_usb_cam-1] [WARN] [1782823043.279244390] [hobot_usb_cam]: 	YUYV 4:2:2: 640 x 480 (30 Hz)
[hobot_usb_cam-1] [WARN] [1782823043.279282390] [hobot_usb_cam]: 	YUYV 4:2:2: 320 x 240 (30 Hz)
[hobot_usb_cam-1] [WARN] [1782823043.279319307] [hobot_usb_cam]: 	YUYV 4:2:2: 800 x 600 (20 Hz)
[hobot_usb_cam-1] [WARN] [1782823043.279357348] [hobot_usb_cam]: 	YUYV 4:2:2: 1280 x 720 (9 Hz)
[hobot_usb_cam-1] [WARN] [1782823043.279394598] [hobot_usb_cam]: 	YUYV 4:2:2: 1024 x 768 (6 Hz)
[hobot_usb_cam-1] [WARN] [1782823043.279431932] [hobot_usb_cam]: 	YUYV 4:2:2: 1280 x 1024 (6 Hz)
