[INFO] [1782736290.477224153] [compressed_to_raw_image]: compressed_to_raw_image started
[INFO] [1782736290.479620705] [compressed_to_raw_image]: subscribe: /image  type=sensor_msgs/msg/CompressedImage
[INFO] [1782736290.481629131] [compressed_to_raw_image]: publish  : /image_raw type=sensor_msgs/msg/Image
[INFO] [1782736292.500717335] [compressed_to_raw_image]: published /image_raw: 1280x720, approx_fps=7.94
[INFO] [1782736294.552385796] [compressed_to_raw_image]: published /image_raw: 1280x720, approx_fps=7.31
[INFO] [1782736296.557262507] [compressed_to_raw_image]: published /image_raw: 1280x720, approx_fps=7.48
[INFO] [1782736298.559471074] [compressed_to_raw_image]: published /image_raw: 1280x720, approx_fps=7.99
[INFO] [1782736300.652128433] [compressed_to_raw_image]: published /image_raw: 1280x720, approx_fps=7.65
[INFO] [1782736302.657252705] [compressed_to_raw_image]: published /image_raw: 1280x720, approx_fps=7.48
[INFO] [1782736304.759853211] [compressed_to_raw_image]: published /image_raw: 1280x720, approx_fps=8.56
[INFO] [1782736306.859519986] [compressed_to_raw_image]: published /image_raw: 1280x720, approx_fps=8.57
[INFO] [1782736308.910216715] [compressed_to_raw_image]: published /image_raw: 1280x720, approx_fps=8.29
[INFO] [1782736310.912423112] [compressed_to_raw_image]: published /image_raw: 1280x720, approx_fps=8.49
[INFO] [1782736313.023822490] [compressed_to_raw_image]: published /image_raw: 1280x720, approx_fps=8.08
[INFO] [1782736315.110579466] [compressed_to_raw_image]: published /image_raw: 1280x720, approx_fps=8.11
[INFO] [1782736317.210171651] [compressed_to_raw_image]: published /image_raw: 1280x720, approx_fps=8.10
[INFO] [1782736319.265975443] [compressed_to_raw_image]: published /image_raw: 1280x720, approx_fps=8.27
[INFO] [1782736321.416732980] [compressed_to_raw_image]: published /image_raw: 1280x720, approx_fps=6.97
[INFO] [1782736323.514272671] [compressed_to_raw_image]: published /image_raw: 1280x720, approx_fps=8.11
[INFO] [1782736325.515892351] [compressed_to_raw_image]: published /image_raw: 1280x720, approx_fps=6.99
[INFO] [1782736327.638125498] [compressed_to_raw_image]: published /image_raw: 1280x720, approx_fps=6.59
[INFO] [1782736329.713525204] [compressed_to_raw_image]: published /image_raw: 1280x720, approx_fps=8.68
[INFO] [1782736331.718045170] [compressed_to_raw_image]: published /image_raw: 1280x720, approx_fps=6.98
[INFO] [1782736333.861319249] [compressed_to_raw_image]: published /image_raw: 1280x720, approx_fps=7.00
[INFO] [1782736335.914358510] [compressed_to_raw_image]: published /image_raw: 1280x720, approx_fps=7.79
[INFO] [1782736338.016853192] [compressed_to_raw_image]: published /image_raw: 1280x720, approx_fps=6.66
[INFO] [1782736340.114252249] [compressed_to_raw_image]: published /image_raw: 1280x720, approx_fps=6.67
[INFO] [1782736342.162986346] [compressed_to_raw_image]: published /image_raw: 1280x720, approx_fps=7.32
[INFO] [1782736344.229516965] [compressed_to_raw_image]: published /image_raw: 1280x720, approx_fps=7.25
[INFO] [1782736346.259375613] [compressed_to_raw_image]: published /image_raw: 1280x720, approx_fps=7.39
[INFO] [1782736348.365317646] [compressed_to_raw_image]: published /image_raw: 1280x720, approx_fps=7.60
[INFO] [1782736350.464065765] [compressed_to_raw_image]: published /image_raw: 1280x720, approx_fps=7.15
[INFO] [1782736352.634086938] [compressed_to_raw_image]: published /image_raw: 1280x720, approx_fps=7.37
[INFO] [1782736354.710184861] [compressed_to_raw_image]: published /image_raw: 1280x720, approx_fps=7.23
[INFO] [1782736356.765184091] [compressed_to_raw_image]: published /image_raw: 1280x720, approx_fps=8.76
[INFO] [1782736358.812836156] [compressed_to_raw_image]: published /image_raw: 1280x720, approx_fps=7.81
[INFO] [1782736360.910439630] [compressed_to_raw_image]: published /image_raw: 1280x720, approx_fps=8.10
[INFO] [1782736363.017477633] [compressed_to_raw_image]: published /image_raw: 1280x720, approx_fps=7.60
[INFO] [1782736365.176442833] [compressed_to_raw_image]: published /image_raw: 1280x720, approx_fps=6.95
[INFO] [1782736367.210856311] [compressed_to_raw_image]: published /image_raw: 1280x720, approx_fps=6.89
[INFO] [1782736369.305793688] [compressed_to_raw_image]: published /image_raw: 1280x720, approx_fps=7.16
[INFO] [1782736371.476769447] [compressed_to_raw_image]: published /image_raw: 1280x720, approx_fps=6.91
[INFO] [1782736373.602984577] [compressed_to_raw_image]: published /image_raw: 1280x720, approx_fps=7.53
[INFO] [1782736375.602625989] [compressed_to_raw_image]: published /image_raw: 1280x720, approx_fps=7.50
[INFO] [1782736377.655296389] [compressed_to_raw_image]: published /image_raw: 1280x720, approx_fps=8.77
[INFO] [1782736379.659799539] [compressed_to_raw_image]: published /image_raw: 1280x720, approx_fps=8.48
[INFO] [1782736381.662287853] [compressed_to_raw_image]: published /image_raw: 1280x720, approx_fps=7.99
[INFO] [1782736383.763297737] [compressed_to_raw_image]: published /image_raw: 1280x720, approx_fps=7.14
[INFO] [1782736385.816188538] [compressed_to_raw_image]: published /image_raw: 1280x720, approx_fps=7.31
[INFO] [1782736387.865392005] [compressed_to_raw_image]: published /image_raw: 1280x720, approx_fps=6.83
[INFO] [1782736389.963525255] [compressed_to_raw_image]: published /image_raw: 1280x720, approx_fps=7.15
[INFO] [1782736392.065056873] [compressed_to_raw_image]: published /image_raw: 1280x720, approx_fps=6.66
[INFO] [1782736394.213975607] [compressed_to_raw_image]: published /image_raw: 1280x720, approx_fps=7.91
[INFO] [1782736396.363313129] [compressed_to_raw_image]: published /image_raw: 1280x720, approx_fps=7.44
[INFO] [1782736398.468307731] [compressed_to_raw_image]: published /image_raw: 1280x720, approx_fps=7.12
[INFO] [1782736400.563102297] [compressed_to_raw_image]: published /image_raw: 1280x720, approx_fps=6.69
[INFO] [1782736402.614009443] [compressed_to_raw_image]: published /image_raw: 1280x720, approx_fps=7.32
[INFO] [1782736404.616219341] [compressed_to_raw_image]: published /image_raw: 1280x720, approx_fps=6.99
[INFO] [1782736406.713983934] [compressed_to_raw_image]: published /image_raw: 1280x720, approx_fps=7.15
[INFO] [1782736408.716174991] [compressed_to_raw_image]: published /image_raw: 1280x720, approx_fps=7.49
[INFO] [1782736410.718358378] [compressed_to_raw_image]: published /image_raw: 1280x720, approx_fps=6.99
[INFO] [1782736412.814710003] [compressed_to_raw_image]: published /image_raw: 1280x720, approx_fps=6.68
[INFO] [1782736414.817245382] [compressed_to_raw_image]: published /image_raw: 1280x720, approx_fps=6.99
[INFO] [1782736416.857314220] [compressed_to_raw_image]: published /image_raw: 1280x720, approx_fps=7.36
[INFO] [1782736419.002887494] [compressed_to_raw_image]: published /image_raw: 1280x720, approx_fps=7.46
[INFO] [1782736421.055332271] [compressed_to_raw_image]: published /image_raw: 1280x720, approx_fps=7.31
[INFO] [1782736423.105867130] [compressed_to_raw_image]: published /image_raw: 1280x720, approx_fps=7.80
[INFO] [1782736425.203725438] [compressed_to_raw_image]: published /image_raw: 1280x720, approx_fps=8.10
[INFO] [1782736427.266501985] [compressed_to_raw_image]: published /image_raw: 1280x720, approx_fps=7.76
[INFO] [1782736429.366320867] [compressed_to_raw_image]: published /image_raw: 1280x720, approx_fps=7.62
[INFO] [1782736431.467719369] [compressed_to_raw_image]: published /image_raw: 1280x720, approx_fps=8.08
[INFO] [1782736433.614882779] [compressed_to_raw_image]: published /image_raw: 1280x720, approx_fps=8.39
[INFO] [1782736435.762801560] [compressed_to_raw_image]: published /image_raw: 1280x720, approx_fps=7.45
[INFO] [1782736437.803010527] [compressed_to_raw_image]: published /image_raw: 1280x720, approx_fps=7.84
[INFO] [1782736439.914670420] [compressed_to_raw_image]: published /image_raw: 1280x720, approx_fps=7.11
[INFO] [1782736442.055628779] [compressed_to_raw_image]: published /image_raw: 1280x720, approx_fps=7.47
[INFO] [1782736444.056269233] [compressed_to_raw_image]: published /image_raw: 1280x720, approx_fps=7.49
[INFO] [1782736446.105258802] [compressed_to_raw_image]: published /image_raw: 1280x720, approx_fps=7.32
[INFO] [1782736448.211565684] [compressed_to_raw_image]: published /image_raw: 1280x720, approx_fps=7.60
[INFO] [1782736450.305167576] [compressed_to_raw_image]: published /image_raw: 1280x720, approx_fps=8.60
[INFO] [1782736452.307556556] [compressed_to_raw_image]: published /image_raw: 1280x720, approx_fps=7.49
[INFO] [1782736454.311178697] [compressed_to_raw_image]: published /image_raw: 1280x720, approx_fps=7.99
[INFO] [1782736456.453828111] [compressed_to_raw_image]: published /image_raw: 1280x720, approx_fps=7.00
[INFO] [1782736458.555875938] [compressed_to_raw_image]: published /image_raw: 1280x720, approx_fps=8.09
[INFO] [1782736460.655223971] [compressed_to_raw_image]: published /image_raw: 1280x720, approx_fps=7.15
[INFO] [1782736462.714517667] [compressed_to_raw_image]: published /image_raw: 1280x720, approx_fps=7.28
[INFO] [1782736464.714567544] [compressed_to_raw_image]: published /image_raw: 1280x720, approx_fps=8.00
[INFO] [1782736466.809950404] [compressed_to_raw_image]: published /image_raw: 1280x720, approx_fps=7.64
[INFO] [1782736468.904794220] [compressed_to_raw_image]: published /image_raw: 1280x720, approx_fps=8.12
[INFO] [1782736470.930952810] [compressed_to_raw_image]: published /image_raw: 1280x720, approx_fps=7.40
[INFO] [1782736473.085705556] [compressed_to_raw_image]: published /image_raw: 1280x720, approx_fps=7.89
[INFO] [1782736475.114986177] [compressed_to_raw_image]: published /image_raw: 1280x720, approx_fps=7.39
[INFO] [1782736477.212448350] [compressed_to_raw_image]: published /image_raw: 1280x720, approx_fps=6.67
[INFO] [1782736479.284638462] [compressed_to_raw_image]: published /image_raw: 1280x720, approx_fps=7.72
[INFO] [1782736481.365448686] [compressed_to_raw_image]: published /image_raw: 1280x720, approx_fps=7.69
[INFO] [1782736483.468420800] [compressed_to_raw_image]: published /image_raw: 1280x720, approx_fps=6.66
[INFO] [1782736485.611871452] [compressed_to_raw_image]: published /image_raw: 1280x720, approx_fps=7.00
[INFO] [1782736487.713082019] [compressed_to_raw_image]: published /image_raw: 1280x720, approx_fps=7.62
[INFO] [1782736489.811568377] [compressed_to_raw_image]: published /image_raw: 1280x720, approx_fps=7.15
[INFO] [1782736491.910887230] [compressed_to_raw_image]: published /image_raw: 1280x720, approx_fps=8.10
[INFO] [1782736493.963415295] [compressed_to_raw_image]: published /image_raw: 1280x720, approx_fps=7.79
[INFO] [1782736495.965826951] [compressed_to_raw_image]: published /image_raw: 1280x720, approx_fps=6.99
[INFO] [1782736498.111029620] [compressed_to_raw_image]: published /image_raw: 1280x720, approx_fps=7.46
[INFO] [1782736500.165107673] [compressed_to_raw_image]: published /image_raw: 1280x720, approx_fps=7.79
[INFO] [1782736502.262602510] [compressed_to_raw_image]: published /image_raw: 1280x720, approx_fps=8.10
[INFO] [1782736504.315530349] [compressed_to_raw_image]: published /image_raw: 1280x720, approx_fps=7.31
[INFO] [1782736506.412501055] [compressed_to_raw_image]: published /image_raw: 1280x720, approx_fps=7.15
[INFO] [1782736508.515235084] [compressed_to_raw_image]: published /image_raw: 1280x720, approx_fps=6.66
[INFO] [1782736510.611868949] [compressed_to_raw_image]: published /image_raw: 1280x720, approx_fps=6.68
[INFO] [1782736512.612534538] [compressed_to_raw_image]: published /image_raw: 1280x720, approx_fps=7.00
[INFO] [1782736514.713937433] [compressed_to_raw_image]: published /image_raw: 1280x720, approx_fps=7.61
[INFO] [1782736516.813650243] [compressed_to_raw_image]: published /image_raw: 1280x720, approx_fps=6.67
[INFO] [1782736518.909649303] [compressed_to_raw_image]: published /image_raw: 1280x720, approx_fps=6.68
[INFO] [1782736520.952858833] [compressed_to_raw_image]: published /image_raw: 1280x720, approx_fps=8.32
[INFO] [1782736523.006641556] [compressed_to_raw_image]: published /image_raw: 1280x720, approx_fps=6.82
[INFO] [1782736525.009702164] [compressed_to_raw_image]: published /image_raw: 1280x720, approx_fps=7.49
[INFO] [1782736527.063826380] [compressed_to_raw_image]: published /image_raw: 1280x720, approx_fps=6.82
[INFO] [1782736529.167883497] [compressed_to_raw_image]: published /image_raw: 1280x720, approx_fps=6.66
[INFO] [1782736531.210474802] [compressed_to_raw_image]: published /image_raw: 1280x720, approx_fps=7.34
[INFO] [1782736533.272369209] [compressed_to_raw_image]: published /image_raw: 1280x720, approx_fps=7.28
[INFO] [1782736535.359595334] [compressed_to_raw_image]: published /image_raw: 1280x720, approx_fps=7.19
[INFO] [1782736537.413550825] [compressed_to_raw_image]: published /image_raw: 1280x720, approx_fps=7.79
[INFO] [1782736539.413438288] [compressed_to_raw_image]: published /image_raw: 1280x720, approx_fps=7.00
[INFO] [1782736541.517338427] [compressed_to_raw_image]: published /image_raw: 1280x720, approx_fps=7.14
[INFO] [1782736543.613985236] [compressed_to_raw_image]: published /image_raw: 1280x720, approx_fps=6.67
[INFO] [1782736545.711214625] [compressed_to_raw_image]: published /image_raw: 1280x720, approx_fps=6.68
[INFO] [1782736547.764002018] [compressed_to_raw_image]: published /image_raw: 1280x720, approx_fps=6.82
[INFO] [1782736549.868326017] [compressed_to_raw_image]: published /image_raw: 1280x720, approx_fps=7.60
[INFO] [1782736551.911069205] [compressed_to_raw_image]: published /image_raw: 1280x720, approx_fps=7.34
[INFO] [1782736553.927737669] [compressed_to_raw_image]: published /image_raw: 1280x720, approx_fps=7.93
[INFO] [1782736556.010184474] [compressed_to_raw_image]: published /image_raw: 1280x720, approx_fps=8.16
[INFO] [1782736558.113760752] [compressed_to_raw_image]: published /image_raw: 1280x720, approx_fps=7.61
[INFO] [1782736560.114121682] [compressed_to_raw_image]: published /image_raw: 1280x720, approx_fps=7.50
[INFO] [1782736562.164641095] [compressed_to_raw_image]: published /image_raw: 1280x720, approx_fps=7.80
[INFO] [1782736564.265387616] [compressed_to_raw_image]: published /image_raw: 1280x720, approx_fps=6.66
[INFO] [1782736566.359902641] [compressed_to_raw_image]: published /image_raw: 1280x720, approx_fps=7.16
[INFO] [1782736568.459798740] [compressed_to_raw_image]: published /image_raw: 1280x720, approx_fps=8.09
[INFO] [1782736570.510853889] [compressed_to_raw_image]: published /image_raw: 1280x720, approx_fps=7.80
[INFO] [1782736572.610289607] [compressed_to_raw_image]: published /image_raw: 1280x720, approx_fps=9.05
[INFO] [1782736574.660369293] [compressed_to_raw_image]: published /image_raw: 1280x720, approx_fps=7.81
[INFO] [1782736576.763907041] [compressed_to_raw_image]: published /image_raw: 1280x720, approx_fps=7.13
[INFO] [1782736578.864023914] [compressed_to_raw_image]: published /image_raw: 1280x720, approx_fps=8.09
[INFO] [1782736580.909907261] [compressed_to_raw_image]: published /image_raw: 1280x720, approx_fps=7.82
[INFO] [1782736582.965903052] [compressed_to_raw_image]: published /image_raw: 1280x720, approx_fps=7.78
[INFO] [1782736585.012818976] [compressed_to_raw_image]: published /image_raw: 1280x720, approx_fps=7.82
[INFO] [1782736587.059153646] [compressed_to_raw_image]: published /image_raw: 1280x720, approx_fps=7.82
[INFO] [1782736589.062609195] [compressed_to_raw_image]: published /image_raw: 1280x720, approx_fps=6.99
[INFO] [1782736591.063898951] [compressed_to_raw_image]: published /image_raw: 1280x720, approx_fps=7.50
[INFO] [1782736593.111525569] [compressed_to_raw_image]: published /image_raw: 1280x720, approx_fps=7.81
[INFO] [1782736595.260887944] [compressed_to_raw_image]: published /image_raw: 1280x720, approx_fps=7.91
[INFO] [1782736597.286777205] [compressed_to_raw_image]: published /image_raw: 1280x720, approx_fps=7.40
[INFO] [1782736599.360532784] [compressed_to_raw_image]: published /image_raw: 1280x720, approx_fps=7.24
[INFO] [1782736601.468736571] [compressed_to_raw_image]: published /image_raw: 1280x720, approx_fps=8.06
[INFO] [1782736603.512902885] [compressed_to_raw_image]: published /image_raw: 1280x720, approx_fps=7.34
[INFO] [1782736605.559450735] [compressed_to_raw_image]: published /image_raw: 1280x720, approx_fps=7.82
[INFO] [1782736607.611918867] [compressed_to_raw_image]: published /image_raw: 1280x720, approx_fps=6.82
[INFO] [1782736609.663712039] [compressed_to_raw_image]: published /image_raw: 1280x720, approx_fps=7.31
[INFO] [1782736611.765602900] [compressed_to_raw_image]: published /image_raw: 1280x720, approx_fps=6.66
[INFO] [1782736613.818247731] [compressed_to_raw_image]: published /image_raw: 1280x720, approx_fps=7.80
[INFO] [1782736615.862657734] [compressed_to_raw_image]: published /image_raw: 1280x720, approx_fps=7.33
[INFO] [1782736617.962556171] [compressed_to_raw_image]: published /image_raw: 1280x720, approx_fps=7.62
[INFO] [1782736620.009111041] [compressed_to_raw_image]: published /image_raw: 1280x720, approx_fps=7.82
[INFO] [1782736622.014471414] [compressed_to_raw_image]: published /image_raw: 1280x720, approx_fps=6.98
[INFO] [1782736624.110500138] [compressed_to_raw_image]: published /image_raw: 1280x720, approx_fps=7.16
[INFO] [1782736626.115096005] [compressed_to_raw_image]: published /image_raw: 1280x720, approx_fps=7.48
[INFO] [1782736628.164860775] [compressed_to_raw_image]: published /image_raw: 1280x720, approx_fps=8.29
[INFO] [1782736630.259614991] [compressed_to_raw_image]: published /image_raw: 1280x720, approx_fps=8.11
[INFO] [1782736632.263525934] [compressed_to_raw_image]: published /image_raw: 1280x720, approx_fps=6.99
[INFO] [1782736634.364834761] [compressed_to_raw_image]: published /image_raw: 1280x720, approx_fps=6.66
[INFO] [1782736636.410557857] [compressed_to_raw_image]: published /image_raw: 1280x720, approx_fps=6.85
[INFO] [1782736638.520838876] [compressed_to_raw_image]: published /image_raw: 1280x720, approx_fps=7.58
[INFO] [1782736640.561002806] [compressed_to_raw_image]: published /image_raw: 1280x720, approx_fps=7.36
[INFO] [1782736642.613776885] [compressed_to_raw_image]: published /image_raw: 1280x720, approx_fps=7.31
[INFO] [1782736644.667104002] [compressed_to_raw_image]: published /image_raw: 1280x720, approx_fps=6.81
[INFO] [1782736646.763774233] [compressed_to_raw_image]: published /image_raw: 1280x720, approx_fps=6.68
[INFO] [1782736648.863417957] [compressed_to_raw_image]: published /image_raw: 1280x720, approx_fps=7.14
[INFO] [1782736650.967686547] [compressed_to_raw_image]: published /image_raw: 1280x720, approx_fps=7.61
[INFO] [1782736653.015523742] [compressed_to_raw_image]: published /image_raw: 1280x720, approx_fps=7.32
[INFO] [1782736655.110476128] [compressed_to_raw_image]: published /image_raw: 1280x720, approx_fps=7.16
[INFO] [1782736657.215002084] [compressed_to_raw_image]: published /image_raw: 1280x720, approx_fps=7.14
[INFO] [1782736659.309832798] [compressed_to_raw_image]: published /image_raw: 1280x720, approx_fps=7.15
[INFO] [1782736661.311530784] [compressed_to_raw_image]: published /image_raw: 1280x720, approx_fps=7.00
[INFO] [1782736663.414520774] [compressed_to_raw_image]: published /image_raw: 1280x720, approx_fps=7.14
[INFO] [1782736665.520697507] [compressed_to_raw_image]: published /image_raw: 1280x720, approx_fps=7.12
[INFO] [1782736667.565207727] [compressed_to_raw_image]: published /image_raw: 1280x720, approx_fps=7.34
[INFO] [1782736669.659974675] [compressed_to_raw_image]: published /image_raw: 1280x720, approx_fps=8.12
[INFO] [1782736671.711071548] [compressed_to_raw_image]: published /image_raw: 1280x720, approx_fps=8.29
[INFO] [1782736673.810740818] [compressed_to_raw_image]: published /image_raw: 1280x720, approx_fps=8.10
[INFO] [1782736675.912954165] [compressed_to_raw_image]: published /image_raw: 1280x720, approx_fps=7.61
[INFO] [1782736678.014031136] [compressed_to_raw_image]: published /image_raw: 1280x720, approx_fps=7.61
[INFO] [1782736680.020176508] [compressed_to_raw_image]: published /image_raw: 1280x720, approx_fps=7.48
[INFO] [1782736682.110901277] [compressed_to_raw_image]: published /image_raw: 1280x720, approx_fps=7.65
[INFO] [1782736684.211074989] [compressed_to_raw_image]: published /image_raw: 1280x720, approx_fps=7.62
[INFO] [1782736686.311153366] [compressed_to_raw_image]: published /image_raw: 1280x720, approx_fps=7.62
[INFO] [1782736688.320175765] [compressed_to_raw_image]: published /image_raw: 1280x720, approx_fps=8.45
[INFO] [1782736690.418253429] [compressed_to_raw_image]: published /image_raw: 1280x720, approx_fps=7.16
[INFO] [1782736692.467994607] [compressed_to_raw_image]: published /image_raw: 1280x720, approx_fps=7.31
[INFO] [1782736694.568107555] [compressed_to_raw_image]: published /image_raw: 1280x720, approx_fps=7.15
[INFO] [1782736696.613570857] [compressed_to_raw_image]: published /image_raw: 1280x720, approx_fps=7.33
[INFO] [1782736698.618920413] [compressed_to_raw_image]: published /image_raw: 1280x720, approx_fps=6.98
[INFO] [1782736700.709560072] [compressed_to_raw_image]: published /image_raw: 1280x720, approx_fps=7.18
[INFO] [1782736702.762390815] [compressed_to_raw_image]: published /image_raw: 1280x720, approx_fps=7.31
[INFO] [1782736704.762513077] [compressed_to_raw_image]: published /image_raw: 1280x720, approx_fps=7.00
[INFO] [1782736706.863799631] [compressed_to_raw_image]: published /image_raw: 1280x720, approx_fps=7.62
[INFO] [1782736708.961678311] [compressed_to_raw_image]: published /image_raw: 1280x720, approx_fps=7.15
[INFO] [1782736711.062847818] [compressed_to_raw_image]: published /image_raw: 1280x720, approx_fps=8.09
[INFO] [1782736713.064381275] [compressed_to_raw_image]: published /image_raw: 1280x720, approx_fps=7.49
[INFO] [1782736715.086493746] [compressed_to_raw_image]: published /image_raw: 1280x720, approx_fps=6.92
[INFO] [1782736717.135714474] [compressed_to_raw_image]: published /image_raw: 1280x720, approx_fps=7.81
[INFO] [1782736719.211656416] [compressed_to_raw_image]: published /image_raw: 1280x720, approx_fps=7.71
[INFO] [1782736721.312017868] [compressed_to_raw_image]: published /image_raw: 1280x720, approx_fps=7.62
[INFO] [1782736723.314993101] [compressed_to_raw_image]: published /image_raw: 1280x720, approx_fps=7.48
[INFO] [1782736725.461560616] [compressed_to_raw_image]: published /image_raw: 1280x720, approx_fps=8.39
[INFO] [1782736727.511701578] [compressed_to_raw_image]: published /image_raw: 1280x720, approx_fps=7.32
[INFO] [1782736729.561987496] [compressed_to_raw_image]: published /image_raw: 1280x720, approx_fps=7.80
[INFO] [1782736731.564426053] [compressed_to_raw_image]: published /image_raw: 1280x720, approx_fps=7.99
[INFO] [1782736733.709631266] [compressed_to_raw_image]: published /image_raw: 1280x720, approx_fps=7.46
[INFO] [1782736735.810623280] [compressed_to_raw_image]: published /image_raw: 1280x720, approx_fps=7.62
[INFO] [1782736737.871463465] [compressed_to_raw_image]: published /image_raw: 1280x720, approx_fps=7.29
[INFO] [1782736739.913162421] [compressed_to_raw_image]: published /image_raw: 1280x720, approx_fps=7.34
[INFO] [1782736741.959082327] [compressed_to_raw_image]: published /image_raw: 1280x720, approx_fps=7.82
[INFO] [1782736744.013098888] [compressed_to_raw_image]: published /image_raw: 1280x720, approx_fps=7.79
[INFO] [1782736746.162604494] [compressed_to_raw_image]: published /image_raw: 1280x720, approx_fps=7.44
[INFO] [1782736748.263152034] [compressed_to_raw_image]: published /image_raw: 1280x720, approx_fps=7.61
[INFO] [1782736750.360704990] [compressed_to_raw_image]: published /image_raw: 1280x720, approx_fps=8.10
[INFO] [1782736752.364209685] [compressed_to_raw_image]: published /image_raw: 1280x720, approx_fps=6.99
[INFO] [1782736754.371865706] [compressed_to_raw_image]: published /image_raw: 1280x720, approx_fps=6.97
[INFO] [1782736756.463573036] [compressed_to_raw_image]: published /image_raw: 1280x720, approx_fps=6.69
[INFO] [1782736758.514519831] [compressed_to_raw_image]: published /image_raw: 1280x720, approx_fps=6.83
[INFO] [1782736760.559812964] [compressed_to_raw_image]: published /image_raw: 1280x720, approx_fps=7.82
[INFO] [1782736762.614806873] [compressed_to_raw_image]: published /image_raw: 1280x720, approx_fps=6.82
[INFO] [1782736764.764986704] [compressed_to_raw_image]: published /image_raw: 1280x720, approx_fps=7.91
[INFO] [1782736766.865941176] [compressed_to_raw_image]: published /image_raw: 1280x720, approx_fps=7.15
[INFO] [1782736768.962848191] [compressed_to_raw_image]: published /image_raw: 1280x720, approx_fps=7.15
[INFO] [1782736771.065653239] [compressed_to_raw_image]: published /image_raw: 1280x720, approx_fps=6.66
[INFO] [1782736773.111525646] [compressed_to_raw_image]: published /image_raw: 1280x720, approx_fps=6.84
[INFO] [1782736775.114530979] [compressed_to_raw_image]: published /image_raw: 1280x720, approx_fps=7.49
[INFO] [1782736777.209468986] [compressed_to_raw_image]: published /image_raw: 1280x720, approx_fps=7.16
[INFO] [1782736779.259361131] [compressed_to_raw_image]: published /image_raw: 1280x720, approx_fps=8.29
[INFO] [1782736781.311645644] [compressed_to_raw_image]: published /image_raw: 1280x720, approx_fps=6.82
[INFO] [1782736783.364910321] [compressed_to_raw_image]: published /image_raw: 1280x720, approx_fps=7.79
[INFO] [1782736785.367492392] [compressed_to_raw_image]: published /image_raw: 1280x720, approx_fps=6.99
[INFO] [1782736787.411814074] [compressed_to_raw_image]: published /image_raw: 1280x720, approx_fps=7.34
[INFO] [1782736789.460148791] [compressed_to_raw_image]: published /image_raw: 1280x720, approx_fps=8.30
[INFO] [1782736791.460812940] [compressed_to_raw_image]: published /image_raw: 1280x720, approx_fps=8.00
[INFO] [1782736793.563765707] [compressed_to_raw_image]: published /image_raw: 1280x720, approx_fps=6.66
[INFO] [1782736795.665309640] [compressed_to_raw_image]: published /image_raw: 1280x720, approx_fps=6.66
[INFO] [1782736797.712452098] [compressed_to_raw_image]: published /image_raw: 1280x720, approx_fps=7.82
[INFO] [1782736799.810028448] [compressed_to_raw_image]: published /image_raw: 1280x720, approx_fps=7.15
[INFO] [1782736801.911881622] [compressed_to_raw_image]: published /image_raw: 1280x720, approx_fps=7.62
[INFO] [1782736804.011861630] [compressed_to_raw_image]: published /image_raw: 1280x720, approx_fps=7.62
[INFO] [1782736806.110108054] [compressed_to_raw_image]: published /image_raw: 1280x720, approx_fps=8.10
[INFO] [1782736808.168173985] [compressed_to_raw_image]: published /image_raw: 1280x720, approx_fps=7.29
[INFO] [1782736810.171081316] [compressed_to_raw_image]: published /image_raw: 1280x720, approx_fps=6.99
[INFO] [1782736812.265616653] [compressed_to_raw_image]: published /image_raw: 1280x720, approx_fps=6.68
[INFO] [1782736814.315838169] [compressed_to_raw_image]: published /image_raw: 1280x720, approx_fps=7.33
[INFO] [1782736816.418178617] [compressed_to_raw_image]: published /image_raw: 1280x720, approx_fps=7.13
[INFO] [1782736818.459442056] [compressed_to_raw_image]: published /image_raw: 1280x720, approx_fps=3.92
[INFO] [1782736820.509342773] [compressed_to_raw_image]: published /image_raw: 1280x720, approx_fps=7.81
[INFO] [1782736822.609854923] [compressed_to_raw_image]: published /image_raw: 1280x720, approx_fps=8.57
[INFO] [1782736824.611262031] [compressed_to_raw_image]: published /image_raw: 1280x720, approx_fps=8.49
[INFO] [1782736826.759837989] [compressed_to_raw_image]: published /image_raw: 1280x720, approx_fps=7.45
[INFO] [1782736828.859589007] [compressed_to_raw_image]: published /image_raw: 1280x720, approx_fps=7.62
[INFO] [1782736830.871247260] [compressed_to_raw_image]: published /image_raw: 1280x720, approx_fps=8.45
[INFO] [1782736832.911436600] [compressed_to_raw_image]: published /image_raw: 1280x720, approx_fps=7.35
[INFO] [1782736834.959824593] [compressed_to_raw_image]: published /image_raw: 1280x720, approx_fps=7.81
[INFO] [1782736836.959876437] [compressed_to_raw_image]: published /image_raw: 1280x720, approx_fps=8.00
[INFO] [1782736838.965159856] [compressed_to_raw_image]: published /image_raw: 1280x720, approx_fps=7.48
[INFO] [1782736841.110731383] [compressed_to_raw_image]: published /image_raw: 1280x720, approx_fps=7.92
[INFO] [1782736843.112979218] [compressed_to_raw_image]: published /image_raw: 1280x720, approx_fps=7.50
[INFO] [1782736845.233752147] [compressed_to_raw_image]: published /image_raw: 1280x720, approx_fps=7.55
[INFO] [1782736847.262878650] [compressed_to_raw_image]: published /image_raw: 1280x720, approx_fps=7.87
[INFO] [1782736849.334096929] [compressed_to_raw_image]: published /image_raw: 1280x720, approx_fps=7.72
[INFO] [1782736851.464165963] [compressed_to_raw_image]: published /image_raw: 1280x720, approx_fps=7.52
[INFO] [1782736853.511070519] [compressed_to_raw_image]: published /image_raw: 1280x720, approx_fps=8.30
[INFO] [1782736855.512756298] [compressed_to_raw_image]: published /image_raw: 1280x720, approx_fps=7.50
[INFO] [1782736857.562834678] [compressed_to_raw_image]: published /image_raw: 1280x720, approx_fps=7.80
[INFO] [1782736859.580339807] [compressed_to_raw_image]: published /image_raw: 1280x720, approx_fps=7.44
[INFO] [1782736861.661624957] [compressed_to_raw_image]: published /image_raw: 1280x720, approx_fps=7.20
[INFO] [1782736863.715834024] [compressed_to_raw_image]: published /image_raw: 1280x720, approx_fps=7.79
[INFO] [1782736865.810095543] [compressed_to_raw_image]: published /image_raw: 1280x720, approx_fps=7.16
[INFO] [1782736867.911193147] [compressed_to_raw_image]: published /image_raw: 1280x720, approx_fps=7.61
[INFO] [1782736869.913845384] [compressed_to_raw_image]: published /image_raw: 1280x720, approx_fps=7.99
[INFO] [1782736871.960314669] [compressed_to_raw_image]: published /image_raw: 1280x720, approx_fps=7.33
[INFO] [1782736874.014340418] [compressed_to_raw_image]: published /image_raw: 1280x720, approx_fps=7.79
[INFO] [1782736876.062057791] [compressed_to_raw_image]: published /image_raw: 1280x720, approx_fps=7.81
[INFO] [1782736878.110938104] [compressed_to_raw_image]: published /image_raw: 1280x720, approx_fps=7.81
[INFO] [1782736880.167007546] [compressed_to_raw_image]: published /image_raw: 1280x720, approx_fps=7.78
[INFO] [1782736882.262002183] [compressed_to_raw_image]: published /image_raw: 1280x720, approx_fps=7.64
[INFO] [1782736884.316298284] [compressed_to_raw_image]: published /image_raw: 1280x720, approx_fps=7.78
[INFO] [1782736886.410629626] [compressed_to_raw_image]: published /image_raw: 1280x720, approx_fps=7.64
[INFO] [1782736888.465429186] [compressed_to_raw_image]: published /image_raw: 1280x720, approx_fps=7.79
[INFO] [1782736890.635973368] [compressed_to_raw_image]: published /image_raw: 1280x720, approx_fps=7.37
[INFO] [1782736892.760518912] [compressed_to_raw_image]: published /image_raw: 1280x720, approx_fps=7.53
[INFO] [1782736894.786825519] [compressed_to_raw_image]: published /image_raw: 1280x720, approx_fps=6.91
[INFO] [1782736896.860306972] [compressed_to_raw_image]: published /image_raw: 1280x720, approx_fps=7.72
[INFO] [1782736898.872821325] [compressed_to_raw_image]: published /image_raw: 1280x720, approx_fps=7.46
[INFO] [1782736900.912455706] [compressed_to_raw_image]: published /image_raw: 1280x720, approx_fps=7.84
[INFO] [1782736902.964253274] [compressed_to_raw_image]: published /image_raw: 1280x720, approx_fps=7.81
[INFO] [1782736905.059410507] [compressed_to_raw_image]: published /image_raw: 1280x720, approx_fps=7.63
[INFO] [1782736907.161862992] [compressed_to_raw_image]: published /image_raw: 1280x720, approx_fps=8.09
[INFO] [1782736909.163371289] [compressed_to_raw_image]: published /image_raw: 1280x720, approx_fps=7.49
[INFO] [1782736911.309698418] [compressed_to_raw_image]: published /image_raw: 1280x720, approx_fps=7.92
[INFO] [1782736913.363505012] [compressed_to_raw_image]: published /image_raw: 1280x720, approx_fps=7.79
[INFO] [1782736915.463264862] [compressed_to_raw_image]: published /image_raw: 1280x720, approx_fps=7.62
[INFO] [1782736917.511093895] [compressed_to_raw_image]: published /image_raw: 1280x720, approx_fps=7.32
[INFO] [1782736919.516208977] [compressed_to_raw_image]: published /image_raw: 1280x720, approx_fps=6.98
[INFO] [1782736921.659575696] [compressed_to_raw_image]: published /image_raw: 1280x720, approx_fps=7.46
[INFO] [1782736923.761307134] [compressed_to_raw_image]: published /image_raw: 1280x720, approx_fps=7.61
[INFO] [1782736925.860965377] [compressed_to_raw_image]: published /image_raw: 1280x720, approx_fps=7.62
[INFO] [1782736927.862789992] [compressed_to_raw_image]: published /image_raw: 1280x720, approx_fps=7.49
[INFO] [1782736929.911590447] [compressed_to_raw_image]: published /image_raw: 1280x720, approx_fps=7.32
[INFO] [1782736932.060846619] [compressed_to_raw_image]: published /image_raw: 1280x720, approx_fps=7.91
[INFO] [1782736934.078671184] [compressed_to_raw_image]: published /image_raw: 1280x720, approx_fps=8.42
[INFO] [1782736936.112824989] [compressed_to_raw_image]: published /image_raw: 1280x720, approx_fps=7.87
[INFO] [1782736938.211470353] [compressed_to_raw_image]: published /image_raw: 1280x720, approx_fps=7.62
[INFO] [1782736940.310274489] [compressed_to_raw_image]: published /image_raw: 1280x720, approx_fps=7.62
[INFO] [1782736942.360516076] [compressed_to_raw_image]: published /image_raw: 1280x720, approx_fps=7.81
[INFO] [1782736944.361922740] [compressed_to_raw_image]: published /image_raw: 1280x720, approx_fps=7.99
[INFO] [1782736946.410661991] [compressed_to_raw_image]: published /image_raw: 1280x720, approx_fps=7.32
[INFO] [1782736948.460204808] [compressed_to_raw_image]: published /image_raw: 1280x720, approx_fps=7.81
[INFO] [1782736950.511901570] [compressed_to_raw_image]: published /image_raw: 1280x720, approx_fps=7.31
[INFO] [1782736952.610378624] [compressed_to_raw_image]: published /image_raw: 1280x720, approx_fps=8.10
[INFO] [1782736954.760252650] [compressed_to_raw_image]: published /image_raw: 1280x720, approx_fps=7.44
[INFO] [1782736956.867357230] [compressed_to_raw_image]: published /image_raw: 1280x720, approx_fps=8.07
[INFO] [1782736958.961022624] [compressed_to_raw_image]: published /image_raw: 1280x720, approx_fps=7.16
[INFO] [1782736961.013540370] [compressed_to_raw_image]: published /image_raw: 1280x720, approx_fps=8.28
[INFO] [1782736963.060116413] [compressed_to_raw_image]: published /image_raw: 1280x720, approx_fps=7.82
[INFO] [1782736965.174973643] [compressed_to_raw_image]: published /image_raw: 1280x720, approx_fps=8.05
[INFO] [1782736967.285264380] [compressed_to_raw_image]: published /image_raw: 1280x720, approx_fps=8.10
[INFO] [1782736969.360441865] [compressed_to_raw_image]: published /image_raw: 1280x720, approx_fps=7.65
[INFO] [1782736971.414928519] [compressed_to_raw_image]: published /image_raw: 1280x720, approx_fps=7.80
[INFO] [1782736973.461880213] [compressed_to_raw_image]: published /image_raw: 1280x720, approx_fps=7.81
[INFO] [1782736975.511742647] [compressed_to_raw_image]: published /image_raw: 1280x720, approx_fps=7.81
[INFO] [1782736977.562060105] [compressed_to_raw_image]: published /image_raw: 1280x720, approx_fps=8.29
[INFO] [1782736979.563822149] [compressed_to_raw_image]: published /image_raw: 1280x720, approx_fps=7.50
[INFO] [1782736981.662040668] [compressed_to_raw_image]: published /image_raw: 1280x720, approx_fps=8.10
[INFO] [1782736983.722954766] [compressed_to_raw_image]: published /image_raw: 1280x720, approx_fps=7.29
[INFO] [1782736985.762297739] [compressed_to_raw_image]: published /image_raw: 1280x720, approx_fps=7.84
[INFO] [1782736987.812620226] [compressed_to_raw_image]: published /image_raw: 1280x720, approx_fps=7.32
[INFO] [1782736989.815253345] [compressed_to_raw_image]: published /image_raw: 1280x720, approx_fps=7.49
[INFO] [1782736991.965503044] [compressed_to_raw_image]: published /image_raw: 1280x720, approx_fps=6.98
[INFO] [1782736994.012584921] [compressed_to_raw_image]: published /image_raw: 1280x720, approx_fps=6.84
[INFO] [1782736996.086651108] [compressed_to_raw_image]: published /image_raw: 1280x720, approx_fps=6.75
[INFO] [1782736998.111971051] [compressed_to_raw_image]: published /image_raw: 1280x720, approx_fps=7.41
[INFO] [1782737000.162324714] [compressed_to_raw_image]: published /image_raw: 1280x720, approx_fps=7.31
[INFO] [1782737002.267337807] [compressed_to_raw_image]: published /image_raw: 1280x720, approx_fps=7.12
[INFO] [1782737004.414973585] [compressed_to_raw_image]: published /image_raw: 1280x720, approx_fps=6.99
[INFO] [1782737006.562827177] [compressed_to_raw_image]: published /image_raw: 1280x720, approx_fps=7.92
[INFO] [1782737008.612655636] [compressed_to_raw_image]: published /image_raw: 1280x720, approx_fps=7.32
[INFO] [1782737010.728881140] [compressed_to_raw_image]: published /image_raw: 1280x720, approx_fps=7.09
[INFO] [1782737012.812370906] [compressed_to_raw_image]: published /image_raw: 1280x720, approx_fps=7.20
[INFO] [1782737014.866791488] [compressed_to_raw_image]: published /image_raw: 1280x720, approx_fps=7.31
[INFO] [1782737016.912201192] [compressed_to_raw_image]: published /image_raw: 1280x720, approx_fps=7.33
[INFO] [1782737018.965993485] [compressed_to_raw_image]: published /image_raw: 1280x720, approx_fps=7.79
[INFO] [1782737021.014023285] [compressed_to_raw_image]: published /image_raw: 1280x720, approx_fps=7.32
[INFO] [1782737023.014785559] [compressed_to_raw_image]: published /image_raw: 1280x720, approx_fps=7.50
[INFO] [1782737025.113905339] [compressed_to_raw_image]: published /image_raw: 1280x720, approx_fps=7.62
[INFO] [1782737027.163994964] [compressed_to_raw_image]: published /image_raw: 1280x720, approx_fps=7.81
[INFO] [1782737029.211536938] [compressed_to_raw_image]: published /image_raw: 1280x720, approx_fps=7.32
[INFO] [1782737031.260734482] [compressed_to_raw_image]: published /image_raw: 1280x720, approx_fps=7.81
[INFO] [1782737033.360527354] [compressed_to_raw_image]: published /image_raw: 1280x720, approx_fps=8.09
[INFO] [1782737035.460529208] [compressed_to_raw_image]: published /image_raw: 1280x720, approx_fps=7.62
[INFO] [1782737037.563932010] [compressed_to_raw_image]: published /image_raw: 1280x720, approx_fps=7.61
[INFO] [1782737039.661333819] [compressed_to_raw_image]: published /image_raw: 1280x720, approx_fps=7.15
[INFO] [1782737041.664153436] [compressed_to_raw_image]: published /image_raw: 1280x720, approx_fps=6.99
[INFO] [1782737043.710158819] [compressed_to_raw_image]: published /image_raw: 1280x720, approx_fps=7.33
[INFO] [1782737045.711494606] [compressed_to_raw_image]: published /image_raw: 1280x720, approx_fps=7.49
[INFO] [1782737047.811377431] [compressed_to_raw_image]: published /image_raw: 1280x720, approx_fps=7.14
[INFO] [1782737049.961792496] [compressed_to_raw_image]: published /image_raw: 1280x720, approx_fps=7.44
[INFO] [1782737052.009688395] [compressed_to_raw_image]: published /image_raw: 1280x720, approx_fps=7.32
[INFO] [1782737054.110821916] [compressed_to_raw_image]: published /image_raw: 1280x720, approx_fps=7.62
[INFO] [1782737056.111900030] [compressed_to_raw_image]: published /image_raw: 1280x720, approx_fps=8.00
[INFO] [1782737058.160381001] [compressed_to_raw_image]: published /image_raw: 1280x720, approx_fps=7.81
[INFO] [1782737060.260918965] [compressed_to_raw_image]: published /image_raw: 1280x720, approx_fps=8.09
[INFO] [1782737062.361517078] [compressed_to_raw_image]: published /image_raw: 1280x720, approx_fps=7.62
[INFO] [1782737064.409774286] [compressed_to_raw_image]: published /image_raw: 1280x720, approx_fps=6.83
[INFO] [1782737066.411547564] [compressed_to_raw_image]: published /image_raw: 1280x720, approx_fps=8.00
[INFO] [1782737068.460455530] [compressed_to_raw_image]: published /image_raw: 1280x720, approx_fps=7.81
[INFO] [1782737070.560381777] [compressed_to_raw_image]: published /image_raw: 1280x720, approx_fps=7.62
[INFO] [1782737072.563498923] [compressed_to_raw_image]: published /image_raw: 1280x720, approx_fps=7.49
[INFO] [1782737074.659610333] [compressed_to_raw_image]: published /image_raw: 1280x720, approx_fps=7.63
[INFO] [1782737076.664725075] [compressed_to_raw_image]: published /image_raw: 1280x720, approx_fps=7.48
[INFO] [1782737078.760497239] [compressed_to_raw_image]: published /image_raw: 1280x720, approx_fps=7.15
[INFO] [1782737080.811984314] [compressed_to_raw_image]: published /image_raw: 1280x720, approx_fps=8.29
[INFO] [1782737082.913357790] [compressed_to_raw_image]: published /image_raw: 1280x720, approx_fps=7.14
[INFO] [1782737084.962957034] [compressed_to_raw_image]: published /image_raw: 1280x720, approx_fps=7.32
[INFO] [1782737087.064782891] [compressed_to_raw_image]: published /image_raw: 1280x720, approx_fps=6.66
[INFO] [1782737089.066690063] [compressed_to_raw_image]: published /image_raw: 1280x720, approx_fps=6.99
[INFO] [1782737091.166952839] [compressed_to_raw_image]: published /image_raw: 1280x720, approx_fps=6.67
[INFO] [1782737093.261457540] [compressed_to_raw_image]: published /image_raw: 1280x720, approx_fps=7.16
[INFO] [1782737095.315845875] [compressed_to_raw_image]: published /image_raw: 1280x720, approx_fps=6.82
[INFO] [1782737097.465648052] [compressed_to_raw_image]: published /image_raw: 1280x720, approx_fps=6.98
[INFO] [1782737099.611098783] [compressed_to_raw_image]: published /image_raw: 1280x720, approx_fps=7.46
[INFO] [1782737101.612502435] [compressed_to_raw_image]: published /image_raw: 1280x720, approx_fps=7.49
[INFO] [1782737103.613297360] [compressed_to_raw_image]: published /image_raw: 1280x720, approx_fps=7.00
[INFO] [1782737105.662878180] [compressed_to_raw_image]: published /image_raw: 1280x720, approx_fps=6.83
[INFO] [1782737107.763078355] [compressed_to_raw_image]: published /image_raw: 1280x720, approx_fps=7.14
[INFO] [1782737109.763948605] [compressed_to_raw_image]: published /image_raw: 1280x720, approx_fps=8.00
[INFO] [1782737111.864318746] [compressed_to_raw_image]: published /image_raw: 1280x720, approx_fps=7.14
[INFO] [1782737113.964309326] [compressed_to_raw_image]: published /image_raw: 1280x720, approx_fps=6.67
[INFO] [1782737116.064940557] [compressed_to_raw_image]: published /image_raw: 1280x720, approx_fps=6.66
[INFO] [1782737118.217589476] [compressed_to_raw_image]: published /image_raw: 1280x720, approx_fps=7.44
[INFO] [1782737120.369785001] [compressed_to_raw_image]: published /image_raw: 1280x720, approx_fps=6.96
[INFO] [1782737122.464352997] [compressed_to_raw_image]: published /image_raw: 1280x720, approx_fps=6.69
[INFO] [1782737124.510923154] [compressed_to_raw_image]: published /image_raw: 1280x720, approx_fps=6.84
[INFO] [1782737126.516595823] [compressed_to_raw_image]: published /image_raw: 1280x720, approx_fps=6.98
[INFO] [1782737128.614939693] [compressed_to_raw_image]: published /image_raw: 1280x720, approx_fps=7.62
[INFO] [1782737130.668102650] [compressed_to_raw_image]: published /image_raw: 1280x720, approx_fps=6.81
[INFO] [1782737132.761530473] [compressed_to_raw_image]: published /image_raw: 1280x720, approx_fps=6.69
[INFO] [1782737134.864065266] [compressed_to_raw_image]: published /image_raw: 1280x720, approx_fps=8.09
[INFO] [1782737136.865724318] [compressed_to_raw_image]: published /image_raw: 1280x720, approx_fps=6.99
[INFO] [1782737138.912489353] [compressed_to_raw_image]: published /image_raw: 1280x720, approx_fps=7.33
[INFO] [1782737140.965781765] [compressed_to_raw_image]: published /image_raw: 1280x720, approx_fps=7.31
[INFO] [1782737143.063577907] [compressed_to_raw_image]: published /image_raw: 1280x720, approx_fps=6.67
[INFO] [1782737145.167284964] [compressed_to_raw_image]: published /image_raw: 1280x720, approx_fps=6.65
[INFO] [1782737147.263544136] [compressed_to_raw_image]: published /image_raw: 1280x720, approx_fps=7.16
[INFO] [1782737149.368995445] [compressed_to_raw_image]: published /image_raw: 1280x720, approx_fps=6.65
[INFO] [1782737151.467221287] [compressed_to_raw_image]: published /image_raw: 1280x720, approx_fps=6.67
[INFO] [1782737153.514533500] [compressed_to_raw_image]: published /image_raw: 1280x720, approx_fps=7.33
[INFO] [1782737155.618438275] [compressed_to_raw_image]: published /image_raw: 1280x720, approx_fps=7.13
[INFO] [1782737157.662779724] [compressed_to_raw_image]: published /image_raw: 1280x720, approx_fps=7.33
[INFO] [1782737159.666111042] [compressed_to_raw_image]: published /image_raw: 1280x720, approx_fps=7.49
[INFO] [1782737161.761045051] [compressed_to_raw_image]: published /image_raw: 1280x720, approx_fps=7.63
[INFO] [1782737163.786238197] [compressed_to_raw_image]: published /image_raw: 1280x720, approx_fps=6.91
[INFO] [1782737165.815499130] [compressed_to_raw_image]: published /image_raw: 1280x720, approx_fps=8.39
[INFO] [1782737167.814959973] [compressed_to_raw_image]: published /image_raw: 1280x720, approx_fps=7.00
[INFO] [1782737169.960556328] [compressed_to_raw_image]: published /image_raw: 1280x720, approx_fps=7.46
[INFO] [1782737172.037572785] [compressed_to_raw_image]: published /image_raw: 1280x720, approx_fps=6.74
[INFO] [1782737174.064043496] [compressed_to_raw_image]: published /image_raw: 1280x720, approx_fps=7.90
[INFO] [1782737176.162727112] [compressed_to_raw_image]: published /image_raw: 1280x720, approx_fps=7.62
[INFO] [1782737178.263802840] [compressed_to_raw_image]: published /image_raw: 1280x720, approx_fps=6.66
[INFO] [1782737180.264187934] [compressed_to_raw_image]: published /image_raw: 1280x720, approx_fps=7.50
[INFO] [1782737182.413950542] [compressed_to_raw_image]: published /image_raw: 1280x720, approx_fps=6.98
[INFO] [1782737184.413945467] [compressed_to_raw_image]: published /image_raw: 1280x720, approx_fps=7.00
[INFO] [1782737186.512771890] [compressed_to_raw_image]: published /image_raw: 1280x720, approx_fps=6.67
[INFO] [1782737188.513875903] [compressed_to_raw_image]: published /image_raw: 1280x720, approx_fps=7.00
[INFO] [1782737190.611507070] [compressed_to_raw_image]: published /image_raw: 1280x720, approx_fps=7.63
[INFO] [1782737192.662764927] [compressed_to_raw_image]: published /image_raw: 1280x720, approx_fps=7.31
[INFO] [1782737194.769475457] [compressed_to_raw_image]: published /image_raw: 1280x720, approx_fps=7.12
[INFO] [1782737196.864663257] [compressed_to_raw_image]: published /image_raw: 1280x720, approx_fps=6.68
[INFO] [1782737198.960965540] [compressed_to_raw_image]: published /image_raw: 1280x720, approx_fps=7.16
[INFO] [1782737201.065782038] [compressed_to_raw_image]: published /image_raw: 1280x720, approx_fps=6.65
[INFO] [1782737203.161353899] [compressed_to_raw_image]: published /image_raw: 1280x720, approx_fps=6.68
[INFO] [1782737205.218726606] [compressed_to_raw_image]: published /image_raw: 1280x720, approx_fps=6.81
[INFO] [1782737207.261369158] [compressed_to_raw_image]: published /image_raw: 1280x720, approx_fps=6.85
[INFO] [1782737209.363554727] [compressed_to_raw_image]: published /image_raw: 1280x720, approx_fps=7.13
[INFO] [1782737211.415648435] [compressed_to_raw_image]: published /image_raw: 1280x720, approx_fps=6.83
[INFO] [1782737213.514455366] [compressed_to_raw_image]: published /image_raw: 1280x720, approx_fps=6.67
[INFO] [1782737215.620973469] [compressed_to_raw_image]: published /image_raw: 1280x720, approx_fps=7.12
[INFO] [1782737217.665759256] [compressed_to_raw_image]: published /image_raw: 1280x720, approx_fps=6.84
[INFO] [1782737219.764030829] [compressed_to_raw_image]: published /image_raw: 1280x720, approx_fps=7.15
[INFO] [1782737221.860504124] [compressed_to_raw_image]: published /image_raw: 1280x720, approx_fps=7.15
[INFO] [1782737223.964794841] [compressed_to_raw_image]: published /image_raw: 1280x720, approx_fps=7.13
[INFO] [1782737226.066630611] [compressed_to_raw_image]: published /image_raw: 1280x720, approx_fps=6.66
[INFO] [1782737228.161568962] [compressed_to_raw_image]: published /image_raw: 1280x720, approx_fps=7.64
[INFO] [1782737230.164346650] [compressed_to_raw_image]: published /image_raw: 1280x720, approx_fps=7.49
[INFO] [1782737232.262910387] [compressed_to_raw_image]: published /image_raw: 1280x720, approx_fps=6.67
[INFO] [1782737234.364512530] [compressed_to_raw_image]: published /image_raw: 1280x720, approx_fps=6.66
[INFO] [1782737236.375853562] [compressed_to_raw_image]: published /image_raw: 1280x720, approx_fps=6.96
[INFO] [1782737238.463608242] [compressed_to_raw_image]: published /image_raw: 1280x720, approx_fps=6.71
[INFO] [1782737240.563567484] [compressed_to_raw_image]: published /image_raw: 1280x720, approx_fps=6.67
[INFO] [1782737242.566607928] [compressed_to_raw_image]: published /image_raw: 1280x720, approx_fps=6.99
[INFO] [1782737244.611068822] [compressed_to_raw_image]: published /image_raw: 1280x720, approx_fps=8.31
[INFO] [1782737246.664679392] [compressed_to_raw_image]: published /image_raw: 1280x720, approx_fps=7.79
[INFO] [1782737248.712459757] [compressed_to_raw_image]: published /image_raw: 1280x720, approx_fps=7.32
[INFO] [1782737250.812510895] [compressed_to_raw_image]: published /image_raw: 1280x720, approx_fps=8.10
[INFO] [1782737252.859337716] [compressed_to_raw_image]: published /image_raw: 1280x720, approx_fps=7.81
[INFO] [1782737254.910286697] [compressed_to_raw_image]: published /image_raw: 1280x720, approx_fps=7.80
[INFO] [1782737256.965471130] [compressed_to_raw_image]: published /image_raw: 1280x720, approx_fps=7.30
[INFO] [1782737259.013146895] [compressed_to_raw_image]: published /image_raw: 1280x720, approx_fps=6.84
[INFO] [1782737261.163533341] [compressed_to_raw_image]: published /image_raw: 1280x720, approx_fps=7.44
[INFO] [1782737263.212757736] [compressed_to_raw_image]: published /image_raw: 1280x720, approx_fps=8.30
[INFO] [1782737265.212719622] [compressed_to_raw_image]: published /image_raw: 1280x720, approx_fps=7.00
[INFO] [1782737267.312585596] [compressed_to_raw_image]: published /image_raw: 1280x720, approx_fps=7.14
[INFO] [1782737269.360819595] [compressed_to_raw_image]: published /image_raw: 1280x720, approx_fps=7.81
[INFO] [1782737271.418569897] [compressed_to_raw_image]: published /image_raw: 1280x720, approx_fps=7.29
[INFO] [1782737273.464059056] [compressed_to_raw_image]: published /image_raw: 1280x720, approx_fps=6.85
[INFO] [1782737275.610729221] [compressed_to_raw_image]: published /image_raw: 1280x720, approx_fps=7.45
[INFO] [1782737277.663362780] [compressed_to_raw_image]: published /image_raw: 1280x720, approx_fps=7.80
[INFO] [1782737279.814954376] [compressed_to_raw_image]: published /image_raw: 1280x720, approx_fps=7.44
[INFO] [1782737281.910901446] [compressed_to_raw_image]: published /image_raw: 1280x720, approx_fps=7.63
[INFO] [1782737283.917077594] [compressed_to_raw_image]: published /image_raw: 1280x720, approx_fps=6.98
[INFO] [1782737286.011470369] [compressed_to_raw_image]: published /image_raw: 1280x720, approx_fps=7.17
[INFO] [1782737288.063389160] [compressed_to_raw_image]: published /image_raw: 1280x720, approx_fps=7.80
[INFO] [1782737290.166497797] [compressed_to_raw_image]: published /image_raw: 1280x720, approx_fps=7.61
[INFO] [1782737292.311715708] [compressed_to_raw_image]: published /image_raw: 1280x720, approx_fps=7.46
[INFO] [1782737294.313914415] [compressed_to_raw_image]: published /image_raw: 1280x720, approx_fps=7.49
[INFO] [1782737296.362578660] [compressed_to_raw_image]: published /image_raw: 1280x720, approx_fps=7.81
[INFO] [1782737298.411404179] [compressed_to_raw_image]: published /image_raw: 1280x720, approx_fps=7.81
[INFO] [1782737300.464569816] [compressed_to_raw_image]: published /image_raw: 1280x720, approx_fps=8.28
[INFO] [1782737302.510205203] [compressed_to_raw_image]: published /image_raw: 1280x720, approx_fps=7.81
[INFO] [1782737304.561479922] [compressed_to_raw_image]: published /image_raw: 1280x720, approx_fps=7.80
[INFO] [1782737306.568310073] [compressed_to_raw_image]: published /image_raw: 1280x720, approx_fps=7.48
[INFO] [1782737308.611232438] [compressed_to_raw_image]: published /image_raw: 1280x720, approx_fps=6.85
[INFO] [1782737310.612125743] [compressed_to_raw_image]: published /image_raw: 1280x720, approx_fps=7.50
[INFO] [1782737312.663791721] [compressed_to_raw_image]: published /image_raw: 1280x720, approx_fps=7.31
[INFO] [1782737314.714185302] [compressed_to_raw_image]: published /image_raw: 1280x720, approx_fps=6.83
[INFO] [1782737316.767162372] [compressed_to_raw_image]: published /image_raw: 1280x720, approx_fps=7.80
[INFO] [1782737318.861563835] [compressed_to_raw_image]: published /image_raw: 1280x720, approx_fps=7.63
[INFO] [1782737320.913290405] [compressed_to_raw_image]: published /image_raw: 1280x720, approx_fps=7.31
[INFO] [1782737322.963959036] [compressed_to_raw_image]: published /image_raw: 1280x720, approx_fps=8.29
[INFO] [1782737325.013607146] [compressed_to_raw_image]: published /image_raw: 1280x720, approx_fps=7.32
[INFO] [1782737327.062034525] [compressed_to_raw_image]: published /image_raw: 1280x720, approx_fps=7.33
[INFO] [1782737329.064819880] [compressed_to_raw_image]: published /image_raw: 1280x720, approx_fps=6.99
[INFO] [1782737331.162001695] [compressed_to_raw_image]: published /image_raw: 1280x720, approx_fps=7.15
[INFO] [1782737333.212952943] [compressed_to_raw_image]: published /image_raw: 1280x720, approx_fps=7.31
[INFO] [1782737335.364479542] [compressed_to_raw_image]: published /image_raw: 1280x720, approx_fps=8.37
[INFO] [1782737337.362530018] [compressed_to_raw_image]: published /image_raw: 1280x720, approx_fps=8.00
[INFO] [1782737339.411377454] [compressed_to_raw_image]: published /image_raw: 1280x720, approx_fps=7.81
[INFO] [1782737341.413895240] [compressed_to_raw_image]: published /image_raw: 1280x720, approx_fps=7.50
[INFO] [1782737343.514626744] [compressed_to_raw_image]: published /image_raw: 1280x720, approx_fps=7.62
[INFO] [1782737345.664541951] [compressed_to_raw_image]: published /image_raw: 1280x720, approx_fps=7.44
[INFO] [1782737347.767881965] [compressed_to_raw_image]: published /image_raw: 1280x720, approx_fps=6.66
[INFO] [1782737349.810728500] [compressed_to_raw_image]: published /image_raw: 1280x720, approx_fps=7.34
[INFO] [1782737351.913479058] [compressed_to_raw_image]: published /image_raw: 1280x720, approx_fps=7.61
[INFO] [1782737354.010392540] [compressed_to_raw_image]: published /image_raw: 1280x720, approx_fps=7.63
[INFO] [1782737356.012378740] [compressed_to_raw_image]: published /image_raw: 1280x720, approx_fps=7.50
[INFO] [1782737358.061719220] [compressed_to_raw_image]: published /image_raw: 1280x720, approx_fps=7.81
[INFO] [1782737360.165333456] [compressed_to_raw_image]: published /image_raw: 1280x720, approx_fps=7.61
[INFO] [1782737362.212302227] [compressed_to_raw_image]: published /image_raw: 1280x720, approx_fps=7.82
[INFO] [1782737364.214200732] [compressed_to_raw_image]: published /image_raw: 1280x720, approx_fps=7.49
[INFO] [1782737366.310849518] [compressed_to_raw_image]: published /image_raw: 1280x720, approx_fps=7.63
[INFO] [1782737368.311347401] [compressed_to_raw_image]: published /image_raw: 1280x720, approx_fps=8.00
[INFO] [1782737370.326123056] [compressed_to_raw_image]: published /image_raw: 1280x720, approx_fps=7.94
[INFO] [1782737372.412110176] [compressed_to_raw_image]: published /image_raw: 1280x720, approx_fps=7.19
[INFO] [1782737374.513002735] [compressed_to_raw_image]: published /image_raw: 1280x720, approx_fps=8.09
[INFO] [1782737376.563159098] [compressed_to_raw_image]: published /image_raw: 1280x720, approx_fps=7.80
[INFO] [1782737378.615611741] [compressed_to_raw_image]: published /image_raw: 1280x720, approx_fps=7.31
[INFO] [1782737380.663001561] [compressed_to_raw_image]: published /image_raw: 1280x720, approx_fps=8.30
[INFO] [1782737382.713702748] [compressed_to_raw_image]: published /image_raw: 1280x720, approx_fps=7.80
[INFO] [1782737384.768418135] [compressed_to_raw_image]: published /image_raw: 1280x720, approx_fps=6.81
[INFO] [1782737386.867646081] [compressed_to_raw_image]: published /image_raw: 1280x720, approx_fps=7.15
[INFO] [1782737388.912050489] [compressed_to_raw_image]: published /image_raw: 1280x720, approx_fps=7.33
[INFO] [1782737390.914077770] [compressed_to_raw_image]: published /image_raw: 1280x720, approx_fps=7.49
[INFO] [1782737392.914580405] [compressed_to_raw_image]: published /image_raw: 1280x720, approx_fps=7.00
[INFO] [1782737394.966768032] [compressed_to_raw_image]: published /image_raw: 1280x720, approx_fps=7.80
[INFO] [1782737397.064445426] [compressed_to_raw_image]: published /image_raw: 1280x720, approx_fps=6.67
[INFO] [1782737399.164574434] [compressed_to_raw_image]: published /image_raw: 1280x720, approx_fps=6.67
[INFO] [1782737401.313964383] [compressed_to_raw_image]: published /image_raw: 1280x720, approx_fps=7.44
[INFO] [1782737403.314772974] [compressed_to_raw_image]: published /image_raw: 1280x720, approx_fps=7.00
[INFO] [1782737405.315638966] [compressed_to_raw_image]: published /image_raw: 1280x720, approx_fps=7.00
[INFO] [1782737407.414246607] [compressed_to_raw_image]: published /image_raw: 1280x720, approx_fps=7.62
[INFO] [1782737409.463189854] [compressed_to_raw_image]: published /image_raw: 1280x720, approx_fps=7.81
[INFO] [1782737411.612777504] [compressed_to_raw_image]: published /image_raw: 1280x720, approx_fps=7.45
[INFO] [1782737413.612899010] [compressed_to_raw_image]: published /image_raw: 1280x720, approx_fps=7.50
[INFO] [1782737415.711657455] [compressed_to_raw_image]: published /image_raw: 1280x720, approx_fps=7.62
[INFO] [1782737417.814980686] [compressed_to_raw_image]: published /image_raw: 1280x720, approx_fps=7.13
[INFO] [1782737419.861510382] [compressed_to_raw_image]: published /image_raw: 1280x720, approx_fps=8.30
[INFO] [1782737421.914239327] [compressed_to_raw_image]: published /image_raw: 1280x720, approx_fps=7.31
[INFO] [1782737423.963277162] [compressed_to_raw_image]: published /image_raw: 1280x720, approx_fps=7.32
[INFO] [1782737426.061169976] [compressed_to_raw_image]: published /image_raw: 1280x720, approx_fps=7.62
[INFO] [1782737428.163953367] [compressed_to_raw_image]: published /image_raw: 1280x720, approx_fps=7.61
[INFO] [1782737430.216189201] [compressed_to_raw_image]: published /image_raw: 1280x720, approx_fps=7.80
[INFO] [1782737432.312879126] [compressed_to_raw_image]: published /image_raw: 1280x720, approx_fps=6.68
[INFO] [1782737434.413177167] [compressed_to_raw_image]: published /image_raw: 1280x720, approx_fps=7.14
[INFO] [1782737436.413924491] [compressed_to_raw_image]: published /image_raw: 1280x720, approx_fps=7.50
[INFO] [1782737438.464772129] [compressed_to_raw_image]: published /image_raw: 1280x720, approx_fps=7.80
[INFO] [1782737440.564928202] [compressed_to_raw_image]: published /image_raw: 1280x720, approx_fps=7.14
[INFO] [1782737442.715800129] [compressed_to_raw_image]: published /image_raw: 1280x720, approx_fps=6.97
[INFO] [1782737444.812338409] [compressed_to_raw_image]: published /image_raw: 1280x720, approx_fps=7.15
[INFO] [1782737446.913987225] [compressed_to_raw_image]: published /image_raw: 1280x720, approx_fps=7.14
[INFO] [1782737448.965767363] [compressed_to_raw_image]: published /image_raw: 1280x720, approx_fps=7.31
[INFO] [1782737451.063544510] [compressed_to_raw_image]: published /image_raw: 1280x720, approx_fps=8.58
[INFO] [1782737453.114024070] [compressed_to_raw_image]: published /image_raw: 1280x720, approx_fps=6.83
[INFO] [1782737455.135836963] [compressed_to_raw_image]: published /image_raw: 1280x720, approx_fps=7.91
[INFO] [1782737457.216506103] [compressed_to_raw_image]: published /image_raw: 1280x720, approx_fps=8.18
[INFO] [1782737459.364187424] [compressed_to_raw_image]: published /image_raw: 1280x720, approx_fps=6.98
[INFO] [1782737461.464765326] [compressed_to_raw_image]: published /image_raw: 1280x720, approx_fps=7.14
[INFO] [1782737463.563521624] [compressed_to_raw_image]: published /image_raw: 1280x720, approx_fps=8.10
[INFO] [1782737465.661226610] [compressed_to_raw_image]: published /image_raw: 1280x720, approx_fps=8.58
[INFO] [1782737467.763544840] [compressed_to_raw_image]: published /image_raw: 1280x720, approx_fps=7.14
[INFO] [1782737469.864464634] [compressed_to_raw_image]: published /image_raw: 1280x720, approx_fps=7.14
[INFO] [1782737471.962752654] [compressed_to_raw_image]: published /image_raw: 1280x720, approx_fps=7.15
[INFO] [1782737473.964680229] [compressed_to_raw_image]: published /image_raw: 1280x720, approx_fps=7.99
[INFO] [1782737475.965748162] [compressed_to_raw_image]: published /image_raw: 1280x720, approx_fps=7.00
[INFO] [1782737477.968529334] [compressed_to_raw_image]: published /image_raw: 1280x720, approx_fps=7.49
[INFO] [1782737480.065663953] [compressed_to_raw_image]: published /image_raw: 1280x720, approx_fps=6.68
[INFO] [1782737482.069811430] [compressed_to_raw_image]: published /image_raw: 1280x720, approx_fps=6.98
[INFO] [1782737484.164122051] [compressed_to_raw_image]: published /image_raw: 1280x720, approx_fps=7.17
[INFO] [1782737486.164267530] [compressed_to_raw_image]: published /image_raw: 1280x720, approx_fps=7.00
[INFO] [1782737488.263247546] [compressed_to_raw_image]: published /image_raw: 1280x720, approx_fps=7.63
[INFO] [1782737490.364991844] [compressed_to_raw_image]: published /image_raw: 1280x720, approx_fps=7.61
[INFO] [1782737492.467720085] [compressed_to_raw_image]: published /image_raw: 1280x720, approx_fps=6.66
[INFO] [1782737494.568189847] [compressed_to_raw_image]: published /image_raw: 1280x720, approx_fps=6.66
[INFO] [1782737496.613460137] [compressed_to_raw_image]: published /image_raw: 1280x720, approx_fps=7.34
[INFO] [1782737498.718343418] [compressed_to_raw_image]: published /image_raw: 1280x720, approx_fps=7.60
[INFO] [1782737500.815266123] [compressed_to_raw_image]: published /image_raw: 1280x720, approx_fps=6.68
[INFO] [1782737502.866846671] [compressed_to_raw_image]: published /image_raw: 1280x720, approx_fps=6.82
[INFO] [1782737505.019877465] [compressed_to_raw_image]: published /image_raw: 1280x720, approx_fps=6.97
[INFO] [1782737507.118440458] [compressed_to_raw_image]: published /image_raw: 1280x720, approx_fps=6.67
[INFO] [1782737509.162307858] [compressed_to_raw_image]: published /image_raw: 1280x720, approx_fps=6.85
[INFO] [1782737511.214076301] [compressed_to_raw_image]: published /image_raw: 1280x720, approx_fps=6.82
[INFO] [1782737513.315046959] [compressed_to_raw_image]: published /image_raw: 1280x720, approx_fps=6.66
[INFO] [1782737515.318626477] [compressed_to_raw_image]: published /image_raw: 1280x720, approx_fps=6.99
[INFO] [1782737517.414746052] [compressed_to_raw_image]: published /image_raw: 1280x720, approx_fps=6.68
[INFO] [1782737519.516673164] [compressed_to_raw_image]: published /image_raw: 1280x720, approx_fps=6.66
[INFO] [1782737521.617956717] [compressed_to_raw_image]: published /image_raw: 1280x720, approx_fps=7.14
[INFO] [1782737523.766235144] [compressed_to_raw_image]: published /image_raw: 1280x720, approx_fps=7.44
[INFO] [1782737525.866420037] [compressed_to_raw_image]: published /image_raw: 1280x720, approx_fps=6.66
[INFO] [1782737527.964899660] [compressed_to_raw_image]: published /image_raw: 1280x720, approx_fps=6.68
[INFO] [1782737530.064061061] [compressed_to_raw_image]: published /image_raw: 1280x720, approx_fps=6.67
[INFO] [1782737532.164210073] [compressed_to_raw_image]: published /image_raw: 1280x720, approx_fps=6.67
[INFO] [1782737534.164756155] [compressed_to_raw_image]: published /image_raw: 1280x720, approx_fps=7.00
[INFO] [1782737536.165859432] [compressed_to_raw_image]: published /image_raw: 1280x720, approx_fps=7.50
[INFO] [1782737538.264195436] [compressed_to_raw_image]: published /image_raw: 1280x720, approx_fps=7.15
[INFO] [1782737540.316048287] [compressed_to_raw_image]: published /image_raw: 1280x720, approx_fps=6.82
[INFO] [1782737542.413978717] [compressed_to_raw_image]: published /image_raw: 1280x720, approx_fps=7.15
[INFO] [1782737544.539426186] [compressed_to_raw_image]: published /image_raw: 1280x720, approx_fps=7.05
[INFO] [1782737546.668186896] [compressed_to_raw_image]: published /image_raw: 1280x720, approx_fps=7.05
[INFO] [1782737548.669658710] [compressed_to_raw_image]: published /image_raw: 1280x720, approx_fps=6.99
[INFO] [1782737550.766319241] [compressed_to_raw_image]: published /image_raw: 1280x720, approx_fps=7.63
[INFO] [1782737552.864462718] [compressed_to_raw_image]: published /image_raw: 1280x720, approx_fps=7.15
[INFO] [1782737554.964228141] [compressed_to_raw_image]: published /image_raw: 1280x720, approx_fps=6.67
[INFO] [1782737557.065088426] [compressed_to_raw_image]: published /image_raw: 1280x720, approx_fps=6.66
[INFO] [1782737559.214139039] [compressed_to_raw_image]: published /image_raw: 1280x720, approx_fps=6.98
[INFO] [1782737561.214703054] [compressed_to_raw_image]: published /image_raw: 1280x720, approx_fps=7.00
[INFO] [1782737563.218037893] [compressed_to_raw_image]: published /image_raw: 1280x720, approx_fps=7.49
[INFO] [1782737565.265944055] [compressed_to_raw_image]: published /image_raw: 1280x720, approx_fps=7.33
[INFO] [1782737567.314791163] [compressed_to_raw_image]: published /image_raw: 1280x720, approx_fps=6.83
[INFO] [1782737569.415974148] [compressed_to_raw_image]: published /image_raw: 1280x720, approx_fps=7.14
[INFO] [1782737571.465115810] [compressed_to_raw_image]: published /image_raw: 1280x720, approx_fps=6.83
[INFO] [1782737573.465246196] [compressed_to_raw_image]: published /image_raw: 1280x720, approx_fps=7.00
[INFO] [1782737575.566171137] [compressed_to_raw_image]: published /image_raw: 1280x720, approx_fps=7.14
[INFO] [1782737577.712291648] [compressed_to_raw_image]: published /image_raw: 1280x720, approx_fps=6.99
[INFO] [1782737579.715131579] [compressed_to_raw_image]: published /image_raw: 1280x720, approx_fps=6.99
                                                                                                         