[INFO] [1781876537.263046409] [yolo_live_browser_preview]: ===== yolo_live_browser_preview =====
[INFO] [1781876537.267594116] [yolo_live_browser_preview]: image_topic=/image_raw
[INFO] [1781876537.271478365] [yolo_live_browser_preview]: det_topic=/hobot_yolo_world
[INFO] [1781876537.279412196] [yolo_live_browser_preview]: target_classes=['bottle']
[INFO] [1781876537.283082653] [yolo_live_browser_preview]: min_score=0.001 raw_min_score=0.0 max_area_ratio=0.24
[INFO] [1781876537.285837777] [yolo_live_browser_preview]: require_red_verify=False min_red_ratio=0.06
[INFO] [1781876537.289330276] [yolo_live_browser_preview]: sync_max_delta_sec=0.5 show_all_boxes=True
[INFO] [1781876537.301993314] [yolo_live_browser_preview]: Open browser: http://<board_ip>:8088  (example: http://192.168.137.100:8088)
[INFO] [1781876537.324515725] [yolo_live_browser_preview]: HTTP server listening on 0.0.0.0:8088
[WARN] [1781876537.438600151] [yolo_live_browser_preview]: [MVP_REJECT] reason=waiting_multiframe_votes vote=0/6 raw=1 [bottle:0.0016(area=0.461,rej=area_too_large)]
[INFO] [1781876538.584584373] [yolo_live_browser_preview]: [MVP_TARGET] class=bottle score=0.0116 bbox=[856, 470, 50, 106] area=0.0058 vote=6/6 reason=confirmed_by_multiframe_votes raw=2 [bottle:0.0020(area=0.006,rej=ok), bottle:0.0016(area=0.450,rej=area_too_large)]
[INFO] [1781876539.673436318] [yolo_live_browser_preview]: [MVP_TARGET] class=bottle score=0.0162 bbox=[856, 470, 52, 108] area=0.0061 vote=6/6 reason=confirmed_by_multiframe_votes raw=2 [bottle:0.0016(area=0.006,rej=ok), bottle:0.0013(area=0.455,rej=area_too_large)]
[INFO] [1781876540.783167549] [yolo_live_browser_preview]: [MVP_TARGET] class=bottle score=0.0120 bbox=[856, 472, 52, 108] area=0.0061 vote=6/6 reason=confirmed_by_multiframe_votes raw=2 [bottle:0.0054(area=0.006,rej=ok), bottle:0.0021(area=0.456,rej=area_too_large)]
[INFO] [1781876541.851904876] [yolo_live_browser_preview]: [MVP_TARGET] class=bottle score=0.0075 bbox=[856, 470, 50, 106] area=0.0058 vote=6/6 reason=confirmed_by_multiframe_votes raw=2 [bottle:0.0025(area=0.006,rej=ok), bottle:0.0011(area=0.045,rej=bad_aspect)]
[INFO] [1781876542.986109017] [yolo_live_browser_preview]: [MVP_TARGET] class=bottle score=0.0090 bbox=[856, 472, 50, 106] area=0.0058 vote=6/6 reason=confirmed_by_multiframe_votes raw=3 [bottle:0.0031(area=0.006,rej=ok), bottle:0.0016(area=0.458,rej=area_too_large), bottle:0.0014(area=0.047,rej=bad_aspect)]
[INFO] [1781876544.186386639] [yolo_live_browser_preview]: [MVP_TARGET] class=bottle score=0.0156 bbox=[856, 472, 52, 108] area=0.0061 vote=6/6 reason=confirmed_by_multiframe_votes raw=3 [bottle:0.0052(area=0.006,rej=ok), bottle:0.0029(area=0.152,rej=ok), bottle:0.0020(area=0.469,rej=area_too_large)]
[INFO] [1781876545.235562179] [yolo_live_browser_preview]: [MVP_TARGET] class=bottle score=0.0075 bbox=[856, 470, 52, 108] area=0.0061 vote=5/6 reason=confirmed_by_multiframe_votes raw=3 [bottle:0.0041(area=0.006,rej=ok), bottle:0.0011(area=0.003,rej=ok), bottle:0.0011(area=0.453,rej=area_too_large)]
[INFO] [1781876546.286518760] [yolo_live_browser_preview]: [MVP_TARGET] class=bottle score=0.0094 bbox=[856, 470, 52, 106] area=0.0060 vote=6/6 reason=confirmed_by_multiframe_votes raw=3 [bottle:0.0049(area=0.006,rej=ok), bottle:0.0013(area=0.454,rej=area_too_large), bottle:0.0011(area=0.048,rej=bad_aspect)]
[INFO] [1781876547.389251618] [yolo_live_browser_preview]: [MVP_TARGET] class=bottle score=0.0062 bbox=[856, 470, 52, 108] area=0.0061 vote=6/6 reason=confirmed_by_multiframe_votes raw=3 [bottle:0.0039(area=0.006,rej=ok), bottle:0.0019(area=0.455,rej=area_too_large), bottle:0.0011(area=0.043,rej=bad_aspect)]
[INFO] [1781876548.439592824] [yolo_live_browser_preview]: [MVP_TARGET] class=bottle score=0.0149 bbox=[856, 470, 52, 106] area=0.0060 vote=6/6 reason=confirmed_by_multiframe_votes raw=4 [bottle:0.0149(area=0.006,rej=ok), bottle:0.0022(area=0.450,rej=area_too_large), bottle:0.0011(area=0.045,rej=bad_aspect), bottle:0.0011(area=0.003,rej=ok)]
[INFO] [1781876549.466337369] [yolo_live_browser_preview]: [MVP_TARGET] class=bottle score=0.0142 bbox=[856, 472, 52, 105] area=0.0059 vote=5/6 reason=confirmed_by_multiframe_votes raw=3 [bottle:0.0016(area=0.006,rej=ok), bottle:0.0016(area=0.452,rej=area_too_large), bottle:0.0015(area=0.159,rej=ok)]
[INFO] [1781876550.539846819] [yolo_live_browser_preview]: [MVP_TARGET] class=bottle score=0.0067 bbox=[856, 472, 50, 106] area=0.0058 vote=5/6 reason=confirmed_by_multiframe_votes raw=2 [bottle:0.0067(area=0.006,rej=ok), bottle:0.0016(area=0.468,rej=area_too_large)]
[INFO] [1781876551.534156665] [yolo_live_browser_preview]: [MVP_TARGET] class=bottle score=0.0046 bbox=[856, 472, 52, 106] area=0.0060 vote=6/6 reason=confirmed_by_multiframe_votes raw=2 [bottle:0.0027(area=0.460,rej=area_too_large), bottle:0.0025(area=0.006,rej=ok)]
[INFO] [1781876552.651441061] [yolo_live_browser_preview]: [MVP_TARGET] class=bottle score=0.0012 bbox=[856, 470, 52, 108] area=0.0061 vote=3/6 reason=confirmed_by_multiframe_votes raw=3 [bottle:0.0015(area=0.450,rej=area_too_large), bottle:0.0012(area=0.006,rej=ok), bottle:0.0011(area=0.147,rej=ok)]
[INFO] [1781876553.704190266] [yolo_live_browser_preview]: [MVP_TARGET] class=bottle score=0.0022 bbox=[856, 470, 52, 108] area=0.0061 vote=6/6 reason=confirmed_by_multiframe_votes raw=4 [bottle:0.0024(area=0.466,rej=area_too_large), bottle:0.0016(area=0.006,rej=ok), bottle:0.0015(area=0.217,rej=ok), bottle:0.0010(area=0.040,rej=bad_aspect)]
[INFO] [1781876554.744815808] [yolo_live_browser_preview]: [MVP_TARGET] class=bottle score=0.0279 bbox=[856, 470, 52, 108] area=0.0061 vote=5/6 reason=confirmed_by_multiframe_votes raw=3 [bottle:0.0279(area=0.006,rej=ok), bottle:0.0025(area=0.453,rej=area_too_large), bottle:0.0019(area=0.173,rej=ok)]
[INFO] [1781876555.729113490] [yolo_live_browser_preview]: [MVP_TARGET] class=bottle score=0.0066 bbox=[856, 472, 52, 108] area=0.0061 vote=6/6 reason=confirmed_by_multiframe_votes raw=3 [bottle:0.0040(area=0.006,rej=ok), bottle:0.0011(area=0.047,rej=bad_aspect), bottle:0.0011(area=0.003,rej=ok)]
[INFO] [1781876556.835170180] [yolo_live_browser_preview]: [MVP_TARGET] class=bottle score=0.0126 bbox=[856, 472, 50, 106] area=0.0058 vote=6/6 reason=confirmed_by_multiframe_votes raw=2 [bottle:0.0034(area=0.006,rej=ok), bottle:0.0013(area=0.449,rej=area_too_large)]
[INFO] [1781876557.866928183] [yolo_live_browser_preview]: [MVP_TARGET] class=bottle score=0.0080 bbox=[856, 472, 52, 106] area=0.0060 vote=5/6 reason=confirmed_by_multiframe_votes raw=1 [bottle:0.0011(area=0.349,rej=area_too_large)]
[INFO] [1781876558.874119734] [yolo_live_browser_preview]: [MVP_TARGET] class=bottle score=0.0122 bbox=[856, 470, 52, 108] area=0.0061 vote=6/6 reason=confirmed_by_multiframe_votes raw=2 [bottle:0.0017(area=0.456,rej=area_too_large), bottle:0.0012(area=0.006,rej=ok)]
[INFO] [1781876559.931781395] [yolo_live_browser_preview]: [MVP_TARGET] class=bottle score=0.0093 bbox=[856, 470, 50, 106] area=0.0058 vote=6/6 reason=confirmed_by_multiframe_votes raw=2 [bottle:0.0032(area=0.006,rej=ok), bottle:0.0020(area=0.456,rej=area_too_large)]
[INFO] [1781876560.992391140] [yolo_live_browser_preview]: [MVP_TARGET] class=bottle score=0.0095 bbox=[856, 472, 52, 106] area=0.0060 vote=4/6 reason=confirmed_by_multiframe_votes raw=2 [bottle:0.0019(area=0.050,rej=bad_aspect), bottle:0.0015(area=0.452,rej=area_too_large)]
[INFO] [1781876562.018678185] [yolo_live_browser_preview]: [MVP_TARGET] class=bottle score=0.0041 bbox=[856, 470, 50, 108] area=0.0059 vote=5/6 reason=confirmed_by_multiframe_votes raw=2 [bottle:0.0020(area=0.006,rej=ok), bottle:0.0011(area=0.198,rej=ok)]
[INFO] [1781876563.033503234] [yolo_live_browser_preview]: [MVP_TARGET] class=bottle score=0.0071 bbox=[856, 470, 52, 107] area=0.0060 vote=5/6 reason=confirmed_by_multiframe_votes raw=2 [bottle:0.0018(area=0.006,rej=ok), bottle:0.0016(area=0.457,rej=area_too_large)]
[INFO] [1781876564.127615052] [yolo_live_browser_preview]: [MVP_TARGET] class=bottle score=0.0033 bbox=[858, 472, 52, 106] area=0.0060 vote=6/6 reason=confirmed_by_multiframe_votes raw=2 [bottle:0.0023(area=0.006,rej=ok), bottle:0.0013(area=0.463,rej=area_too_large)]
[INFO] [1781876565.192873920] [yolo_live_browser_preview]: [MVP_TARGET] class=bottle score=0.0186 bbox=[856, 470, 52, 108] area=0.0061 vote=6/6 reason=confirmed_by_multiframe_votes raw=4 [bottle:0.0030(area=0.006,rej=ok), bottle:0.0014(area=0.468,rej=area_too_large), bottle:0.0010(area=0.043,rej=bad_aspect), bottle:0.0010(area=0.003,rej=ok)]
[INFO] [1781876566.254044955] [yolo_live_browser_preview]: [MVP_TARGET] class=bottle score=0.0105 bbox=[856, 470, 50, 106] area=0.0058 vote=4/6 reason=confirmed_by_multiframe_votes raw=2 [bottle:0.0013(area=0.465,rej=area_too_large), bottle:0.0012(area=0.042,rej=bad_aspect)]
[INFO] [1781876567.346942148] [yolo_live_browser_preview]: [MVP_TARGET] class=bottle score=0.0119 bbox=[856, 472, 52, 106] area=0.0060 vote=5/6 reason=confirmed_by_multiframe_votes raw=3 [bottle:0.0024(area=0.006,rej=ok), bottle:0.0012(area=0.462,rej=area_too_large), bottle:0.0011(area=0.046,rej=bad_aspect)]
[INFO] [1781876568.456797170] [yolo_live_browser_preview]: [MVP_TARGET] class=bottle score=0.0047 bbox=[856, 470, 52, 108] area=0.0061 vote=5/6 reason=confirmed_by_multiframe_votes raw=3 [bottle:0.0025(area=0.006,rej=ok), bottle:0.0023(area=0.175,rej=ok), bottle:0.0020(area=0.459,rej=area_too_large)]
[INFO] [1781876569.498787544] [yolo_live_browser_preview]: [MVP_TARGET] class=bottle score=0.0158 bbox=[856, 472, 52, 106] area=0.0060 vote=6/6 reason=confirmed_by_multiframe_votes raw=3 [bottle:0.0158(area=0.006,rej=ok), bottle:0.0017(area=0.448,rej=area_too_large), bottle:0.0012(area=0.085,rej=ok)]
[INFO] [1781876570.529068755] [yolo_live_browser_preview]: [MVP_TARGET] class=bottle score=0.0204 bbox=[856, 470, 52, 108] area=0.0061 vote=6/6 reason=confirmed_by_multiframe_votes raw=3 [bottle:0.0111(area=0.006,rej=ok), bottle:0.0022(area=0.455,rej=area_too_large), bottle:0.0010(area=0.003,rej=ok)]
[INFO] [1781876571.545028511] [yolo_live_browser_preview]: [MVP_TARGET] class=bottle score=0.0119 bbox=[856, 470, 50, 108] area=0.0059 vote=6/6 reason=confirmed_by_multiframe_votes raw=2 [bottle:0.0044(area=0.006,rej=ok), bottle:0.0015(area=0.454,rej=area_too_large)]
[INFO] [1781876572.688951148] [yolo_live_browser_preview]: [MVP_TARGET] class=bottle score=0.0221 bbox=[856, 470, 52, 108] area=0.0061 vote=6/6 reason=confirmed_by_multiframe_votes raw=2 [bottle:0.0017(area=0.006,rej=ok), bottle:0.0014(area=0.456,rej=area_too_large)]
[INFO] [1781876573.785412799] [yolo_live_browser_preview]: [MVP_TARGET] class=bottle score=0.0040 bbox=[856, 470, 52, 106] area=0.0060 vote=5/6 reason=confirmed_by_multiframe_votes raw=2 [bottle:0.0037(area=0.006,rej=ok), bottle:0.0024(area=0.456,rej=area_too_large)]
[INFO] [1781876574.884303948] [yolo_live_browser_preview]: [MVP_TARGET] class=bottle score=0.0194 bbox=[854, 467, 53, 111] area=0.0064 vote=4/6 reason=confirmed_by_multiframe_votes raw=1 [bottle:0.0020(area=0.466,rej=area_too_large)]
[INFO] [1781876575.880345918] [yolo_live_browser_preview]: [MVP_TARGET] class=bottle score=0.0152 bbox=[856, 472, 52, 108] area=0.0061 vote=6/6 reason=confirmed_by_multiframe_votes raw=2 [bottle:0.0020(area=0.006,rej=ok), bottle:0.0012(area=0.452,rej=area_too_large)]
[INFO] [1781876576.936412247] [yolo_live_browser_preview]: [MVP_TARGET] class=bottle score=0.0086 bbox=[856, 470, 52, 106] area=0.0060 vote=5/6 reason=confirmed_by_multiframe_votes raw=3 [bottle:0.0027(area=0.006,rej=ok), bottle:0.0020(area=0.465,rej=area_too_large), bottle:0.0016(area=0.172,rej=ok)]
[INFO] [1781876577.977695871] [yolo_live_browser_preview]: [MVP_TARGET] class=bottle score=0.0146 bbox=[856, 470, 52, 106] area=0.0060 vote=6/6 reason=confirmed_by_multiframe_votes raw=3 [bottle:0.0019(area=0.006,rej=ok), bottle:0.0016(area=0.467,rej=area_too_large), bottle:0.0016(area=0.003,rej=ok)]
[INFO] [1781876579.014862162] [yolo_live_browser_preview]: [MVP_TARGET] class=bottle score=0.0060 bbox=[858, 472, 50, 107] area=0.0058 vote=6/6 reason=confirmed_by_multiframe_votes raw=1 [bottle:0.0022(area=0.006,rej=ok)]
[INFO] [1781876580.145622678] [yolo_live_browser_preview]: [MVP_TARGET] class=bottle score=0.0067 bbox=[856, 472, 52, 108] area=0.0061 vote=3/6 reason=confirmed_by_multiframe_votes raw=4 [bottle:0.0031(area=0.003,rej=ok), bottle:0.0019(area=0.468,rej=area_too_large), bottle:0.0015(area=0.006,rej=ok), bottle:0.0015(area=0.201,rej=ok)]
[INFO] [1781876581.234606872] [yolo_live_browser_preview]: [MVP_TARGET] class=bottle score=0.0085 bbox=[856, 470, 52, 108] area=0.0061 vote=6/6 reason=confirmed_by_multiframe_votes raw=3 [bottle:0.0020(area=0.006,rej=ok), bottle:0.0015(area=0.003,rej=ok), bottle:0.0010(area=0.452,rej=area_too_large)]
[INFO] [1781876582.341565144] [yolo_live_browser_preview]: [MVP_TARGET] class=bottle score=0.0089 bbox=[856, 472, 52, 106] area=0.0060 vote=6/6 reason=confirmed_by_multiframe_votes raw=4 [bottle:0.0053(area=0.006,rej=ok), bottle:0.0028(area=0.458,rej=area_too_large), bottle:0.0017(area=0.223,rej=ok), bottle:0.0010(area=0.003,rej=ok)]
[INFO] [1781876583.348080944] [yolo_live_browser_preview]: [MVP_TARGET] class=bottle score=0.0090 bbox=[872, 472, 50, 104] area=0.0056 vote=6/6 reason=confirmed_by_multiframe_votes raw=2 [bottle:0.0090(area=0.006,rej=ok), bottle:0.0011(area=0.486,rej=area_too_large)]
[WARN] [1781876584.416968518] [yolo_live_browser_preview]: [MVP_REJECT] reason=waiting_multiframe_votes vote=0/6 raw=0 [none]
[WARN] [1781876585.507301878] [yolo_live_browser_preview]: [MVP_REJECT] reason=waiting_multiframe_votes vote=0/6 raw=0 [none]
[WARN] [1781876586.561719206] [yolo_live_browser_preview]: [MVP_REJECT] reason=waiting_multiframe_votes vote=1/6 raw=0 [none]
[INFO] [1781876587.720824172] [yolo_live_browser_preview]: [MVP_TARGET] class=bottle score=0.0019 bbox=[4, 143, 164, 537] area=0.0956 vote=4/6 reason=confirmed_by_multiframe_votes raw=1 [bottle:0.0012(area=0.095,rej=ok)]
[WARN] [1781876588.763560462] [yolo_live_browser_preview]: [MVP_REJECT] reason=waiting_multiframe_votes vote=1/6 raw=1 [bottle:0.0010(area=0.098,rej=ok)]
[WARN] [1781876589.857921320] [yolo_live_browser_preview]: [MVP_REJECT] reason=waiting_multiframe_votes vote=0/6 raw=0 [none]
[INFO] [1781876590.910314065] [yolo_live_browser_preview]: [MVP_TARGET] class=bottle score=0.0012 bbox=[4, 140, 164, 538] area=0.0957 vote=2/6 reason=confirmed_by_multiframe_votes raw=0 [none]
[WARN] [1781876592.012372255] [yolo_live_browser_preview]: [MVP_REJECT] reason=waiting_multiframe_votes vote=0/6 raw=0 [none]
[INFO] [1781876593.108783280] [yolo_live_browser_preview]: [MVP_TARGET] class=bottle score=0.0904 bbox=[897, 18, 164, 565] area=0.1005 vote=3/6 reason=confirmed_by_multiframe_votes raw=0 [none]
[INFO] [1781876594.123788327] [yolo_live_browser_preview]: [MVP_TARGET] class=bottle score=0.0724 bbox=[636, 474, 48, 102] area=0.0053 vote=5/6 reason=confirmed_by_multiframe_votes raw=2 [bottle:0.0450(area=0.005,rej=ok), bottle:0.0018(area=0.300,rej=area_too_large)]
[INFO] [1781876595.232161973] [yolo_live_browser_preview]: [MVP_TARGET] class=bottle score=0.0262 bbox=[634, 476, 50, 102] area=0.0055 vote=6/6 reason=confirmed_by_multiframe_votes raw=2 [bottle:0.0161(area=0.006,rej=ok), bottle:0.0026(area=0.306,rej=area_too_large)]
[INFO] [1781876596.274830763] [yolo_live_browser_preview]: [MVP_TARGET] class=bottle score=0.0328 bbox=[634, 474, 50, 102] area=0.0055 vote=6/6 reason=confirmed_by_multiframe_votes raw=2 [bottle:0.0043(area=0.308,rej=area_too_large), bottle:0.0020(area=0.006,rej=ok)]
[INFO] [1781876597.375521869] [yolo_live_browser_preview]: [MVP_TARGET] class=bottle score=0.0540 bbox=[634, 474, 50, 102] area=0.0055 vote=6/6 reason=confirmed_by_multiframe_votes raw=2 [bottle:0.0049(area=0.311,rej=area_too_large), bottle:0.0048(area=0.006,rej=ok)]
[INFO] [1781876598.394032415] [yolo_live_browser_preview]: [MVP_TARGET] class=bottle score=0.0348 bbox=[634, 474, 50, 102] area=0.0055 vote=6/6 reason=confirmed_by_multiframe_votes raw=2 [bottle:0.0348(area=0.006,rej=ok), bottle:0.0025(area=0.304,rej=area_too_large)]
[INFO] [1781876599.476238360] [yolo_live_browser_preview]: [MVP_TARGET] class=bottle score=0.0159 bbox=[634, 474, 50, 102] area=0.0055 vote=6/6 reason=confirmed_by_multiframe_votes raw=2 [bottle:0.0127(area=0.006,rej=ok), bottle:0.0035(area=0.313,rej=area_too_large)]
[INFO] [1781876600.624678703] [yolo_live_browser_preview]: [MVP_TARGET] class=bottle score=0.0798 bbox=[634, 474, 50, 104] area=0.0056 vote=6/6 reason=confirmed_by_multiframe_votes raw=2 [bottle:0.0798(area=0.006,rej=ok), bottle:0.0032(area=0.311,rej=area_too_large)]
[INFO] [1781876601.732089349] [yolo_live_browser_preview]: [MVP_TARGET] class=bottle score=0.0303 bbox=[636, 474, 48, 102] area=0.0053 vote=6/6 reason=confirmed_by_multiframe_votes raw=2 [bottle:0.0050(area=0.005,rej=ok), bottle:0.0024(area=0.310,rej=area_too_large)]
[INFO] [1781876602.867450029] [yolo_live_browser_preview]: [MVP_TARGET] class=bottle score=0.0613 bbox=[634, 474, 50, 102] area=0.0055 vote=6/6 reason=confirmed_by_multiframe_votes raw=2 [bottle:0.0081(area=0.006,rej=ok), bottle:0.0073(area=0.309,rej=area_too_large)]
[INFO] [1781876603.978422966] [yolo_live_browser_preview]: [MVP_TARGET] class=bottle score=0.0681 bbox=[634, 474, 50, 102] area=0.0055 vote=5/6 reason=confirmed_by_multiframe_votes raw=2 [bottle:0.0069(area=0.312,rej=area_too_large), bottle:0.0024(area=0.006,rej=ok)]
[INFO] [1781876605.077880989] [yolo_live_browser_preview]: [MVP_TARGET] class=bottle score=0.0323 bbox=[636, 474, 50, 102] area=0.0055 vote=6/6 reason=confirmed_by_multiframe_votes raw=2 [bottle:0.0197(area=0.006,rej=ok), bottle:0.0039(area=0.313,rej=area_too_large)]
[INFO] [1781876606.166088432] [yolo_live_browser_preview]: [MVP_TARGET] class=bottle score=0.0865 bbox=[642, 474, 50, 101] area=0.0055 vote=6/6 reason=confirmed_by_multiframe_votes raw=1 [bottle:0.0190(area=0.006,rej=ok)]
[INFO] [1781876607.242159087] [yolo_live_browser_preview]: [MVP_TARGET] class=bottle score=0.0413 bbox=[766, 461, 60, 129] area=0.0084 vote=4/6 reason=confirmed_by_multiframe_votes raw=2 [bottle:0.0011(area=0.009,rej=ok), bottle:0.0010(area=0.997,rej=area_too_large)]
[INFO] [1781876608.341219777] [yolo_live_browser_preview]: [MVP_TARGET] class=bottle score=0.0863 bbox=[914, 428, 111, 245] area=0.0295 vote=5/6 reason=confirmed_by_multiframe_votes raw=3 [bottle:0.0863(area=0.031,rej=ok), bottle:0.0019(area=0.007,rej=ok), bottle:0.0014(area=0.890,rej=area_too_large)]
[INFO] [1781876609.357181031] [yolo_live_browser_preview]: [MVP_TARGET] class=bottle score=0.0423 bbox=[1227, 312, 49, 152] area=0.0081 vote=2/6 reason=confirmed_by_multiframe_votes raw=0 [none]
[WARN] [1781876610.457194596] [yolo_live_browser_preview]: [MVP_REJECT] reason=waiting_multiframe_votes vote=0/6 raw=0 [none]
[WARN] [1781876611.557839118] [yolo_live_browser_preview]: [MVP_REJECT] reason=waiting_multiframe_votes vote=0/6 raw=0 [none]
[WARN] [1781876612.658119766] [yolo_live_browser_preview]: [MVP_REJECT] reason=waiting_multiframe_votes vote=0/6 raw=0 [none]
[WARN] [1781876613.666521315] [yolo_live_browser_preview]: [MVP_REJECT] reason=waiting_multiframe_votes vote=0/6 raw=0 [none]
[WARN] [1781876614.674390155] [yolo_live_browser_preview]: [MVP_REJECT] reason=waiting_multiframe_votes vote=1/6 raw=0 [none]
[INFO] [1781876615.717677985] [yolo_live_browser_preview]: [MVP_TARGET] class=bottle score=0.0033 bbox=[837, 193, 438, 366] area=0.1739 vote=6/6 reason=confirmed_by_multiframe_votes raw=1 [bottle:0.0033(area=0.186,rej=ok)]
[INFO] [1781876616.864835369] [yolo_live_browser_preview]: [MVP_TARGET] class=bottle score=0.0036 bbox=[991, 178, 285, 380] area=0.1175 vote=6/6 reason=confirmed_by_multiframe_votes raw=1 [bottle:0.0018(area=0.114,rej=ok)]
[INFO] [1781876617.869459502] [yolo_live_browser_preview]: [MVP_TARGET] class=bottle score=0.0036 bbox=[810, 188, 466, 371] area=0.1876 vote=6/6 reason=confirmed_by_multiframe_votes raw=1 [bottle:0.0018(area=0.188,rej=ok)]
[INFO] [1781876618.909696917] [yolo_live_browser_preview]: [MVP_TARGET] class=bottle score=0.0044 bbox=[962, 185, 314, 375] area=0.1278 vote=6/6 reason=confirmed_by_multiframe_votes raw=1 [bottle:0.0016(area=0.114,rej=ok)]
[INFO] [1781876619.964330035] [yolo_live_browser_preview]: [MVP_TARGET] class=bottle score=0.0037 bbox=[813, 191, 463, 369] area=0.1854 vote=6/6 reason=confirmed_by_multiframe_votes raw=1 [bottle:0.0032(area=0.185,rej=ok)]
[INFO] [1781876621.010792823] [yolo_live_browser_preview]: [MVP_TARGET] class=bottle score=0.0047 bbox=[814, 192, 460, 368] area=0.1837 vote=6/6 reason=confirmed_by_multiframe_votes raw=1 [bottle:0.0033(area=0.186,rej=ok)]
[INFO] [1781876622.112138970] [yolo_live_browser_preview]: [MVP_TARGET] class=bottle score=0.0044 bbox=[961, 180, 315, 378] area=0.1292 vote=6/6 reason=confirmed_by_multiframe_votes raw=1 [bottle:0.0022(area=0.115,rej=ok)]
[INFO] [1781876623.162721006] [yolo_live_browser_preview]: [MVP_TARGET] class=bottle score=0.0058 bbox=[809, 192, 467, 368] area=0.1865 vote=6/6 reason=confirmed_by_multiframe_votes raw=1 [bottle:0.0022(area=0.186,rej=ok)]
[INFO] [1781876624.266529610] [yolo_live_browser_preview]: [MVP_TARGET] class=bottle score=0.0067 bbox=[961, 179, 315, 379] area=0.1295 vote=6/6 reason=confirmed_by_multiframe_votes raw=1 [bottle:0.0022(area=0.114,rej=ok)]
[INFO] [1781876625.310704440] [yolo_live_browser_preview]: [MVP_TARGET] class=bottle score=0.0038 bbox=[809, 192, 467, 368] area=0.1865 vote=6/6 reason=confirmed_by_multiframe_votes raw=1 [bottle:0.0038(area=0.187,rej=ok)]
[INFO] [1781876626.400072007] [yolo_live_browser_preview]: [MVP_TARGET] class=bottle score=0.0043 bbox=[813, 192, 465, 368] area=0.1857 vote=6/6 reason=confirmed_by_multiframe_votes raw=1 [bottle:0.0022(area=0.185,rej=ok)]
[INFO] [1781876627.420189093] [yolo_live_browser_preview]: [MVP_TARGET] class=bottle score=0.0033 bbox=[808, 194, 468, 366] area=0.1859 vote=6/6 reason=confirmed_by_multiframe_votes raw=1 [bottle:0.0020(area=0.187,rej=ok)]
[INFO] [1781876628.562345395] [yolo_live_browser_preview]: [MVP_TARGET] class=bottle score=0.0047 bbox=[961, 178, 315, 377] area=0.1289 vote=6/6 reason=confirmed_by_multiframe_votes raw=1 [bottle:0.0022(area=0.115,rej=ok)]
[INFO] [1781876629.624248386] [yolo_live_browser_preview]: [MVP_TARGET] class=bottle score=0.0032 bbox=[851, 190, 425, 369] area=0.1702 vote=6/6 reason=confirmed_by_multiframe_votes raw=1 [bottle:0.0019(area=0.183,rej=ok)]
[INFO] [1781876630.629113977] [yolo_live_browser_preview]: [MVP_TARGET] class=bottle score=0.0053 bbox=[991, 178, 285, 378] area=0.1169 vote=6/6 reason=confirmed_by_multiframe_votes raw=2 [bottle:0.0045(area=0.114,rej=ok), bottle:0.0012(area=0.269,rej=area_too_large)]
[INFO] [1781876631.630433985] [yolo_live_browser_preview]: [MVP_TARGET] class=bottle score=0.0022 bbox=[846, 190, 430, 368] area=0.1717 vote=6/6 reason=confirmed_by_multiframe_votes raw=1 [bottle:0.0017(area=0.185,rej=ok)]
[INFO] [1781876632.665593359] [yolo_live_browser_preview]: [MVP_TARGET] class=bottle score=0.0026 bbox=[835, 190, 440, 368] area=0.1757 vote=6/6 reason=confirmed_by_multiframe_votes raw=1 [bottle:0.0020(area=0.187,rej=ok)]
[INFO] [1781876633.715518395] [yolo_live_browser_preview]: [MVP_TARGET] class=bottle score=0.0047 bbox=[812, 191, 462, 367] area=0.1840 vote=6/6 reason=confirmed_by_multiframe_votes raw=1 [bottle:0.0032(area=0.184,rej=ok)]
[INFO] [1781876634.757021683] [yolo_live_browser_preview]: [MVP_TARGET] class=bottle score=0.0062 bbox=[961, 181, 315, 376] area=0.1285 vote=6/6 reason=confirmed_by_multiframe_votes raw=1 [bottle:0.0016(area=0.114,rej=ok)]
[INFO] [1781876635.761202815] [yolo_live_browser_preview]: [MVP_TARGET] class=bottle score=0.0036 bbox=[842, 192, 434, 366] area=0.1724 vote=6/6 reason=confirmed_by_multiframe_votes raw=1 [bottle:0.0019(area=0.183,rej=ok)]
[INFO] [1781876636.761851490] [yolo_live_browser_preview]: [MVP_TARGET] class=bottle score=0.0030 bbox=[818, 193, 457, 367] area=0.1820 vote=6/6 reason=confirmed_by_multiframe_votes raw=1 [bottle:0.0015(area=0.183,rej=ok)]
[INFO] [1781876637.866952427] [yolo_live_browser_preview]: [MVP_TARGET] class=bottle score=0.0068 bbox=[809, 194, 467, 367] area=0.1860 vote=6/6 reason=confirmed_by_multiframe_votes raw=1 [bottle:0.0030(area=0.186,rej=ok)]
[INFO] [1781876638.917975212] [yolo_live_browser_preview]: [MVP_TARGET] class=bottle score=0.0039 bbox=[807, 193, 468, 365] area=0.1854 vote=6/6 reason=confirmed_by_multiframe_votes raw=1 [bottle:0.0024(area=0.185,rej=ok)]
[INFO] [1781876639.966319374] [yolo_live_browser_preview]: [MVP_TARGET] class=bottle score=0.0041 bbox=[961, 178, 315, 380] area=0.1299 vote=6/6 reason=confirmed_by_multiframe_votes raw=1 [bottle:0.0029(area=0.116,rej=ok)]
[INFO] [1781876641.067179603] [yolo_live_browser_preview]: [MVP_TARGET] class=bottle score=0.0074 bbox=[811, 192, 465, 366] area=0.1847 vote=6/6 reason=confirmed_by_multiframe_votes raw=1 [bottle:0.0025(area=0.185,rej=ok)]
[INFO] [1781876642.118687889] [yolo_live_browser_preview]: [MVP_TARGET] class=bottle score=0.0038 bbox=[817, 195, 459, 365] area=0.1818 vote=6/6 reason=confirmed_by_multiframe_votes raw=1 [bottle:0.0017(area=0.183,rej=ok)]
[INFO] [1781876643.215407911] [yolo_live_browser_preview]: [MVP_TARGET] class=bottle score=0.0028 bbox=[960, 180, 316, 377] area=0.1293 vote=6/6 reason=confirmed_by_multiframe_votes raw=1 [bottle:0.0024(area=0.115,rej=ok)]
[INFO] [1781876644.317398473] [yolo_live_browser_preview]: [MVP_TARGET] class=bottle score=0.0043 bbox=[845, 189, 432, 370] area=0.1734 vote=6/6 reason=confirmed_by_multiframe_votes raw=1 [bottle:0.0024(area=0.187,rej=ok)]
[INFO] [1781876645.416975162] [yolo_live_browser_preview]: [MVP_TARGET] class=bottle score=0.0037 bbox=[843, 190, 433, 370] area=0.1738 vote=6/6 reason=confirmed_by_multiframe_votes raw=1 [bottle:0.0016(area=0.184,rej=ok)]
[INFO] [1781876646.418607919] [yolo_live_browser_preview]: [MVP_TARGET] class=bottle score=0.0036 bbox=[810, 195, 468, 365] area=0.1854 vote=6/6 reason=confirmed_by_multiframe_votes raw=1 [bottle:0.0017(area=0.185,rej=ok)]
[INFO] [1781876647.416736844] [yolo_live_browser_preview]: [MVP_TARGET] class=bottle score=0.0035 bbox=[960, 176, 315, 383] area=0.1309 vote=6/6 reason=confirmed_by_multiframe_votes raw=1 [bottle:0.0024(area=0.116,rej=ok)]
[INFO] [1781876648.468133713] [yolo_live_browser_preview]: [MVP_TARGET] class=bottle score=0.0040 bbox=[808, 197, 468, 363] area=0.1843 vote=6/6 reason=confirmed_by_multiframe_votes raw=1 [bottle:0.0027(area=0.184,rej=ok)]
[INFO] [1781876649.518606873] [yolo_live_browser_preview]: [MVP_TARGET] class=bottle score=0.0045 bbox=[811, 196, 465, 364] area=0.1837 vote=6/6 reason=confirmed_by_multiframe_votes raw=1 [bottle:0.0045(area=0.184,rej=ok)]
[INFO] [1781876650.560598911] [yolo_live_browser_preview]: [MVP_TARGET] class=bottle score=0.0037 bbox=[818, 193, 458, 365] area=0.1814 vote=6/6 reason=confirmed_by_multiframe_votes raw=1 [bottle:0.0035(area=0.181,rej=ok)]
[INFO] [1781876651.566912792] [yolo_live_browser_preview]: [MVP_TARGET] class=bottle score=0.0040 bbox=[819, 190, 457, 370] area=0.1835 vote=6/6 reason=confirmed_by_multiframe_votes raw=1 [bottle:0.0040(area=0.185,rej=ok)]
[INFO] [1781876652.615140036] [yolo_live_browser_preview]: [MVP_TARGET] class=bottle score=0.0050 bbox=[841, 188, 435, 371] area=0.1751 vote=6/6 reason=confirmed_by_multiframe_votes raw=1 [bottle:0.0021(area=0.186,rej=ok)]
[INFO] [1781876653.766061167] [yolo_live_browser_preview]: [MVP_TARGET] class=bottle score=0.0037 bbox=[845, 191, 431, 367] area=0.1716 vote=6/6 reason=confirmed_by_multiframe_votes raw=1 [bottle:0.0036(area=0.182,rej=ok)]
[INFO] [1781876654.768556758] [yolo_live_browser_preview]: [MVP_TARGET] class=bottle score=0.0026 bbox=[840, 188, 436, 371] area=0.1755 vote=6/6 reason=confirmed_by_multiframe_votes raw=1 [bottle:0.0025(area=0.188,rej=ok)]
[INFO] [1781876655.861405572] [yolo_live_browser_preview]: [MVP_TARGET] class=bottle score=0.0044 bbox=[841, 189, 435, 370] area=0.1746 vote=6/6 reason=confirmed_by_multiframe_votes raw=1 [bottle:0.0023(area=0.186,rej=ok)]
[INFO] [1781876656.866752162] [yolo_live_browser_preview]: [MVP_TARGET] class=bottle score=0.0043 bbox=[815, 193, 461, 366] area=0.1831 vote=6/6 reason=confirmed_by_multiframe_votes raw=1 [bottle:0.0025(area=0.185,rej=ok)]
[INFO] [1781876657.968574224] [yolo_live_browser_preview]: [MVP_TARGET] class=bottle score=0.0032 bbox=[815, 193, 461, 367] area=0.1836 vote=6/6 reason=confirmed_by_multiframe_votes raw=1 [bottle:0.0030(area=0.186,rej=ok)]
[INFO] [1781876659.016548676] [yolo_live_browser_preview]: [MVP_TARGET] class=bottle score=0.0041 bbox=[814, 191, 462, 369] area=0.1850 vote=6/6 reason=confirmed_by_multiframe_votes raw=1 [bottle:0.0038(area=0.185,rej=ok)]
[INFO] [1781876660.108309282] [yolo_live_browser_preview]: [MVP_TARGET] class=bottle score=0.0059 bbox=[812, 194, 464, 364] area=0.1833 vote=5/6 reason=confirmed_by_multiframe_votes raw=0 [none]
[INFO] [1781876661.212406844] [yolo_live_browser_preview]: [MVP_TARGET] class=bottle score=0.0040 bbox=[848, 189, 428, 371] area=0.1723 vote=6/6 reason=confirmed_by_multiframe_votes raw=1 [bottle:0.0038(area=0.184,rej=ok)]
[INFO] [1781876662.289874162] [yolo_live_browser_preview]: [MVP_TARGET] class=bottle score=0.0044 bbox=[808, 193, 468, 365] area=0.1854 vote=6/6 reason=confirmed_by_multiframe_votes raw=1 [bottle:0.0040(area=0.185,rej=ok)]
[INFO] [1781876663.311937080] [yolo_live_browser_preview]: [MVP_TARGET] class=bottle score=0.0029 bbox=[810, 194, 466, 366] area=0.1851 vote=6/6 reason=confirmed_by_multiframe_votes raw=1 [bottle:0.0026(area=0.185,rej=ok)]
[INFO] [1781876664.359878741] [yolo_live_browser_preview]: [MVP_TARGET] class=bottle score=0.0037 bbox=[842, 192, 434, 367] area=0.1728 vote=6/6 reason=confirmed_by_multiframe_votes raw=1 [bottle:0.0037(area=0.184,rej=ok)]
[INFO] [1781876665.419503356] [yolo_live_browser_preview]: [MVP_TARGET] class=bottle score=0.0054 bbox=[810, 192, 466, 368] area=0.1861 vote=6/6 reason=confirmed_by_multiframe_votes raw=1 [bottle:0.0025(area=0.186,rej=ok)]
[INFO] [1781876666.515853628] [yolo_live_browser_preview]: [MVP_TARGET] class=bottle score=0.0041 bbox=[817, 192, 459, 368] area=0.1833 vote=6/6 reason=confirmed_by_multiframe_votes raw=1 [bottle:0.0041(area=0.186,rej=ok)]
[INFO] [1781876667.567671287] [yolo_live_browser_preview]: [MVP_TARGET] class=bottle score=0.0032 bbox=[814, 192, 462, 366] area=0.1835 vote=6/6 reason=confirmed_by_multiframe_votes raw=1 [bottle:0.0011(area=0.186,rej=ok)]
[INFO] [1781876668.619215404] [yolo_live_browser_preview]: [MVP_TARGET] class=bottle score=0.0047 bbox=[808, 194, 468, 366] area=0.1859 vote=6/6 reason=confirmed_by_multiframe_votes raw=1 [bottle:0.0017(area=0.186,rej=ok)]
[INFO] [1781876669.620193953] [yolo_live_browser_preview]: [MVP_TARGET] class=bottle score=0.0036 bbox=[814, 191, 462, 369] area=0.1850 vote=6/6 reason=confirmed_by_multiframe_votes raw=1 [bottle:0.0036(area=0.187,rej=ok)]
[INFO] [1781876670.666610572] [yolo_live_browser_preview]: [MVP_TARGET] class=bottle score=0.0086 bbox=[812, 183, 464, 375] area=0.1888 vote=6/6 reason=confirmed_by_multiframe_votes raw=1 [bottle:0.0026(area=0.190,rej=ok)]
[INFO] [1781876671.769006133] [yolo_live_browser_preview]: [MVP_TARGET] class=bottle score=0.0032 bbox=[811, 194, 465, 366] area=0.1847 vote=6/6 reason=confirmed_by_multiframe_votes raw=1 [bottle:0.0031(area=0.185,rej=ok)]
[INFO] [1781876672.863674488] [yolo_live_browser_preview]: [MVP_TARGET] class=bottle score=0.0041 bbox=[840, 189, 436, 369] area=0.1746 vote=6/6 reason=confirmed_by_multiframe_votes raw=1 [bottle:0.0022(area=0.185,rej=ok)]
[INFO] [1781876673.862035287] [yolo_live_browser_preview]: [MVP_TARGET] class=bottle score=0.0041 bbox=[961, 180, 315, 377] area=0.1289 vote=6/6 reason=confirmed_by_multiframe_votes raw=1 [bottle:0.0035(area=0.115,rej=ok)]
[INFO] [1781876674.867510043] [yolo_live_browser_preview]: [MVP_TARGET] class=bottle score=0.0047 bbox=[810, 189, 466, 371] area=0.1876 vote=6/6 reason=confirmed_by_multiframe_votes raw=1 [bottle:0.0018(area=0.188,rej=ok)]
[INFO] [1781876675.960471648] [yolo_live_browser_preview]: [MVP_TARGET] class=bottle score=0.0042 bbox=[960, 175, 316, 382] area=0.1310 vote=5/6 reason=confirmed_by_multiframe_votes raw=1 [bottle:0.0030(area=0.116,rej=ok)]
[INFO] [1781876676.964970654] [yolo_live_browser_preview]: [MVP_TARGET] class=bottle score=0.0045 bbox=[813, 193, 464, 367] area=0.1848 vote=6/6 reason=confirmed_by_multiframe_votes raw=1 [bottle:0.0037(area=0.185,rej=ok)]
[INFO] [1781876677.969257951] [yolo_live_browser_preview]: [MVP_TARGET] class=bottle score=0.0040 bbox=[992, 178, 284, 381] area=0.1174 vote=6/6 reason=confirmed_by_multiframe_votes raw=1 [bottle:0.0020(area=0.115,rej=ok)]
[INFO] [1781876679.015555320] [yolo_live_browser_preview]: [MVP_TARGET] class=bottle score=0.0027 bbox=[838, 191, 436, 367] area=0.1736 vote=6/6 reason=confirmed_by_multiframe_votes raw=1 [bottle:0.0027(area=0.184,rej=ok)]
[INFO] [1781876680.073039602] [yolo_live_browser_preview]: [MVP_TARGET] class=bottle score=0.0045 bbox=[811, 193, 465, 365] area=0.1842 vote=6/6 reason=confirmed_by_multiframe_votes raw=1 [bottle:0.0024(area=0.184,rej=ok)]
[INFO] [1781876681.110556889] [yolo_live_browser_preview]: [MVP_TARGET] class=bottle score=0.0034 bbox=[816, 195, 459, 365] area=0.1818 vote=6/6 reason=confirmed_by_multiframe_votes raw=1 [bottle:0.0019(area=0.184,rej=ok)]
[INFO] [1781876682.113221979] [yolo_live_browser_preview]: [MVP_TARGET] class=bottle score=0.0045 bbox=[846, 194, 430, 366] area=0.1708 vote=6/6 reason=confirmed_by_multiframe_votes raw=1 [bottle:0.0023(area=0.183,rej=ok)]
[INFO] [1781876683.167194678] [yolo_live_browser_preview]: [MVP_TARGET] class=bottle score=0.0055 bbox=[990, 178, 286, 378] area=0.1173 vote=6/6 reason=confirmed_by_multiframe_votes raw=1 [bottle:0.0032(area=0.114,rej=ok)]
[INFO] [1781876684.269004198] [yolo_live_browser_preview]: [MVP_TARGET] class=bottle score=0.0030 bbox=[990, 180, 286, 375] area=0.1164 vote=6/6 reason=confirmed_by_multiframe_votes raw=1 [bottle:0.0023(area=0.113,rej=ok)]
[INFO] [1781876685.365288427] [yolo_live_browser_preview]: [MVP_TARGET] class=bottle score=0.0038 bbox=[961, 184, 315, 374] area=0.1278 vote=6/6 reason=confirmed_by_multiframe_votes raw=1 [bottle:0.0028(area=0.113,rej=ok)]
[INFO] [1781876686.510749558] [yolo_live_browser_preview]: [MVP_TARGET] class=bottle score=0.0046 bbox=[989, 168, 287, 389] area=0.1211 vote=6/6 reason=confirmed_by_multiframe_votes raw=1 [bottle:0.0044(area=0.119,rej=ok)]
[INFO] [1781876687.516687563] [yolo_live_browser_preview]: [MVP_TARGET] class=bottle score=0.0025 bbox=[821, 192, 455, 368] area=0.1817 vote=6/6 reason=confirmed_by_multiframe_votes raw=1 [bottle:0.0012(area=0.184,rej=ok)]
[INFO] [1781876688.572491845] [yolo_live_browser_preview]: [MVP_TARGET] class=bottle score=0.0023 bbox=[810, 192, 466, 368] area=0.1861 vote=6/6 reason=confirmed_by_multiframe_votes raw=1 [bottle:0.0018(area=0.186,rej=ok)]
[INFO] [1781876689.714883728] [yolo_live_browser_preview]: [MVP_TARGET] class=bottle score=0.0035 bbox=[961, 181, 315, 377] area=0.1289 vote=6/6 reason=confirmed_by_multiframe_votes raw=1 [bottle:0.0012(area=0.115,rej=ok)]
[INFO] [1781876690.760643013] [yolo_live_browser_preview]: [MVP_TARGET] class=bottle score=0.0036 bbox=[811, 193, 464, 365] area=0.1838 vote=5/6 reason=confirmed_by_multiframe_votes raw=0 [none]
[INFO] [1781876691.770834933] [yolo_live_browser_preview]: [MVP_TARGET] class=bottle score=0.0046 bbox=[811, 192, 465, 366] area=0.1847 vote=6/6 reason=confirmed_by_multiframe_votes raw=1 [bottle:0.0029(area=0.185,rej=ok)]
[INFO] [1781876692.865804287] [yolo_live_browser_preview]: [MVP_TARGET] class=bottle score=0.0064 bbox=[817, 192, 459, 369] area=0.1838 vote=6/6 reason=confirmed_by_multiframe_votes raw=1 [bottle:0.0037(area=0.187,rej=ok)]
[INFO] [1781876693.912595614] [yolo_live_browser_preview]: [MVP_TARGET] class=bottle score=0.0030 bbox=[815, 195, 459, 363] area=0.1808 vote=6/6 reason=confirmed_by_multiframe_votes raw=1 [bottle:0.0030(area=0.183,rej=ok)]
[INFO] [1781876694.912770828] [yolo_live_browser_preview]: [MVP_TARGET] class=bottle score=0.0039 bbox=[995, 175, 281, 383] area=0.1168 vote=6/6 reason=confirmed_by_multiframe_votes raw=1 [bottle:0.0020(area=0.117,rej=ok)]
[INFO] [1781876695.971645984] [yolo_live_browser_preview]: [MVP_TARGET] class=bottle score=0.0044 bbox=[813, 198, 463, 363] area=0.1824 vote=6/6 reason=confirmed_by_multiframe_votes raw=1 [bottle:0.0017(area=0.181,rej=ok)]
[INFO] [1781876697.009421188] [yolo_live_browser_preview]: [MVP_TARGET] class=bottle score=0.0047 bbox=[812, 194, 464, 366] area=0.1843 vote=5/6 reason=confirmed_by_multiframe_votes raw=1 [bottle:0.0029(area=0.184,rej=ok)]
[INFO] [1781876698.063608428] [yolo_live_browser_preview]: [MVP_TARGET] class=bottle score=0.0038 bbox=[809, 193, 467, 367] area=0.1860 vote=6/6 reason=confirmed_by_multiframe_votes raw=1 [bottle:0.0026(area=0.187,rej=ok)]
[INFO] [1781876699.126138458] [yolo_live_browser_preview]: [MVP_TARGET] class=bottle score=0.0060 bbox=[840, 190, 436, 369] area=0.1746 vote=6/6 reason=confirmed_by_multiframe_votes raw=1 [bottle:0.0060(area=0.185,rej=ok)]
[INFO] [1781876700.216662730] [yolo_live_browser_preview]: [MVP_TARGET] class=bottle score=0.0039 bbox=[809, 192, 465, 366] area=0.1847 vote=6/6 reason=confirmed_by_multiframe_votes raw=1 [bottle:0.0021(area=0.185,rej=ok)]
[INFO] [1781876701.264288639] [yolo_live_browser_preview]: [MVP_TARGET] class=bottle score=0.0041 bbox=[817, 187, 459, 373] area=0.1858 vote=6/6 reason=confirmed_by_multiframe_votes raw=1 [bottle:0.0018(area=0.189,rej=ok)]
[INFO] [1781876702.271340143] [yolo_live_browser_preview]: [MVP_TARGET] class=bottle score=0.0035 bbox=[816, 194, 460, 366] area=0.1827 vote=6/6 reason=confirmed_by_multiframe_votes raw=1 [bottle:0.0028(area=0.185,rej=ok)]
[INFO] [1781876703.316711178] [yolo_live_browser_preview]: [MVP_TARGET] class=bottle score=0.0038 bbox=[813, 196, 463, 364] area=0.1829 vote=6/6 reason=confirmed_by_multiframe_votes raw=1 [bottle:0.0030(area=0.182,rej=ok)]
[INFO] [1781876704.370365835] [yolo_live_browser_preview]: [MVP_TARGET] class=bottle score=0.0045 bbox=[810, 196, 468, 364] area=0.1848 vote=6/6 reason=confirmed_by_multiframe_votes raw=1 [bottle:0.0045(area=0.185,rej=ok)]
[INFO] [1781876705.464802897] [yolo_live_browser_preview]: [MVP_TARGET] class=bottle score=0.0046 bbox=[991, 177, 285, 381] area=0.1178 vote=6/6 reason=confirmed_by_multiframe_votes raw=1 [bottle:0.0026(area=0.115,rej=ok)]
[INFO] [1781876706.563344625] [yolo_live_browser_preview]: [MVP_TARGET] class=bottle score=0.0052 bbox=[840, 189, 436, 370] area=0.1750 vote=6/6 reason=confirmed_by_multiframe_votes raw=1 [bottle:0.0026(area=0.187,rej=ok)]
[INFO] [1781876707.613156116] [yolo_live_browser_preview]: [MVP_TARGET] class=bottle score=0.0035 bbox=[849, 191, 427, 367] area=0.1700 vote=6/6 reason=confirmed_by_multiframe_votes raw=1 [bottle:0.0035(area=0.183,rej=ok)]
[INFO] [1781876708.664251524] [yolo_live_browser_preview]: [MVP_TARGET] class=bottle score=0.0040 bbox=[812, 192, 464, 368] area=0.1853 vote=6/6 reason=confirmed_by_multiframe_votes raw=1 [bottle:0.0035(area=0.185,rej=ok)]
[INFO] [1781876709.727192137] [yolo_live_browser_preview]: [MVP_TARGET] class=bottle score=0.0039 bbox=[841, 191, 433, 368] area=0.1729 vote=6/6 reason=confirmed_by_multiframe_votes raw=1 [bottle:0.0039(area=0.184,rej=ok)]
[INFO] [1781876710.817342825] [yolo_live_browser_preview]: [MVP_TARGET] class=bottle score=0.0040 bbox=[815, 196, 461, 363] area=0.1816 vote=6/6 reason=confirmed_by_multiframe_votes raw=1 [bottle:0.0040(area=0.184,rej=ok)]
[INFO] [1781876711.965168663] [yolo_live_browser_preview]: [MVP_TARGET] class=bottle score=0.0052 bbox=[812, 191, 464, 369] area=0.1858 vote=6/6 reason=confirmed_by_multiframe_votes raw=1 [bottle:0.0020(area=0.186,rej=ok)]
[INFO] [1781876713.107904253] [yolo_live_browser_preview]: [MVP_TARGET] class=bottle score=0.0046 bbox=[961, 176, 315, 382] area=0.1306 vote=6/6 reason=confirmed_by_multiframe_votes raw=1 [bottle:0.0023(area=0.116,rej=ok)]
[INFO] [1781876714.165592992] [yolo_live_browser_preview]: [MVP_TARGET] class=bottle score=0.0046 bbox=[967, 167, 309, 390] area=0.1308 vote=6/6 reason=confirmed_by_multiframe_votes raw=1 [bottle:0.0019(area=0.119,rej=ok)]
[INFO] [1781876715.218317941] [yolo_live_browser_preview]: [MVP_TARGET] class=bottle score=0.0049 bbox=[818, 189, 459, 370] area=0.1843 vote=6/6 reason=confirmed_by_multiframe_votes raw=1 [bottle:0.0014(area=0.187,rej=ok)]
[INFO] [1781876716.265734683] [yolo_live_browser_preview]: [MVP_TARGET] class=bottle score=0.0044 bbox=[838, 191, 439, 368] area=0.1753 vote=6/6 reason=confirmed_by_multiframe_votes raw=1 [bottle:0.0044(area=0.187,rej=ok)]
[INFO] [1781876717.318522881] [yolo_live_browser_preview]: [MVP_TARGET] class=bottle score=0.0041 bbox=[840, 191, 436, 367] area=0.1736 vote=6/6 reason=confirmed_by_multiframe_votes raw=1 [bottle:0.0020(area=0.184,rej=ok)]
[INFO] [1781876718.464286803] [yolo_live_browser_preview]: [MVP_TARGET] class=bottle score=0.0047 bbox=[815, 194, 461, 364] area=0.1821 vote=6/6 reason=confirmed_by_multiframe_votes raw=1 [bottle:0.0033(area=0.182,rej=ok)]
[INFO] [1781876719.467437933] [yolo_live_browser_preview]: [MVP_TARGET] class=bottle score=0.0035 bbox=[838, 192, 438, 367] area=0.1744 vote=6/6 reason=confirmed_by_multiframe_votes raw=1 [bottle:0.0031(area=0.185,rej=ok)]
[INFO] [1781876720.517004716] [yolo_live_browser_preview]: [MVP_TARGET] class=bottle score=0.0032 bbox=[968, 174, 309, 384] area=0.1288 vote=6/6 reason=confirmed_by_multiframe_votes raw=1 [bottle:0.0029(area=0.117,rej=ok)]
[INFO] [1781876721.520989553] [yolo_live_browser_preview]: [MVP_TARGET] class=bottle score=0.0024 bbox=[810, 192, 466, 367] area=0.1856 vote=4/6 reason=confirmed_by_multiframe_votes raw=1 [bottle:0.0023(area=0.186,rej=ok)]
[INFO] [1781876722.667237058] [yolo_live_browser_preview]: [MVP_TARGET] class=bottle score=0.0037 bbox=[812, 195, 464, 365] area=0.1838 vote=6/6 reason=confirmed_by_multiframe_votes raw=1 [bottle:0.0014(area=0.183,rej=ok)]
[INFO] [1781876723.725209547] [yolo_live_browser_preview]: [MVP_TARGET] class=bottle score=0.0038 bbox=[961, 173, 315, 386] area=0.1319 vote=6/6 reason=confirmed_by_multiframe_votes raw=2 [bottle:0.0038(area=0.118,rej=ok), bottle:0.0011(area=0.262,rej=area_too_large)]
[INFO] [1781876724.810749444] [yolo_live_browser_preview]: [MVP_TARGET] class=bottle score=0.0032 bbox=[840, 189, 435, 371] area=0.1751 vote=6/6 reason=confirmed_by_multiframe_votes raw=1 [bottle:0.0032(area=0.186,rej=ok)]
[INFO] [1781876725.864897308] [yolo_live_browser_preview]: [MVP_TARGET] class=bottle score=0.0045 bbox=[813, 192, 463, 368] area=0.1849 vote=5/6 reason=confirmed_by_multiframe_votes raw=1 [bottle:0.0031(area=0.184,rej=ok)]
[INFO] [1781876727.009969064] [yolo_live_browser_preview]: [MVP_TARGET] class=bottle score=0.0050 bbox=[840, 189, 436, 371] area=0.1755 vote=6/6 reason=confirmed_by_multiframe_votes raw=1 [bottle:0.0023(area=0.185,rej=ok)]
[INFO] [1781876728.121417412] [yolo_live_browser_preview]: [MVP_TARGET] class=bottle score=0.0040 bbox=[812, 192, 464, 368] area=0.1853 vote=6/6 reason=confirmed_by_multiframe_votes raw=1 [bottle:0.0031(area=0.185,rej=ok)]
[INFO] [1781876729.217167431] [yolo_live_browser_preview]: [MVP_TARGET] class=bottle score=0.0039 bbox=[810, 194, 466, 364] area=0.1841 vote=6/6 reason=confirmed_by_multiframe_votes raw=1 [bottle:0.0027(area=0.184,rej=ok)]
[INFO] [1781876730.262008798] [yolo_live_browser_preview]: [MVP_TARGET] class=bottle score=0.0040 bbox=[960, 180, 316, 378] area=0.1296 vote=6/6 reason=confirmed_by_multiframe_votes raw=1 [bottle:0.0017(area=0.115,rej=ok)]
[INFO] [1781876731.462495079] [yolo_live_browser_preview]: [MVP_TARGET] class=bottle score=0.0071 bbox=[812, 191, 464, 368] area=0.1853 vote=6/6 reason=confirmed_by_multiframe_votes raw=1 [bottle:0.0039(area=0.185,rej=ok)]
[INFO] [1781876732.517090984] [yolo_live_browser_preview]: [MVP_TARGET] class=bottle score=0.0037 bbox=[840, 192, 436, 370] area=0.1750 vote=6/6 reason=confirmed_by_multiframe_votes raw=1 [bottle:0.0024(area=0.186,rej=ok)]
[INFO] [1781876733.666358613] [yolo_live_browser_preview]: [MVP_TARGET] class=bottle score=0.0038 bbox=[811, 193, 463, 367] area=0.1844 vote=6/6 reason=confirmed_by_multiframe_votes raw=1 [bottle:0.0021(area=0.185,rej=ok)]
[INFO] [1781876734.763052299] [yolo_live_browser_preview]: [MVP_TARGET] class=bottle score=0.0034 bbox=[845, 187, 431, 371] area=0.1735 vote=6/6 reason=confirmed_by_multiframe_votes raw=1 [bottle:0.0014(area=0.184,rej=ok)]
[INFO] [1781876735.867296607] [yolo_live_browser_preview]: [MVP_TARGET] class=bottle score=0.0039 bbox=[810, 195, 466, 365] area=0.1846 vote=6/6 reason=confirmed_by_multiframe_votes raw=1 [bottle:0.0034(area=0.185,rej=ok)]
[INFO] [1781876737.020970734] [yolo_live_browser_preview]: [MVP_TARGET] class=bottle score=0.0043 bbox=[997, 178, 279, 380] area=0.1150 vote=6/6 reason=confirmed_by_multiframe_votes raw=1 [bottle:0.0011(area=0.115,rej=ok)]
[INFO] [1781876738.066742642] [yolo_live_browser_preview]: [MVP_TARGET] class=bottle score=0.0063 bbox=[809, 192, 467, 366] area=0.1855 vote=6/6 reason=confirmed_by_multiframe_votes raw=1 [bottle:0.0063(area=0.186,rej=ok)]
[INFO] [1781876739.068653771] [yolo_live_browser_preview]: [MVP_TARGET] class=bottle score=0.0042 bbox=[966, 176, 310, 381] area=0.1282 vote=6/6 reason=confirmed_by_multiframe_votes raw=1 [bottle:0.0028(area=0.116,rej=ok)]
[INFO] [1781876740.113746054] [yolo_live_browser_preview]: [MVP_TARGET] class=bottle score=0.0047 bbox=[809, 186, 467, 372] area=0.1885 vote=6/6 reason=confirmed_by_multiframe_votes raw=1 [bottle:0.0014(area=0.189,rej=ok)]
[INFO] [1781876741.124469889] [yolo_live_browser_preview]: [MVP_TARGET] class=bottle score=0.0040 bbox=[846, 190, 430, 369] area=0.1722 vote=6/6 reason=confirmed_by_multiframe_votes raw=1 [bottle:0.0021(area=0.185,rej=ok)]
[INFO] [1781876742.212956077] [yolo_live_browser_preview]: [MVP_TARGET] class=bottle score=0.0041 bbox=[966, 177, 310, 380] area=0.1278 vote=6/6 reason=confirmed_by_multiframe_votes raw=1 [bottle:0.0025(area=0.115,rej=ok)]
[INFO] [1781876743.346151085] [yolo_live_browser_preview]: [MVP_TARGET] class=bottle score=0.0038 bbox=[961, 184, 315, 375] area=0.1282 vote=6/6 reason=confirmed_by_multiframe_votes raw=1 [bottle:0.0025(area=0.113,rej=ok)]
[INFO] [1781876744.469588845] [yolo_live_browser_preview]: [MVP_TARGET] class=bottle score=0.0036 bbox=[819, 190, 459, 368] area=0.1833 vote=6/6 reason=confirmed_by_multiframe_votes raw=1 [bottle:0.0032(area=0.186,rej=ok)]
[INFO] [1781876745.560651490] [yolo_live_browser_preview]: [MVP_TARGET] class=bottle score=0.0047 bbox=[840, 189, 436, 370] area=0.1750 vote=6/6 reason=confirmed_by_multiframe_votes raw=1 [bottle:0.0019(area=0.186,rej=ok)]
[INFO] [1781876746.619542228] [yolo_live_browser_preview]: [MVP_TARGET] class=bottle score=0.0037 bbox=[849, 192, 427, 368] area=0.1705 vote=5/6 reason=confirmed_by_multiframe_votes raw=1 [bottle:0.0036(area=0.183,rej=ok)]
[INFO] [1781876747.666237968] [yolo_live_browser_preview]: [MVP_TARGET] class=bottle score=0.0042 bbox=[812, 191, 464, 369] area=0.1858 vote=6/6 reason=confirmed_by_multiframe_votes raw=1 [bottle:0.0024(area=0.186,rej=ok)]
[INFO] [1781876748.766563694] [yolo_live_browser_preview]: [MVP_TARGET] class=bottle score=0.0042 bbox=[808, 191, 468, 369] area=0.1874 vote=6/6 reason=confirmed_by_multiframe_votes raw=1 [bottle:0.0017(area=0.187,rej=ok)]
[INFO] [1781876749.815274809] [yolo_live_browser_preview]: [MVP_TARGET] class=bottle score=0.0038 bbox=[810, 190, 466, 370] area=0.1871 vote=6/6 reason=confirmed_by_multiframe_votes raw=1 [bottle:0.0029(area=0.187,rej=ok)]
[INFO] [1781876750.818137979] [yolo_live_browser_preview]: [MVP_TARGET] class=bottle score=0.0042 bbox=[960, 184, 318, 373] area=0.1287 vote=6/6 reason=confirmed_by_multiframe_votes raw=1 [bottle:0.0021(area=0.114,rej=ok)]
[INFO] [1781876751.862784595] [yolo_live_browser_preview]: [MVP_TARGET] class=bottle score=0.0030 bbox=[809, 191, 467, 369] area=0.1870 vote=6/6 reason=confirmed_by_multiframe_votes raw=1 [bottle:0.0011(area=0.188,rej=ok)]
[INFO] [1781876752.924425707] [yolo_live_browser_preview]: [MVP_TARGET] class=bottle score=0.0043 bbox=[811, 190, 465, 368] area=0.1857 vote=6/6 reason=confirmed_by_multiframe_votes raw=1 [bottle:0.0029(area=0.185,rej=ok)]
[INFO] [1781876753.967394574] [yolo_live_browser_preview]: [MVP_TARGET] class=bottle score=0.0039 bbox=[813, 193, 463, 365] area=0.1834 vote=6/6 reason=confirmed_by_multiframe_votes raw=1 [bottle:0.0039(area=0.183,rej=ok)]
[INFO] [1781876755.022272145] [yolo_live_browser_preview]: [MVP_TARGET] class=bottle score=0.0032 bbox=[807, 188, 469, 370] area=0.1883 vote=6/6 reason=confirmed_by_multiframe_votes raw=1 [bottle:0.0024(area=0.189,rej=ok)]
[INFO] [1781876756.114646539] [yolo_live_browser_preview]: [MVP_TARGET] class=bottle score=0.0038 bbox=[959, 181, 317, 377] area=0.1297 vote=6/6 reason=confirmed_by_multiframe_votes raw=1 [bottle:0.0018(area=0.115,rej=ok)]
[INFO] [1781876757.215759722] [yolo_live_browser_preview]: [MVP_TARGET] class=bottle score=0.0039 bbox=[960, 180, 315, 378] area=0.1292 vote=6/6 reason=confirmed_by_multiframe_votes raw=1 [bottle:0.0018(area=0.115,rej=ok)]
[INFO] [1781876758.318096697] [yolo_live_browser_preview]: [MVP_TARGET] class=bottle score=0.0030 bbox=[811, 192, 465, 368] area=0.1857 vote=6/6 reason=confirmed_by_multiframe_votes raw=1 [bottle:0.0027(area=0.186,rej=ok)]
[INFO] [1781876759.364810021] [yolo_live_browser_preview]: [MVP_TARGET] class=bottle score=0.0039 bbox=[960, 186, 316, 372] area=0.1276 vote=6/6 reason=confirmed_by_multiframe_votes raw=1 [bottle:0.0027(area=0.113,rej=ok)]
[INFO] [1781876760.469103661] [yolo_live_browser_preview]: [MVP_TARGET] class=bottle score=0.0047 bbox=[809, 194, 465, 366] area=0.1847 vote=6/6 reason=confirmed_by_multiframe_votes raw=1 [bottle:0.0028(area=0.185,rej=ok)]
[INFO] [1781876761.489494367] [yolo_live_browser_preview]: [MVP_TARGET] class=bottle score=0.0036 bbox=[815, 192, 461, 366] area=0.1831 vote=6/6 reason=confirmed_by_multiframe_votes raw=1 [bottle:0.0026(area=0.183,rej=ok)]
[INFO] [1781876762.566001599] [yolo_live_browser_preview]: [MVP_TARGET] class=bottle score=0.0042 bbox=[815, 195, 461, 363] area=0.1816 vote=6/6 reason=confirmed_by_multiframe_votes raw=1 [bottle:0.0037(area=0.184,rej=ok)]
[INFO] [1781876763.666763740] [yolo_live_browser_preview]: [MVP_TARGET] class=bottle score=0.0047 bbox=[960, 176, 316, 381] area=0.1306 vote=6/6 reason=confirmed_by_multiframe_votes raw=1 [bottle:0.0034(area=0.116,rej=ok)]
[INFO] [1781876764.712992898] [yolo_live_browser_preview]: [MVP_TARGET] class=bottle score=0.0035 bbox=[813, 195, 463, 365] area=0.1834 vote=6/6 reason=confirmed_by_multiframe_votes raw=1 [bottle:0.0035(area=0.183,rej=ok)]
[INFO] [1781876765.759549096] [yolo_live_browser_preview]: [MVP_TARGET] class=bottle score=0.0041 bbox=[818, 191, 458, 369] area=0.1834 vote=6/6 reason=confirmed_by_multiframe_votes raw=1 [bottle:0.0035(area=0.185,rej=ok)]
[INFO] [1781876766.759398433] [yolo_live_browser_preview]: [MVP_TARGET] class=bottle score=0.0059 bbox=[993, 188, 283, 371] area=0.1139 vote=6/6 reason=confirmed_by_multiframe_votes raw=1 [bottle:0.0022(area=0.113,rej=ok)]
[INFO] [1781876767.812632005] [yolo_live_browser_preview]: [MVP_TARGET] class=bottle score=0.0036 bbox=[838, 190, 438, 371] area=0.1763 vote=6/6 reason=confirmed_by_multiframe_votes raw=1 [bottle:0.0022(area=0.187,rej=ok)]
[INFO] [1781876768.813410716] [yolo_live_browser_preview]: [MVP_TARGET] class=bottle score=0.0042 bbox=[840, 192, 436, 366] area=0.1732 vote=6/6 reason=confirmed_by_multiframe_votes raw=1 [bottle:0.0042(area=0.183,rej=ok)]
[INFO] [1781876769.814685761] [yolo_live_browser_preview]: [MVP_TARGET] class=bottle score=0.0032 bbox=[965, 179, 311, 379] area=0.1279 vote=6/6 reason=confirmed_by_multiframe_votes raw=1 [bottle:0.0021(area=0.116,rej=ok)]
[INFO] [1781876770.914423236] [yolo_live_browser_preview]: [MVP_TARGET] class=bottle score=0.0051 bbox=[816, 193, 460, 366] area=0.1827 vote=6/6 reason=confirmed_by_multiframe_votes raw=1 [bottle:0.0024(area=0.184,rej=ok)]
[INFO] [1781876772.019656126] [yolo_live_browser_preview]: [MVP_TARGET] class=bottle score=0.0046 bbox=[806, 194, 468, 364] area=0.1848 vote=6/6 reason=confirmed_by_multiframe_votes raw=1 [bottle:0.0035(area=0.185,rej=ok)]
[INFO] [1781876773.066620574] [yolo_live_browser_preview]: [MVP_TARGET] class=bottle score=0.0051 bbox=[840, 194, 437, 366] area=0.1735 vote=6/6 reason=confirmed_by_multiframe_votes raw=1 [bottle:0.0036(area=0.185,rej=ok)]
[INFO] [1781876774.169114131] [yolo_live_browser_preview]: [MVP_TARGET] class=bottle score=0.0037 bbox=[822, 195, 454, 365] area=0.1798 vote=6/6 reason=confirmed_by_multiframe_votes raw=1 [bottle:0.0037(area=0.181,rej=ok)]
[INFO] [1781876775.213878371] [yolo_live_browser_preview]: [MVP_TARGET] class=bottle score=0.0040 bbox=[809, 192, 467, 368] area=0.1865 vote=6/6 reason=confirmed_by_multiframe_votes raw=1 [bottle:0.0038(area=0.187,rej=ok)]
[INFO] [1781876776.372452371] [yolo_live_browser_preview]: [MVP_TARGET] class=bottle score=0.0047 bbox=[818, 189, 458, 369] area=0.1834 vote=6/6 reason=confirmed_by_multiframe_votes raw=1 [bottle:0.0023(area=0.185,rej=ok)]
[INFO] [1781876777.373537082] [yolo_live_browser_preview]: [MVP_TARGET] class=bottle score=0.0038 bbox=[811, 192, 465, 367] area=0.1852 vote=6/6 reason=confirmed_by_multiframe_votes raw=1 [bottle:0.0026(area=0.184,rej=ok)]
[INFO] [1781876778.467655683] [yolo_live_browser_preview]: [MVP_TARGET] class=bottle score=0.0043 bbox=[811, 195, 465, 365] area=0.1842 vote=6/6 reason=confirmed_by_multiframe_votes raw=1 [bottle:0.0013(area=0.183,rej=ok)]
[INFO] [1781876779.515466797] [yolo_live_browser_preview]: [MVP_TARGET] class=bottle score=0.0043 bbox=[806, 194, 470, 364] area=0.1856 vote=6/6 reason=confirmed_by_multiframe_votes raw=1 [bottle:0.0011(area=0.186,rej=ok)]
[INFO] [1781876780.564918453] [yolo_live_browser_preview]: [MVP_TARGET] class=bottle score=0.0038 bbox=[815, 187, 461, 373] area=0.1866 vote=6/6 reason=confirmed_by_multiframe_votes raw=1 [bottle:0.0035(area=0.190,rej=ok)]
[INFO] [1781876781.564451331] [yolo_live_browser_preview]: [MVP_TARGET] class=bottle score=0.0042 bbox=[811, 195, 465, 366] area=0.1847 vote=6/6 reason=confirmed_by_multiframe_votes raw=1 [bottle:0.0028(area=0.184,rej=ok)]
[INFO] [1781876782.616469777] [yolo_live_browser_preview]: [MVP_TARGET] class=bottle score=0.0041 bbox=[960, 173, 316, 384] area=0.1317 vote=6/6 reason=confirmed_by_multiframe_votes raw=1 [bottle:0.0018(area=0.117,rej=ok)]
[INFO] [1781876783.711158961] [yolo_live_browser_preview]: [MVP_TARGET] class=bottle score=0.0039 bbox=[838, 187, 438, 372] area=0.1768 vote=6/6 reason=confirmed_by_multiframe_votes raw=1 [bottle:0.0024(area=0.189,rej=ok)]
[INFO] [1781876784.717868004] [yolo_live_browser_preview]: [MVP_TARGET] class=bottle score=0.0044 bbox=[808, 194, 467, 366] area=0.1855 vote=6/6 reason=confirmed_by_multiframe_votes raw=1 [bottle:0.0024(area=0.185,rej=ok)]
[INFO] [1781876785.818482936] [yolo_live_browser_preview]: [MVP_TARGET] class=bottle score=0.0041 bbox=[840, 191, 436, 368] area=0.1741 vote=6/6 reason=confirmed_by_multiframe_votes raw=1 [bottle:0.0036(area=0.185,rej=ok)]
[INFO] [1781876786.912552954] [yolo_live_browser_preview]: [MVP_TARGET] class=bottle score=0.0037 bbox=[991, 182, 287, 375] area=0.1168 vote=6/6 reason=confirmed_by_multiframe_votes raw=1 [bottle:0.0025(area=0.113,rej=ok)]
[INFO] [1781876788.018170676] [yolo_live_browser_preview]: [MVP_TARGET] class=bottle score=0.0044 bbox=[813, 194, 465, 366] area=0.1847 vote=6/6 reason=confirmed_by_multiframe_votes raw=1 [bottle:0.0041(area=0.184,rej=ok)]
[INFO] [1781876789.048143253] [yolo_live_browser_preview]: [MVP_TARGET] class=bottle score=0.0040 bbox=[816, 196, 460, 363] area=0.1812 vote=6/6 reason=confirmed_by_multiframe_votes raw=1 [bottle:0.0040(area=0.183,rej=ok)]
[INFO] [1781876790.067131542] [yolo_live_browser_preview]: [MVP_TARGET] class=bottle score=0.0045 bbox=[809, 196, 466, 364] area=0.1841 vote=6/6 reason=confirmed_by_multiframe_votes raw=1 [bottle:0.0018(area=0.184,rej=ok)]
[INFO] [1781876791.171801390] [yolo_live_browser_preview]: [MVP_TARGET] class=bottle score=0.0035 bbox=[810, 194, 466, 366] area=0.1851 vote=6/6 reason=confirmed_by_multiframe_votes raw=1 [bottle:0.0028(area=0.186,rej=ok)]
[INFO] [1781876792.217889504] [yolo_live_browser_preview]: [MVP_TARGET] class=bottle score=0.0039 bbox=[807, 196, 469, 363] area=0.1847 vote=6/6 reason=confirmed_by_multiframe_votes raw=1 [bottle:0.0039(area=0.185,rej=ok)]
[INFO] [1781876793.315042437] [yolo_live_browser_preview]: [MVP_TARGET] class=bottle score=0.0042 bbox=[843, 189, 433, 370] area=0.1738 vote=6/6 reason=confirmed_by_multiframe_votes raw=1 [bottle:0.0040(area=0.184,rej=ok)]
[INFO] [1781876794.315300648] [yolo_live_browser_preview]: [MVP_TARGET] class=bottle score=0.0038 bbox=[811, 194, 465, 364] area=0.1837 vote=6/6 reason=confirmed_by_multiframe_votes raw=1 [bottle:0.0017(area=0.184,rej=ok)]
[INFO] [1781876795.368527760] [yolo_live_browser_preview]: [MVP_TARGET] class=bottle score=0.0027 bbox=[816, 192, 462, 368] area=0.1845 vote=6/6 reason=confirmed_by_multiframe_votes raw=1 [bottle:0.0021(area=0.187,rej=ok)]
[INFO] [1781876796.412684458] [yolo_live_browser_preview]: [MVP_TARGET] class=bottle score=0.0037 bbox=[810, 193, 466, 367] area=0.1856 vote=6/6 reason=confirmed_by_multiframe_votes raw=1 [bottle:0.0037(area=0.187,rej=ok)]
[INFO] [1781876797.468158528] [yolo_live_browser_preview]: [MVP_TARGET] class=bottle score=0.0038 bbox=[808, 189, 468, 371] area=0.1884 vote=6/6 reason=confirmed_by_multiframe_votes raw=1 [bottle:0.0038(area=0.189,rej=ok)]
[INFO] [1781876798.552280006] [yolo_live_browser_preview]: [MVP_TARGET] class=bottle score=0.0055 bbox=[810, 195, 466, 364] area=0.1841 vote=6/6 reason=confirmed_by_multiframe_votes raw=1 [bottle:0.0055(area=0.185,rej=ok)]
[INFO] [1781876799.662740018] [yolo_live_browser_preview]: [MVP_TARGET] class=bottle score=0.0041 bbox=[809, 191, 467, 367] area=0.1860 vote=6/6 reason=confirmed_by_multiframe_votes raw=1 [bottle:0.0024(area=0.187,rej=ok)]
[INFO] [1781876800.769350323] [yolo_live_browser_preview]: [MVP_TARGET] class=bottle score=0.0056 bbox=[814, 195, 462, 365] area=0.1830 vote=6/6 reason=confirmed_by_multiframe_votes raw=1 [bottle:0.0056(area=0.182,rej=ok)]
[INFO] [1781876801.862893590] [yolo_live_browser_preview]: [MVP_TARGET] class=bottle score=0.0048 bbox=[809, 193, 468, 366] area=0.1859 vote=6/6 reason=confirmed_by_multiframe_votes raw=1 [bottle:0.0048(area=0.186,rej=ok)]
[INFO] [1781876802.866590425] [yolo_live_browser_preview]: [MVP_TARGET] class=bottle score=0.0041 bbox=[808, 186, 467, 374] area=0.1895 vote=6/6 reason=confirmed_by_multiframe_votes raw=1 [bottle:0.0034(area=0.191,rej=ok)]
[INFO] [1781876803.966658773] [yolo_live_browser_preview]: [MVP_TARGET] class=bottle score=0.0039 bbox=[813, 192, 463, 367] area=0.1844 vote=6/6 reason=confirmed_by_multiframe_votes raw=1 [bottle:0.0017(area=0.183,rej=ok)]
[INFO] [1781876805.069101246] [yolo_live_browser_preview]: [MVP_TARGET] class=bottle score=0.0042 bbox=[959, 189, 317, 371] area=0.1276 vote=6/6 reason=confirmed_by_multiframe_votes raw=1 [bottle:0.0021(area=0.113,rej=ok)]
[INFO] [1781876806.131823938] [yolo_live_browser_preview]: [MVP_TARGET] class=bottle score=0.0035 bbox=[842, 192, 434, 367] area=0.1728 vote=6/6 reason=confirmed_by_multiframe_votes raw=1 [bottle:0.0023(area=0.183,rej=ok)]
[INFO] [1781876807.215685208] [yolo_live_browser_preview]: [MVP_TARGET] class=bottle score=0.0038 bbox=[812, 196, 464, 364] area=0.1833 vote=6/6 reason=confirmed_by_multiframe_votes raw=1 [bottle:0.0037(area=0.183,rej=ok)]
[INFO] [1781876808.324359512] [yolo_live_browser_preview]: [MVP_TARGET] class=bottle score=0.0035 bbox=[839, 193, 437, 365] area=0.1731 vote=6/6 reason=confirmed_by_multiframe_votes raw=1 [bottle:0.0035(area=0.185,rej=ok)]
[INFO] [1781876809.414048904] [yolo_live_browser_preview]: [MVP_TARGET] class=bottle score=0.0034 bbox=[807, 192, 469, 368] area=0.1873 vote=6/6 reason=confirmed_by_multiframe_votes raw=1 [bottle:0.0018(area=0.188,rej=ok)]
[INFO] [1781876810.418030030] [yolo_live_browser_preview]: [MVP_TARGET] class=bottle score=0.0048 bbox=[821, 193, 454, 366] area=0.1803 vote=6/6 reason=confirmed_by_multiframe_votes raw=1 [bottle:0.0044(area=0.182,rej=ok)]
[INFO] [1781876811.567592156] [yolo_live_browser_preview]: [MVP_TARGET] class=bottle score=0.0043 bbox=[819, 190, 457, 370] area=0.1835 vote=6/6 reason=confirmed_by_multiframe_votes raw=1 [bottle:0.0042(area=0.185,rej=ok)]
[INFO] [1781876812.615682310] [yolo_live_browser_preview]: [MVP_TARGET] class=bottle score=0.0038 bbox=[812, 195, 464, 365] area=0.1838 vote=6/6 reason=confirmed_by_multiframe_votes raw=1 [bottle:0.0037(area=0.183,rej=ok)]
[INFO] [1781876813.665989881] [yolo_live_browser_preview]: [MVP_TARGET] class=bottle score=0.0043 bbox=[811, 192, 465, 368] area=0.1857 vote=6/6 reason=confirmed_by_multiframe_votes raw=1 [bottle:0.0043(area=0.186,rej=ok)]
[INFO] [1781876814.717134618] [yolo_live_browser_preview]: [MVP_TARGET] class=bottle score=0.0026 bbox=[961, 185, 316, 372] area=0.1276 vote=6/6 reason=confirmed_by_multiframe_votes raw=1 [bottle:0.0021(area=0.114,rej=ok)]
[INFO] [1781876815.773554604] [yolo_live_browser_preview]: [MVP_TARGET] class=bottle score=0.0026 bbox=[840, 191, 436, 370] area=0.1750 vote=6/6 reason=confirmed_by_multiframe_votes raw=1 [bottle:0.0012(area=0.185,rej=ok)]
[INFO] [1781876816.818919759] [yolo_live_browser_preview]: [MVP_TARGET] class=bottle score=0.0034 bbox=[818, 191, 458, 369] area=0.1834 vote=6/6 reason=confirmed_by_multiframe_votes raw=1 [bottle:0.0034(area=0.186,rej=ok)]
[INFO] [1781876817.865478414] [yolo_live_browser_preview]: [MVP_TARGET] class=bottle score=0.0040 bbox=[816, 192, 460, 367] area=0.1832 vote=6/6 reason=confirmed_by_multiframe_votes raw=1 [bottle:0.0018(area=0.185,rej=ok)]
[INFO] [1781876819.017990038] [yolo_live_browser_preview]: [MVP_TARGET] class=bottle score=0.0048 bbox=[844, 193, 433, 367] area=0.1724 vote=6/6 reason=confirmed_by_multiframe_votes raw=1 [bottle:0.0021(area=0.182,rej=ok)]
[INFO] [1781876820.115503928] [yolo_live_browser_preview]: [MVP_TARGET] class=bottle score=0.0027 bbox=[838, 187, 438, 370] area=0.1758 vote=6/6 reason=confirmed_by_multiframe_votes raw=1 [bottle:0.0026(area=0.187,rej=ok)]
[INFO] [1781876821.242939185] [yolo_live_browser_preview]: [MVP_TARGET] class=bottle score=0.0034 bbox=[815, 193, 461, 366] area=0.1831 vote=6/6 reason=confirmed_by_multiframe_votes raw=1 [bottle:0.0033(area=0.186,rej=ok)]
[INFO] [1781876822.315272748] [yolo_live_browser_preview]: [MVP_TARGET] class=bottle score=0.0048 bbox=[810, 191, 466, 367] area=0.1856 vote=6/6 reason=confirmed_by_multiframe_votes raw=1 [bottle:0.0033(area=0.185,rej=ok)]
[INFO] [1781876823.321446123] [yolo_live_browser_preview]: [MVP_TARGET] class=bottle score=0.0032 bbox=[816, 191, 460, 369] area=0.1842 vote=6/6 reason=confirmed_by_multiframe_votes raw=1 [bottle:0.0029(area=0.187,rej=ok)]
[INFO] [1781876824.414486306] [yolo_live_browser_preview]: [MVP_TARGET] class=bottle score=0.0034 bbox=[820, 194, 456, 366] area=0.1811 vote=6/6 reason=confirmed_by_multiframe_votes raw=1 [bottle:0.0028(area=0.183,rej=ok)]
[INFO] [1781876825.513294737] [yolo_live_browser_preview]: [MVP_TARGET] class=bottle score=0.0074 bbox=[810, 192, 466, 368] area=0.1861 vote=6/6 reason=confirmed_by_multiframe_votes raw=1 [bottle:0.0058(area=0.186,rej=ok)]
[INFO] [1781876826.618638417] [yolo_live_browser_preview]: [MVP_TARGET] class=bottle score=0.0032 bbox=[842, 193, 434, 366] area=0.1724 vote=6/6 reason=confirmed_by_multiframe_votes raw=1 [bottle:0.0032(area=0.183,rej=ok)]
[INFO] [1781876827.709074142] [yolo_live_browser_preview]: [MVP_TARGET] class=bottle score=0.0037 bbox=[966, 181, 310, 377] area=0.1268 vote=6/6 reason=confirmed_by_multiframe_votes raw=1 [bottle:0.0021(area=0.115,rej=ok)]
[INFO] [1781876828.715508683] [yolo_live_browser_preview]: [MVP_TARGET] class=bottle score=0.0028 bbox=[808, 194, 468, 364] area=0.1848 vote=6/6 reason=confirmed_by_multiframe_votes raw=1 [bottle:0.0011(area=0.185,rej=ok)]
[INFO] [1781876829.722891682] [yolo_live_browser_preview]: [MVP_TARGET] class=bottle score=0.0034 bbox=[814, 194, 462, 367] area=0.1840 vote=6/6 reason=confirmed_by_multiframe_votes raw=1 [bottle:0.0030(area=0.186,rej=ok)]
[INFO] [1781876830.770628795] [yolo_live_browser_preview]: [MVP_TARGET] class=bottle score=0.0042 bbox=[809, 191, 465, 367] area=0.1852 vote=6/6 reason=confirmed_by_multiframe_votes raw=1 [bottle:0.0028(area=0.186,rej=ok)]
[INFO] [1781876831.818710949] [yolo_live_browser_preview]: [MVP_TARGET] class=bottle score=0.0036 bbox=[812, 197, 463, 361] area=0.1814 vote=6/6 reason=confirmed_by_multiframe_votes raw=1 [bottle:0.0014(area=0.181,rej=ok)]
[INFO] [1781876832.860008354] [yolo_live_browser_preview]: [MVP_TARGET] class=bottle score=0.0042 bbox=[840, 188, 436, 371] area=0.1755 vote=6/6 reason=confirmed_by_multiframe_votes raw=1 [bottle:0.0042(area=0.187,rej=ok)]
[INFO] [1781876833.867513187] [yolo_live_browser_preview]: [MVP_TARGET] class=bottle score=0.0049 bbox=[837, 189, 437, 371] area=0.1759 vote=6/6 reason=confirmed_by_multiframe_votes raw=1 [bottle:0.0026(area=0.188,rej=ok)]
[INFO] [1781876834.938283251] [yolo_live_browser_preview]: [MVP_TARGET] class=bottle score=0.0040 bbox=[960, 179, 316, 379] area=0.1300 vote=6/6 reason=confirmed_by_multiframe_votes raw=1 [bottle:0.0020(area=0.115,rej=ok)]
[INFO] [1781876835.965900536] [yolo_live_browser_preview]: [MVP_TARGET] class=bottle score=0.0037 bbox=[960, 182, 316, 376] area=0.1289 vote=6/6 reason=confirmed_by_multiframe_votes raw=1 [bottle:0.0023(area=0.114,rej=ok)]
[INFO] [1781876837.019897354] [yolo_live_browser_preview]: [MVP_TARGET] class=bottle score=0.0048 bbox=[808, 193, 468, 365] area=0.1854 vote=6/6 reason=confirmed_by_multiframe_votes raw=1 [bottle:0.0019(area=0.186,rej=ok)]
[INFO] [1781876838.116781952] [yolo_live_browser_preview]: [MVP_TARGET] class=bottle score=0.0047 bbox=[840, 191, 436, 367] area=0.1736 vote=6/6 reason=confirmed_by_multiframe_votes raw=1 [bottle:0.0021(area=0.185,rej=ok)]
[INFO] [1781876839.118939911] [yolo_live_browser_preview]: [MVP_TARGET] class=bottle score=0.0041 bbox=[838, 187, 438, 370] area=0.1758 vote=6/6 reason=confirmed_by_multiframe_votes raw=1 [bottle:0.0020(area=0.188,rej=ok)]
[INFO] [1781876840.192309641] [yolo_live_browser_preview]: [MVP_TARGET] class=bottle score=0.0041 bbox=[816, 197, 460, 363] area=0.1812 vote=6/6 reason=confirmed_by_multiframe_votes raw=1 [bottle:0.0023(area=0.183,rej=ok)]
[INFO] [1781876841.222043175] [yolo_live_browser_preview]: [MVP_TARGET] class=bottle score=0.0041 bbox=[810, 191, 466, 369] area=0.1866 vote=6/6 reason=confirmed_by_multiframe_votes raw=1 [bottle:0.0022(area=0.187,rej=ok)]
[INFO] [1781876842.267226871] [yolo_live_browser_preview]: [MVP_TARGET] class=bottle score=0.0037 bbox=[809, 188, 467, 371] area=0.1880 vote=6/6 reason=confirmed_by_multiframe_votes raw=1 [bottle:0.0023(area=0.189,rej=ok)]
[INFO] [1781876843.317600107] [yolo_live_browser_preview]: [MVP_TARGET] class=bottle score=0.0040 bbox=[960, 190, 316, 370] area=0.1269 vote=6/6 reason=confirmed_by_multiframe_votes raw=1 [bottle:0.0015(area=0.112,rej=ok)]
[INFO] [1781876844.487455517] [yolo_live_browser_preview]: [MVP_TARGET] class=bottle score=0.0035 bbox=[819, 193, 457, 367] area=0.1820 vote=6/6 reason=confirmed_by_multiframe_votes raw=1 [bottle:0.0035(area=0.184,rej=ok)]
[INFO] [1781876845.520266633] [yolo_live_browser_preview]: [MVP_TARGET] class=bottle score=0.0037 bbox=[840, 191, 436, 367] area=0.1736 vote=6/6 reason=confirmed_by_multiframe_votes raw=1 [bottle:0.0027(area=0.185,rej=ok)]
[INFO] [1781876846.567339162] [yolo_live_browser_preview]: [MVP_TARGET] class=bottle score=0.0054 bbox=[812, 194, 463, 366] area=0.1839 vote=6/6 reason=confirmed_by_multiframe_votes raw=1 [bottle:0.0026(area=0.183,rej=ok)]
[INFO] [1781876847.667955716] [yolo_live_browser_preview]: [MVP_TARGET] class=bottle score=0.0043 bbox=[960, 188, 318, 370] area=0.1277 vote=6/6 reason=confirmed_by_multiframe_votes raw=1 [bottle:0.0031(area=0.113,rej=ok)]
[INFO] [1781876848.764427189] [yolo_live_browser_preview]: [MVP_TARGET] class=bottle score=0.0046 bbox=[842, 191, 434, 368] area=0.1733 vote=6/6 reason=confirmed_by_multiframe_votes raw=1 [bottle:0.0037(area=0.183,rej=ok)]
[INFO] [1781876849.817269883] [yolo_live_browser_preview]: [MVP_TARGET] class=bottle score=0.0042 bbox=[809, 194, 465, 366] area=0.1847 vote=6/6 reason=confirmed_by_multiframe_votes raw=1 [bottle:0.0026(area=0.185,rej=ok)]
[INFO] [1781876850.867999243] [yolo_live_browser_preview]: [MVP_TARGET] class=bottle score=0.0030 bbox=[817, 194, 459, 368] area=0.1833 vote=6/6 reason=confirmed_by_multiframe_votes raw=1 [bottle:0.0023(area=0.185,rej=ok)]
[INFO] [1781876851.941669139] [yolo_live_browser_preview]: [MVP_TARGET] class=bottle score=0.0045 bbox=[818, 187, 458, 373] area=0.1854 vote=6/6 reason=confirmed_by_multiframe_votes raw=1 [bottle:0.0022(area=0.188,rej=ok)]
[INFO] [1781876852.965553466] [yolo_live_browser_preview]: [MVP_TARGET] class=bottle score=0.0034 bbox=[814, 193, 462, 366] area=0.1835 vote=6/6 reason=confirmed_by_multiframe_votes raw=1 [bottle:0.0027(area=0.184,rej=ok)]
[INFO] [1781876854.088015223] [yolo_live_browser_preview]: [MVP_TARGET] class=bottle score=0.0038 bbox=[958, 195, 318, 363] area=0.1253 vote=6/6 reason=confirmed_by_multiframe_votes raw=1 [bottle:0.0037(area=0.110,rej=ok)]
[INFO] [1781876855.112754049] [yolo_live_browser_preview]: [MVP_TARGET] class=bottle score=0.0045 bbox=[812, 196, 464, 364] area=0.1833 vote=6/6 reason=confirmed_by_multiframe_votes raw=1 [bottle:0.0033(area=0.183,rej=ok)]
[INFO] [1781876856.213392562] [yolo_live_browser_preview]: [MVP_TARGET] class=bottle score=0.0043 bbox=[960, 184, 317, 374] area=0.1286 vote=6/6 reason=confirmed_by_multiframe_votes raw=1 [bottle:0.0021(area=0.114,rej=ok)]
[INFO] [1781876857.223583934] [yolo_live_browser_preview]: [MVP_TARGET] class=bottle score=0.0071 bbox=[811, 193, 465, 367] area=0.1852 vote=6/6 reason=confirmed_by_multiframe_votes raw=1 [bottle:0.0021(area=0.185,rej=ok)]
[INFO] [1781876858.317942324] [yolo_live_browser_preview]: [MVP_TARGET] class=bottle score=0.0040 bbox=[814, 191, 461, 369] area=0.1846 vote=6/6 reason=confirmed_by_multiframe_votes raw=1 [bottle:0.0019(area=0.187,rej=ok)]
[INFO] [1781876859.439367831] [yolo_live_browser_preview]: [MVP_TARGET] class=bottle score=0.0036 bbox=[840, 188, 436, 371] area=0.1755 vote=6/6 reason=confirmed_by_multiframe_votes raw=1 [bottle:0.0032(area=0.186,rej=ok)]
[INFO] [1781876860.515549684] [yolo_live_browser_preview]: [MVP_TARGET] class=bottle score=0.0043 bbox=[809, 195, 467, 365] area=0.1850 vote=6/6 reason=confirmed_by_multiframe_votes raw=1 [bottle:0.0037(area=0.185,rej=ok)]
[INFO] [1781876861.516200684] [yolo_live_browser_preview]: [MVP_TARGET] class=bottle score=0.0041 bbox=[960, 178, 317, 380] area=0.1307 vote=6/6 reason=confirmed_by_multiframe_votes raw=1 [bottle:0.0024(area=0.117,rej=ok)]
[INFO] [1781876862.564124003] [yolo_live_browser_preview]: [MVP_TARGET] class=bottle score=0.0047 bbox=[842, 189, 435, 370] area=0.1746 vote=6/6 reason=confirmed_by_multiframe_votes raw=1 [bottle:0.0018(area=0.185,rej=ok)]
[INFO] [1781876863.567003544] [yolo_live_browser_preview]: [MVP_TARGET] class=bottle score=0.0043 bbox=[810, 194, 466, 365] area=0.1846 vote=6/6 reason=confirmed_by_multiframe_votes raw=1 [bottle:0.0020(area=0.184,rej=ok)]
[INFO] [1781876864.617766696] [yolo_live_browser_preview]: [MVP_TARGET] class=bottle score=0.0031 bbox=[811, 193, 463, 366] area=0.1839 vote=6/6 reason=confirmed_by_multiframe_votes raw=1 [bottle:0.0029(area=0.184,rej=ok)]
[INFO] [1781876865.616624780] [yolo_live_browser_preview]: [MVP_TARGET] class=bottle score=0.0043 bbox=[961, 179, 315, 378] area=0.1292 vote=6/6 reason=confirmed_by_multiframe_votes raw=1 [bottle:0.0021(area=0.115,rej=ok)]
[INFO] [1781876866.667307265] [yolo_live_browser_preview]: [MVP_TARGET] class=bottle score=0.0050 bbox=[967, 177, 309, 380] area=0.1274 vote=6/6 reason=confirmed_by_multiframe_votes raw=1 [bottle:0.0033(area=0.115,rej=ok)]
[INFO] [1781876867.716338251] [yolo_live_browser_preview]: [MVP_TARGET] class=bottle score=0.0033 bbox=[844, 191, 432, 368] area=0.1725 vote=6/6 reason=confirmed_by_multiframe_votes raw=1 [bottle:0.0016(area=0.182,rej=ok)]
[INFO] [1781876868.867170332] [yolo_live_browser_preview]: [MVP_TARGET] class=bottle score=0.0047 bbox=[810, 191, 466, 369] area=0.1866 vote=6/6 reason=confirmed_by_multiframe_votes raw=1 [bottle:0.0020(area=0.187,rej=ok)]
[INFO] [1781876869.917371192] [yolo_live_browser_preview]: [MVP_TARGET] class=bottle score=0.0067 bbox=[810, 194, 465, 366] area=0.1847 vote=5/6 reason=confirmed_by_multiframe_votes raw=1 [bottle:0.0018(area=0.184,rej=ok)]
[INFO] [1781876871.017479746] [yolo_live_browser_preview]: [MVP_TARGET] class=bottle score=0.0043 bbox=[809, 189, 467, 370] area=0.1875 vote=6/6 reason=confirmed_by_multiframe_votes raw=1 [bottle:0.0043(area=0.188,rej=ok)]
[INFO] [1781876872.018007913] [yolo_live_browser_preview]: [MVP_TARGET] class=bottle score=0.0031 bbox=[808, 195, 466, 363] area=0.1835 vote=6/6 reason=confirmed_by_multiframe_votes raw=1 [bottle:0.0017(area=0.184,rej=ok)]
[INFO] [1781876873.069335231] [yolo_live_browser_preview]: [MVP_TARGET] class=bottle score=0.0039 bbox=[810, 194, 466, 366] area=0.1851 vote=6/6 reason=confirmed_by_multiframe_votes raw=1 [bottle:0.0013(area=0.185,rej=ok)]
[INFO] [1781876874.216247271] [yolo_live_browser_preview]: [MVP_TARGET] class=bottle score=0.0038 bbox=[812, 192, 464, 369] area=0.1858 vote=6/6 reason=confirmed_by_multiframe_votes raw=1 [bottle:0.0034(area=0.187,rej=ok)]
[INFO] [1781876875.267084923] [yolo_live_browser_preview]: [MVP_TARGET] class=bottle score=0.0043 bbox=[960, 187, 316, 371] area=0.1272 vote=6/6 reason=confirmed_by_multiframe_votes raw=1 [bottle:0.0031(area=0.112,rej=ok)]
[INFO] [1781876876.267723005] [yolo_live_browser_preview]: [MVP_TARGET] class=bottle score=0.0050 bbox=[820, 191, 456, 368] area=0.1821 vote=6/6 reason=confirmed_by_multiframe_votes raw=1 [bottle:0.0043(area=0.184,rej=ok)]
[INFO] [1781876877.365647935] [yolo_live_browser_preview]: [MVP_TARGET] class=bottle score=0.0047 bbox=[816, 195, 460, 365] area=0.1822 vote=6/6 reason=confirmed_by_multiframe_votes raw=1 [bottle:0.0018(area=0.184,rej=ok)]
[INFO] [1781876878.465844989] [yolo_live_browser_preview]: [MVP_TARGET] class=bottle score=0.0037 bbox=[810, 189, 466, 371] area=0.1876 vote=6/6 reason=confirmed_by_multiframe_votes raw=1 [bottle:0.0012(area=0.188,rej=ok)]
[INFO] [1781876879.472035903] [yolo_live_browser_preview]: [MVP_TARGET] class=bottle score=0.0045 bbox=[821, 193, 454, 369] area=0.1818 vote=6/6 reason=confirmed_by_multiframe_votes raw=1 [bottle:0.0038(area=0.183,rej=ok)]
[INFO] [1781876880.539849633] [yolo_live_browser_preview]: [MVP_TARGET] class=bottle score=0.0040 bbox=[848, 191, 428, 369] area=0.1714 vote=6/6 reason=confirmed_by_multiframe_votes raw=1 [bottle:0.0018(area=0.184,rej=ok)]
[INFO] [1781876881.555828128] [yolo_live_browser_preview]: [MVP_TARGET] class=bottle score=0.0049 bbox=[817, 191, 459, 369] area=0.1838 vote=6/6 reason=confirmed_by_multiframe_votes raw=1 [bottle:0.0035(area=0.187,rej=ok)]
[INFO] [1781876882.616330068] [yolo_live_browser_preview]: [MVP_TARGET] class=bottle score=0.0041 bbox=[815, 190, 460, 370] area=0.1847 vote=6/6 reason=confirmed_by_multiframe_votes raw=1 [bottle:0.0041(area=0.187,rej=ok)]
[INFO] [1781876883.663612178] [yolo_live_browser_preview]: [MVP_TARGET] class=bottle score=0.0036 bbox=[959, 180, 317, 377] area=0.1297 vote=6/6 reason=confirmed_by_multiframe_votes raw=1 [bottle:0.0015(area=0.115,rej=ok)]
[INFO] [1781876884.715987454] [yolo_live_browser_preview]: [MVP_TARGET] class=bottle score=0.0045 bbox=[810, 190, 466, 368] area=0.1861 vote=6/6 reason=confirmed_by_multiframe_votes raw=1 [bottle:0.0045(area=0.186,rej=ok)]
[INFO] [1781876885.772200895] [yolo_live_browser_preview]: [MVP_TARGET] class=bottle score=0.0039 bbox=[842, 191, 436, 368] area=0.1741 vote=6/6 reason=confirmed_by_multiframe_votes raw=1 [bottle:0.0039(area=0.184,rej=ok)]
[INFO] [1781876886.814346966] [yolo_live_browser_preview]: [MVP_TARGET] class=bottle score=0.0069 bbox=[816, 194, 460, 366] area=0.1827 vote=6/6 reason=confirmed_by_multiframe_votes raw=1 [bottle:0.0020(area=0.184,rej=ok)]
[INFO] [1781876887.832355501] [yolo_live_browser_preview]: [MVP_TARGET] class=bottle score=0.0046 bbox=[960, 178, 316, 379] area=0.1300 vote=6/6 reason=confirmed_by_multiframe_votes raw=1 [bottle:0.0020(area=0.116,rej=ok)]
[INFO] [1781876888.970861085] [yolo_live_browser_preview]: [MVP_TARGET] class=bottle score=0.0048 bbox=[811, 188, 465, 369] area=0.1862 vote=6/6 reason=confirmed_by_multiframe_votes raw=1 [bottle:0.0023(area=0.186,rej=ok)]
[INFO] [1781876890.016519946] [yolo_live_browser_preview]: [MVP_TARGET] class=bottle score=0.0034 bbox=[845, 193, 431, 368] area=0.1721 vote=6/6 reason=confirmed_by_multiframe_votes raw=1 [bottle:0.0018(area=0.182,rej=ok)]
[INFO] [1781876891.064500431] [yolo_live_browser_preview]: [MVP_TARGET] class=bottle score=0.0041 bbox=[965, 191, 311, 367] area=0.1238 vote=6/6 reason=confirmed_by_multiframe_votes raw=1 [bottle:0.0041(area=0.111,rej=ok)]
[INFO] [1781876892.116596873] [yolo_live_browser_preview]: [MVP_TARGET] class=bottle score=0.0042 bbox=[818, 190, 458, 369] area=0.1834 vote=6/6 reason=confirmed_by_multiframe_votes raw=1 [bottle:0.0042(area=0.186,rej=ok)]
[INFO] [1781876893.141964657] [yolo_live_browser_preview]: [MVP_TARGET] class=bottle score=0.0047 bbox=[961, 179, 315, 379] area=0.1295 vote=6/6 reason=confirmed_by_multiframe_votes raw=1 [bottle:0.0024(area=0.115,rej=ok)]
[INFO] [1781876894.219981050] [yolo_live_browser_preview]: [MVP_TARGET] class=bottle score=0.0032 bbox=[811, 193, 465, 369] area=0.1862 vote=6/6 reason=confirmed_by_multiframe_votes raw=1 [bottle:0.0018(area=0.187,rej=ok)]
[INFO] [1781876895.360052799] [yolo_live_browser_preview]: [MVP_TARGET] class=bottle score=0.0040 bbox=[989, 174, 287, 382] area=0.1190 vote=6/6 reason=confirmed_by_multiframe_votes raw=1 [bottle:0.0040(area=0.116,rej=ok)]
[INFO] [1781876896.424698863] [yolo_live_browser_preview]: [MVP_TARGET] class=bottle score=0.0034 bbox=[811, 191, 465, 369] area=0.1862 vote=6/6 reason=confirmed_by_multiframe_votes raw=1 [bottle:0.0015(area=0.185,rej=ok)]
[INFO] [1781876897.514637002] [yolo_live_browser_preview]: [MVP_TARGET] class=bottle score=0.0047 bbox=[843, 191, 433, 369] area=0.1734 vote=6/6 reason=confirmed_by_multiframe_votes raw=1 [bottle:0.0047(area=0.184,rej=ok)]
[INFO] [1781876898.722533232] [yolo_live_browser_preview]: [MVP_TARGET] class=bottle score=0.0044 bbox=[810, 194, 466, 364] area=0.1841 vote=6/6 reason=confirmed_by_multiframe_votes raw=1 [bottle:0.0044(area=0.184,rej=ok)]
[INFO] [1781876899.760430636] [yolo_live_browser_preview]: [MVP_TARGET] class=bottle score=0.0056 bbox=[991, 181, 285, 376] area=0.1163 vote=6/6 reason=confirmed_by_multiframe_votes raw=1 [bottle:0.0030(area=0.113,rej=ok)]
[INFO] [1781876900.860519564] [yolo_live_browser_preview]: [MVP_TARGET] class=bottle score=0.0051 bbox=[808, 193, 468, 365] area=0.1854 vote=6/6 reason=confirmed_by_multiframe_votes raw=1 [bottle:0.0041(area=0.185,rej=ok)]
[INFO] [1781876901.976208154] [yolo_live_browser_preview]: [MVP_TARGET] class=bottle score=0.0068 bbox=[814, 187, 461, 373] area=0.1866 vote=6/6 reason=confirmed_by_multiframe_votes raw=1 [bottle:0.0034(area=0.187,rej=ok)]
[INFO] [1781876903.015472558] [yolo_live_browser_preview]: [MVP_TARGET] class=bottle score=0.0044 bbox=[813, 187, 463, 372] area=0.1869 vote=6/6 reason=confirmed_by_multiframe_votes raw=1 [bottle:0.0044(area=0.188,rej=ok)]
[INFO] [1781876904.066999333] [yolo_live_browser_preview]: [MVP_TARGET] class=bottle score=0.0037 bbox=[815, 191, 461, 367] area=0.1836 vote=6/6 reason=confirmed_by_multiframe_votes raw=1 [bottle:0.0037(area=0.186,rej=ok)]
[INFO] [1781876905.165400512] [yolo_live_browser_preview]: [MVP_TARGET] class=bottle score=0.0029 bbox=[805, 193, 469, 366] area=0.1863 vote=6/6 reason=confirmed_by_multiframe_votes raw=1 [bottle:0.0016(area=0.187,rej=ok)]
[INFO] [1781876906.229679991] [yolo_live_browser_preview]: [MVP_TARGET] class=bottle score=0.0042 bbox=[961, 186, 315, 370] area=0.1265 vote=6/6 reason=confirmed_by_multiframe_votes raw=2 [bottle:0.0042(area=0.112,rej=ok), bottle:0.0010(area=0.258,rej=area_too_large)]
[INFO] [1781876907.366505283] [yolo_live_browser_preview]: [MVP_TARGET] class=bottle score=0.0037 bbox=[996, 171, 280, 386] area=0.1173 vote=5/6 reason=confirmed_by_multiframe_votes raw=1 [bottle:0.0016(area=0.117,rej=ok)]
[INFO] [1781876908.468071377] [yolo_live_browser_preview]: [MVP_TARGET] class=bottle score=0.0045 bbox=[814, 192, 460, 368] area=0.1837 vote=6/6 reason=confirmed_by_multiframe_votes raw=1 [bottle:0.0028(area=0.186,rej=ok)]
[INFO] [1781876909.567989763] [yolo_live_browser_preview]: [MVP_TARGET] class=bottle score=0.0038 bbox=[961, 178, 315, 381] area=0.1302 vote=6/6 reason=confirmed_by_multiframe_votes raw=1 [bottle:0.0017(area=0.116,rej=ok)]
[INFO] [1781876910.605430167] [yolo_live_browser_preview]: [MVP_TARGET] class=bottle score=0.0051 bbox=[959, 181, 317, 377] area=0.1297 vote=6/6 reason=confirmed_by_multiframe_votes raw=1 [bottle:0.0024(area=0.115,rej=ok)]
[INFO] [1781876911.614669663] [yolo_live_browser_preview]: [MVP_TARGET] class=bottle score=0.0045 bbox=[812, 192, 464, 368] area=0.1853 vote=6/6 reason=confirmed_by_multiframe_votes raw=1 [bottle:0.0021(area=0.186,rej=ok)]
[INFO] [1781876912.608964330] [yolo_live_browser_preview]: [MVP_TARGET] class=bottle score=0.0057 bbox=[811, 194, 465, 366] area=0.1847 vote=5/6 reason=confirmed_by_multiframe_votes raw=0 [none]
[INFO] [1781876913.720142504] [yolo_live_browser_preview]: [MVP_TARGET] class=bottle score=0.0035 bbox=[996, 172, 281, 385] area=0.1174 vote=6/6 reason=confirmed_by_multiframe_votes raw=1 [bottle:0.0035(area=0.117,rej=ok)]
[INFO] [1781876914.763590198] [yolo_live_browser_preview]: [MVP_TARGET] class=bottle score=0.0038 bbox=[810, 191, 466, 369] area=0.1866 vote=6/6 reason=confirmed_by_multiframe_votes raw=1 [bottle:0.0022(area=0.187,rej=ok)]
[INFO] [1781876915.766043570] [yolo_live_browser_preview]: [MVP_TARGET] class=bottle score=0.0042 bbox=[808, 187, 468, 373] area=0.1894 vote=6/6 reason=confirmed_by_multiframe_votes raw=1 [bottle:0.0019(area=0.190,rej=ok)]
[INFO] [1781876916.816953345] [yolo_live_browser_preview]: [MVP_TARGET] class=bottle score=0.0051 bbox=[809, 195, 467, 365] area=0.1850 vote=6/6 reason=confirmed_by_multiframe_votes raw=1 [bottle:0.0030(area=0.184,rej=ok)]
[INFO] [1781876917.866557413] [yolo_live_browser_preview]: [MVP_TARGET] class=bottle score=0.0039 bbox=[961, 179, 315, 381] area=0.1302 vote=6/6 reason=confirmed_by_multiframe_votes raw=1 [bottle:0.0019(area=0.116,rej=ok)]
[INFO] [1781876918.910774356] [yolo_live_browser_preview]: [MVP_TARGET] class=bottle score=0.0038 bbox=[961, 174, 314, 384] area=0.1308 vote=6/6 reason=confirmed_by_multiframe_votes raw=1 [bottle:0.0021(area=0.117,rej=ok)]
[INFO] [1781876919.964802588] [yolo_live_browser_preview]: [MVP_TARGET] class=bottle score=0.0029 bbox=[808, 194, 468, 364] area=0.1848 vote=6/6 reason=confirmed_by_multiframe_votes raw=1 [bottle:0.0014(area=0.186,rej=ok)]
[INFO] [1781876920.963533920] [yolo_live_browser_preview]: [MVP_TARGET] class=bottle score=0.0047 bbox=[843, 192, 433, 368] area=0.1729 vote=6/6 reason=confirmed_by_multiframe_votes raw=1 [bottle:0.0022(area=0.182,rej=ok)]
[INFO] [1781876922.065012347] [yolo_live_browser_preview]: [MVP_TARGET] class=bottle score=0.0040 bbox=[814, 194, 462, 366] area=0.1835 vote=6/6 reason=confirmed_by_multiframe_votes raw=1 [bottle:0.0021(area=0.186,rej=ok)]
[INFO] [1781876923.113109289] [yolo_live_browser_preview]: [MVP_TARGET] class=bottle score=0.0059 bbox=[806, 193, 468, 367] area=0.1864 vote=6/6 reason=confirmed_by_multiframe_votes raw=1 [bottle:0.0042(area=0.186,rej=ok)]
[INFO] [1781876924.210379300] [yolo_live_browser_preview]: [MVP_TARGET] class=bottle score=0.0044 bbox=[847, 192, 429, 369] area=0.1718 vote=6/6 reason=confirmed_by_multiframe_votes raw=1 [bottle:0.0022(area=0.185,rej=ok)]
[INFO] [1781876925.215170089] [yolo_live_browser_preview]: [MVP_TARGET] class=bottle score=0.0048 bbox=[991, 176, 285, 380] area=0.1175 vote=6/6 reason=confirmed_by_multiframe_votes raw=1 [bottle:0.0019(area=0.115,rej=ok)]
[INFO] [1781876926.217684794] [yolo_live_browser_preview]: [MVP_TARGET] class=bottle score=0.0047 bbox=[806, 193, 469, 367] area=0.1868 vote=6/6 reason=confirmed_by_multiframe_votes raw=1 [bottle:0.0036(area=0.188,rej=ok)]
[INFO] [1781876927.322002136] [yolo_live_browser_preview]: [MVP_TARGET] class=bottle score=0.0029 bbox=[961, 175, 316, 385] area=0.1320 vote=6/6 reason=confirmed_by_multiframe_votes raw=1 [bottle:0.0016(area=0.118,rej=ok)]
[INFO] [1781876928.470450299] [yolo_live_browser_preview]: [MVP_TARGET] class=bottle score=0.0024 bbox=[809, 194, 467, 366] area=0.1855 vote=6/6 reason=confirmed_by_multiframe_votes raw=1 [bottle:0.0018(area=0.186,rej=ok)]
[INFO] [1781876929.565984644] [yolo_live_browser_preview]: [MVP_TARGET] class=bottle score=0.0045 bbox=[811, 190, 465, 368] area=0.1857 vote=5/6 reason=confirmed_by_multiframe_votes raw=1 [bottle:0.0042(area=0.186,rej=ok)]
[INFO] [1781876930.566849433] [yolo_live_browser_preview]: [MVP_TARGET] class=bottle score=0.0040 bbox=[967, 183, 309, 376] area=0.1261 vote=6/6 reason=confirmed_by_multiframe_votes raw=1 [bottle:0.0024(area=0.114,rej=ok)]
[INFO] [1781876931.707982639] [yolo_live_browser_preview]: [MVP_TARGET] class=bottle score=0.0033 bbox=[966, 177, 310, 382] area=0.1285 vote=6/6 reason=confirmed_by_multiframe_votes raw=1 [bottle:0.0017(area=0.116,rej=ok)]
[INFO] [1781876932.767422161] [yolo_live_browser_preview]: [MVP_TARGET] class=bottle score=0.0053 bbox=[815, 197, 459, 363] area=0.1808 vote=6/6 reason=confirmed_by_multiframe_votes raw=1 [bottle:0.0023(area=0.181,rej=ok)]
[INFO] [1781876933.823010518] [yolo_live_browser_preview]: [MVP_TARGET] class=bottle score=0.0073 bbox=[813, 194, 465, 365] area=0.1842 vote=6/6 reason=confirmed_by_multiframe_votes raw=1 [bottle:0.0032(area=0.183,rej=ok)]
[INFO] [1781876935.078638273] [yolo_live_browser_preview]: [MVP_TARGET] class=bottle score=0.0040 bbox=[809, 191, 467, 369] area=0.1870 vote=6/6 reason=confirmed_by_multiframe_votes raw=1 [bottle:0.0040(area=0.188,rej=ok)]
[INFO] [1781876936.115174177] [yolo_live_browser_preview]: [MVP_TARGET] class=bottle score=0.0044 bbox=[848, 189, 429, 370] area=0.1722 vote=6/6 reason=confirmed_by_multiframe_votes raw=1 [bottle:0.0044(area=0.185,rej=ok)]
[INFO] [1781876937.175688115] [yolo_live_browser_preview]: [MVP_TARGET] class=bottle score=0.0035 bbox=[840, 186, 436, 372] area=0.1760 vote=6/6 reason=confirmed_by_multiframe_votes raw=1 [bottle:0.0035(area=0.187,rej=ok)]
[INFO] [1781876938.194598190] [yolo_live_browser_preview]: [MVP_TARGET] class=bottle score=0.0069 bbox=[848, 189, 428, 372] area=0.1728 vote=6/6 reason=confirmed_by_multiframe_votes raw=1 [bottle:0.0069(area=0.185,rej=ok)]
[INFO] [1781876939.211741016] [yolo_live_browser_preview]: [MVP_TARGET] class=bottle score=0.0042 bbox=[813, 194, 463, 364] area=0.1829 vote=5/6 reason=confirmed_by_multiframe_votes raw=0 [none]
[INFO] [1781876940.319716190] [yolo_live_browser_preview]: [MVP_TARGET] class=bottle score=0.0035 bbox=[818, 192, 458, 368] area=0.1829 vote=6/6 reason=confirmed_by_multiframe_votes raw=1 [bottle:0.0035(area=0.185,rej=ok)]
[INFO] [1781876941.411642619] [yolo_live_browser_preview]: [MVP_TARGET] class=bottle score=0.0041 bbox=[961, 178, 315, 382] area=0.1306 vote=6/6 reason=confirmed_by_multiframe_votes raw=1 [bottle:0.0022(area=0.116,rej=ok)]
[INFO] [1781876942.523104917] [yolo_live_browser_preview]: [MVP_TARGET] class=bottle score=0.0032 bbox=[821, 195, 455, 365] area=0.1802 vote=6/6 reason=confirmed_by_multiframe_votes raw=1 [bottle:0.0020(area=0.182,rej=ok)]
[INFO] [1781876943.536635452] [yolo_live_browser_preview]: [MVP_TARGET] class=bottle score=0.0049 bbox=[818, 195, 458, 365] area=0.1814 vote=6/6 reason=confirmed_by_multiframe_votes raw=1 [bottle:0.0024(area=0.183,rej=ok)]
[INFO] [1781876944.568321065] [yolo_live_browser_preview]: [MVP_TARGET] class=bottle score=0.0042 bbox=[997, 169, 279, 387] area=0.1172 vote=6/6 reason=confirmed_by_multiframe_votes raw=1 [bottle:0.0025(area=0.116,rej=ok)]
[INFO] [1781876945.669728157] [yolo_live_browser_preview]: [MVP_TARGET] class=bottle score=0.0038 bbox=[840, 191, 436, 370] area=0.1750 vote=6/6 reason=confirmed_by_multiframe_votes raw=1 [bottle:0.0034(area=0.185,rej=ok)]
[INFO] [1781876946.768952917] [yolo_live_browser_preview]: [MVP_TARGET] class=bottle score=0.0033 bbox=[818, 192, 458, 366] area=0.1819 vote=6/6 reason=confirmed_by_multiframe_votes raw=1 [bottle:0.0028(area=0.185,rej=ok)]
[INFO] [1781876947.864214845] [yolo_live_browser_preview]: [MVP_TARGET] class=bottle score=0.0033 bbox=[809, 192, 467, 366] area=0.1855 vote=6/6 reason=confirmed_by_multiframe_votes raw=1 [bottle:0.0023(area=0.185,rej=ok)]
[INFO] [1781876948.923184783] [yolo_live_browser_preview]: [MVP_TARGET] class=bottle score=0.0043 bbox=[806, 192, 469, 367] area=0.1868 vote=6/6 reason=confirmed_by_multiframe_votes raw=1 [bottle:0.0030(area=0.187,rej=ok)]
[INFO] [1781876949.967497600] [yolo_live_browser_preview]: [MVP_TARGET] class=bottle score=0.0044 bbox=[808, 192, 468, 366] area=0.1859 vote=6/6 reason=confirmed_by_multiframe_votes raw=1 [bottle:0.0029(area=0.186,rej=ok)]
[INFO] [1781876951.014537833] [yolo_live_browser_preview]: [MVP_TARGET] class=bottle score=0.0046 bbox=[959, 173, 317, 385] area=0.1324 vote=6/6 reason=confirmed_by_multiframe_votes raw=1 [bottle:0.0015(area=0.118,rej=ok)]
[INFO] [1781876952.122086007] [yolo_live_browser_preview]: [MVP_TARGET] class=bottle score=0.0034 bbox=[965, 177, 311, 380] area=0.1282 vote=6/6 reason=confirmed_by_multiframe_votes raw=2 [bottle:0.0034(area=0.116,rej=ok), bottle:0.0010(area=0.263,rej=area_too_large)]
[INFO] [1781876953.117124131] [yolo_live_browser_preview]: [MVP_TARGET] class=bottle score=0.0041 bbox=[814, 195, 462, 366] area=0.1835 vote=6/6 reason=confirmed_by_multiframe_votes raw=1 [bottle:0.0034(area=0.183,rej=ok)]
[INFO] [1781876954.267671500] [yolo_live_browser_preview]: [MVP_TARGET] class=bottle score=0.0042 bbox=[810, 192, 466, 368] area=0.1861 vote=6/6 reason=confirmed_by_multiframe_votes raw=1 [bottle:0.0031(area=0.186,rej=ok)]
[INFO] [1781876955.371502591] [yolo_live_browser_preview]: [MVP_TARGET] class=bottle score=0.0045 bbox=[809, 187, 467, 373] area=0.1890 vote=6/6 reason=confirmed_by_multiframe_votes raw=1 [bottle:0.0045(area=0.190,rej=ok)]
[INFO] [1781876956.415474617] [yolo_live_browser_preview]: [MVP_TARGET] class=bottle score=0.0043 bbox=[813, 196, 464, 364] area=0.1833 vote=6/6 reason=confirmed_by_multiframe_votes raw=1 [bottle:0.0033(area=0.183,rej=ok)]
[INFO] [1781876957.469883056] [yolo_live_browser_preview]: [MVP_TARGET] class=bottle score=0.0030 bbox=[810, 197, 464, 363] area=0.1828 vote=6/6 reason=confirmed_by_multiframe_votes raw=1 [bottle:0.0014(area=0.182,rej=ok)]
[INFO] [1781876958.470723303] [yolo_live_browser_preview]: [MVP_TARGET] class=bottle score=0.0045 bbox=[813, 196, 464, 364] area=0.1833 vote=6/6 reason=confirmed_by_multiframe_votes raw=1 [bottle:0.0032(area=0.184,rej=ok)]
[INFO] [1781876959.522082909] [yolo_live_browser_preview]: [MVP_TARGET] class=bottle score=0.0057 bbox=[846, 190, 430, 371] area=0.1731 vote=6/6 reason=confirmed_by_multiframe_votes raw=1 [bottle:0.0030(area=0.187,rej=ok)]
[INFO] [1781876960.669351446] [yolo_live_browser_preview]: [MVP_TARGET] class=bottle score=0.0041 bbox=[841, 191, 435, 368] area=0.1737 vote=6/6 reason=confirmed_by_multiframe_votes raw=1 [bottle:0.0031(area=0.185,rej=ok)]
[INFO] [1781876961.678380773] [yolo_live_browser_preview]: [MVP_TARGET] class=bottle score=0.0040 bbox=[842, 193, 434, 366] area=0.1724 vote=6/6 reason=confirmed_by_multiframe_votes raw=1 [bottle:0.0032(area=0.183,rej=ok)]
[INFO] [1781876962.765137161] [yolo_live_browser_preview]: [MVP_TARGET] class=bottle score=0.0042 bbox=[840, 190, 436, 369] area=0.1746 vote=6/6 reason=confirmed_by_multiframe_votes raw=1 [bottle:0.0037(area=0.185,rej=ok)]
[INFO] [1781876963.762212367] [yolo_live_browser_preview]: [MVP_TARGET] class=bottle score=0.0036 bbox=[968, 187, 308, 371] area=0.1240 vote=6/6 reason=confirmed_by_multiframe_votes raw=1 [bottle:0.0019(area=0.112,rej=ok)]
[INFO] [1781876964.765908196] [yolo_live_browser_preview]: [MVP_TARGET] class=bottle score=0.0034 bbox=[962, 178, 314, 380] area=0.1295 vote=6/6 reason=confirmed_by_multiframe_votes raw=1 [bottle:0.0018(area=0.116,rej=ok)]
[INFO] [1781876965.454427618] [yolo_live_browser_preview]: summary: frames=3384 dets=3383 mvp_found=3236
Failed to publish log message to rosout: publisher's context is invalid, at ./src/rcl/publisher.c:389
Traceback (most recent call last):
  File "/root/rdk_x5_vln_robot/debug_tools/yolo_live_browser_preview.py", line 525, in <module>
    main()
  File "/root/rdk_x5_vln_robot/debug_tools/yolo_live_browser_preview.py", line 511, in main
    rclpy.spin(node)
  File "/opt/ros/humble/local/lib/python3.10/dist-packages/rclpy/__init__.py", line 229, in spin
    executor.spin_once()
  File "/opt/ros/humble/local/lib/python3.10/dist-packages/rclpy/executors.py", line 751, in spin_once
    self._spin_once_impl(timeout_sec)
  File "/opt/ros/humble/local/lib/python3.10/dist-packages/rclpy/executors.py", line 740, in _spin_once_impl
    handler, entity, node = self.wait_for_ready_callbacks(timeout_sec=timeout_sec)
  File "/opt/ros/humble/local/lib/python3.10/dist-packages/rclpy/executors.py", line 723, in wait_for_ready_callbacks
    return next(self._cb_iter)
  File "/opt/ros/humble/local/lib/python3.10/dist-packages/rclpy/executors.py", line 596, in _wait_for_ready_callbacks
    wait_set = _rclpy.WaitSet(
rclpy._rclpy_pybind11.RCLError: failed to initialize wait set: the given context is not valid, either rcl_init() was not called or rcl_shutdown() was called., at ./src/rcl/wait.c:130
