[WARN] [1781018346.508289818] [hobot_yolo_world]: This is hobot yolo world!
[WARN] [1781018346.604851742] [hobot_yolo_world]: Parameter:
 feed_type(0:local, 1:sub): 0
 image: config/live_scene_test.jpg
 dump_render_img: 1
 is_shared_mem_sub: 0
 score_threshold: 0.01
 iou_threshold: 0.45
 nms_top_k: 50
 texts: backpack,chair,handbag,person
 ai_msg_pub_topic_name: /hobot_yolo_world
 ros_img_sub_topic_name: /image
 ros_string_sub_topic_name: /target_words
[WARN] [1781018346.845945571] [hobot_yolo_world]: Parameter:
 model_file_name: config/yolo_world.bin
 model_name: 
[INFO] [1781018346.846120155] [dnn]: Node init.
[INFO] [1781018346.846165197] [hobot_yolo_world]: Set node para.
[WARN] [1781018346.846203530] [hobot_yolo_world]: model_file_name_: config/yolo_world.bin, task_num: 4
[INFO] [1781018346.846244239] [dnn]: Model init.
[BPU_PLAT]BPU Platform Version(1.3.6)! soc info(x5)
[HBRT] set log level as 0. version = 3.15.55.0
[DNN] Runtime version = 1.24.5_(3.15.55 HBRT)
[A][DNN][packed_model.cpp:247][Model](2026-06-09,23:19:07.477.740) [HorizonRT] The model builder version = 1.23.5
[INFO] [1781018347.805940259] [dnn]: The model input 0 width is 3 and height is 640
[INFO] [1781018347.806152759] [dnn]: The model input 1 width is 1 and height is 512
[INFO] [1781018347.806361301] [dnn]: 
Model Info:
name: yolo_world_pad_pretrain_norm_new.
[input]
 - (0) Layout: NHWC, Shape: [1, 640, 640, 3], Type: HB_DNN_TENSOR_TYPE_F32.
 - (1) Layout: NHWC, Shape: [1, 32, 512, 1], Type: HB_DNN_TENSOR_TYPE_F32.
[output]
 - (0) Layout: NCHW, Shape: [1, 8400, 32, 1], Type: HB_DNN_TENSOR_TYPE_F32.
 - (1) Layout: NCHW, Shape: [1, 8400, 4, 1], Type: HB_DNN_TENSOR_TYPE_F32.

[INFO] [1781018347.806454676] [dnn]: Task init.
[INFO] [1781018347.808322179] [dnn]: Set task_num [4]
[WARN] [1781018347.808520388] [hobot_yolo_world]: Get model name: yolo_world_pad_pretrain_norm_new from load model.
[INFO] [1781018347.808593888] [hobot_yolo_world]: The model input width is 640 and height is 640
[WARN] [1781018347.808666554] [hobot_yolo_world]: Create ai msg publisher with topic_name: /hobot_yolo_world
[INFO] [1781018347.835095049] [hobot_yolo_world]: Dnn node feed with local image: config/live_scene_test.jpg
[W][DNN]bpu_model_info.cpp:491][Version](2026-06-09,23:19:07.794.611) Model: yolo_world_pad_pretrain_norm_new. Inconsistency between the hbrt library version 3.15.55.0 and the model build version 3.15.47.0 detected, in order to ensure correct model results, it is recommended to use compilation tools and the BPU SDK from the same OpenExplorer package.
[INFO] [1781018348.063164236] [hobot_yolo_world]: Output from frame_id: feedback, stamp: 0.0
[INFO] [1781018348.064677404] [hobot_yolo_world]: out box size: 1
[INFO] [1781018348.064866946] [hobot_yolo_world]: det rect: 297.731 15.6344 539.816 249.713, det type: person, score:0.031876
[INFO] [1781018348.083037346] [ImageUtils]: target size: 1
[INFO] [1781018348.083216888] [ImageUtils]: target type: person, rois.size: 1
[INFO] [1781018348.083261805] [ImageUtils]: roi.type: person, x_offset: 297 y_offset: 15 width: 242 height: 234
[WARN] [1781018348.083604180] [ImageUtils]: Draw result to file: render_feedback_0_0.jpeg
