[INFO] [1782797959.947912092] [failsafe_nav_foxglove_viz]: ===== failsafe_nav_foxglove_viz =====
[INFO] [1782797959.952123135] [failsafe_nav_foxglove_viz]: viz_image source=compressed topic=/image max_fps=15.0 max_width=640 format=jpeg wall_stamp=True
[INFO] [1782797959.956207886] [failsafe_nav_foxglove_viz]: markers=/failsafe_nav/markers raw=/failsafe_nav/debug_image jpeg=/failsafe_nav/debug_image/compressed
[INFO] [1782797959.960150845] [failsafe_nav_foxglove_viz]: frame_id=laser
[INFO] [1782797964.813787067] [failsafe_nav_foxglove_viz]: viz frames published=57 dropped=0
[INFO] [1782797969.827911316] [failsafe_nav_foxglove_viz]: viz frames published=65 dropped=0
[INFO] [1782797974.820947554] [failsafe_nav_foxglove_viz]: viz frames published=65 dropped=0
[INFO] [1782797979.824176330] [failsafe_nav_foxglove_viz]: viz frames published=63 dropped=0
[INFO] [1782797984.840074811] [failsafe_nav_foxglove_viz]: viz frames published=60 dropped=0
[INFO] [1782797989.851817746] [failsafe_nav_foxglove_viz]: viz frames published=59 dropped=0
[INFO] [1782797994.808199548] [failsafe_nav_foxglove_viz]: viz frames published=59 dropped=0
[INFO] [1782797999.823068186] [failsafe_nav_foxglove_viz]: viz frames published=59 dropped=0
[INFO] [1782798004.806798988] [failsafe_nav_foxglove_viz]: viz frames published=59 dropped=0
[INFO] [1782798009.814352832] [failsafe_nav_foxglove_viz]: viz frames published=59 dropped=0
[INFO] [1782798014.880363928] [failsafe_nav_foxglove_viz]: viz frames published=60 dropped=0
[INFO] [1782798019.823227773] [failsafe_nav_foxglove_viz]: viz frames published=59 dropped=0
[INFO] [1782798024.844118037] [failsafe_nav_foxglove_viz]: viz frames published=60 dropped=0
[INFO] [1782798029.835940137] [failsafe_nav_foxglove_viz]: viz frames published=59 dropped=0
[INFO] [1782798034.857418573] [failsafe_nav_foxglove_viz]: viz frames published=60 dropped=0
[INFO] [1782798039.840524974] [failsafe_nav_foxglove_viz]: viz frames published=59 dropped=0
[INFO] [1782798044.866886501] [failsafe_nav_foxglove_viz]: viz frames published=59 dropped=0
[INFO] [1782798049.848296288] [failsafe_nav_foxglove_viz]: viz frames published=58 dropped=0
[INFO] [1782798054.827292916] [failsafe_nav_foxglove_viz]: viz frames published=59 dropped=0
[INFO] [1782798059.867702670] [failsafe_nav_foxglove_viz]: viz frames published=57 dropped=0
[INFO] [1782798064.849425605] [failsafe_nav_foxglove_viz]: viz frames published=59 dropped=0
[INFO] [1782798069.827900758] [failsafe_nav_foxglove_viz]: viz frames published=59 dropped=0
[INFO] [1782798074.871975577] [failsafe_nav_foxglove_viz]: viz frames published=60 dropped=0
[INFO] [1782798079.844093918] [failsafe_nav_foxglove_viz]: viz frames published=59 dropped=0
[INFO] [1782798084.868315886] [failsafe_nav_foxglove_viz]: viz frames published=60 dropped=0
[INFO] [1782798089.821733130] [failsafe_nav_foxglove_viz]: viz frames published=59 dropped=0
[INFO] [1782798094.831021333] [failsafe_nav_foxglove_viz]: viz frames published=59 dropped=0
[INFO] [1782798099.802174142] [failsafe_nav_foxglove_viz]: viz frames published=59 dropped=0
[INFO] [1782798104.814296621] [failsafe_nav_foxglove_viz]: viz frames published=58 dropped=0
[INFO] [1782798109.824703241] [failsafe_nav_foxglove_viz]: viz frames published=59 dropped=0
[INFO] [1782798114.828567293] [failsafe_nav_foxglove_viz]: viz frames published=59 dropped=0
[INFO] [1782798119.862240519] [failsafe_nav_foxglove_viz]: viz frames published=60 dropped=0
[INFO] [1782798124.834249696] [failsafe_nav_foxglove_viz]: viz frames published=59 dropped=0
[INFO] [1782798129.876376119] [failsafe_nav_foxglove_viz]: viz frames published=60 dropped=0
[INFO] [1782798134.873910281] [failsafe_nav_foxglove_viz]: viz frames published=59 dropped=0
[INFO] [1782798139.844164472] [failsafe_nav_foxglove_viz]: viz frames published=58 dropped=0
[INFO] [1782798144.836436840] [failsafe_nav_foxglove_viz]: viz frames published=58 dropped=0
[INFO] [1782798149.832584811] [failsafe_nav_foxglove_viz]: viz frames published=58 dropped=0
[INFO] [1782798154.804568936] [failsafe_nav_foxglove_viz]: viz frames published=54 dropped=0
[INFO] [1782798159.811032778] [failsafe_nav_foxglove_viz]: viz frames published=55 dropped=0
[INFO] [1782798164.822171847] [failsafe_nav_foxglove_viz]: viz frames published=56 dropped=0
[INFO] [1782798169.858489219] [failsafe_nav_foxglove_viz]: viz frames published=57 dropped=0
[INFO] [1782798174.828301808] [failsafe_nav_foxglove_viz]: viz frames published=58 dropped=0
[INFO] [1782798179.809572792] [failsafe_nav_foxglove_viz]: viz frames published=59 dropped=0
[INFO] [1782798184.802355461] [failsafe_nav_foxglove_viz]: viz frames published=57 dropped=0
[INFO] [1782798189.839594592] [failsafe_nav_foxglove_viz]: viz frames published=60 dropped=0
[INFO] [1782798194.822223065] [failsafe_nav_foxglove_viz]: viz frames published=60 dropped=0
[INFO] [1782798199.813124310] [failsafe_nav_foxglove_viz]: viz frames published=60 dropped=0
[INFO] [1782798204.869685423] [failsafe_nav_foxglove_viz]: viz frames published=60 dropped=0
[INFO] [1782798209.821495658] [failsafe_nav_foxglove_viz]: viz frames published=59 dropped=0
[INFO] [1782798214.839177427] [failsafe_nav_foxglove_viz]: viz frames published=57 dropped=0
[INFO] [1782798219.852579518] [failsafe_nav_foxglove_viz]: viz frames published=56 dropped=0
[INFO] [1782798224.850617646] [failsafe_nav_foxglove_viz]: viz frames published=58 dropped=0
[INFO] [1782798229.809200866] [failsafe_nav_foxglove_viz]: viz frames published=54 dropped=0
[INFO] [1782798234.865784185] [failsafe_nav_foxglove_viz]: viz frames published=56 dropped=0
[INFO] [1782798239.849085701] [failsafe_nav_foxglove_viz]: viz frames published=56 dropped=0
[INFO] [1782798244.871067433] [failsafe_nav_foxglove_viz]: viz frames published=60 dropped=0
[INFO] [1782798249.847192390] [failsafe_nav_foxglove_viz]: viz frames published=59 dropped=0
[INFO] [1782798254.846451156] [failsafe_nav_foxglove_viz]: viz frames published=60 dropped=0
[INFO] [1782798259.803147939] [failsafe_nav_foxglove_viz]: viz frames published=59 dropped=0
[INFO] [1782798264.845389285] [failsafe_nav_foxglove_viz]: viz frames published=60 dropped=0
[INFO] [1782798269.806621840] [failsafe_nav_foxglove_viz]: viz frames published=59 dropped=0
[INFO] [1782798274.803338989] [failsafe_nav_foxglove_viz]: viz frames published=57 dropped=0
[INFO] [1782798279.836275232] [failsafe_nav_foxglove_viz]: viz frames published=60 dropped=0
[INFO] [1782798284.801700637] [failsafe_nav_foxglove_viz]: viz frames published=59 dropped=0
[INFO] [1782798289.820777582] [failsafe_nav_foxglove_viz]: viz frames published=60 dropped=0
[INFO] [1782798294.867827919] [failsafe_nav_foxglove_viz]: viz frames published=60 dropped=0
[INFO] [1782798299.826691477] [failsafe_nav_foxglove_viz]: viz frames published=59 dropped=0
[INFO] [1782798304.849652485] [failsafe_nav_foxglove_viz]: viz frames published=58 dropped=0
[INFO] [1782798309.800477206] [failsafe_nav_foxglove_viz]: viz frames published=59 dropped=0
[INFO] [1782798314.850677268] [failsafe_nav_foxglove_viz]: viz frames published=60 dropped=0
[INFO] [1782798319.840327620] [failsafe_nav_foxglove_viz]: viz frames published=59 dropped=0
[INFO] [1782798324.856037032] [failsafe_nav_foxglove_viz]: viz frames published=60 dropped=0
[INFO] [1782798329.810611653] [failsafe_nav_foxglove_viz]: viz frames published=59 dropped=0
[INFO] [1782798334.834343095] [failsafe_nav_foxglove_viz]: viz frames published=60 dropped=0
[INFO] [1782798339.819055815] [failsafe_nav_foxglove_viz]: viz frames published=59 dropped=0
[INFO] [1782798344.843241835] [failsafe_nav_foxglove_viz]: viz frames published=60 dropped=0
[INFO] [1782798349.859878818] [failsafe_nav_foxglove_viz]: viz frames published=60 dropped=0
[INFO] [1782798354.862902227] [failsafe_nav_foxglove_viz]: viz frames published=60 dropped=0
[INFO] [1782798359.807786432] [failsafe_nav_foxglove_viz]: viz frames published=59 dropped=0
[INFO] [1782798364.822784956] [failsafe_nav_foxglove_viz]: viz frames published=60 dropped=0
[INFO] [1782798369.855542632] [failsafe_nav_foxglove_viz]: viz frames published=60 dropped=0
[INFO] [1782798374.813925411] [failsafe_nav_foxglove_viz]: viz frames published=59 dropped=0
[INFO] [1782798379.867854612] [failsafe_nav_foxglove_viz]: viz frames published=60 dropped=0
[INFO] [1782798384.812817948] [failsafe_nav_foxglove_viz]: viz frames published=59 dropped=0
[INFO] [1782798389.824497521] [failsafe_nav_foxglove_viz]: viz frames published=60 dropped=0
[INFO] [1782798394.823850565] [failsafe_nav_foxglove_viz]: viz frames published=60 dropped=0
[INFO] [1782798399.804539127] [failsafe_nav_foxglove_viz]: viz frames published=59 dropped=0
[INFO] [1782798404.842611476] [failsafe_nav_foxglove_viz]: viz frames published=60 dropped=0
[INFO] [1782798409.861408887] [failsafe_nav_foxglove_viz]: viz frames published=60 dropped=0
[INFO] [1782798414.811659737] [failsafe_nav_foxglove_viz]: viz frames published=59 dropped=0
[INFO] [1782798419.838395231] [failsafe_nav_foxglove_viz]: viz frames published=60 dropped=0
[INFO] [1782798424.854885948] [failsafe_nav_foxglove_viz]: viz frames published=60 dropped=0
[INFO] [1782798429.813034555] [failsafe_nav_foxglove_viz]: viz frames published=59 dropped=0
[INFO] [1782798434.874001699] [failsafe_nav_foxglove_viz]: viz frames published=61 dropped=0
[INFO] [1782798439.815523541] [failsafe_nav_foxglove_viz]: viz frames published=59 dropped=0
[INFO] [1782798444.835427025] [failsafe_nav_foxglove_viz]: viz frames published=60 dropped=0
[INFO] [1782798449.800557067] [failsafe_nav_foxglove_viz]: viz frames published=59 dropped=0
[INFO] [1782798454.833805718] [failsafe_nav_foxglove_viz]: viz frames published=60 dropped=0
[INFO] [1782798459.866834958] [failsafe_nav_foxglove_viz]: viz frames published=60 dropped=0
[INFO] [1782798464.880420141] [failsafe_nav_foxglove_viz]: viz frames published=59 dropped=0
[INFO] [1782798469.839605176] [failsafe_nav_foxglove_viz]: viz frames published=59 dropped=0
[INFO] [1782798474.809363084] [failsafe_nav_foxglove_viz]: viz frames published=59 dropped=0
[INFO] [1782798479.844587228] [failsafe_nav_foxglove_viz]: viz frames published=60 dropped=0
[INFO] [1782798484.855451946] [failsafe_nav_foxglove_viz]: viz frames published=60 dropped=0
[INFO] [1782798489.822613133] [failsafe_nav_foxglove_viz]: viz frames published=59 dropped=0
[INFO] [1782798494.828072374] [failsafe_nav_foxglove_viz]: viz frames published=59 dropped=0
[INFO] [1782798499.803103781] [failsafe_nav_foxglove_viz]: viz frames published=54 dropped=0
[INFO] [1782798504.853751954] [failsafe_nav_foxglove_viz]: viz frames published=55 dropped=0
[INFO] [1782798509.864816219] [failsafe_nav_foxglove_viz]: viz frames published=57 dropped=0
[INFO] [1782798514.801940237] [failsafe_nav_foxglove_viz]: viz frames published=59 dropped=0
[INFO] [1782798519.837818747] [failsafe_nav_foxglove_viz]: viz frames published=60 dropped=0
[INFO] [1782798524.875323767] [failsafe_nav_foxglove_viz]: viz frames published=60 dropped=0
[INFO] [1782798529.854353567] [failsafe_nav_foxglove_viz]: viz frames published=59 dropped=0
[INFO] [1782798534.870669006] [failsafe_nav_foxglove_viz]: viz frames published=60 dropped=0
[INFO] [1782798539.827787020] [failsafe_nav_foxglove_viz]: viz frames published=54 dropped=0
[INFO] [1782798544.835949076] [failsafe_nav_foxglove_viz]: viz frames published=55 dropped=0
[INFO] [1782798549.839873481] [failsafe_nav_foxglove_viz]: viz frames published=59 dropped=0
[INFO] [1782798554.834485410] [failsafe_nav_foxglove_viz]: viz frames published=59 dropped=0
[INFO] [1782798559.821517818] [failsafe_nav_foxglove_viz]: viz frames published=59 dropped=0
[INFO] [1782798564.861030933] [failsafe_nav_foxglove_viz]: viz frames published=60 dropped=0
[INFO] [1782798569.815189376] [failsafe_nav_foxglove_viz]: viz frames published=59 dropped=0
[INFO] [1782798574.829182264] [failsafe_nav_foxglove_viz]: viz frames published=59 dropped=0
[INFO] [1782798579.809049698] [failsafe_nav_foxglove_viz]: viz frames published=55 dropped=0
[INFO] [1782798584.849829779] [failsafe_nav_foxglove_viz]: viz frames published=56 dropped=0
[INFO] [1782798589.871372709] [failsafe_nav_foxglove_viz]: viz frames published=60 dropped=0
[INFO] [1782798594.840905471] [failsafe_nav_foxglove_viz]: viz frames published=59 dropped=0
[INFO] [1782798599.820035061] [failsafe_nav_foxglove_viz]: viz frames published=59 dropped=0
[INFO] [1782798604.824829779] [failsafe_nav_foxglove_viz]: viz frames published=59 dropped=0
[INFO] [1782798609.821086441] [failsafe_nav_foxglove_viz]: viz frames published=59 dropped=0
[INFO] [1782798614.832548226] [failsafe_nav_foxglove_viz]: viz frames published=60 dropped=0
[INFO] [1782798619.847981712] [failsafe_nav_foxglove_viz]: viz frames published=57 dropped=0
[INFO] [1782798624.882493157] [failsafe_nav_foxglove_viz]: viz frames published=57 dropped=0
[INFO] [1782798629.844325688] [failsafe_nav_foxglove_viz]: viz frames published=58 dropped=0
[INFO] [1782798634.813140094] [failsafe_nav_foxglove_viz]: viz frames published=56 dropped=0
[INFO] [1782798639.825402470] [failsafe_nav_foxglove_viz]: viz frames published=59 dropped=0
[INFO] [1782798644.843672219] [failsafe_nav_foxglove_viz]: viz frames published=57 dropped=0
[INFO] [1782798649.839536790] [failsafe_nav_foxglove_viz]: viz frames published=55 dropped=0
[INFO] [1782798654.808131809] [failsafe_nav_foxglove_viz]: viz frames published=58 dropped=0
[INFO] [1782798659.871441356] [failsafe_nav_foxglove_viz]: viz frames published=60 dropped=0
[INFO] [1782798664.872183299] [failsafe_nav_foxglove_viz]: viz frames published=60 dropped=0
[INFO] [1782798669.819944811] [failsafe_nav_foxglove_viz]: viz frames published=59 dropped=0
[INFO] [1782798674.801656042] [failsafe_nav_foxglove_viz]: viz frames published=59 dropped=0
[INFO] [1782798679.814861784] [failsafe_nav_foxglove_viz]: viz frames published=60 dropped=0
[INFO] [1782798684.830840779] [failsafe_nav_foxglove_viz]: viz frames published=59 dropped=0
[INFO] [1782798689.873675699] [failsafe_nav_foxglove_viz]: viz frames published=58 dropped=0
[INFO] [1782798694.814751852] [failsafe_nav_foxglove_viz]: viz frames published=54 dropped=0
Traceback (most recent call last):
  File "/root/rdk_x5_vln_robot/src/apps/failsafe_nav_foxglove_viz.py", line 596, in <module>
    main()
  File "/root/rdk_x5_vln_robot/src/apps/failsafe_nav_foxglove_viz.py", line 586, in main
    rclpy.spin(node)
  File "/opt/ros/humble/local/lib/python3.10/dist-packages/rclpy/__init__.py", line 229, in spin
    executor.spin_once()
  File "/opt/ros/humble/local/lib/python3.10/dist-packages/rclpy/executors.py", line 751, in spin_once
    self._spin_once_impl(timeout_sec)
  File "/opt/ros/humble/local/lib/python3.10/dist-packages/rclpy/executors.py", line 748, in _spin_once_impl
    raise handler.exception()
  File "/opt/ros/humble/local/lib/python3.10/dist-packages/rclpy/task.py", line 254, in __call__
    self._handler.send(None)
  File "/opt/ros/humble/local/lib/python3.10/dist-packages/rclpy/executors.py", line 447, in handler
    await call_coroutine(entity, arg)
  File "/opt/ros/humble/local/lib/python3.10/dist-packages/rclpy/executors.py", line 372, in _execute_subscription
    await await_or_execute(sub.callback, msg)
  File "/opt/ros/humble/local/lib/python3.10/dist-packages/rclpy/executors.py", line 107, in await_or_execute
    return callback(*args)
  File "/root/rdk_x5_vln_robot/src/apps/failsafe_nav_foxglove_viz.py", line 355, in compressed_image_cb
    self._on_new_frame(frame, msg.header)
  File "/root/rdk_x5_vln_robot/src/apps/failsafe_nav_foxglove_viz.py", line 364, in _on_new_frame
    self._publish_debug_image()
  File "/root/rdk_x5_vln_robot/src/apps/failsafe_nav_foxglove_viz.py", line 381, in _publish_debug_image
    self.compressed_pub.publish(out)
  File "/opt/ros/humble/local/lib/python3.10/dist-packages/rclpy/publisher.py", line 70, in publish
    self.__publisher.publish(msg)
rclpy._rclpy_pybind11.RCLError: Failed to publish: publisher's context is invalid, at ./src/rcl/publisher.c:389
