[INFO] [1782819914.590675636] [m1_pwm_cmd_vel_bridge]: Initializing Rosmaster PWM bridge on /dev/ttyUSB1
[INFO] [1782819915.213116179] [m1_pwm_cmd_vel_bridge]: m1_pwm_cmd_vel_bridge started (drive_mode=pwm)
[INFO] [1782819915.215589341] [m1_pwm_cmd_vel_bridge]: Publishing odom topic=/odom, TF odom->base_link, source=get_motion_data()
[INFO] [1782819915.218071587] [m1_pwm_cmd_vel_bridge]: odom_wz_scale=1.0
[INFO] [1782819915.220815123] [m1_pwm_cmd_vel_bridge]: base_link yaw offset=0.0000 rad (0.0 deg)
[INFO] [1782819915.225363948] [m1_pwm_cmd_vel_bridge]: odom_xy_yaw offset=0.0000 rad (0.0 deg)
[INFO] [1782819915.228677192] [m1_pwm_cmd_vel_bridge]: fl-rl-fr-rr: M1=FL, M2=RL, M3=FR, M4=RR
[INFO] [1782819915.232323227] [m1_pwm_cmd_vel_bridge]: motor_signs=[1, 1, 1, 1], motor_trims=[1.0, 1.0, 1.0, 1.0]
[INFO] [1782819915.238372549] [m1_pwm_cmd_vel_bridge]: limits: max_vx=0.060, max_wz=0.060, vx_db=6.0, wz_db=8.0, pwm_max=30.0, vx_gain=180.0, wz_gain=120.0
[INFO] [1782819915.242443833] [m1_pwm_cmd_vel_bridge]: Tip: use angular.z in rad/s (e.g. 0.12~0.16), NOT 3.0. M1 wz breakaway from calibration is about 0.16 rad/s.
[INFO] [1782819916.682885929] [m1_pwm_cmd_vel_bridge]: raw cmd vx=0.000 wz=0.000 => target vx=0.000 wz=0.000
[INFO] [1782819916.691493122] [m1_pwm_cmd_vel_bridge]: raw cmd vx=0.000 wz=0.000 => target vx=0.000 wz=0.000
[INFO] [1782819916.751151177] [m1_pwm_cmd_vel_bridge]: raw cmd vx=0.000 wz=0.040 => target vx=0.000 wz=0.040
[INFO] [1782819916.786338111] [m1_pwm_cmd_vel_bridge]: sent pwm=(-3, -3, 3, 3) from vx=0.000 wz=0.040 vx_pwm=0.0 wz_pwm=12.8
[INFO] [1782819916.792500141] [m1_pwm_cmd_vel_bridge]: raw cmd vx=0.000 wz=0.040 => target vx=0.000 wz=0.040
[INFO] [1782819916.836478684] [m1_pwm_cmd_vel_bridge]: sent pwm=(-6, -6, 6, 6) from vx=0.000 wz=0.040 vx_pwm=0.0 wz_pwm=12.8
[INFO] [1782819916.856991770] [m1_pwm_cmd_vel_bridge]: raw cmd vx=0.000 wz=0.040 => target vx=0.000 wz=0.040
[INFO] [1782819916.886800881] [m1_pwm_cmd_vel_bridge]: sent pwm=(-9, -9, 9, 9) from vx=0.000 wz=0.040 vx_pwm=0.0 wz_pwm=12.8
[INFO] [1782819916.893358327] [m1_pwm_cmd_vel_bridge]: raw cmd vx=0.000 wz=0.040 => target vx=0.000 wz=0.040
[INFO] [1782819916.936303330] [m1_pwm_cmd_vel_bridge]: sent pwm=(-11, -11, 11, 11) from vx=0.000 wz=0.040 vx_pwm=0.0 wz_pwm=12.8
[INFO] [1782819916.945800063] [m1_pwm_cmd_vel_bridge]: raw cmd vx=0.000 wz=0.040 => target vx=0.000 wz=0.040
[INFO] [1782819916.986750861] [m1_pwm_cmd_vel_bridge]: sent pwm=(-12, -12, 12, 12) from vx=0.000 wz=0.040 vx_pwm=0.0 wz_pwm=12.8
[INFO] [1782819916.991954476] [m1_pwm_cmd_vel_bridge]: raw cmd vx=0.000 wz=0.040 => target vx=0.000 wz=0.040
[INFO] [1782819917.038270264] [m1_pwm_cmd_vel_bridge]: sent pwm=(-13, -13, 13, 13) from vx=0.000 wz=0.040 vx_pwm=0.0 wz_pwm=12.8
[INFO] [1782819917.050451575] [m1_pwm_cmd_vel_bridge]: raw cmd vx=0.000 wz=0.040 => target vx=0.000 wz=0.040
[INFO] [1782819917.086487883] [m1_pwm_cmd_vel_bridge]: sent pwm=(-13, -13, 13, 13) from vx=0.000 wz=0.040 vx_pwm=0.0 wz_pwm=12.8
[INFO] [1782819917.091035749] [m1_pwm_cmd_vel_bridge]: raw cmd vx=0.000 wz=0.040 => target vx=0.000 wz=0.040
[INFO] [1782819917.136651872] [m1_pwm_cmd_vel_bridge]: sent pwm=(-13, -13, 13, 13) from vx=0.000 wz=0.040 vx_pwm=0.0 wz_pwm=12.8
[INFO] [1782819917.153403674] [m1_pwm_cmd_vel_bridge]: raw cmd vx=0.000 wz=0.040 => target vx=0.000 wz=0.040
[INFO] [1782819917.187556569] [m1_pwm_cmd_vel_bridge]: sent pwm=(-13, -13, 13, 13) from vx=0.000 wz=0.040 vx_pwm=0.0 wz_pwm=12.8
[INFO] [1782819917.194171973] [m1_pwm_cmd_vel_bridge]: raw cmd vx=0.000 wz=0.040 => target vx=0.000 wz=0.040
[INFO] [1782819917.236101061] [m1_pwm_cmd_vel_bridge]: sent pwm=(-13, -13, 13, 13) from vx=0.000 wz=0.040 vx_pwm=0.0 wz_pwm=12.8
[INFO] [1782819917.245307336] [m1_pwm_cmd_vel_bridge]: raw cmd vx=0.000 wz=0.040 => target vx=0.000 wz=0.040
[INFO] [1782819917.287079591] [m1_pwm_cmd_vel_bridge]: sent pwm=(-13, -13, 13, 13) from vx=0.000 wz=0.040 vx_pwm=0.0 wz_pwm=12.8
[INFO] [1782819917.292579705] [m1_pwm_cmd_vel_bridge]: raw cmd vx=0.000 wz=0.040 => target vx=0.000 wz=0.040
[INFO] [1782819917.336946789] [m1_pwm_cmd_vel_bridge]: sent pwm=(-13, -13, 13, 13) from vx=0.000 wz=0.040 vx_pwm=0.0 wz_pwm=12.8
[INFO] [1782819917.349729474] [m1_pwm_cmd_vel_bridge]: raw cmd vx=0.000 wz=0.040 => target vx=0.000 wz=0.040
[INFO] [1782819917.385945656] [m1_pwm_cmd_vel_bridge]: sent pwm=(-13, -13, 13, 13) from vx=0.000 wz=0.040 vx_pwm=0.0 wz_pwm=12.8
[INFO] [1782819917.390472106] [m1_pwm_cmd_vel_bridge]: raw cmd vx=0.000 wz=0.040 => target vx=0.000 wz=0.040
[INFO] [1782819917.437105977] [m1_pwm_cmd_vel_bridge]: sent pwm=(-13, -13, 13, 13) from vx=0.000 wz=0.040 vx_pwm=0.0 wz_pwm=12.8
[INFO] [1782819917.453598404] [m1_pwm_cmd_vel_bridge]: raw cmd vx=0.000 wz=0.040 => target vx=0.000 wz=0.040
[INFO] [1782819917.489032921] [m1_pwm_cmd_vel_bridge]: sent pwm=(-13, -13, 13, 13) from vx=0.000 wz=0.040 vx_pwm=0.0 wz_pwm=12.8
[INFO] [1782819917.494014120] [m1_pwm_cmd_vel_bridge]: raw cmd vx=0.000 wz=0.040 => target vx=0.000 wz=0.040
[INFO] [1782819917.536834498] [m1_pwm_cmd_vel_bridge]: sent pwm=(-13, -13, 13, 13) from vx=0.000 wz=0.040 vx_pwm=0.0 wz_pwm=12.8
[INFO] [1782819917.550148890] [m1_pwm_cmd_vel_bridge]: raw cmd vx=0.000 wz=0.040 => target vx=0.000 wz=0.040
[INFO] [1782819917.586757613] [m1_pwm_cmd_vel_bridge]: sent pwm=(-13, -13, 13, 13) from vx=0.000 wz=0.040 vx_pwm=0.0 wz_pwm=12.8
[INFO] [1782819917.593774475] [m1_pwm_cmd_vel_bridge]: raw cmd vx=0.000 wz=0.040 => target vx=0.000 wz=0.040
[INFO] [1782819917.636587812] [m1_pwm_cmd_vel_bridge]: sent pwm=(-13, -13, 13, 13) from vx=0.000 wz=0.040 vx_pwm=0.0 wz_pwm=12.8
[INFO] [1782819917.649287288] [m1_pwm_cmd_vel_bridge]: raw cmd vx=0.000 wz=0.040 => target vx=0.000 wz=0.040
[INFO] [1782819917.685908011] [m1_pwm_cmd_vel_bridge]: sent pwm=(-13, -13, 13, 13) from vx=0.000 wz=0.040 vx_pwm=0.0 wz_pwm=12.8
[INFO] [1782819917.691795417] [m1_pwm_cmd_vel_bridge]: raw cmd vx=0.000 wz=0.040 => target vx=0.000 wz=0.040
[INFO] [1782819917.736854999] [m1_pwm_cmd_vel_bridge]: sent pwm=(-13, -13, 13, 13) from vx=0.000 wz=0.040 vx_pwm=0.0 wz_pwm=12.8
[INFO] [1782819917.753061969] [m1_pwm_cmd_vel_bridge]: raw cmd vx=0.000 wz=0.040 => target vx=0.000 wz=0.040
[INFO] [1782819917.786664156] [m1_pwm_cmd_vel_bridge]: sent pwm=(-13, -13, 13, 13) from vx=0.000 wz=0.040 vx_pwm=0.0 wz_pwm=12.8
[INFO] [1782819917.792006396] [m1_pwm_cmd_vel_bridge]: raw cmd vx=0.000 wz=0.040 => target vx=0.000 wz=0.040
[INFO] [1782819917.837102020] [m1_pwm_cmd_vel_bridge]: sent pwm=(-13, -13, 13, 13) from vx=0.000 wz=0.040 vx_pwm=0.0 wz_pwm=12.8
[INFO] [1782819917.850319745] [m1_pwm_cmd_vel_bridge]: raw cmd vx=0.000 wz=0.040 => target vx=0.000 wz=0.040
[INFO] [1782819917.888432841] [m1_pwm_cmd_vel_bridge]: sent pwm=(-13, -13, 13, 13) from vx=0.000 wz=0.040 vx_pwm=0.0 wz_pwm=12.8
[INFO] [1782819917.893669998] [m1_pwm_cmd_vel_bridge]: raw cmd vx=0.000 wz=0.040 => target vx=0.000 wz=0.040
[INFO] [1782819917.936750209] [m1_pwm_cmd_vel_bridge]: sent pwm=(-13, -13, 13, 13) from vx=0.000 wz=0.040 vx_pwm=0.0 wz_pwm=12.8
[INFO] [1782819917.952197430] [m1_pwm_cmd_vel_bridge]: raw cmd vx=0.000 wz=0.040 => target vx=0.000 wz=0.040
[INFO] [1782819917.986329866] [m1_pwm_cmd_vel_bridge]: sent pwm=(-13, -13, 13, 13) from vx=0.000 wz=0.040 vx_pwm=0.0 wz_pwm=12.8
[INFO] [1782819917.991609606] [m1_pwm_cmd_vel_bridge]: raw cmd vx=0.000 wz=0.040 => target vx=0.000 wz=0.040
[INFO] [1782819918.037521603] [m1_pwm_cmd_vel_bridge]: sent pwm=(-13, -13, 13, 13) from vx=0.000 wz=0.040 vx_pwm=0.0 wz_pwm=12.8
[INFO] [1782819918.055607611] [m1_pwm_cmd_vel_bridge]: raw cmd vx=0.000 wz=0.040 => target vx=0.000 wz=0.040
[INFO] [1782819918.088376800] [m1_pwm_cmd_vel_bridge]: sent pwm=(-13, -13, 13, 13) from vx=0.000 wz=0.040 vx_pwm=0.0 wz_pwm=12.8
[INFO] [1782819918.094912121] [m1_pwm_cmd_vel_bridge]: raw cmd vx=0.000 wz=0.040 => target vx=0.000 wz=0.040
[INFO] [1782819918.136655126] [m1_pwm_cmd_vel_bridge]: sent pwm=(-13, -13, 13, 13) from vx=0.000 wz=0.040 vx_pwm=0.0 wz_pwm=12.8
[INFO] [1782819918.149400394] [m1_pwm_cmd_vel_bridge]: raw cmd vx=0.000 wz=0.040 => target vx=0.000 wz=0.040
[INFO] [1782819918.185971701] [m1_pwm_cmd_vel_bridge]: sent pwm=(-13, -13, 13, 13) from vx=0.000 wz=0.040 vx_pwm=0.0 wz_pwm=12.8
[INFO] [1782819918.193535228] [m1_pwm_cmd_vel_bridge]: raw cmd vx=0.000 wz=0.040 => target vx=0.000 wz=0.040
[INFO] [1782819918.236678481] [m1_pwm_cmd_vel_bridge]: sent pwm=(-13, -13, 13, 13) from vx=0.000 wz=0.040 vx_pwm=0.0 wz_pwm=12.8
[INFO] [1782819918.251044871] [m1_pwm_cmd_vel_bridge]: raw cmd vx=0.000 wz=0.040 => target vx=0.000 wz=0.040
[INFO] [1782819918.286803846] [m1_pwm_cmd_vel_bridge]: sent pwm=(-13, -13, 13, 13) from vx=0.000 wz=0.040 vx_pwm=0.0 wz_pwm=12.8
[INFO] [1782819918.291530712] [m1_pwm_cmd_vel_bridge]: raw cmd vx=0.000 wz=0.040 => target vx=0.000 wz=0.040
[INFO] [1782819918.337079793] [m1_pwm_cmd_vel_bridge]: sent pwm=(-13, -13, 13, 13) from vx=0.000 wz=0.040 vx_pwm=0.0 wz_pwm=12.8
[INFO] [1782819918.355150134] [m1_pwm_cmd_vel_bridge]: raw cmd vx=0.000 wz=0.040 => target vx=0.000 wz=0.040
[INFO] [1782819918.387735365] [m1_pwm_cmd_vel_bridge]: sent pwm=(-13, -13, 13, 13) from vx=0.000 wz=0.040 vx_pwm=0.0 wz_pwm=12.8
[INFO] [1782819918.394293394] [m1_pwm_cmd_vel_bridge]: raw cmd vx=0.000 wz=0.040 => target vx=0.000 wz=0.040
[INFO] [1782819918.436037108] [m1_pwm_cmd_vel_bridge]: sent pwm=(-13, -13, 13, 13) from vx=0.000 wz=0.040 vx_pwm=0.0 wz_pwm=12.8
[INFO] [1782819918.445590257] [m1_pwm_cmd_vel_bridge]: raw cmd vx=0.000 wz=0.040 => target vx=0.000 wz=0.040
[INFO] [1782819918.487638845] [m1_pwm_cmd_vel_bridge]: sent pwm=(-13, -13, 13, 13) from vx=0.000 wz=0.040 vx_pwm=0.0 wz_pwm=12.8
[INFO] [1782819918.494169833] [m1_pwm_cmd_vel_bridge]: raw cmd vx=0.000 wz=0.040 => target vx=0.000 wz=0.040
[INFO] [1782819918.537497043] [m1_pwm_cmd_vel_bridge]: sent pwm=(-13, -13, 13, 13) from vx=0.000 wz=0.040 vx_pwm=0.0 wz_pwm=12.8
[INFO] [1782819918.550067020] [m1_pwm_cmd_vel_bridge]: raw cmd vx=0.000 wz=0.040 => target vx=0.000 wz=0.040
[INFO] [1782819918.585860244] [m1_pwm_cmd_vel_bridge]: sent pwm=(-13, -13, 13, 13) from vx=0.000 wz=0.040 vx_pwm=0.0 wz_pwm=12.8
[INFO] [1782819918.591916275] [m1_pwm_cmd_vel_bridge]: raw cmd vx=0.000 wz=0.040 => target vx=0.000 wz=0.040
[INFO] [1782819918.638068188] [m1_pwm_cmd_vel_bridge]: sent pwm=(-13, -13, 13, 13) from vx=0.000 wz=0.040 vx_pwm=0.0 wz_pwm=12.8
[INFO] [1782819918.652796286] [m1_pwm_cmd_vel_bridge]: raw cmd vx=0.000 wz=0.040 => target vx=0.000 wz=0.040
[INFO] [1782819918.688129053] [m1_pwm_cmd_vel_bridge]: sent pwm=(-13, -13, 13, 13) from vx=0.000 wz=0.040 vx_pwm=0.0 wz_pwm=12.8
[INFO] [1782819918.694815166] [m1_pwm_cmd_vel_bridge]: raw cmd vx=0.000 wz=0.040 => target vx=0.000 wz=0.040
[INFO] [1782819918.737711627] [m1_pwm_cmd_vel_bridge]: sent pwm=(-13, -13, 13, 13) from vx=0.000 wz=0.040 vx_pwm=0.0 wz_pwm=12.8
[INFO] [1782819918.746925027] [m1_pwm_cmd_vel_bridge]: raw cmd vx=0.000 wz=0.040 => target vx=0.000 wz=0.040
[INFO] [1782819918.786578202] [m1_pwm_cmd_vel_bridge]: sent pwm=(-13, -13, 13, 13) from vx=0.000 wz=0.040 vx_pwm=0.0 wz_pwm=12.8
[INFO] [1782819918.791720443] [m1_pwm_cmd_vel_bridge]: raw cmd vx=0.000 wz=0.040 => target vx=0.000 wz=0.040
[INFO] [1782819918.837032066] [m1_pwm_cmd_vel_bridge]: sent pwm=(-13, -13, 13, 13) from vx=0.000 wz=0.040 vx_pwm=0.0 wz_pwm=12.8
[INFO] [1782819918.850522291] [m1_pwm_cmd_vel_bridge]: raw cmd vx=0.000 wz=0.040 => target vx=0.000 wz=0.040
[INFO] [1782819918.885905808] [m1_pwm_cmd_vel_bridge]: sent pwm=(-13, -13, 13, 13) from vx=0.000 wz=0.040 vx_pwm=0.0 wz_pwm=12.8
[INFO] [1782819918.890978715] [m1_pwm_cmd_vel_bridge]: raw cmd vx=0.000 wz=0.040 => target vx=0.000 wz=0.040
[INFO] [1782819918.936643963] [m1_pwm_cmd_vel_bridge]: sent pwm=(-13, -13, 13, 13) from vx=0.000 wz=0.040 vx_pwm=0.0 wz_pwm=12.8
[INFO] [1782819918.952072476] [m1_pwm_cmd_vel_bridge]: raw cmd vx=0.000 wz=0.040 => target vx=0.000 wz=0.040
[INFO] [1782819918.986684453] [m1_pwm_cmd_vel_bridge]: sent pwm=(-13, -13, 13, 13) from vx=0.000 wz=0.040 vx_pwm=0.0 wz_pwm=12.8
[INFO] [1782819918.992452151] [m1_pwm_cmd_vel_bridge]: raw cmd vx=0.000 wz=0.040 => target vx=0.000 wz=0.040
[INFO] [1782819919.036111944] [m1_pwm_cmd_vel_bridge]: sent pwm=(-13, -13, 13, 13) from vx=0.000 wz=0.040 vx_pwm=0.0 wz_pwm=12.8
[INFO] [1782819919.047049423] [m1_pwm_cmd_vel_bridge]: raw cmd vx=0.000 wz=0.040 => target vx=0.000 wz=0.040
[INFO] [1782819919.088257346] [m1_pwm_cmd_vel_bridge]: sent pwm=(-13, -13, 13, 13) from vx=0.000 wz=0.040 vx_pwm=0.0 wz_pwm=12.8
[INFO] [1782819919.093254462] [m1_pwm_cmd_vel_bridge]: raw cmd vx=0.000 wz=0.040 => target vx=0.000 wz=0.040
[INFO] [1782819919.137981170] [m1_pwm_cmd_vel_bridge]: sent pwm=(-13, -13, 13, 13) from vx=0.000 wz=0.040 vx_pwm=0.0 wz_pwm=12.8
[INFO] [1782819919.150861521] [m1_pwm_cmd_vel_bridge]: raw cmd vx=0.000 wz=0.040 => target vx=0.000 wz=0.040
[INFO] [1782819919.186280996] [m1_pwm_cmd_vel_bridge]: sent pwm=(-13, -13, 13, 13) from vx=0.000 wz=0.040 vx_pwm=0.0 wz_pwm=12.8
[INFO] [1782819919.192729859] [m1_pwm_cmd_vel_bridge]: raw cmd vx=0.000 wz=0.040 => target vx=0.000 wz=0.040
[INFO] [1782819919.236648986] [m1_pwm_cmd_vel_bridge]: sent pwm=(-13, -13, 13, 13) from vx=0.000 wz=0.040 vx_pwm=0.0 wz_pwm=12.8
[INFO] [1782819919.256555115] [m1_pwm_cmd_vel_bridge]: raw cmd vx=0.000 wz=0.040 => target vx=0.000 wz=0.040
[INFO] [1782819919.287477890] [m1_pwm_cmd_vel_bridge]: sent pwm=(-13, -13, 13, 13) from vx=0.000 wz=0.040 vx_pwm=0.0 wz_pwm=12.8
[INFO] [1782819919.293658296] [m1_pwm_cmd_vel_bridge]: raw cmd vx=0.000 wz=0.040 => target vx=0.000 wz=0.040
[INFO] [1782819919.336222883] [m1_pwm_cmd_vel_bridge]: sent pwm=(-13, -13, 13, 13) from vx=0.000 wz=0.040 vx_pwm=0.0 wz_pwm=12.8
[INFO] [1782819919.349824691] [m1_pwm_cmd_vel_bridge]: raw cmd vx=0.000 wz=0.040 => target vx=0.000 wz=0.040
[INFO] [1782819919.387372120] [m1_pwm_cmd_vel_bridge]: sent pwm=(-13, -13, 13, 13) from vx=0.000 wz=0.040 vx_pwm=0.0 wz_pwm=12.8
[INFO] [1782819919.393458692] [m1_pwm_cmd_vel_bridge]: raw cmd vx=0.000 wz=0.040 => target vx=0.000 wz=0.040
[INFO] [1782819919.436603528] [m1_pwm_cmd_vel_bridge]: sent pwm=(-13, -13, 13, 13) from vx=0.000 wz=0.040 vx_pwm=0.0 wz_pwm=12.8
[INFO] [1782819919.450614627] [m1_pwm_cmd_vel_bridge]: raw cmd vx=0.000 wz=0.040 => target vx=0.000 wz=0.040
[INFO] [1782819919.486601185] [m1_pwm_cmd_vel_bridge]: sent pwm=(-13, -13, 13, 13) from vx=0.000 wz=0.040 vx_pwm=0.0 wz_pwm=12.8
[INFO] [1782819919.491075801] [m1_pwm_cmd_vel_bridge]: raw cmd vx=0.000 wz=0.040 => target vx=0.000 wz=0.040
[INFO] [1782819919.539104836] [m1_pwm_cmd_vel_bridge]: sent pwm=(-13, -13, 13, 13) from vx=0.000 wz=0.040 vx_pwm=0.0 wz_pwm=12.8
[INFO] [1782819919.554773099] [m1_pwm_cmd_vel_bridge]: raw cmd vx=0.000 wz=0.040 => target vx=0.000 wz=0.040
[INFO] [1782819919.589647075] [m1_pwm_cmd_vel_bridge]: sent pwm=(-13, -13, 13, 13) from vx=0.000 wz=0.040 vx_pwm=0.0 wz_pwm=12.8
[INFO] [1782819919.594804482] [m1_pwm_cmd_vel_bridge]: raw cmd vx=0.000 wz=0.040 => target vx=0.000 wz=0.040
[INFO] [1782819919.636111738] [m1_pwm_cmd_vel_bridge]: sent pwm=(-13, -13, 13, 13) from vx=0.000 wz=0.040 vx_pwm=0.0 wz_pwm=12.8
[INFO] [1782819919.650024087] [m1_pwm_cmd_vel_bridge]: raw cmd vx=0.000 wz=0.040 => target vx=0.000 wz=0.040
[INFO] [1782819919.686021978] [m1_pwm_cmd_vel_bridge]: sent pwm=(-13, -13, 13, 13) from vx=0.000 wz=0.040 vx_pwm=0.0 wz_pwm=12.8
[INFO] [1782819919.693561714] [m1_pwm_cmd_vel_bridge]: raw cmd vx=0.000 wz=0.040 => target vx=0.000 wz=0.040
[INFO] [1782819919.737119508] [m1_pwm_cmd_vel_bridge]: sent pwm=(-13, -13, 13, 13) from vx=0.000 wz=0.040 vx_pwm=0.0 wz_pwm=12.8
[INFO] [1782819919.751595564] [m1_pwm_cmd_vel_bridge]: raw cmd vx=0.000 wz=0.040 => target vx=0.000 wz=0.040
[INFO] [1782819919.785860708] [m1_pwm_cmd_vel_bridge]: sent pwm=(-13, -13, 13, 13) from vx=0.000 wz=0.040 vx_pwm=0.0 wz_pwm=12.8
[INFO] [1782819919.790349158] [m1_pwm_cmd_vel_bridge]: raw cmd vx=0.000 wz=0.040 => target vx=0.000 wz=0.040
[INFO] [1782819919.836865613] [m1_pwm_cmd_vel_bridge]: sent pwm=(-13, -13, 13, 13) from vx=0.000 wz=0.040 vx_pwm=0.0 wz_pwm=12.8
[INFO] [1782819919.853955914] [m1_pwm_cmd_vel_bridge]: raw cmd vx=0.000 wz=0.040 => target vx=0.000 wz=0.040
[INFO] [1782819919.887765976] [m1_pwm_cmd_vel_bridge]: sent pwm=(-13, -13, 13, 13) from vx=0.000 wz=0.040 vx_pwm=0.0 wz_pwm=12.8
[INFO] [1782819919.893550840] [m1_pwm_cmd_vel_bridge]: raw cmd vx=0.000 wz=0.040 => target vx=0.000 wz=0.040
[INFO] [1782819919.936877426] [m1_pwm_cmd_vel_bridge]: sent pwm=(-13, -13, 13, 13) from vx=0.000 wz=0.040 vx_pwm=0.0 wz_pwm=12.8
[INFO] [1782819919.950278401] [m1_pwm_cmd_vel_bridge]: raw cmd vx=0.000 wz=0.040 => target vx=0.000 wz=0.040
[INFO] [1782819919.986336083] [m1_pwm_cmd_vel_bridge]: sent pwm=(-13, -13, 13, 13) from vx=0.000 wz=0.040 vx_pwm=0.0 wz_pwm=12.8
[INFO] [1782819919.993482903] [m1_pwm_cmd_vel_bridge]: raw cmd vx=0.000 wz=0.040 => target vx=0.000 wz=0.040
[INFO] [1782819920.036526406] [m1_pwm_cmd_vel_bridge]: sent pwm=(-13, -13, 13, 13) from vx=0.000 wz=0.040 vx_pwm=0.0 wz_pwm=12.8
[INFO] [1782819920.050696046] [m1_pwm_cmd_vel_bridge]: raw cmd vx=0.000 wz=0.040 => target vx=0.000 wz=0.040
[INFO] [1782819920.086771021] [m1_pwm_cmd_vel_bridge]: sent pwm=(-13, -13, 13, 13) from vx=0.000 wz=0.040 vx_pwm=0.0 wz_pwm=12.8
[INFO] [1782819920.092863051] [m1_pwm_cmd_vel_bridge]: raw cmd vx=0.000 wz=0.040 => target vx=0.000 wz=0.040
[INFO] [1782819920.136186595] [m1_pwm_cmd_vel_bridge]: sent pwm=(-13, -13, 13, 13) from vx=0.000 wz=0.040 vx_pwm=0.0 wz_pwm=12.8
[INFO] [1782819920.154025311] [m1_pwm_cmd_vel_bridge]: raw cmd vx=0.000 wz=0.040 => target vx=0.000 wz=0.040
[INFO] [1782819920.186830583] [m1_pwm_cmd_vel_bridge]: sent pwm=(-13, -13, 13, 13) from vx=0.000 wz=0.040 vx_pwm=0.0 wz_pwm=12.8
[INFO] [1782819920.193969195] [m1_pwm_cmd_vel_bridge]: raw cmd vx=0.000 wz=0.040 => target vx=0.000 wz=0.040
[INFO] [1782819920.236101116] [m1_pwm_cmd_vel_bridge]: sent pwm=(-13, -13, 13, 13) from vx=0.000 wz=0.040 vx_pwm=0.0 wz_pwm=12.8
[INFO] [1782819920.245421099] [m1_pwm_cmd_vel_bridge]: raw cmd vx=0.000 wz=0.040 => target vx=0.000 wz=0.040
[INFO] [1782819920.286873063] [m1_pwm_cmd_vel_bridge]: sent pwm=(-13, -13, 13, 13) from vx=0.000 wz=0.040 vx_pwm=0.0 wz_pwm=12.8
[INFO] [1782819920.292139345] [m1_pwm_cmd_vel_bridge]: raw cmd vx=0.000 wz=0.040 => target vx=0.000 wz=0.040
[INFO] [1782819920.338569133] [m1_pwm_cmd_vel_bridge]: sent pwm=(-13, -13, 13, 13) from vx=0.000 wz=0.040 vx_pwm=0.0 wz_pwm=12.8
[INFO] [1782819920.351178443] [m1_pwm_cmd_vel_bridge]: raw cmd vx=0.000 wz=0.040 => target vx=0.000 wz=0.040
[INFO] [1782819920.385832878] [m1_pwm_cmd_vel_bridge]: sent pwm=(-13, -13, 13, 13) from vx=0.000 wz=0.040 vx_pwm=0.0 wz_pwm=12.8
[INFO] [1782819920.391037285] [m1_pwm_cmd_vel_bridge]: raw cmd vx=0.000 wz=0.040 => target vx=0.000 wz=0.040
[INFO] [1782819920.436627366] [m1_pwm_cmd_vel_bridge]: sent pwm=(-13, -13, 13, 13) from vx=0.000 wz=0.040 vx_pwm=0.0 wz_pwm=12.8
[INFO] [1782819920.453657793] [m1_pwm_cmd_vel_bridge]: raw cmd vx=0.000 wz=0.040 => target vx=0.000 wz=0.040
[INFO] [1782819920.487656354] [m1_pwm_cmd_vel_bridge]: sent pwm=(-13, -13, 13, 13) from vx=0.000 wz=0.040 vx_pwm=0.0 wz_pwm=12.8
[INFO] [1782819920.494209300] [m1_pwm_cmd_vel_bridge]: raw cmd vx=0.000 wz=0.040 => target vx=0.000 wz=0.040
[INFO] [1782819920.536249597] [m1_pwm_cmd_vel_bridge]: sent pwm=(-13, -13, 13, 13) from vx=0.000 wz=0.040 vx_pwm=0.0 wz_pwm=12.8
[INFO] [1782819920.549676946] [m1_pwm_cmd_vel_bridge]: raw cmd vx=0.000 wz=0.040 => target vx=0.000 wz=0.040
[INFO] [1782819920.585988587] [m1_pwm_cmd_vel_bridge]: sent pwm=(-13, -13, 13, 13) from vx=0.000 wz=0.040 vx_pwm=0.0 wz_pwm=12.8
[INFO] [1782819920.590667078] [m1_pwm_cmd_vel_bridge]: raw cmd vx=0.000 wz=0.040 => target vx=0.000 wz=0.040
[INFO] [1782819920.637199574] [m1_pwm_cmd_vel_bridge]: sent pwm=(-13, -13, 13, 13) from vx=0.000 wz=0.040 vx_pwm=0.0 wz_pwm=12.8
[INFO] [1782819920.651305048] [m1_pwm_cmd_vel_bridge]: raw cmd vx=0.000 wz=0.040 => target vx=0.000 wz=0.040
[INFO] [1782819920.687312856] [m1_pwm_cmd_vel_bridge]: sent pwm=(-13, -13, 13, 13) from vx=0.000 wz=0.040 vx_pwm=0.0 wz_pwm=12.8
[INFO] [1782819920.692560429] [m1_pwm_cmd_vel_bridge]: raw cmd vx=0.000 wz=0.040 => target vx=0.000 wz=0.040
[INFO] [1782819920.736748097] [m1_pwm_cmd_vel_bridge]: sent pwm=(-13, -13, 13, 13) from vx=0.000 wz=0.040 vx_pwm=0.0 wz_pwm=12.8
[INFO] [1782819920.753095358] [m1_pwm_cmd_vel_bridge]: raw cmd vx=0.000 wz=0.040 => target vx=0.000 wz=0.040
[INFO] [1782819920.788722124] [m1_pwm_cmd_vel_bridge]: sent pwm=(-13, -13, 13, 13) from vx=0.000 wz=0.040 vx_pwm=0.0 wz_pwm=12.8
[INFO] [1782819920.793716407] [m1_pwm_cmd_vel_bridge]: raw cmd vx=0.000 wz=0.040 => target vx=0.000 wz=0.040
[INFO] [1782819920.836113994] [m1_pwm_cmd_vel_bridge]: sent pwm=(-13, -13, 13, 13) from vx=0.000 wz=0.040 vx_pwm=0.0 wz_pwm=12.8
[INFO] [1782819920.845636143] [m1_pwm_cmd_vel_bridge]: raw cmd vx=0.000 wz=0.040 => target vx=0.000 wz=0.040
[INFO] [1782819920.887620398] [m1_pwm_cmd_vel_bridge]: sent pwm=(-13, -13, 13, 13) from vx=0.000 wz=0.040 vx_pwm=0.0 wz_pwm=12.8
[INFO] [1782819920.894125761] [m1_pwm_cmd_vel_bridge]: raw cmd vx=0.000 wz=0.040 => target vx=0.000 wz=0.040
[INFO] [1782819920.936984431] [m1_pwm_cmd_vel_bridge]: sent pwm=(-13, -13, 13, 13) from vx=0.000 wz=0.040 vx_pwm=0.0 wz_pwm=12.8
[INFO] [1782819920.950280447] [m1_pwm_cmd_vel_bridge]: raw cmd vx=0.000 wz=0.040 => target vx=0.000 wz=0.040
[INFO] [1782819920.985886589] [m1_pwm_cmd_vel_bridge]: sent pwm=(-13, -13, 13, 13) from vx=0.000 wz=0.040 vx_pwm=0.0 wz_pwm=12.8
[INFO] [1782819920.990349789] [m1_pwm_cmd_vel_bridge]: raw cmd vx=0.000 wz=0.040 => target vx=0.000 wz=0.040
[INFO] [1782819921.036248120] [m1_pwm_cmd_vel_bridge]: sent pwm=(-13, -13, 13, 13) from vx=0.000 wz=0.040 vx_pwm=0.0 wz_pwm=12.8
[INFO] [1782819921.052856589] [m1_pwm_cmd_vel_bridge]: raw cmd vx=0.000 wz=0.040 => target vx=0.000 wz=0.040
[INFO] [1782819921.086897942] [m1_pwm_cmd_vel_bridge]: sent pwm=(-13, -13, 13, 13) from vx=0.000 wz=0.040 vx_pwm=0.0 wz_pwm=12.8
[INFO] [1782819921.092003891] [m1_pwm_cmd_vel_bridge]: raw cmd vx=0.000 wz=0.040 => target vx=0.000 wz=0.040
[INFO] [1782819921.137384472] [m1_pwm_cmd_vel_bridge]: sent pwm=(-13, -13, 13, 13) from vx=0.000 wz=0.040 vx_pwm=0.0 wz_pwm=12.8
[INFO] [1782819921.145817832] [m1_pwm_cmd_vel_bridge]: raw cmd vx=0.000 wz=0.040 => target vx=0.000 wz=0.040
[INFO] [1782819921.187580045] [m1_pwm_cmd_vel_bridge]: sent pwm=(-13, -13, 13, 13) from vx=0.000 wz=0.040 vx_pwm=0.0 wz_pwm=12.8
[INFO] [1782819921.193576701] [m1_pwm_cmd_vel_bridge]: raw cmd vx=0.000 wz=0.040 => target vx=0.000 wz=0.040
[INFO] [1782819921.238570867] [m1_pwm_cmd_vel_bridge]: sent pwm=(-13, -13, 13, 13) from vx=0.000 wz=0.040 vx_pwm=0.0 wz_pwm=12.8
[INFO] [1782819921.250449594] [m1_pwm_cmd_vel_bridge]: raw cmd vx=0.000 wz=0.040 => target vx=0.000 wz=0.040
[INFO] [1782819921.286053861] [m1_pwm_cmd_vel_bridge]: sent pwm=(-13, -13, 13, 13) from vx=0.000 wz=0.040 vx_pwm=0.0 wz_pwm=12.8
[INFO] [1782819921.291348893] [m1_pwm_cmd_vel_bridge]: raw cmd vx=0.000 wz=0.040 => target vx=0.000 wz=0.040
[INFO] [1782819921.336130059] [m1_pwm_cmd_vel_bridge]: sent pwm=(-13, -13, 13, 13) from vx=0.000 wz=0.040 vx_pwm=0.0 wz_pwm=12.8
[INFO] [1782819921.353594318] [m1_pwm_cmd_vel_bridge]: raw cmd vx=0.000 wz=0.040 => target vx=0.000 wz=0.040
[INFO] [1782819921.386617548] [m1_pwm_cmd_vel_bridge]: sent pwm=(-13, -13, 13, 13) from vx=0.000 wz=0.040 vx_pwm=0.0 wz_pwm=12.8
[INFO] [1782819921.392459495] [m1_pwm_cmd_vel_bridge]: raw cmd vx=0.000 wz=0.040 => target vx=0.000 wz=0.040
[INFO] [1782819921.436185580] [m1_pwm_cmd_vel_bridge]: sent pwm=(-13, -13, 13, 13) from vx=0.000 wz=0.040 vx_pwm=0.0 wz_pwm=12.8
[INFO] [1782819921.445866104] [m1_pwm_cmd_vel_bridge]: raw cmd vx=0.000 wz=0.040 => target vx=0.000 wz=0.040
[INFO] [1782819921.486100695] [m1_pwm_cmd_vel_bridge]: sent pwm=(-13, -13, 13, 13) from vx=0.000 wz=0.040 vx_pwm=0.0 wz_pwm=12.8
[INFO] [1782819921.492245559] [m1_pwm_cmd_vel_bridge]: raw cmd vx=0.000 wz=0.040 => target vx=0.000 wz=0.040
[INFO] [1782819921.537230725] [m1_pwm_cmd_vel_bridge]: sent pwm=(-13, -13, 13, 13) from vx=0.000 wz=0.040 vx_pwm=0.0 wz_pwm=12.8
[INFO] [1782819921.552725321] [m1_pwm_cmd_vel_bridge]: raw cmd vx=0.000 wz=0.040 => target vx=0.000 wz=0.040
[INFO] [1782819921.586012384] [m1_pwm_cmd_vel_bridge]: sent pwm=(-13, -13, 13, 13) from vx=0.000 wz=0.040 vx_pwm=0.0 wz_pwm=12.8
[INFO] [1782819921.591646873] [m1_pwm_cmd_vel_bridge]: raw cmd vx=0.000 wz=0.040 => target vx=0.000 wz=0.040
[INFO] [1782819921.637037705] [m1_pwm_cmd_vel_bridge]: sent pwm=(-13, -13, 13, 13) from vx=0.000 wz=0.040 vx_pwm=0.0 wz_pwm=12.8
[INFO] [1782819921.655041379] [m1_pwm_cmd_vel_bridge]: raw cmd vx=0.000 wz=0.040 => target vx=0.000 wz=0.040
[INFO] [1782819921.688444859] [m1_pwm_cmd_vel_bridge]: sent pwm=(-13, -13, 13, 13) from vx=0.000 wz=0.040 vx_pwm=0.0 wz_pwm=12.8
[INFO] [1782819921.695974303] [m1_pwm_cmd_vel_bridge]: raw cmd vx=0.000 wz=0.040 => target vx=0.000 wz=0.040
[INFO] [1782819921.736355311] [m1_pwm_cmd_vel_bridge]: sent pwm=(-13, -13, 13, 13) from vx=0.000 wz=0.040 vx_pwm=0.0 wz_pwm=12.8
[INFO] [1782819921.748629454] [m1_pwm_cmd_vel_bridge]: raw cmd vx=0.000 wz=0.040 => target vx=0.000 wz=0.040
[INFO] [1782819921.786414425] [m1_pwm_cmd_vel_bridge]: sent pwm=(-13, -13, 13, 13) from vx=0.000 wz=0.040 vx_pwm=0.0 wz_pwm=12.8
[INFO] [1782819921.792254290] [m1_pwm_cmd_vel_bridge]: raw cmd vx=0.000 wz=0.040 => target vx=0.000 wz=0.040
[INFO] [1782819921.836955914] [m1_pwm_cmd_vel_bridge]: sent pwm=(-13, -13, 13, 13) from vx=0.000 wz=0.040 vx_pwm=0.0 wz_pwm=12.8
[INFO] [1782819921.849871932] [m1_pwm_cmd_vel_bridge]: raw cmd vx=0.000 wz=0.040 => target vx=0.000 wz=0.040
[INFO] [1782819921.886659155] [m1_pwm_cmd_vel_bridge]: sent pwm=(-13, -13, 13, 13) from vx=0.000 wz=0.040 vx_pwm=0.0 wz_pwm=12.8
[INFO] [1782819921.891620770] [m1_pwm_cmd_vel_bridge]: raw cmd vx=0.000 wz=0.040 => target vx=0.000 wz=0.040
[INFO] [1782819921.936935186] [m1_pwm_cmd_vel_bridge]: sent pwm=(-13, -13, 13, 13) from vx=0.000 wz=0.040 vx_pwm=0.0 wz_pwm=12.8
[INFO] [1782819921.953350988] [m1_pwm_cmd_vel_bridge]: raw cmd vx=0.000 wz=0.040 => target vx=0.000 wz=0.040
[INFO] [1782819921.987998423] [m1_pwm_cmd_vel_bridge]: sent pwm=(-13, -13, 13, 13) from vx=0.000 wz=0.040 vx_pwm=0.0 wz_pwm=12.8
[INFO] [1782819921.993280330] [m1_pwm_cmd_vel_bridge]: raw cmd vx=0.000 wz=0.040 => target vx=0.000 wz=0.040
[INFO] [1782819922.036439000] [m1_pwm_cmd_vel_bridge]: sent pwm=(-13, -13, 13, 13) from vx=0.000 wz=0.040 vx_pwm=0.0 wz_pwm=12.8
[INFO] [1782819922.051047139] [m1_pwm_cmd_vel_bridge]: raw cmd vx=0.000 wz=0.040 => target vx=0.000 wz=0.040
[INFO] [1782819922.085868074] [m1_pwm_cmd_vel_bridge]: sent pwm=(-13, -13, 13, 13) from vx=0.000 wz=0.040 vx_pwm=0.0 wz_pwm=12.8
[INFO] [1782819922.091161022] [m1_pwm_cmd_vel_bridge]: raw cmd vx=0.000 wz=0.040 => target vx=0.000 wz=0.040
[INFO] [1782819922.136355063] [m1_pwm_cmd_vel_bridge]: sent pwm=(-13, -13, 13, 13) from vx=0.000 wz=0.040 vx_pwm=0.0 wz_pwm=12.8
[INFO] [1782819922.150802661] [m1_pwm_cmd_vel_bridge]: raw cmd vx=0.000 wz=0.040 => target vx=0.000 wz=0.040
[INFO] [1782819922.185834345] [m1_pwm_cmd_vel_bridge]: sent pwm=(-13, -13, 13, 13) from vx=0.000 wz=0.040 vx_pwm=0.0 wz_pwm=12.8
[INFO] [1782819922.191929042] [m1_pwm_cmd_vel_bridge]: raw cmd vx=0.000 wz=0.040 => target vx=0.000 wz=0.040
[INFO] [1782819922.236772167] [m1_pwm_cmd_vel_bridge]: sent pwm=(-13, -13, 13, 13) from vx=0.000 wz=0.040 vx_pwm=0.0 wz_pwm=12.8
[INFO] [1782819922.253363344] [m1_pwm_cmd_vel_bridge]: raw cmd vx=0.000 wz=0.040 => target vx=0.000 wz=0.040
[INFO] [1782819922.286981739] [m1_pwm_cmd_vel_bridge]: sent pwm=(-13, -13, 13, 13) from vx=0.000 wz=0.040 vx_pwm=0.0 wz_pwm=12.8
[INFO] [1782819922.293387936] [m1_pwm_cmd_vel_bridge]: raw cmd vx=0.000 wz=0.040 => target vx=0.000 wz=0.040
[INFO] [1782819922.336016648] [m1_pwm_cmd_vel_bridge]: sent pwm=(-13, -13, 13, 13) from vx=0.000 wz=0.040 vx_pwm=0.0 wz_pwm=12.8
[INFO] [1782819922.350334746] [m1_pwm_cmd_vel_bridge]: raw cmd vx=0.000 wz=0.040 => target vx=0.000 wz=0.040
[INFO] [1782819922.389496298] [m1_pwm_cmd_vel_bridge]: sent pwm=(-13, -13, 13, 13) from vx=0.000 wz=0.040 vx_pwm=0.0 wz_pwm=12.8
[INFO] [1782819922.395798578] [m1_pwm_cmd_vel_bridge]: raw cmd vx=0.000 wz=0.040 => target vx=0.000 wz=0.040
[INFO] [1782819922.438313165] [m1_pwm_cmd_vel_bridge]: sent pwm=(-13, -13, 13, 13) from vx=0.000 wz=0.040 vx_pwm=0.0 wz_pwm=12.8
[INFO] [1782819922.450681767] [m1_pwm_cmd_vel_bridge]: raw cmd vx=0.000 wz=0.040 => target vx=0.000 wz=0.040
[INFO] [1782819922.485905076] [m1_pwm_cmd_vel_bridge]: sent pwm=(-13, -13, 13, 13) from vx=0.000 wz=0.040 vx_pwm=0.0 wz_pwm=12.8
[INFO] [1782819922.491594815] [m1_pwm_cmd_vel_bridge]: raw cmd vx=0.000 wz=0.040 => target vx=0.000 wz=0.040
[INFO] [1782819922.536198523] [m1_pwm_cmd_vel_bridge]: sent pwm=(-13, -13, 13, 13) from vx=0.000 wz=0.040 vx_pwm=0.0 wz_pwm=12.8
[INFO] [1782819922.554248656] [m1_pwm_cmd_vel_bridge]: raw cmd vx=0.000 wz=0.040 => target vx=0.000 wz=0.040
[INFO] [1782819922.588389926] [m1_pwm_cmd_vel_bridge]: sent pwm=(-13, -13, 13, 13) from vx=0.000 wz=0.040 vx_pwm=0.0 wz_pwm=12.8
[INFO] [1782819922.594914247] [m1_pwm_cmd_vel_bridge]: raw cmd vx=0.000 wz=0.040 => target vx=0.000 wz=0.040
[INFO] [1782819922.636284336] [m1_pwm_cmd_vel_bridge]: sent pwm=(-13, -13, 13, 13) from vx=0.000 wz=0.040 vx_pwm=0.0 wz_pwm=12.8
[INFO] [1782819922.645083862] [m1_pwm_cmd_vel_bridge]: raw cmd vx=0.000 wz=0.040 => target vx=0.000 wz=0.040
[INFO] [1782819922.686665700] [m1_pwm_cmd_vel_bridge]: sent pwm=(-13, -13, 13, 13) from vx=0.000 wz=0.040 vx_pwm=0.0 wz_pwm=12.8
[INFO] [1782819922.692401856] [m1_pwm_cmd_vel_bridge]: raw cmd vx=0.000 wz=0.040 => target vx=0.000 wz=0.040
[INFO] [1782819922.738299729] [m1_pwm_cmd_vel_bridge]: sent pwm=(-13, -13, 13, 13) from vx=0.000 wz=0.040 vx_pwm=0.0 wz_pwm=12.8
[INFO] [1782819922.751540413] [m1_pwm_cmd_vel_bridge]: raw cmd vx=0.000 wz=0.040 => target vx=0.000 wz=0.040
[INFO] [1782819922.786385639] [m1_pwm_cmd_vel_bridge]: sent pwm=(-13, -13, 13, 13) from vx=0.000 wz=0.040 vx_pwm=0.0 wz_pwm=12.8
[INFO] [1782819922.791013755] [m1_pwm_cmd_vel_bridge]: raw cmd vx=0.000 wz=0.040 => target vx=0.000 wz=0.040
[INFO] [1782819922.837509918] [m1_pwm_cmd_vel_bridge]: sent pwm=(-13, -13, 13, 13) from vx=0.000 wz=0.040 vx_pwm=0.0 wz_pwm=12.8
[INFO] [1782819922.851896350] [m1_pwm_cmd_vel_bridge]: raw cmd vx=0.000 wz=0.040 => target vx=0.000 wz=0.040
[INFO] [1782819922.888028241] [m1_pwm_cmd_vel_bridge]: sent pwm=(-13, -13, 13, 13) from vx=0.000 wz=0.040 vx_pwm=0.0 wz_pwm=12.8
[INFO] [1782819922.893641272] [m1_pwm_cmd_vel_bridge]: raw cmd vx=0.000 wz=0.040 => target vx=0.000 wz=0.040
[INFO] [1782819922.936340942] [m1_pwm_cmd_vel_bridge]: sent pwm=(-13, -13, 13, 13) from vx=0.000 wz=0.040 vx_pwm=0.0 wz_pwm=12.8
[INFO] [1782819922.950965915] [m1_pwm_cmd_vel_bridge]: raw cmd vx=0.000 wz=0.040 => target vx=0.000 wz=0.040
[INFO] [1782819922.987845471] [m1_pwm_cmd_vel_bridge]: sent pwm=(-13, -13, 13, 13) from vx=0.000 wz=0.040 vx_pwm=0.0 wz_pwm=12.8
[INFO] [1782819922.993414627] [m1_pwm_cmd_vel_bridge]: raw cmd vx=0.000 wz=0.040 => target vx=0.000 wz=0.040
[INFO] [1782819923.037239837] [m1_pwm_cmd_vel_bridge]: sent pwm=(-13, -13, 13, 13) from vx=0.000 wz=0.040 vx_pwm=0.0 wz_pwm=12.8
[INFO] [1782819923.050393312] [m1_pwm_cmd_vel_bridge]: raw cmd vx=0.000 wz=0.040 => target vx=0.000 wz=0.040
[INFO] [1782819923.086104412] [m1_pwm_cmd_vel_bridge]: sent pwm=(-13, -13, 13, 13) from vx=0.000 wz=0.040 vx_pwm=0.0 wz_pwm=12.8
[INFO] [1782819923.090873820] [m1_pwm_cmd_vel_bridge]: raw cmd vx=0.000 wz=0.040 => target vx=0.000 wz=0.040
[INFO] [1782819923.136228610] [m1_pwm_cmd_vel_bridge]: sent pwm=(-13, -13, 13, 13) from vx=0.000 wz=0.040 vx_pwm=0.0 wz_pwm=12.8
[INFO] [1782819923.148003088] [m1_pwm_cmd_vel_bridge]: raw cmd vx=0.000 wz=0.040 => target vx=0.000 wz=0.040
[INFO] [1782819923.188756095] [m1_pwm_cmd_vel_bridge]: sent pwm=(-13, -13, 13, 13) from vx=0.000 wz=0.040 vx_pwm=0.0 wz_pwm=12.8
[INFO] [1782819923.196462247] [m1_pwm_cmd_vel_bridge]: raw cmd vx=0.000 wz=0.040 => target vx=0.000 wz=0.040
[INFO] [1782819923.237780503] [m1_pwm_cmd_vel_bridge]: sent pwm=(-13, -13, 13, 13) from vx=0.000 wz=0.040 vx_pwm=0.0 wz_pwm=12.8
[INFO] [1782819923.251091770] [m1_pwm_cmd_vel_bridge]: raw cmd vx=0.000 wz=0.040 => target vx=0.000 wz=0.040
[INFO] [1782819923.289016158] [m1_pwm_cmd_vel_bridge]: sent pwm=(-13, -13, 13, 13) from vx=0.000 wz=0.040 vx_pwm=0.0 wz_pwm=12.8
[INFO] [1782819923.295785020] [m1_pwm_cmd_vel_bridge]: raw cmd vx=0.000 wz=0.040 => target vx=0.000 wz=0.040
[INFO] [1782819923.337653317] [m1_pwm_cmd_vel_bridge]: sent pwm=(-13, -13, 13, 13) from vx=0.000 wz=0.040 vx_pwm=0.0 wz_pwm=12.8
[INFO] [1782819923.352469331] [m1_pwm_cmd_vel_bridge]: raw cmd vx=0.000 wz=0.040 => target vx=0.000 wz=0.040
[INFO] [1782819923.386846933] [m1_pwm_cmd_vel_bridge]: sent pwm=(-13, -13, 13, 13) from vx=0.000 wz=0.040 vx_pwm=0.0 wz_pwm=12.8
[INFO] [1782819923.393108505] [m1_pwm_cmd_vel_bridge]: raw cmd vx=0.000 wz=0.040 => target vx=0.000 wz=0.040
[INFO] [1782819923.437020839] [m1_pwm_cmd_vel_bridge]: sent pwm=(-13, -13, 13, 13) from vx=0.000 wz=0.040 vx_pwm=0.0 wz_pwm=12.8
[INFO] [1782819923.454384932] [m1_pwm_cmd_vel_bridge]: raw cmd vx=0.000 wz=0.040 => target vx=0.000 wz=0.040
[INFO] [1782819923.488296243] [m1_pwm_cmd_vel_bridge]: sent pwm=(-13, -13, 13, 13) from vx=0.000 wz=0.040 vx_pwm=0.0 wz_pwm=12.8
[INFO] [1782819923.495616855] [m1_pwm_cmd_vel_bridge]: raw cmd vx=0.000 wz=0.040 => target vx=0.000 wz=0.040
[INFO] [1782819923.536481778] [m1_pwm_cmd_vel_bridge]: sent pwm=(-13, -13, 13, 13) from vx=0.000 wz=0.040 vx_pwm=0.0 wz_pwm=12.8
[INFO] [1782819923.548876422] [m1_pwm_cmd_vel_bridge]: raw cmd vx=0.000 wz=0.040 => target vx=0.000 wz=0.040
[INFO] [1782819923.586740601] [m1_pwm_cmd_vel_bridge]: sent pwm=(-13, -13, 13, 13) from vx=0.000 wz=0.040 vx_pwm=0.0 wz_pwm=12.8
[INFO] [1782819923.592508632] [m1_pwm_cmd_vel_bridge]: raw cmd vx=0.000 wz=0.040 => target vx=0.000 wz=0.040
[INFO] [1782819923.637747672] [m1_pwm_cmd_vel_bridge]: sent pwm=(-13, -13, 13, 13) from vx=0.000 wz=0.040 vx_pwm=0.0 wz_pwm=12.8
[INFO] [1782819923.649865941] [m1_pwm_cmd_vel_bridge]: raw cmd vx=0.000 wz=0.040 => target vx=0.000 wz=0.040
[INFO] [1782819923.685894082] [m1_pwm_cmd_vel_bridge]: sent pwm=(-13, -13, 13, 13) from vx=0.000 wz=0.040 vx_pwm=0.0 wz_pwm=12.8
[INFO] [1782819923.691859863] [m1_pwm_cmd_vel_bridge]: raw cmd vx=0.000 wz=0.040 => target vx=0.000 wz=0.040
[INFO] [1782819923.736313946] [m1_pwm_cmd_vel_bridge]: sent pwm=(-13, -13, 13, 13) from vx=0.000 wz=0.040 vx_pwm=0.0 wz_pwm=12.8
[INFO] [1782819923.752956457] [m1_pwm_cmd_vel_bridge]: raw cmd vx=0.000 wz=0.040 => target vx=0.000 wz=0.040
[INFO] [1782819923.787693267] [m1_pwm_cmd_vel_bridge]: sent pwm=(-13, -13, 13, 13) from vx=0.000 wz=0.040 vx_pwm=0.0 wz_pwm=12.8
[INFO] [1782819923.793478340] [m1_pwm_cmd_vel_bridge]: raw cmd vx=0.000 wz=0.040 => target vx=0.000 wz=0.040
[INFO] [1782819923.836134635] [m1_pwm_cmd_vel_bridge]: sent pwm=(-13, -13, 13, 13) from vx=0.000 wz=0.040 vx_pwm=0.0 wz_pwm=12.8
[INFO] [1782819923.844910118] [m1_pwm_cmd_vel_bridge]: raw cmd vx=0.000 wz=0.040 => target vx=0.000 wz=0.040
[INFO] [1782819923.887027040] [m1_pwm_cmd_vel_bridge]: sent pwm=(-13, -13, 13, 13) from vx=0.000 wz=0.040 vx_pwm=0.0 wz_pwm=12.8
[INFO] [1782819923.892707029] [m1_pwm_cmd_vel_bridge]: raw cmd vx=0.000 wz=0.040 => target vx=0.000 wz=0.040
[INFO] [1782819923.936696447] [m1_pwm_cmd_vel_bridge]: sent pwm=(-13, -13, 13, 13) from vx=0.000 wz=0.040 vx_pwm=0.0 wz_pwm=12.8
[INFO] [1782819923.950463754] [m1_pwm_cmd_vel_bridge]: raw cmd vx=0.000 wz=0.040 => target vx=0.000 wz=0.040
[INFO] [1782819923.986612020] [m1_pwm_cmd_vel_bridge]: sent pwm=(-13, -13, 13, 13) from vx=0.000 wz=0.040 vx_pwm=0.0 wz_pwm=12.8
[INFO] [1782819923.991096053] [m1_pwm_cmd_vel_bridge]: raw cmd vx=0.000 wz=0.040 => target vx=0.000 wz=0.040
[INFO] [1782819924.037222592] [m1_pwm_cmd_vel_bridge]: sent pwm=(-13, -13, 13, 13) from vx=0.000 wz=0.040 vx_pwm=0.0 wz_pwm=12.8
[INFO] [1782819924.053951811] [m1_pwm_cmd_vel_bridge]: raw cmd vx=0.000 wz=0.040 => target vx=0.000 wz=0.040
[INFO] [1782819924.088460163] [m1_pwm_cmd_vel_bridge]: sent pwm=(-13, -13, 13, 13) from vx=0.000 wz=0.040 vx_pwm=0.0 wz_pwm=12.8
[INFO] [1782819924.094526235] [m1_pwm_cmd_vel_bridge]: raw cmd vx=0.000 wz=0.040 => target vx=0.000 wz=0.040
[INFO] [1782819924.136080449] [m1_pwm_cmd_vel_bridge]: sent pwm=(-13, -13, 13, 13) from vx=0.000 wz=0.040 vx_pwm=0.0 wz_pwm=12.8
[INFO] [1782819924.145274224] [m1_pwm_cmd_vel_bridge]: raw cmd vx=0.000 wz=0.040 => target vx=0.000 wz=0.040
[INFO] [1782819924.186857312] [m1_pwm_cmd_vel_bridge]: sent pwm=(-13, -13, 13, 13) from vx=0.000 wz=0.040 vx_pwm=0.0 wz_pwm=12.8
[INFO] [1782819924.194869256] [m1_pwm_cmd_vel_bridge]: raw cmd vx=0.000 wz=0.040 => target vx=0.000 wz=0.040
[INFO] [1782819924.236571386] [m1_pwm_cmd_vel_bridge]: sent pwm=(-13, -13, 13, 13) from vx=0.000 wz=0.040 vx_pwm=0.0 wz_pwm=12.8
[INFO] [1782819924.249493487] [m1_pwm_cmd_vel_bridge]: raw cmd vx=0.000 wz=0.040 => target vx=0.000 wz=0.040
[INFO] [1782819924.285868669] [m1_pwm_cmd_vel_bridge]: sent pwm=(-13, -13, 13, 13) from vx=0.000 wz=0.040 vx_pwm=0.0 wz_pwm=12.8
[INFO] [1782819924.290244828] [m1_pwm_cmd_vel_bridge]: raw cmd vx=0.000 wz=0.040 => target vx=0.000 wz=0.040
[INFO] [1782819924.336647741] [m1_pwm_cmd_vel_bridge]: sent pwm=(-13, -13, 13, 13) from vx=0.000 wz=0.040 vx_pwm=0.0 wz_pwm=12.8
[INFO] [1782819924.351459255] [m1_pwm_cmd_vel_bridge]: raw cmd vx=0.000 wz=0.040 => target vx=0.000 wz=0.040
[INFO] [1782819924.386473523] [m1_pwm_cmd_vel_bridge]: sent pwm=(-13, -13, 13, 13) from vx=0.000 wz=0.040 vx_pwm=0.0 wz_pwm=12.8
[INFO] [1782819924.392010512] [m1_pwm_cmd_vel_bridge]: raw cmd vx=0.000 wz=0.040 => target vx=0.000 wz=0.040
[INFO] [1782819924.437012262] [m1_pwm_cmd_vel_bridge]: sent pwm=(-13, -13, 13, 13) from vx=0.000 wz=0.040 vx_pwm=0.0 wz_pwm=12.8
[INFO] [1782819924.445922203] [m1_pwm_cmd_vel_bridge]: raw cmd vx=0.000 wz=0.040 => target vx=0.000 wz=0.040
[INFO] [1782819924.485896878] [m1_pwm_cmd_vel_bridge]: sent pwm=(-13, -13, 13, 13) from vx=0.000 wz=0.040 vx_pwm=0.0 wz_pwm=12.8
[INFO] [1782819924.491779659] [m1_pwm_cmd_vel_bridge]: raw cmd vx=0.000 wz=0.040 => target vx=0.000 wz=0.040
[INFO] [1782819924.536692992] [m1_pwm_cmd_vel_bridge]: sent pwm=(-13, -13, 13, 13) from vx=0.000 wz=0.040 vx_pwm=0.0 wz_pwm=12.8
[INFO] [1782819924.550627674] [m1_pwm_cmd_vel_bridge]: raw cmd vx=0.000 wz=0.040 => target vx=0.000 wz=0.040
[INFO] [1782819924.586392399] [m1_pwm_cmd_vel_bridge]: sent pwm=(-13, -13, 13, 13) from vx=0.000 wz=0.040 vx_pwm=0.0 wz_pwm=12.8
[INFO] [1782819924.591447973] [m1_pwm_cmd_vel_bridge]: raw cmd vx=0.000 wz=0.040 => target vx=0.000 wz=0.040
[INFO] [1782819924.636059431] [m1_pwm_cmd_vel_bridge]: sent pwm=(-13, -13, 13, 13) from vx=0.000 wz=0.040 vx_pwm=0.0 wz_pwm=12.8
[INFO] [1782819924.654143564] [m1_pwm_cmd_vel_bridge]: raw cmd vx=0.000 wz=0.040 => target vx=0.000 wz=0.040
[INFO] [1782819924.686781461] [m1_pwm_cmd_vel_bridge]: sent pwm=(-13, -13, 13, 13) from vx=0.000 wz=0.040 vx_pwm=0.0 wz_pwm=12.8
[INFO] [1782819924.693332241] [m1_pwm_cmd_vel_bridge]: raw cmd vx=0.000 wz=0.040 => target vx=0.000 wz=0.040
[INFO] [1782819924.736122494] [m1_pwm_cmd_vel_bridge]: sent pwm=(-13, -13, 13, 13) from vx=0.000 wz=0.040 vx_pwm=0.0 wz_pwm=12.8
[INFO] [1782819924.746372892] [m1_pwm_cmd_vel_bridge]: raw cmd vx=0.000 wz=0.040 => target vx=0.000 wz=0.040
[INFO] [1782819924.787656648] [m1_pwm_cmd_vel_bridge]: sent pwm=(-13, -13, 13, 13) from vx=0.000 wz=0.040 vx_pwm=0.0 wz_pwm=12.8
[INFO] [1782819924.792217181] [m1_pwm_cmd_vel_bridge]: raw cmd vx=0.000 wz=0.040 => target vx=0.000 wz=0.040
[INFO] [1782819924.837765387] [m1_pwm_cmd_vel_bridge]: sent pwm=(-13, -13, 13, 13) from vx=0.000 wz=0.040 vx_pwm=0.0 wz_pwm=12.8
[INFO] [1782819924.851962611] [m1_pwm_cmd_vel_bridge]: raw cmd vx=0.000 wz=0.040 => target vx=0.000 wz=0.040
[INFO] [1782819924.887899335] [m1_pwm_cmd_vel_bridge]: sent pwm=(-13, -13, 13, 13) from vx=0.000 wz=0.040 vx_pwm=0.0 wz_pwm=12.8
[INFO] [1782819924.892857409] [m1_pwm_cmd_vel_bridge]: raw cmd vx=0.000 wz=0.040 => target vx=0.000 wz=0.040
[INFO] [1782819924.936913452] [m1_pwm_cmd_vel_bridge]: sent pwm=(-13, -13, 13, 13) from vx=0.000 wz=0.040 vx_pwm=0.0 wz_pwm=12.8
[INFO] [1782819924.951490216] [m1_pwm_cmd_vel_bridge]: raw cmd vx=0.000 wz=0.040 => target vx=0.000 wz=0.040
[INFO] [1782819924.988842230] [m1_pwm_cmd_vel_bridge]: sent pwm=(-13, -13, 13, 13) from vx=0.000 wz=0.040 vx_pwm=0.0 wz_pwm=12.8
[INFO] [1782819924.996404091] [m1_pwm_cmd_vel_bridge]: raw cmd vx=0.000 wz=0.040 => target vx=0.000 wz=0.040
[INFO] [1782819925.037191056] [m1_pwm_cmd_vel_bridge]: sent pwm=(-13, -13, 13, 13) from vx=0.000 wz=0.040 vx_pwm=0.0 wz_pwm=12.8
[INFO] [1782819925.046496456] [m1_pwm_cmd_vel_bridge]: raw cmd vx=0.000 wz=0.040 => target vx=0.000 wz=0.040
[INFO] [1782819925.086575839] [m1_pwm_cmd_vel_bridge]: sent pwm=(-13, -13, 13, 13) from vx=0.000 wz=0.040 vx_pwm=0.0 wz_pwm=12.8
[INFO] [1782819925.093780450] [m1_pwm_cmd_vel_bridge]: raw cmd vx=0.000 wz=0.040 => target vx=0.000 wz=0.040
[INFO] [1782819925.137717118] [m1_pwm_cmd_vel_bridge]: sent pwm=(-13, -13, 13, 13) from vx=0.000 wz=0.040 vx_pwm=0.0 wz_pwm=12.8
[INFO] [1782819925.150034887] [m1_pwm_cmd_vel_bridge]: raw cmd vx=0.000 wz=0.040 => target vx=0.000 wz=0.040
[INFO] [1782819925.186041486] [m1_pwm_cmd_vel_bridge]: sent pwm=(-13, -13, 13, 13) from vx=0.000 wz=0.040 vx_pwm=0.0 wz_pwm=12.8
[INFO] [1782819925.191559101] [m1_pwm_cmd_vel_bridge]: raw cmd vx=0.000 wz=0.040 => target vx=0.000 wz=0.040
[INFO] [1782819925.238177014] [m1_pwm_cmd_vel_bridge]: sent pwm=(-13, -13, 13, 13) from vx=0.000 wz=0.040 vx_pwm=0.0 wz_pwm=12.8
[INFO] [1782819925.252630404] [m1_pwm_cmd_vel_bridge]: raw cmd vx=0.000 wz=0.040 => target vx=0.000 wz=0.040
[INFO] [1782819925.288062379] [m1_pwm_cmd_vel_bridge]: sent pwm=(-13, -13, 13, 13) from vx=0.000 wz=0.040 vx_pwm=0.0 wz_pwm=12.8
[INFO] [1782819925.293035536] [m1_pwm_cmd_vel_bridge]: raw cmd vx=0.000 wz=0.040 => target vx=0.000 wz=0.040
[INFO] [1782819925.336074748] [m1_pwm_cmd_vel_bridge]: sent pwm=(-13, -13, 13, 13) from vx=0.000 wz=0.040 vx_pwm=0.0 wz_pwm=12.8
[INFO] [1782819925.345069439] [m1_pwm_cmd_vel_bridge]: raw cmd vx=0.000 wz=0.040 => target vx=0.000 wz=0.040
[INFO] [1782819925.387795193] [m1_pwm_cmd_vel_bridge]: sent pwm=(-13, -13, 13, 13) from vx=0.000 wz=0.040 vx_pwm=0.0 wz_pwm=12.8
[INFO] [1782819925.393490307] [m1_pwm_cmd_vel_bridge]: raw cmd vx=0.000 wz=0.040 => target vx=0.000 wz=0.040
[INFO] [1782819925.436759726] [m1_pwm_cmd_vel_bridge]: sent pwm=(-13, -13, 13, 13) from vx=0.000 wz=0.040 vx_pwm=0.0 wz_pwm=12.8
[INFO] [1782819925.450476325] [m1_pwm_cmd_vel_bridge]: raw cmd vx=0.000 wz=0.040 => target vx=0.000 wz=0.040
[INFO] [1782819925.486148384] [m1_pwm_cmd_vel_bridge]: sent pwm=(-13, -13, 13, 13) from vx=0.000 wz=0.040 vx_pwm=0.0 wz_pwm=12.8
[INFO] [1782819925.491668540] [m1_pwm_cmd_vel_bridge]: raw cmd vx=0.000 wz=0.040 => target vx=0.000 wz=0.040
[INFO] [1782819925.536703956] [m1_pwm_cmd_vel_bridge]: sent pwm=(-13, -13, 13, 13) from vx=0.000 wz=0.040 vx_pwm=0.0 wz_pwm=12.8
[INFO] [1782819925.549228808] [m1_pwm_cmd_vel_bridge]: raw cmd vx=0.000 wz=0.040 => target vx=0.000 wz=0.040
[INFO] [1782819925.587337278] [m1_pwm_cmd_vel_bridge]: sent pwm=(-13, -13, 13, 13) from vx=0.000 wz=0.040 vx_pwm=0.0 wz_pwm=12.8
[INFO] [1782819925.592631726] [m1_pwm_cmd_vel_bridge]: raw cmd vx=0.000 wz=0.040 => target vx=0.000 wz=0.040
[INFO] [1782819925.636402270] [m1_pwm_cmd_vel_bridge]: sent pwm=(-13, -13, 13, 13) from vx=0.000 wz=0.040 vx_pwm=0.0 wz_pwm=12.8
[INFO] [1782819925.646615875] [m1_pwm_cmd_vel_bridge]: raw cmd vx=0.000 wz=0.040 => target vx=0.000 wz=0.040
[INFO] [1782819925.687725632] [m1_pwm_cmd_vel_bridge]: sent pwm=(-13, -13, 13, 13) from vx=0.000 wz=0.040 vx_pwm=0.0 wz_pwm=12.8
[INFO] [1782819925.693599829] [m1_pwm_cmd_vel_bridge]: raw cmd vx=0.000 wz=0.040 => target vx=0.000 wz=0.040
[INFO] [1782819925.737840413] [m1_pwm_cmd_vel_bridge]: sent pwm=(-13, -13, 13, 13) from vx=0.000 wz=0.040 vx_pwm=0.0 wz_pwm=12.8
[INFO] [1782819925.751451763] [m1_pwm_cmd_vel_bridge]: raw cmd vx=0.000 wz=0.040 => target vx=0.000 wz=0.040
[INFO] [1782819925.786175615] [m1_pwm_cmd_vel_bridge]: sent pwm=(-13, -13, 13, 13) from vx=0.000 wz=0.040 vx_pwm=0.0 wz_pwm=12.8
[INFO] [1782819925.792090604] [m1_pwm_cmd_vel_bridge]: raw cmd vx=0.000 wz=0.040 => target vx=0.000 wz=0.040
[INFO] [1782819925.836678270] [m1_pwm_cmd_vel_bridge]: sent pwm=(-13, -13, 13, 13) from vx=0.000 wz=0.040 vx_pwm=0.0 wz_pwm=12.8
[INFO] [1782819925.853165573] [m1_pwm_cmd_vel_bridge]: raw cmd vx=0.000 wz=0.040 => target vx=0.000 wz=0.040
[INFO] [1782819925.887471050] [m1_pwm_cmd_vel_bridge]: sent pwm=(-13, -13, 13, 13) from vx=0.000 wz=0.040 vx_pwm=0.0 wz_pwm=12.8
[INFO] [1782819925.894038830] [m1_pwm_cmd_vel_bridge]: raw cmd vx=0.000 wz=0.040 => target vx=0.000 wz=0.040
[INFO] [1782819925.936179126] [m1_pwm_cmd_vel_bridge]: sent pwm=(-13, -13, 13, 13) from vx=0.000 wz=0.040 vx_pwm=0.0 wz_pwm=12.8
[INFO] [1782819925.945249484] [m1_pwm_cmd_vel_bridge]: raw cmd vx=0.000 wz=0.040 => target vx=0.000 wz=0.040
[INFO] [1782819925.986400032] [m1_pwm_cmd_vel_bridge]: sent pwm=(-13, -13, 13, 13) from vx=0.000 wz=0.040 vx_pwm=0.0 wz_pwm=12.8
[INFO] [1782819925.991938563] [m1_pwm_cmd_vel_bridge]: raw cmd vx=0.000 wz=0.040 => target vx=0.000 wz=0.040
[INFO] [1782819926.037281437] [m1_pwm_cmd_vel_bridge]: sent pwm=(-13, -13, 13, 13) from vx=0.000 wz=0.040 vx_pwm=0.0 wz_pwm=12.8
[INFO] [1782819926.050973870] [m1_pwm_cmd_vel_bridge]: raw cmd vx=0.000 wz=0.040 => target vx=0.000 wz=0.040
[INFO] [1782819926.086703886] [m1_pwm_cmd_vel_bridge]: sent pwm=(-13, -13, 13, 13) from vx=0.000 wz=0.040 vx_pwm=0.0 wz_pwm=12.8
[INFO] [1782819926.091445461] [m1_pwm_cmd_vel_bridge]: raw cmd vx=0.000 wz=0.040 => target vx=0.000 wz=0.040
[INFO] [1782819926.136429418] [m1_pwm_cmd_vel_bridge]: sent pwm=(-13, -13, 13, 13) from vx=0.000 wz=0.040 vx_pwm=0.0 wz_pwm=12.8
[INFO] [1782819926.153377762] [m1_pwm_cmd_vel_bridge]: raw cmd vx=0.000 wz=0.040 => target vx=0.000 wz=0.040
[INFO] [1782819926.187077657] [m1_pwm_cmd_vel_bridge]: sent pwm=(-13, -13, 13, 13) from vx=0.000 wz=0.040 vx_pwm=0.0 wz_pwm=12.8
[INFO] [1782819926.194012894] [m1_pwm_cmd_vel_bridge]: raw cmd vx=0.000 wz=0.040 => target vx=0.000 wz=0.040
[INFO] [1782819926.236398148] [m1_pwm_cmd_vel_bridge]: sent pwm=(-13, -13, 13, 13) from vx=0.000 wz=0.040 vx_pwm=0.0 wz_pwm=12.8
[INFO] [1782819926.245817756] [m1_pwm_cmd_vel_bridge]: raw cmd vx=0.000 wz=0.040 => target vx=0.000 wz=0.040
[INFO] [1782819926.288137176] [m1_pwm_cmd_vel_bridge]: sent pwm=(-13, -13, 13, 13) from vx=0.000 wz=0.040 vx_pwm=0.0 wz_pwm=12.8
[INFO] [1782819926.292781876] [m1_pwm_cmd_vel_bridge]: raw cmd vx=0.000 wz=0.040 => target vx=0.000 wz=0.040
[INFO] [1782819926.337745334] [m1_pwm_cmd_vel_bridge]: sent pwm=(-13, -13, 13, 13) from vx=0.000 wz=0.040 vx_pwm=0.0 wz_pwm=12.8
[INFO] [1782819926.350258769] [m1_pwm_cmd_vel_bridge]: raw cmd vx=0.000 wz=0.040 => target vx=0.000 wz=0.040
[INFO] [1782819926.386295951] [m1_pwm_cmd_vel_bridge]: sent pwm=(-13, -13, 13, 13) from vx=0.000 wz=0.040 vx_pwm=0.0 wz_pwm=12.8
[INFO] [1782819926.391153484] [m1_pwm_cmd_vel_bridge]: raw cmd vx=0.000 wz=0.040 => target vx=0.000 wz=0.040
[INFO] [1782819926.436402149] [m1_pwm_cmd_vel_bridge]: sent pwm=(-13, -13, 13, 13) from vx=0.000 wz=0.040 vx_pwm=0.0 wz_pwm=12.8
[INFO] [1782819926.458248650] [m1_pwm_cmd_vel_bridge]: raw cmd vx=0.000 wz=0.040 => target vx=0.000 wz=0.040
[INFO] [1782819926.487940428] [m1_pwm_cmd_vel_bridge]: sent pwm=(-13, -13, 13, 13) from vx=0.000 wz=0.040 vx_pwm=0.0 wz_pwm=12.8
[INFO] [1782819926.493503376] [m1_pwm_cmd_vel_bridge]: raw cmd vx=0.000 wz=0.040 => target vx=0.000 wz=0.040
[INFO] [1782819926.537713293] [m1_pwm_cmd_vel_bridge]: sent pwm=(-13, -13, 13, 13) from vx=0.000 wz=0.040 vx_pwm=0.0 wz_pwm=12.8
[INFO] [1782819926.550723852] [m1_pwm_cmd_vel_bridge]: raw cmd vx=0.000 wz=0.040 => target vx=0.000 wz=0.040
[INFO] [1782819926.586707743] [m1_pwm_cmd_vel_bridge]: sent pwm=(-13, -13, 13, 13) from vx=0.000 wz=0.040 vx_pwm=0.0 wz_pwm=12.8
[INFO] [1782819926.593303439] [m1_pwm_cmd_vel_bridge]: raw cmd vx=0.000 wz=0.040 => target vx=0.000 wz=0.040
[INFO] [1782819926.637115774] [m1_pwm_cmd_vel_bridge]: sent pwm=(-13, -13, 13, 13) from vx=0.000 wz=0.040 vx_pwm=0.0 wz_pwm=12.8
[INFO] [1782819926.651597247] [m1_pwm_cmd_vel_bridge]: raw cmd vx=0.000 wz=0.040 => target vx=0.000 wz=0.040
[INFO] [1782819926.686019225] [m1_pwm_cmd_vel_bridge]: sent pwm=(-13, -13, 13, 13) from vx=0.000 wz=0.040 vx_pwm=0.0 wz_pwm=12.8
[INFO] [1782819926.692136880] [m1_pwm_cmd_vel_bridge]: raw cmd vx=0.000 wz=0.040 => target vx=0.000 wz=0.040
[INFO] [1782819926.737672545] [m1_pwm_cmd_vel_bridge]: sent pwm=(-13, -13, 13, 13) from vx=0.000 wz=0.040 vx_pwm=0.0 wz_pwm=12.8
[INFO] [1782819926.749874605] [m1_pwm_cmd_vel_bridge]: raw cmd vx=0.000 wz=0.040 => target vx=0.000 wz=0.040
[INFO] [1782819926.786757286] [m1_pwm_cmd_vel_bridge]: sent pwm=(-13, -13, 13, 13) from vx=0.000 wz=0.040 vx_pwm=0.0 wz_pwm=12.8
[INFO] [1782819926.792264318] [m1_pwm_cmd_vel_bridge]: raw cmd vx=0.000 wz=0.040 => target vx=0.000 wz=0.040
[INFO] [1782819926.837022317] [m1_pwm_cmd_vel_bridge]: sent pwm=(-13, -13, 13, 13) from vx=0.000 wz=0.040 vx_pwm=0.0 wz_pwm=12.8
[INFO] [1782819926.846098050] [m1_pwm_cmd_vel_bridge]: raw cmd vx=0.000 wz=0.040 => target vx=0.000 wz=0.040
[INFO] [1782819926.886693641] [m1_pwm_cmd_vel_bridge]: sent pwm=(-13, -13, 13, 13) from vx=0.000 wz=0.040 vx_pwm=0.0 wz_pwm=12.8
[INFO] [1782819926.891832257] [m1_pwm_cmd_vel_bridge]: raw cmd vx=0.000 wz=0.040 => target vx=0.000 wz=0.040
[INFO] [1782819926.938113795] [m1_pwm_cmd_vel_bridge]: sent pwm=(-13, -13, 13, 13) from vx=0.000 wz=0.040 vx_pwm=0.0 wz_pwm=12.8
[INFO] [1782819926.950546813] [m1_pwm_cmd_vel_bridge]: raw cmd vx=0.000 wz=0.040 => target vx=0.000 wz=0.040
[INFO] [1782819926.985842206] [m1_pwm_cmd_vel_bridge]: sent pwm=(-13, -13, 13, 13) from vx=0.000 wz=0.040 vx_pwm=0.0 wz_pwm=12.8
[INFO] [1782819926.990951321] [m1_pwm_cmd_vel_bridge]: raw cmd vx=0.000 wz=0.040 => target vx=0.000 wz=0.040
[INFO] [1782819927.036223028] [m1_pwm_cmd_vel_bridge]: sent pwm=(-13, -13, 13, 13) from vx=0.000 wz=0.040 vx_pwm=0.0 wz_pwm=12.8
[INFO] [1782819927.051027376] [m1_pwm_cmd_vel_bridge]: raw cmd vx=0.000 wz=0.040 => target vx=0.000 wz=0.040
[INFO] [1782819927.087406641] [m1_pwm_cmd_vel_bridge]: sent pwm=(-13, -13, 13, 13) from vx=0.000 wz=0.040 vx_pwm=0.0 wz_pwm=12.8
[INFO] [1782819927.093343505] [m1_pwm_cmd_vel_bridge]: raw cmd vx=0.000 wz=0.040 => target vx=0.000 wz=0.040
[INFO] [1782819927.136193508] [m1_pwm_cmd_vel_bridge]: sent pwm=(-13, -13, 13, 13) from vx=0.000 wz=0.040 vx_pwm=0.0 wz_pwm=12.8
[INFO] [1782819927.149123859] [m1_pwm_cmd_vel_bridge]: raw cmd vx=0.000 wz=0.040 => target vx=0.000 wz=0.040
[INFO] [1782819927.186265540] [m1_pwm_cmd_vel_bridge]: sent pwm=(-13, -13, 13, 13) from vx=0.000 wz=0.040 vx_pwm=0.0 wz_pwm=12.8
[INFO] [1782819927.192589819] [m1_pwm_cmd_vel_bridge]: raw cmd vx=0.000 wz=0.040 => target vx=0.000 wz=0.040
[INFO] [1782819927.236713487] [m1_pwm_cmd_vel_bridge]: sent pwm=(-13, -13, 13, 13) from vx=0.000 wz=0.040 vx_pwm=0.0 wz_pwm=12.8
[INFO] [1782819927.249963212] [m1_pwm_cmd_vel_bridge]: raw cmd vx=0.000 wz=0.040 => target vx=0.000 wz=0.040
[INFO] [1782819927.287088560] [m1_pwm_cmd_vel_bridge]: sent pwm=(-13, -13, 13, 13) from vx=0.000 wz=0.040 vx_pwm=0.0 wz_pwm=12.8
[INFO] [1782819927.291643009] [m1_pwm_cmd_vel_bridge]: raw cmd vx=0.000 wz=0.040 => target vx=0.000 wz=0.040
[INFO] [1782819927.337353882] [m1_pwm_cmd_vel_bridge]: sent pwm=(-13, -13, 13, 13) from vx=0.000 wz=0.040 vx_pwm=0.0 wz_pwm=12.8
[INFO] [1782819927.353704810] [m1_pwm_cmd_vel_bridge]: raw cmd vx=0.000 wz=0.040 => target vx=0.000 wz=0.040
[INFO] [1782819927.387480372] [m1_pwm_cmd_vel_bridge]: sent pwm=(-13, -13, 13, 13) from vx=0.000 wz=0.040 vx_pwm=0.0 wz_pwm=12.8
[INFO] [1782819927.394186359] [m1_pwm_cmd_vel_bridge]: raw cmd vx=0.000 wz=0.040 => target vx=0.000 wz=0.040
[INFO] [1782819927.436030698] [m1_pwm_cmd_vel_bridge]: sent pwm=(-13, -13, 13, 13) from vx=0.000 wz=0.040 vx_pwm=0.0 wz_pwm=12.8
[INFO] [1782819927.445339139] [m1_pwm_cmd_vel_bridge]: raw cmd vx=0.000 wz=0.040 => target vx=0.000 wz=0.040
[INFO] [1782819927.487546768] [m1_pwm_cmd_vel_bridge]: sent pwm=(-13, -13, 13, 13) from vx=0.000 wz=0.040 vx_pwm=0.0 wz_pwm=12.8
[INFO] [1782819927.494047131] [m1_pwm_cmd_vel_bridge]: raw cmd vx=0.000 wz=0.040 => target vx=0.000 wz=0.040
[INFO] [1782819927.537591258] [m1_pwm_cmd_vel_bridge]: sent pwm=(-13, -13, 13, 13) from vx=0.000 wz=0.040 vx_pwm=0.0 wz_pwm=12.8
[INFO] [1782819927.550616359] [m1_pwm_cmd_vel_bridge]: raw cmd vx=0.000 wz=0.040 => target vx=0.000 wz=0.040
[INFO] [1782819927.585920084] [m1_pwm_cmd_vel_bridge]: sent pwm=(-13, -13, 13, 13) from vx=0.000 wz=0.040 vx_pwm=0.0 wz_pwm=12.8
[INFO] [1782819927.590352076] [m1_pwm_cmd_vel_bridge]: raw cmd vx=0.000 wz=0.040 => target vx=0.000 wz=0.040
[INFO] [1782819927.636712823] [m1_pwm_cmd_vel_bridge]: sent pwm=(-13, -13, 13, 13) from vx=0.000 wz=0.040 vx_pwm=0.0 wz_pwm=12.8
[INFO] [1782819927.652743043] [m1_pwm_cmd_vel_bridge]: raw cmd vx=0.000 wz=0.040 => target vx=0.000 wz=0.040
[INFO] [1782819927.687419228] [m1_pwm_cmd_vel_bridge]: sent pwm=(-13, -13, 13, 13) from vx=0.000 wz=0.040 vx_pwm=0.0 wz_pwm=12.8
[INFO] [1782819927.693003093] [m1_pwm_cmd_vel_bridge]: raw cmd vx=0.000 wz=0.040 => target vx=0.000 wz=0.040
[INFO] [1782819927.737111219] [m1_pwm_cmd_vel_bridge]: sent pwm=(-13, -13, 13, 13) from vx=0.000 wz=0.040 vx_pwm=0.0 wz_pwm=12.8
[INFO] [1782819927.745877119] [m1_pwm_cmd_vel_bridge]: raw cmd vx=0.000 wz=0.040 => target vx=0.000 wz=0.040
[INFO] [1782819927.787770207] [m1_pwm_cmd_vel_bridge]: sent pwm=(-13, -13, 13, 13) from vx=0.000 wz=0.040 vx_pwm=0.0 wz_pwm=12.8
[INFO] [1782819927.792557365] [m1_pwm_cmd_vel_bridge]: raw cmd vx=0.000 wz=0.040 => target vx=0.000 wz=0.040
[INFO] [1782819927.836831532] [m1_pwm_cmd_vel_bridge]: sent pwm=(-13, -13, 13, 13) from vx=0.000 wz=0.040 vx_pwm=0.0 wz_pwm=12.8
[INFO] [1782819927.849054676] [m1_pwm_cmd_vel_bridge]: raw cmd vx=0.000 wz=0.040 => target vx=0.000 wz=0.040
[INFO] [1782819927.885824524] [m1_pwm_cmd_vel_bridge]: sent pwm=(-13, -13, 13, 13) from vx=0.000 wz=0.040 vx_pwm=0.0 wz_pwm=12.8
[INFO] [1782819927.890859723] [m1_pwm_cmd_vel_bridge]: raw cmd vx=0.000 wz=0.040 => target vx=0.000 wz=0.040
[INFO] [1782819927.936526971] [m1_pwm_cmd_vel_bridge]: sent pwm=(-13, -13, 13, 13) from vx=0.000 wz=0.040 vx_pwm=0.0 wz_pwm=12.8
[INFO] [1782819927.953593147] [m1_pwm_cmd_vel_bridge]: raw cmd vx=0.000 wz=0.040 => target vx=0.000 wz=0.040
[INFO] [1782819927.986990085] [m1_pwm_cmd_vel_bridge]: sent pwm=(-13, -13, 13, 13) from vx=0.000 wz=0.040 vx_pwm=0.0 wz_pwm=12.8
[INFO] [1782819927.992734408] [m1_pwm_cmd_vel_bridge]: raw cmd vx=0.000 wz=0.040 => target vx=0.000 wz=0.040
[INFO] [1782819928.036181743] [m1_pwm_cmd_vel_bridge]: sent pwm=(-13, -13, 13, 13) from vx=0.000 wz=0.040 vx_pwm=0.0 wz_pwm=12.8
[INFO] [1782819928.046227433] [m1_pwm_cmd_vel_bridge]: raw cmd vx=0.000 wz=0.040 => target vx=0.000 wz=0.040
[INFO] [1782819928.087108856] [m1_pwm_cmd_vel_bridge]: sent pwm=(-13, -13, 13, 13) from vx=0.000 wz=0.040 vx_pwm=0.0 wz_pwm=12.8
[INFO] [1782819928.092166680] [m1_pwm_cmd_vel_bridge]: raw cmd vx=0.000 wz=0.040 => target vx=0.000 wz=0.040
[INFO] [1782819928.137338387] [m1_pwm_cmd_vel_bridge]: sent pwm=(-13, -13, 13, 13) from vx=0.000 wz=0.040 vx_pwm=0.0 wz_pwm=12.8
[INFO] [1782819928.150864112] [m1_pwm_cmd_vel_bridge]: raw cmd vx=0.000 wz=0.040 => target vx=0.000 wz=0.040
[INFO] [1782819928.185815547] [m1_pwm_cmd_vel_bridge]: sent pwm=(-13, -13, 13, 13) from vx=0.000 wz=0.040 vx_pwm=0.0 wz_pwm=12.8
[INFO] [1782819928.192369201] [m1_pwm_cmd_vel_bridge]: raw cmd vx=0.000 wz=0.040 => target vx=0.000 wz=0.040
[INFO] [1782819928.236098119] [m1_pwm_cmd_vel_bridge]: sent pwm=(-13, -13, 13, 13) from vx=0.000 wz=0.040 vx_pwm=0.0 wz_pwm=12.8
[INFO] [1782819928.252617630] [m1_pwm_cmd_vel_bridge]: raw cmd vx=0.000 wz=0.040 => target vx=0.000 wz=0.040
[INFO] [1782819928.287341857] [m1_pwm_cmd_vel_bridge]: sent pwm=(-13, -13, 13, 13) from vx=0.000 wz=0.040 vx_pwm=0.0 wz_pwm=12.8
[INFO] [1782819928.293403012] [m1_pwm_cmd_vel_bridge]: raw cmd vx=0.000 wz=0.040 => target vx=0.000 wz=0.040
[INFO] [1782819928.336028599] [m1_pwm_cmd_vel_bridge]: sent pwm=(-13, -13, 13, 13) from vx=0.000 wz=0.040 vx_pwm=0.0 wz_pwm=12.8
[INFO] [1782819928.344916749] [m1_pwm_cmd_vel_bridge]: raw cmd vx=0.000 wz=0.040 => target vx=0.000 wz=0.040
[INFO] [1782819928.386969254] [m1_pwm_cmd_vel_bridge]: sent pwm=(-13, -13, 13, 13) from vx=0.000 wz=0.040 vx_pwm=0.0 wz_pwm=12.8
[INFO] [1782819928.392332953] [m1_pwm_cmd_vel_bridge]: raw cmd vx=0.000 wz=0.040 => target vx=0.000 wz=0.040
[INFO] [1782819928.436484578] [m1_pwm_cmd_vel_bridge]: sent pwm=(-13, -13, 13, 13) from vx=0.000 wz=0.040 vx_pwm=0.0 wz_pwm=12.8
[INFO] [1782819928.448352431] [m1_pwm_cmd_vel_bridge]: raw cmd vx=0.000 wz=0.040 => target vx=0.000 wz=0.040
[INFO] [1782819928.485936944] [m1_pwm_cmd_vel_bridge]: sent pwm=(-13, -13, 13, 13) from vx=0.000 wz=0.040 vx_pwm=0.0 wz_pwm=12.8
[INFO] [1782819928.490706727] [m1_pwm_cmd_vel_bridge]: raw cmd vx=0.000 wz=0.040 => target vx=0.000 wz=0.040
[INFO] [1782819928.538016805] [m1_pwm_cmd_vel_bridge]: sent pwm=(-13, -13, 13, 13) from vx=0.000 wz=0.040 vx_pwm=0.0 wz_pwm=12.8
[INFO] [1782819928.552656361] [m1_pwm_cmd_vel_bridge]: raw cmd vx=0.000 wz=0.040 => target vx=0.000 wz=0.040
[INFO] [1782819928.587757129] [m1_pwm_cmd_vel_bridge]: sent pwm=(-13, -13, 13, 13) from vx=0.000 wz=0.040 vx_pwm=0.0 wz_pwm=12.8
[INFO] [1782819928.592721495] [m1_pwm_cmd_vel_bridge]: raw cmd vx=0.000 wz=0.040 => target vx=0.000 wz=0.040
[INFO] [1782819928.636033206] [m1_pwm_cmd_vel_bridge]: sent pwm=(-13, -13, 13, 13) from vx=0.000 wz=0.040 vx_pwm=0.0 wz_pwm=12.8
[INFO] [1782819928.644943606] [m1_pwm_cmd_vel_bridge]: raw cmd vx=0.000 wz=0.040 => target vx=0.000 wz=0.040
[INFO] [1782819928.686848319] [m1_pwm_cmd_vel_bridge]: sent pwm=(-13, -13, 13, 13) from vx=0.000 wz=0.040 vx_pwm=0.0 wz_pwm=12.8
[INFO] [1782819928.693821681] [m1_pwm_cmd_vel_bridge]: raw cmd vx=0.000 wz=0.040 => target vx=0.000 wz=0.040
[INFO] [1782819928.736683934] [m1_pwm_cmd_vel_bridge]: sent pwm=(-13, -13, 13, 13) from vx=0.000 wz=0.040 vx_pwm=0.0 wz_pwm=12.8
[INFO] [1782819928.748530912] [m1_pwm_cmd_vel_bridge]: raw cmd vx=0.000 wz=0.040 => target vx=0.000 wz=0.040
[INFO] [1782819928.786780424] [m1_pwm_cmd_vel_bridge]: sent pwm=(-13, -13, 13, 13) from vx=0.000 wz=0.040 vx_pwm=0.0 wz_pwm=12.8
[INFO] [1782819928.792534038] [m1_pwm_cmd_vel_bridge]: raw cmd vx=0.000 wz=0.040 => target vx=0.000 wz=0.040
[INFO] [1782819928.836838039] [m1_pwm_cmd_vel_bridge]: sent pwm=(-13, -13, 13, 13) from vx=0.000 wz=0.040 vx_pwm=0.0 wz_pwm=12.8
[INFO] [1782819928.855405837] [m1_pwm_cmd_vel_bridge]: raw cmd vx=0.000 wz=0.040 => target vx=0.000 wz=0.040
[INFO] [1782819928.887599277] [m1_pwm_cmd_vel_bridge]: sent pwm=(-13, -13, 13, 13) from vx=0.000 wz=0.040 vx_pwm=0.0 wz_pwm=12.8
[INFO] [1782819928.892981350] [m1_pwm_cmd_vel_bridge]: raw cmd vx=0.000 wz=0.040 => target vx=0.000 wz=0.040
[INFO] [1782819928.936094937] [m1_pwm_cmd_vel_bridge]: sent pwm=(-13, -13, 13, 13) from vx=0.000 wz=0.040 vx_pwm=0.0 wz_pwm=12.8
[INFO] [1782819928.945697877] [m1_pwm_cmd_vel_bridge]: raw cmd vx=0.000 wz=0.040 => target vx=0.000 wz=0.040
[INFO] [1782819928.987983340] [m1_pwm_cmd_vel_bridge]: sent pwm=(-13, -13, 13, 13) from vx=0.000 wz=0.040 vx_pwm=0.0 wz_pwm=12.8
[INFO] [1782819928.992954580] [m1_pwm_cmd_vel_bridge]: raw cmd vx=0.000 wz=0.040 => target vx=0.000 wz=0.040
[INFO] [1782819929.036707499] [m1_pwm_cmd_vel_bridge]: sent pwm=(-13, -13, 13, 13) from vx=0.000 wz=0.040 vx_pwm=0.0 wz_pwm=12.8
[INFO] [1782819929.051380013] [m1_pwm_cmd_vel_bridge]: raw cmd vx=0.000 wz=0.040 => target vx=0.000 wz=0.040
[INFO] [1782819929.085937990] [m1_pwm_cmd_vel_bridge]: sent pwm=(-13, -13, 13, 13) from vx=0.000 wz=0.040 vx_pwm=0.0 wz_pwm=12.8
[INFO] [1782819929.091448396] [m1_pwm_cmd_vel_bridge]: raw cmd vx=0.000 wz=0.040 => target vx=0.000 wz=0.040
[INFO] [1782819929.136194938] [m1_pwm_cmd_vel_bridge]: sent pwm=(-13, -13, 13, 13) from vx=0.000 wz=0.040 vx_pwm=0.0 wz_pwm=12.8
[INFO] [1782819929.154576237] [m1_pwm_cmd_vel_bridge]: raw cmd vx=0.000 wz=0.040 => target vx=0.000 wz=0.040
[INFO] [1782819929.188261924] [m1_pwm_cmd_vel_bridge]: sent pwm=(-13, -13, 13, 13) from vx=0.000 wz=0.040 vx_pwm=0.0 wz_pwm=12.8
[INFO] [1782819929.196157701] [m1_pwm_cmd_vel_bridge]: raw cmd vx=0.000 wz=0.040 => target vx=0.000 wz=0.040
[INFO] [1782819929.236136251] [m1_pwm_cmd_vel_bridge]: sent pwm=(-13, -13, 13, 13) from vx=0.000 wz=0.040 vx_pwm=0.0 wz_pwm=12.8
[INFO] [1782819929.245540733] [m1_pwm_cmd_vel_bridge]: raw cmd vx=0.000 wz=0.040 => target vx=0.000 wz=0.040
[INFO] [1782819929.286756906] [m1_pwm_cmd_vel_bridge]: sent pwm=(-13, -13, 13, 13) from vx=0.000 wz=0.040 vx_pwm=0.0 wz_pwm=12.8
[INFO] [1782819929.291824355] [m1_pwm_cmd_vel_bridge]: raw cmd vx=0.000 wz=0.040 => target vx=0.000 wz=0.040
[INFO] [1782819929.338759809] [m1_pwm_cmd_vel_bridge]: sent pwm=(-13, -13, 13, 13) from vx=0.000 wz=0.040 vx_pwm=0.0 wz_pwm=12.8
[INFO] [1782819929.350103121] [m1_pwm_cmd_vel_bridge]: raw cmd vx=0.000 wz=0.040 => target vx=0.000 wz=0.040
[INFO] [1782819929.386334387] [m1_pwm_cmd_vel_bridge]: sent pwm=(-13, -13, 13, 13) from vx=0.000 wz=0.040 vx_pwm=0.0 wz_pwm=12.8
[INFO] [1782819929.390950170] [m1_pwm_cmd_vel_bridge]: raw cmd vx=0.000 wz=0.040 => target vx=0.000 wz=0.040
[INFO] [1782819929.436034836] [m1_pwm_cmd_vel_bridge]: sent pwm=(-13, -13, 13, 13) from vx=0.000 wz=0.040 vx_pwm=0.0 wz_pwm=12.8
[INFO] [1782819929.453576428] [m1_pwm_cmd_vel_bridge]: raw cmd vx=0.000 wz=0.040 => target vx=0.000 wz=0.040
[INFO] [1782819929.488252780] [m1_pwm_cmd_vel_bridge]: sent pwm=(-13, -13, 13, 13) from vx=0.000 wz=0.040 vx_pwm=0.0 wz_pwm=12.8
[INFO] [1782819929.494102477] [m1_pwm_cmd_vel_bridge]: raw cmd vx=0.000 wz=0.040 => target vx=0.000 wz=0.040
[INFO] [1782819929.536129357] [m1_pwm_cmd_vel_bridge]: sent pwm=(-13, -13, 13, 13) from vx=0.000 wz=0.040 vx_pwm=0.0 wz_pwm=12.8
[INFO] [1782819929.544929799] [m1_pwm_cmd_vel_bridge]: raw cmd vx=0.000 wz=0.040 => target vx=0.000 wz=0.040
[INFO] [1782819929.587375470] [m1_pwm_cmd_vel_bridge]: sent pwm=(-13, -13, 13, 13) from vx=0.000 wz=0.040 vx_pwm=0.0 wz_pwm=12.8
[INFO] [1782819929.592522210] [m1_pwm_cmd_vel_bridge]: raw cmd vx=0.000 wz=0.040 => target vx=0.000 wz=0.040
[INFO] [1782819929.636550128] [m1_pwm_cmd_vel_bridge]: sent pwm=(-13, -13, 13, 13) from vx=0.000 wz=0.040 vx_pwm=0.0 wz_pwm=12.8
[INFO] [1782819929.649234979] [m1_pwm_cmd_vel_bridge]: raw cmd vx=0.000 wz=0.040 => target vx=0.000 wz=0.040
[INFO] [1782819929.685799411] [m1_pwm_cmd_vel_bridge]: sent pwm=(-13, -13, 13, 13) from vx=0.000 wz=0.040 vx_pwm=0.0 wz_pwm=12.8
[INFO] [1782819929.690906860] [m1_pwm_cmd_vel_bridge]: raw cmd vx=0.000 wz=0.040 => target vx=0.000 wz=0.040
[INFO] [1782819929.736388650] [m1_pwm_cmd_vel_bridge]: sent pwm=(-13, -13, 13, 13) from vx=0.000 wz=0.040 vx_pwm=0.0 wz_pwm=12.8
[INFO] [1782819929.748631877] [m1_pwm_cmd_vel_bridge]: raw cmd vx=0.000 wz=0.040 => target vx=0.000 wz=0.040
[INFO] [1782819929.787879387] [m1_pwm_cmd_vel_bridge]: sent pwm=(-13, -13, 13, 13) from vx=0.000 wz=0.040 vx_pwm=0.0 wz_pwm=12.8
[INFO] [1782819929.793189293] [m1_pwm_cmd_vel_bridge]: raw cmd vx=0.000 wz=0.040 => target vx=0.000 wz=0.040
[INFO] [1782819929.837405835] [m1_pwm_cmd_vel_bridge]: sent pwm=(-13, -13, 13, 13) from vx=0.000 wz=0.040 vx_pwm=0.0 wz_pwm=12.8
[INFO] [1782819929.845348528] [m1_pwm_cmd_vel_bridge]: raw cmd vx=0.000 wz=0.040 => target vx=0.000 wz=0.040
[INFO] [1782819929.887508074] [m1_pwm_cmd_vel_bridge]: sent pwm=(-13, -13, 13, 13) from vx=0.000 wz=0.040 vx_pwm=0.0 wz_pwm=12.8
[INFO] [1782819929.893125688] [m1_pwm_cmd_vel_bridge]: raw cmd vx=0.000 wz=0.040 => target vx=0.000 wz=0.040
[INFO] [1782819929.936671523] [m1_pwm_cmd_vel_bridge]: sent pwm=(-13, -13, 13, 13) from vx=0.000 wz=0.040 vx_pwm=0.0 wz_pwm=12.8
[INFO] [1782819929.950168748] [m1_pwm_cmd_vel_bridge]: raw cmd vx=0.000 wz=0.040 => target vx=0.000 wz=0.040
[INFO] [1782819929.985835389] [m1_pwm_cmd_vel_bridge]: sent pwm=(-13, -13, 13, 13) from vx=0.000 wz=0.040 vx_pwm=0.0 wz_pwm=12.8
[INFO] [1782819929.990270964] [m1_pwm_cmd_vel_bridge]: raw cmd vx=0.000 wz=0.040 => target vx=0.000 wz=0.040
[INFO] [1782819930.037427538] [m1_pwm_cmd_vel_bridge]: sent pwm=(-13, -13, 13, 13) from vx=0.000 wz=0.040 vx_pwm=0.0 wz_pwm=12.8
[INFO] [1782819930.054770168] [m1_pwm_cmd_vel_bridge]: raw cmd vx=0.000 wz=0.040 => target vx=0.000 wz=0.040
[INFO] [1782819930.088761931] [m1_pwm_cmd_vel_bridge]: sent pwm=(-13, -13, 13, 13) from vx=0.000 wz=0.040 vx_pwm=0.0 wz_pwm=12.8
[INFO] [1782819930.095593333] [m1_pwm_cmd_vel_bridge]: raw cmd vx=0.000 wz=0.040 => target vx=0.000 wz=0.040
[INFO] [1782819930.136804373] [m1_pwm_cmd_vel_bridge]: sent pwm=(-13, -13, 13, 13) from vx=0.000 wz=0.040 vx_pwm=0.0 wz_pwm=12.8
[INFO] [1782819930.146523353] [m1_pwm_cmd_vel_bridge]: raw cmd vx=0.000 wz=0.040 => target vx=0.000 wz=0.040
[INFO] [1782819930.187707600] [m1_pwm_cmd_vel_bridge]: sent pwm=(-13, -13, 13, 13) from vx=0.000 wz=0.040 vx_pwm=0.0 wz_pwm=12.8
[INFO] [1782819930.193055714] [m1_pwm_cmd_vel_bridge]: raw cmd vx=0.000 wz=0.040 => target vx=0.000 wz=0.040
[INFO] [1782819930.239077452] [m1_pwm_cmd_vel_bridge]: sent pwm=(-13, -13, 13, 13) from vx=0.000 wz=0.040 vx_pwm=0.0 wz_pwm=12.8
[INFO] [1782819930.251764717] [m1_pwm_cmd_vel_bridge]: raw cmd vx=0.000 wz=0.040 => target vx=0.000 wz=0.040
[INFO] [1782819930.285855980] [m1_pwm_cmd_vel_bridge]: sent pwm=(-13, -13, 13, 13) from vx=0.000 wz=0.040 vx_pwm=0.0 wz_pwm=12.8
[INFO] [1782819930.290895803] [m1_pwm_cmd_vel_bridge]: raw cmd vx=0.000 wz=0.040 => target vx=0.000 wz=0.040
[INFO] [1782819930.336660416] [m1_pwm_cmd_vel_bridge]: sent pwm=(-13, -13, 13, 13) from vx=0.000 wz=0.040 vx_pwm=0.0 wz_pwm=12.8
[INFO] [1782819930.353146715] [m1_pwm_cmd_vel_bridge]: raw cmd vx=0.000 wz=0.040 => target vx=0.000 wz=0.040
[INFO] [1782819930.386911728] [m1_pwm_cmd_vel_bridge]: sent pwm=(-13, -13, 13, 13) from vx=0.000 wz=0.040 vx_pwm=0.0 wz_pwm=12.8
[INFO] [1782819930.392963507] [m1_pwm_cmd_vel_bridge]: raw cmd vx=0.000 wz=0.040 => target vx=0.000 wz=0.040
[INFO] [1782819930.436180209] [m1_pwm_cmd_vel_bridge]: sent pwm=(-13, -13, 13, 13) from vx=0.000 wz=0.040 vx_pwm=0.0 wz_pwm=12.8
[INFO] [1782819930.448929974] [m1_pwm_cmd_vel_bridge]: raw cmd vx=0.000 wz=0.040 => target vx=0.000 wz=0.040
[INFO] [1782819930.486603438] [m1_pwm_cmd_vel_bridge]: sent pwm=(-13, -13, 13, 13) from vx=0.000 wz=0.040 vx_pwm=0.0 wz_pwm=12.8
[INFO] [1782819930.491960093] [m1_pwm_cmd_vel_bridge]: raw cmd vx=0.000 wz=0.040 => target vx=0.000 wz=0.040
[INFO] [1782819930.537262624] [m1_pwm_cmd_vel_bridge]: sent pwm=(-13, -13, 13, 13) from vx=0.000 wz=0.040 vx_pwm=0.0 wz_pwm=12.8
[INFO] [1782819930.551030679] [m1_pwm_cmd_vel_bridge]: raw cmd vx=0.000 wz=0.040 => target vx=0.000 wz=0.040
[INFO] [1782819930.586639355] [m1_pwm_cmd_vel_bridge]: sent pwm=(-13, -13, 13, 13) from vx=0.000 wz=0.040 vx_pwm=0.0 wz_pwm=12.8
[INFO] [1782819930.593402216] [m1_pwm_cmd_vel_bridge]: raw cmd vx=0.000 wz=0.040 => target vx=0.000 wz=0.040
[INFO] [1782819930.637426166] [m1_pwm_cmd_vel_bridge]: sent pwm=(-13, -13, 13, 13) from vx=0.000 wz=0.040 vx_pwm=0.0 wz_pwm=12.8
[INFO] [1782819930.653357842] [m1_pwm_cmd_vel_bridge]: raw cmd vx=0.000 wz=0.040 => target vx=0.000 wz=0.040
[INFO] [1782819930.687630604] [m1_pwm_cmd_vel_bridge]: sent pwm=(-13, -13, 13, 13) from vx=0.000 wz=0.040 vx_pwm=0.0 wz_pwm=12.8
[INFO] [1782819930.694905714] [m1_pwm_cmd_vel_bridge]: raw cmd vx=0.000 wz=0.040 => target vx=0.000 wz=0.040
[INFO] [1782819930.736038503] [m1_pwm_cmd_vel_bridge]: sent pwm=(-13, -13, 13, 13) from vx=0.000 wz=0.040 vx_pwm=0.0 wz_pwm=12.8
[INFO] [1782819930.745425192] [m1_pwm_cmd_vel_bridge]: raw cmd vx=0.000 wz=0.040 => target vx=0.000 wz=0.040
[INFO] [1782819930.785907316] [m1_pwm_cmd_vel_bridge]: sent pwm=(-13, -13, 13, 13) from vx=0.000 wz=0.040 vx_pwm=0.0 wz_pwm=12.8
[INFO] [1782819930.791664721] [m1_pwm_cmd_vel_bridge]: raw cmd vx=0.000 wz=0.040 => target vx=0.000 wz=0.040
[INFO] [1782819930.838277791] [m1_pwm_cmd_vel_bridge]: sent pwm=(-13, -13, 13, 13) from vx=0.000 wz=0.040 vx_pwm=0.0 wz_pwm=12.8
[INFO] [1782819930.850880890] [m1_pwm_cmd_vel_bridge]: raw cmd vx=0.000 wz=0.040 => target vx=0.000 wz=0.040
[INFO] [1782819930.885799400] [m1_pwm_cmd_vel_bridge]: sent pwm=(-13, -13, 13, 13) from vx=0.000 wz=0.040 vx_pwm=0.0 wz_pwm=12.8
[INFO] [1782819930.890302724] [m1_pwm_cmd_vel_bridge]: raw cmd vx=0.000 wz=0.040 => target vx=0.000 wz=0.040
[INFO] [1782819930.936618045] [m1_pwm_cmd_vel_bridge]: sent pwm=(-13, -13, 13, 13) from vx=0.000 wz=0.040 vx_pwm=0.0 wz_pwm=12.8
[INFO] [1782819930.952234137] [m1_pwm_cmd_vel_bridge]: raw cmd vx=0.000 wz=0.040 => target vx=0.000 wz=0.040
[INFO] [1782819930.988006438] [m1_pwm_cmd_vel_bridge]: sent pwm=(-13, -13, 13, 13) from vx=0.000 wz=0.040 vx_pwm=0.0 wz_pwm=12.8
[INFO] [1782819930.994096759] [m1_pwm_cmd_vel_bridge]: raw cmd vx=0.000 wz=0.040 => target vx=0.000 wz=0.040
[INFO] [1782819931.039887039] [m1_pwm_cmd_vel_bridge]: sent pwm=(-13, -13, 13, 13) from vx=0.000 wz=0.040 vx_pwm=0.0 wz_pwm=12.8
[INFO] [1782819931.052494762] [m1_pwm_cmd_vel_bridge]: raw cmd vx=0.000 wz=0.040 => target vx=0.000 wz=0.040
[INFO] [1782819931.088598188] [m1_pwm_cmd_vel_bridge]: sent pwm=(-13, -13, 13, 13) from vx=0.000 wz=0.040 vx_pwm=0.0 wz_pwm=12.8
[INFO] [1782819931.095659548] [m1_pwm_cmd_vel_bridge]: raw cmd vx=0.000 wz=0.040 => target vx=0.000 wz=0.040
[INFO] [1782819931.137353128] [m1_pwm_cmd_vel_bridge]: sent pwm=(-13, -13, 13, 13) from vx=0.000 wz=0.040 vx_pwm=0.0 wz_pwm=12.8
[INFO] [1782819931.187861315] [m1_pwm_cmd_vel_bridge]: sent pwm=(-13, -13, 13, 13) from vx=0.000 wz=0.040 vx_pwm=0.0 wz_pwm=12.8
[INFO] [1782819931.240907205] [m1_pwm_cmd_vel_bridge]: sent pwm=(-13, -13, 13, 13) from vx=0.000 wz=0.040 vx_pwm=0.0 wz_pwm=12.8
[INFO] [1782819931.286821526] [m1_pwm_cmd_vel_bridge]: sent pwm=(-13, -13, 13, 13) from vx=0.000 wz=0.040 vx_pwm=0.0 wz_pwm=12.8
[INFO] [1782819931.340551706] [m1_pwm_cmd_vel_bridge]: sent pwm=(-13, -13, 13, 13) from vx=0.000 wz=0.040 vx_pwm=0.0 wz_pwm=12.8
[INFO] [1782819931.389466646] [m1_pwm_cmd_vel_bridge]: sent pwm=(-13, -13, 13, 13) from vx=0.000 wz=0.040 vx_pwm=0.0 wz_pwm=12.8
[INFO] [1782819931.437309797] [m1_pwm_cmd_vel_bridge]: sent pwm=(-13, -13, 13, 13) from vx=0.000 wz=0.040 vx_pwm=0.0 wz_pwm=12.8
[INFO] [1782819931.488354316] [m1_pwm_cmd_vel_bridge]: sent pwm=(-13, -13, 13, 13) from vx=0.000 wz=0.040 vx_pwm=0.0 wz_pwm=12.8
[INFO] [1782819931.497448588] [m1_pwm_cmd_vel_bridge]: Stopping PWM motors before node shutdown...
Failed to publish log message to rosout: publisher's context is invalid, at ./src/rcl/publisher.c:389
Rosmaster Serial Opened! Baudrate=115200
----------------create receive threading--------------
Traceback (most recent call last):
  File "/root/rdk_x5_vln_robot/ros2_bridge/m1_pwm_cmd_vel_bridge.py", line 566, in main
    rclpy.spin(node)
  File "/opt/ros/humble/local/lib/python3.10/dist-packages/rclpy/__init__.py", line 229, in spin
    executor.spin_once()
  File "/opt/ros/humble/local/lib/python3.10/dist-packages/rclpy/executors.py", line 751, in spin_once
    self._spin_once_impl(timeout_sec)
  File "/opt/ros/humble/local/lib/python3.10/dist-packages/rclpy/executors.py", line 740, in _spin_once_impl
    handler, entity, node = self.wait_for_ready_callbacks(timeout_sec=timeout_sec)
  File "/opt/ros/humble/local/lib/python3.10/dist-packages/rclpy/executors.py", line 723, in wait_for_ready_callbacks
    return next(self._cb_iter)
  File "/opt/ros/humble/local/lib/python3.10/dist-packages/rclpy/executors.py", line 624, in _wait_for_ready_callbacks
    raise ExternalShutdownException()
rclpy.executors.ExternalShutdownException

During handling of the above exception, another exception occurred:

Traceback (most recent call last):
  File "/root/rdk_x5_vln_robot/ros2_bridge/m1_pwm_cmd_vel_bridge.py", line 576, in <module>
    main()
  File "/root/rdk_x5_vln_robot/ros2_bridge/m1_pwm_cmd_vel_bridge.py", line 572, in main
    rclpy.shutdown()
  File "/opt/ros/humble/local/lib/python3.10/dist-packages/rclpy/__init__.py", line 130, in shutdown
    _shutdown(context=context)
  File "/opt/ros/humble/local/lib/python3.10/dist-packages/rclpy/utilities.py", line 58, in shutdown
    return context.shutdown()
  File "/opt/ros/humble/local/lib/python3.10/dist-packages/rclpy/context.py", line 102, in shutdown
    self.__context.shutdown()
rclpy._rclpy_pybind11.RCLError: failed to shutdown: rcl_shutdown already called on the given context, at ./src/rcl/init.c:241
