[BPU_PLAT]BPU Platform Version(1.3.6)! soc info(x5)
[HBRT] set log level as 0. version = 3.15.55.0
[DNN] Runtime version = 1.24.5_(3.15.55 HBRT)
[A][DNN][packed_model.cpp:247][Model](2026-07-01,20:48:36.308.446) [HorizonRT] The model builder version = 1.23.8
[INFO] [1782910116.811725703] [yolov5s_bpu_web_node]: subscribing raw image: /image_raw
[INFO] [1782910116.843406922] [yolov5s_bpu_web_node]: ===== YOLOv5s-BPU web node started =====
[INFO] [1782910116.847132460] [yolov5s_bpu_web_node]: model=/root/rdk_model_zoo/samples/vision/yolov5/model/yolov5s_tag_v7.0_detect_640x640_bayese_nv12.bin
[INFO] [1782910116.858394241] [yolov5s_bpu_web_node]: target_classes=['bottle']
[INFO] [1782910116.861533154] [yolov5s_bpu_web_node]: out_topic=/target_bbox_json
[INFO] [1782910116.863990902] [yolov5s_bpu_web_node]: annotated_topic=/yolov5s_bpu/annotated/compressed
[INFO] [1782910116.867000941] [yolov5s_bpu_web_node]: web=http://<RDK_IP>:8088/
[INFO] [1782910116.869891771] [yolov5s_bpu_web_node]: nav overlay topics state=/nav_state cmd=/cmd_vel
[INFO] [1782910118.982509569] [yolov5s_bpu_web_node]: target_classes updated: ['bottle']
[INFO] [1782910122.037496857] [yolov5s_bpu_web_node]: target_classes updated: ['bottle']
[INFO] [1782910125.036083408] [yolov5s_bpu_web_node]: target_classes updated: ['bottle']
[INFO] [1782910128.027523925] [yolov5s_bpu_web_node]: target_classes updated: ['bottle']
[INFO] [1782910131.036043384] [yolov5s_bpu_web_node]: target_classes updated: ['bottle']
[INFO] [1782910134.034176936] [yolov5s_bpu_web_node]: target_classes updated: ['bottle']
[INFO] [1782910137.042704228] [yolov5s_bpu_web_node]: target_classes updated: ['bottle']
[INFO] [1782910140.029134458] [yolov5s_bpu_web_node]: target_classes updated: ['bottle']
[INFO] [1782910143.035566753] [yolov5s_bpu_web_node]: target_classes updated: ['bottle']
[INFO] [1782910146.034144138] [yolov5s_bpu_web_node]: target_classes updated: ['bottle']
[INFO] [1782910149.030141609] [yolov5s_bpu_web_node]: target_classes updated: ['bottle']
[INFO] [1782910152.032382824] [yolov5s_bpu_web_node]: target_classes updated: ['bottle']
[INFO] [1782910154.962034569] [yolov5s_bpu_web_node]: target_classes updated: ['bottle']
[INFO] [1782910158.040579585] [yolov5s_bpu_web_node]: target_classes updated: ['bottle']
[INFO] [1782910161.062182323] [yolov5s_bpu_web_node]: target_classes updated: ['bottle']
[INFO] [1782910164.032735069] [yolov5s_bpu_web_node]: target_classes updated: ['bottle']
[INFO] [1782910167.062820174] [yolov5s_bpu_web_node]: target_classes updated: ['bottle']
[INFO] [1782910170.030022757] [yolov5s_bpu_web_node]: target_classes updated: ['bottle']
[INFO] [1782910173.032661806] [yolov5s_bpu_web_node]: target_classes updated: ['bottle']
