[INFO] [launch]: All log files can be found below /root/.ros/log/2026-06-30-13-39-03-910985-ubuntu-26319
[INFO] [launch]: Default logging verbosity is set to INFO
config_file_path is  /opt/tros/humble/lib/hobot_usb_cam/config/usb_camera_calibration.yaml
Hobot shm pkg enables zero-copy with fastrtps profiles file: /opt/tros/humble/lib/hobot_shm/config/shm_fastdds.xml
Hobot shm pkg sets RMW_FASTRTPS_USE_QOS_FROM_XML: 1
config_file_path is  /opt/tros/humble/lib/hobot_usb_cam/config/usb_camera_calibration.yaml
env of RMW_FASTRTPS_USE_QOS_FROM_XML is  1 , ignore env setting
env of RMW_FASTRTPS_USE_QOS_FROM_XML is  1 , ignore env setting
[INFO] [hobot_usb_cam-1]: process started with pid [26347]
[hobot_usb_cam-1] [WARN] [1782797944.456166907] [hobot_usb_cam]: framerate: 20
[hobot_usb_cam-1] [WARN] [1782797944.456764324] [hobot_usb_cam]: pixel_format_name: mjpeg
[hobot_usb_cam-1] [WARN] [1782797944.570980896] [hobot_usb_cam]: This devices supproted formats:
[hobot_usb_cam-1] [WARN] [1782797944.571341438] [hobot_usb_cam]: 	Motion-JPEG: 1920 x 1080 (30 Hz)
[hobot_usb_cam-1] [WARN] [1782797944.571433605] [hobot_usb_cam]: 	Motion-JPEG: 1280 x 720 (60 Hz)
[hobot_usb_cam-1] [WARN] [1782797944.571476438] [hobot_usb_cam]: 	Motion-JPEG: 1280 x 1024 (30 Hz)
[hobot_usb_cam-1] [WARN] [1782797944.571517313] [hobot_usb_cam]: 	Motion-JPEG: 640 x 480 (120 Hz)
[hobot_usb_cam-1] [WARN] [1782797944.571557313] [hobot_usb_cam]: 	Motion-JPEG: 800 x 600 (60 Hz)
[hobot_usb_cam-1] [WARN] [1782797944.571597521] [hobot_usb_cam]: 	Motion-JPEG: 1024 x 768 (30 Hz)
[hobot_usb_cam-1] [WARN] [1782797944.571636271] [hobot_usb_cam]: 	Motion-JPEG: 320 x 240 (120 Hz)
[hobot_usb_cam-1] [WARN] [1782797944.571673980] [hobot_usb_cam]: 	YUYV 4:2:2: 1920 x 1080 (6 Hz)
[hobot_usb_cam-1] [WARN] [1782797944.571711271] [hobot_usb_cam]: 	YUYV 4:2:2: 640 x 480 (30 Hz)
[hobot_usb_cam-1] [WARN] [1782797944.571750480] [hobot_usb_cam]: 	YUYV 4:2:2: 320 x 240 (30 Hz)
[hobot_usb_cam-1] [WARN] [1782797944.571787646] [hobot_usb_cam]: 	YUYV 4:2:2: 800 x 600 (20 Hz)
[hobot_usb_cam-1] [WARN] [1782797944.571825188] [hobot_usb_cam]: 	YUYV 4:2:2: 1280 x 720 (9 Hz)
[hobot_usb_cam-1] [WARN] [1782797944.571862646] [hobot_usb_cam]: 	YUYV 4:2:2: 1024 x 768 (6 Hz)
[hobot_usb_cam-1] [WARN] [1782797944.571901230] [hobot_usb_cam]: 	YUYV 4:2:2: 1280 x 1024 (6 Hz)
