[INFO] [launch]: All log files can be found below /root/.ros/log/2026-06-30-13-39-22-667519-ubuntu-26621
[INFO] [launch]: Default logging verbosity is set to INFO
[INFO] [foxglove_bridge-1]: process started with pid [26660]
[foxglove_bridge-1] [INFO] [1782797964.203620283] [foxglove_bridge]: Starting foxglove_bridge (humble, 3.3.0@)
[foxglove_bridge-1] [INFO] [1782797964.222696828] [foxglove_bridge]: Server listening on port 8765
[foxglove_bridge-1] [INFO] [1782797964.228523205] [foxglove_bridge]: Advertising new channel 2 for topic "/yolov5s/score"
[foxglove_bridge-1] [INFO] [1782797964.228739246] [foxglove_bridge]: Advertising new channel 3 for topic "/yolov5s/infer_ms"
[foxglove_bridge-1] [INFO] [1782797964.228822913] [foxglove_bridge]: Advertising new channel 4 for topic "/yolov5s/fps"
[foxglove_bridge-1] [INFO] [1782797964.229498413] [foxglove_bridge]: Advertising new channel 5 for topic "/target_bbox_json"
[foxglove_bridge-1] [INFO] [1782797964.230913455] [foxglove_bridge]: Advertising new channel 6 for topic "/rosout"
[foxglove_bridge-1] [INFO] [1782797964.231060372] [foxglove_bridge]: Advertising new channel 7 for topic "/yolov5s/jitter_px"
[foxglove_bridge-1] [INFO] [1782797964.240071165] [foxglove_bridge]: Advertising new channel 8 for topic "/parameter_events"
[foxglove_bridge-1] [INFO] [1782797964.246392250] [foxglove_bridge]: Advertising new channel 9 for topic "/image"
[foxglove_bridge-1] [INFO] [1782797964.246563708] [foxglove_bridge]: Advertising new channel 10 for topic "/yolov5s/visible_rate"
[foxglove_bridge-1] [INFO] [1782797964.246629791] [foxglove_bridge]: Advertising new channel 11 for topic "/failsafe_nav_state"
[foxglove_bridge-1] [INFO] [1782797964.246683125] [foxglove_bridge]: Advertising new channel 12 for topic "/yolov5s/stability"
[foxglove_bridge-1] [INFO] [1782797964.246736375] [foxglove_bridge]: Advertising new channel 13 for topic "/yolov5s/debug_image/compressed"
[foxglove_bridge-1] [INFO] [1782797964.246789708] [foxglove_bridge]: Advertising new channel 14 for topic "/failsafe_nav_point"
[foxglove_bridge-1] [INFO] [1782797964.251818167] [foxglove_bridge]: Advertising new channel 15 for topic "/failsafe_nav/markers"
[foxglove_bridge-1] [INFO] [1782797964.251993709] [foxglove_bridge]: Advertising new channel 16 for topic "/failsafe_nav/debug_image/compressed"
[foxglove_bridge-1] [INFO] [1782797964.413832949] [foxglove_bridge]: Advertising new channel 17 for topic "/camera_info"
[foxglove_bridge-1] [INFO] [1782797972.605670950] [foxglove_bridge]: received connection graph subscribe request
[foxglove_bridge-1] [INFO] [1782797972.614226243] [foxglove_bridge]: Advertising new channel 18 for topic "/move_base_simple/goal"
[foxglove_bridge-1] [INFO] [1782797972.614260202] [foxglove_bridge]: Client ID 1 is advertising "/move_base_simple/goal" (geometry_msgs/PoseStamped) on channel 1 with encoding "cdr"
[foxglove_bridge-1] [INFO] [1782797972.617670702] [foxglove_bridge]: publishing connection graph
[foxglove_bridge-1] [INFO] [1782797972.619684119] [foxglove_bridge]: Client ID 1 is advertising "/clicked_point" (geometry_msgs/PointStamped) on channel 2 with encoding "cdr"
[foxglove_bridge-1] [INFO] [1782797972.622945203] [foxglove_bridge]: Client ID 1 is advertising "/initialpose" (geometry_msgs/PoseWithCovarianceStamped) on channel 3 with encoding "cdr"
[foxglove_bridge-1] [INFO] [1782797972.623166036] [foxglove_bridge]: received subscribe request for channel 9 from client 1
[foxglove_bridge-1] [INFO] [1782797972.630629329] [foxglove_bridge]: Created ROS subscription on /image (sensor_msgs/msg/CompressedImage) for channel 9
[foxglove_bridge-1] [INFO] [1782797972.630863496] [foxglove_bridge]: received subscribe request for channel 16 from client 1
[foxglove_bridge-1] [INFO] [1782797972.633613746] [foxglove_bridge]: Created ROS subscription on /failsafe_nav/debug_image/compressed (sensor_msgs/msg/CompressedImage) for channel 16
[foxglove_bridge-1] [INFO] [1782797973.120344742] [foxglove_bridge]: Advertising new channel 19 for topic "/initialpose"
[foxglove_bridge-1] [INFO] [1782797973.121056534] [foxglove_bridge]: Advertising new channel 20 for topic "/clicked_point"
[foxglove_bridge-1] [INFO] [1782797973.124160660] [foxglove_bridge]: publishing connection graph
[foxglove_bridge-1] [INFO] [1782798055.999604538] [foxglove_bridge]: received subscribe request for channel 6 from client 1
[foxglove_bridge-1] [INFO] [1782798056.002910705] [foxglove_bridge]: Created ROS subscription on /rosout (rcl_interfaces/msg/Log) for channel 6
[foxglove_bridge-1] [INFO] [1782798056.006255663] [foxglove_bridge]: publishing connection graph
[foxglove_bridge-1] [INFO] [1782798056.510582564] [foxglove_bridge]: publishing connection graph
[foxglove_bridge-1] [INFO] [1782798069.954377947] [foxglove_bridge]: received unsubscribe request for channel 6 from client 1
[foxglove_bridge-1] [INFO] [1782798069.954825239] [foxglove_bridge]: Cleaned up ROS subscription for channel 6 (no more subscribers)
[foxglove_bridge-1] [INFO] [1782798069.959442071] [foxglove_bridge]: publishing connection graph
[foxglove_bridge-1] [INFO] [1782798070.464358285] [foxglove_bridge]: publishing connection graph
[foxglove_bridge-1] [INFO] [1782798699.588459813] [foxglove_bridge]: publishing connection graph
[foxglove_bridge-1] [INFO] [1782798700.089592156] [foxglove_bridge]: Removing channel 15 for topic "/failsafe_nav/markers" (visualization_msgs/msg/MarkerArray)
[foxglove_bridge-1] [INFO] [1782798700.089821156] [foxglove_bridge]: Removing channel 11 for topic "/failsafe_nav_state" (std_msgs/msg/String)
[foxglove_bridge-1] [INFO] [1782798700.089920073] [foxglove_bridge]: Removing channel 14 for topic "/failsafe_nav_point" (std_msgs/msg/String)
[foxglove_bridge-1] [INFO] [1782798700.092990657] [foxglove_bridge]: publishing connection graph
[foxglove_bridge-1] [INFO] [1782798715.374374730] [foxglove_bridge]: publishing connection graph
[foxglove_bridge-1] [INFO] [1782798715.883553675] [foxglove_bridge]: Advertising new channel 21 for topic "/cmd_vel_sent"
[foxglove_bridge-1] [INFO] [1782798715.883834383] [foxglove_bridge]: Advertising new channel 22 for topic "/chassis_bridge_state"
[foxglove_bridge-1] [INFO] [1782798715.929034598] [foxglove_bridge]: publishing connection graph
[foxglove_bridge-1] [INFO] [1782798716.448979126] [foxglove_bridge]: Advertising new channel 23 for topic "/tf"
[foxglove_bridge-1] [INFO] [1782798716.449281084] [foxglove_bridge]: Advertising new channel 24 for topic "/cmd_vel"
[foxglove_bridge-1] [INFO] [1782798716.454007835] [foxglove_bridge]: Advertising new channel 25 for topic "/odom"
[foxglove_bridge-1] [INFO] [1782798716.457940835] [foxglove_bridge]: publishing connection graph
[foxglove_bridge-1] [INFO] [1782798717.006674617] [foxglove_bridge]: publishing connection graph
[foxglove_bridge-1] [INFO] [1782798717.512359891] [foxglove_bridge]: publishing connection graph
[foxglove_bridge-1] [INFO] [1782798722.737324158] [foxglove_bridge]: publishing connection graph
[foxglove_bridge-1] [INFO] [1782798723.243559007] [foxglove_bridge]: publishing connection graph
[foxglove_bridge-1] [INFO] [1782798745.442792764] [foxglove_bridge]: publishing connection graph
[foxglove_bridge-1] [INFO] [1782798745.949243664] [foxglove_bridge]: publishing connection graph
[foxglove_bridge-1] [INFO] [1782798746.455790604] [foxglove_bridge]: publishing connection graph
[foxglove_bridge-1] [INFO] [1782798833.704918808] [foxglove_bridge]: publishing connection graph
[foxglove_bridge-1] [INFO] [1782798834.209348133] [foxglove_bridge]: publishing connection graph
[foxglove_bridge-1] [INFO] [1782798834.714955374] [foxglove_bridge]: publishing connection graph
[foxglove_bridge-1] [INFO] [1782798839.178551989] [foxglove_bridge]: publishing connection graph
[foxglove_bridge-1] [INFO] [1782798840.767116178] [foxglove_bridge]: publishing connection graph
[foxglove_bridge-1] [INFO] [1782798841.272164411] [foxglove_bridge]: publishing connection graph
[foxglove_bridge-1] [INFO] [1782798842.399189435] [foxglove_bridge]: publishing connection graph
[foxglove_bridge-1] [INFO] [1782798842.904139916] [foxglove_bridge]: publishing connection graph
[foxglove_bridge-1] [INFO] [1782798882.495014504] [foxglove_bridge]: publishing connection graph
[foxglove_bridge-1] [INFO] [1782798883.011572770] [foxglove_bridge]: publishing connection graph
[foxglove_bridge-1] [INFO] [1782798883.517539996] [foxglove_bridge]: publishing connection graph
[foxglove_bridge-1] [INFO] [1782798927.601261044] [foxglove_bridge]: publishing connection graph
[foxglove_bridge-1] [INFO] [1782798928.109423931] [foxglove_bridge]: publishing connection graph
[foxglove_bridge-1] [INFO] [1782798938.703208177] [foxglove_bridge]: publishing connection graph
[foxglove_bridge-1] [INFO] [1782798939.802696102] [foxglove_bridge]: publishing connection graph
[foxglove_bridge-1] [INFO] [1782798940.310518143] [foxglove_bridge]: publishing connection graph
[foxglove_bridge-1] [INFO] [1782798989.910743480] [foxglove_bridge]: publishing connection graph
[foxglove_bridge-1] [INFO] [1782798990.423370806] [foxglove_bridge]: publishing connection graph
[foxglove_bridge-1] [INFO] [1782799027.943241446] [foxglove_bridge]: publishing connection graph
[foxglove_bridge-1] [INFO] [1782799028.496723256] [foxglove_bridge]: publishing connection graph
[foxglove_bridge-1] [INFO] [1782799029.002280677] [foxglove_bridge]: publishing connection graph
[foxglove_bridge-1] [INFO] [1782799054.927686549] [foxglove_bridge]: publishing connection graph
[foxglove_bridge-1] [INFO] [1782799055.433040741] [foxglove_bridge]: publishing connection graph
[foxglove_bridge-1] [INFO] [1782799058.385474096] [foxglove_bridge]: publishing connection graph
[foxglove_bridge-1] [INFO] [1782799058.893189575] [foxglove_bridge]: publishing connection graph
[foxglove_bridge-1] [INFO] [1782799059.399834262] [foxglove_bridge]: publishing connection graph
[foxglove_bridge-1] [ERROR] [1782799060.110303657] [foxglove_bridge]: Failed to retrieve parameters from node '/print_odom_yaw_once': Failed to retrieve parameter names for node '/print_odom_yaw_once'
[foxglove_bridge-1] [WARN] [1782799060.110490657] [foxglove_bridge]: Adding node /print_odom_yaw_once to the ignore list to prevent repeated timeouts or failures in future parameter requests.
[foxglove_bridge-1] [INFO] [1782799072.275394271] [foxglove_bridge]: publishing connection graph
[foxglove_bridge-1] [INFO] [1782799072.784984572] [foxglove_bridge]: publishing connection graph
[foxglove_bridge-1] [INFO] [1782799492.653535841] [foxglove_bridge]: publishing connection graph
[foxglove_bridge-1] [INFO] [1782799493.163029067] [foxglove_bridge]: publishing connection graph
[foxglove_bridge-1] [INFO] [1782799499.369916333] [foxglove_bridge]: publishing connection graph
[foxglove_bridge-1] [INFO] [1782799499.879137977] [foxglove_bridge]: publishing connection graph
[foxglove_bridge-1] [INFO] [1782799500.384957249] [foxglove_bridge]: publishing connection graph
[foxglove_bridge-1] [INFO] [1782799510.315148346] [foxglove_bridge]: publishing connection graph
[foxglove_bridge-1] [INFO] [1782799510.821773034] [foxglove_bridge]: publishing connection graph
[foxglove_bridge-1] [INFO] [1782800050.758604507] [foxglove_bridge]: publishing connection graph
[foxglove_bridge-1] [INFO] [1782800051.266382132] [foxglove_bridge]: publishing connection graph
[foxglove_bridge-1] [INFO] [1782800059.523302370] [foxglove_bridge]: publishing connection graph
[foxglove_bridge-1] [INFO] [1782800060.030893990] [foxglove_bridge]: publishing connection graph
[foxglove_bridge-1] [INFO] [1782800075.275864044] [foxglove_bridge]: publishing connection graph
[foxglove_bridge-1] [INFO] [1782800075.781362239] [foxglove_bridge]: publishing connection graph
[foxglove_bridge-1] [INFO] [1782800655.053745282] [foxglove_bridge]: publishing connection graph
[foxglove_bridge-1] [INFO] [1782800655.554941806] [foxglove_bridge]: Removing channel 25 for topic "/odom" (nav_msgs/msg/Odometry)
[foxglove_bridge-1] [INFO] [1782800655.555139639] [foxglove_bridge]: Removing channel 24 for topic "/cmd_vel" (geometry_msgs/msg/Twist)
[foxglove_bridge-1] [INFO] [1782800655.555204181] [foxglove_bridge]: Removing channel 23 for topic "/tf" (tf2_msgs/msg/TFMessage)
[foxglove_bridge-1] [INFO] [1782800655.555251098] [foxglove_bridge]: Removing channel 22 for topic "/chassis_bridge_state" (std_msgs/msg/String)
[foxglove_bridge-1] [INFO] [1782800655.555299723] [foxglove_bridge]: Removing channel 21 for topic "/cmd_vel_sent" (geometry_msgs/msg/Twist)
[foxglove_bridge-1] [INFO] [1782800655.560644135] [foxglove_bridge]: publishing connection graph
[foxglove_bridge-1] [INFO] [1782800658.858523738] [foxglove_bridge]: publishing connection graph
[foxglove_bridge-1] [INFO] [1782800659.367060797] [foxglove_bridge]: Advertising new channel 26 for topic "/cmd_vel_sent"
[foxglove_bridge-1] [INFO] [1782800659.367534172] [foxglove_bridge]: Advertising new channel 27 for topic "/chassis_bridge_state"
[foxglove_bridge-1] [INFO] [1782800659.371247794] [foxglove_bridge]: publishing connection graph
[foxglove_bridge-1] [INFO] [1782800659.872810316] [foxglove_bridge]: Advertising new channel 28 for topic "/tf"
[foxglove_bridge-1] [INFO] [1782800659.873086358] [foxglove_bridge]: Advertising new channel 29 for topic "/cmd_vel"
[foxglove_bridge-1] [INFO] [1782800659.873338149] [foxglove_bridge]: Advertising new channel 30 for topic "/odom"
[foxglove_bridge-1] [INFO] [1782800659.877293021] [foxglove_bridge]: publishing connection graph
[foxglove_bridge-1] [INFO] [1782800688.968305324] [foxglove_bridge]: publishing connection graph
[foxglove_bridge-1] [INFO] [1782800689.532781375] [foxglove_bridge]: publishing connection graph
[foxglove_bridge-1] [INFO] [1782800690.039700634] [foxglove_bridge]: publishing connection graph
[foxglove_bridge-1] [INFO] [1782800704.115180814] [foxglove_bridge]: publishing connection graph
[foxglove_bridge-1] [INFO] [1782800704.620988485] [foxglove_bridge]: publishing connection graph
[foxglove_bridge-1] [INFO] [1782800729.300508358] [foxglove_bridge]: publishing connection graph
[foxglove_bridge-1] [INFO] [1782800729.806524479] [foxglove_bridge]: publishing connection graph
[foxglove_bridge-1] [INFO] [1782800730.313192976] [foxglove_bridge]: publishing connection graph
[foxglove_bridge-1] [INFO] [1782800734.942789132] [foxglove_bridge]: publishing connection graph
[foxglove_bridge-1] [INFO] [1782800735.448657419] [foxglove_bridge]: publishing connection graph
[foxglove_bridge-1] [INFO] [1782800739.470412061] [foxglove_bridge]: publishing connection graph
[foxglove_bridge-1] [INFO] [1782800739.976323305] [foxglove_bridge]: publishing connection graph
[foxglove_bridge-1] [INFO] [1782800743.890008351] [foxglove_bridge]: publishing connection graph
[foxglove_bridge-1] [INFO] [1782800744.395838760] [foxglove_bridge]: publishing connection graph
[foxglove_bridge-1] [INFO] [1782800911.071230585] [foxglove_bridge]: publishing connection graph
[foxglove_bridge-1] [INFO] [1782800911.580977403] [foxglove_bridge]: publishing connection graph
