[INFO] [1782909218.722934696] [compressed_to_raw_image]: compressed_to_raw_image started
[INFO] [1782909218.726238486] [compressed_to_raw_image]: subscribe: /image  type=sensor_msgs/msg/CompressedImage
[INFO] [1782909218.729089359] [compressed_to_raw_image]: publish  : /image_raw type=sensor_msgs/msg/Image
[INFO] [1782909220.661995710] [compressed_to_raw_image]: published /image_raw: 1280x720, approx_fps=5.34
[INFO] [1782909222.763296588] [compressed_to_raw_image]: published /image_raw: 1280x720, approx_fps=6.66
[INFO] [1782909224.916479978] [compressed_to_raw_image]: published /image_raw: 1280x720, approx_fps=6.50
[INFO] [1782909227.010277609] [compressed_to_raw_image]: published /image_raw: 1280x720, approx_fps=6.68
[INFO] [1782909229.107598196] [compressed_to_raw_image]: published /image_raw: 1280x720, approx_fps=5.72
[INFO] [1782909231.207763072] [compressed_to_raw_image]: published /image_raw: 1280x720, approx_fps=6.67
[INFO] [1782909233.300413576] [compressed_to_raw_image]: published /image_raw: 1280x720, approx_fps=6.69
[INFO] [1782909235.407141530] [compressed_to_raw_image]: published /image_raw: 1280x720, approx_fps=5.70
[INFO] [1782909237.508203028] [compressed_to_raw_image]: published /image_raw: 1280x720, approx_fps=6.66
[INFO] [1782909239.675318404] [compressed_to_raw_image]: published /image_raw: 1280x720, approx_fps=6.01
[INFO] [1782909241.712982353] [compressed_to_raw_image]: published /image_raw: 1280x720, approx_fps=6.86
[INFO] [1782909243.813667724] [compressed_to_raw_image]: published /image_raw: 1280x720, approx_fps=6.19
[INFO] [1782909245.898082020] [compressed_to_raw_image]: published /image_raw: 1280x720, approx_fps=6.71
[INFO] [1782909248.000899846] [compressed_to_raw_image]: published /image_raw: 1280x720, approx_fps=6.66
[INFO] [1782909250.147670729] [compressed_to_raw_image]: published /image_raw: 1280x720, approx_fps=6.53
[INFO] [1782909252.201477749] [compressed_to_raw_image]: published /image_raw: 1280x720, approx_fps=6.80
[INFO] [1782909254.301114366] [compressed_to_raw_image]: published /image_raw: 1280x720, approx_fps=6.67
[INFO] [1782909256.453563035] [compressed_to_raw_image]: published /image_raw: 1280x720, approx_fps=6.51
[INFO] [1782909258.548852529] [compressed_to_raw_image]: published /image_raw: 1280x720, approx_fps=6.68
[INFO] [1782909260.657510055] [compressed_to_raw_image]: published /image_raw: 1280x720, approx_fps=6.63
[INFO] [1782909262.745946134] [compressed_to_raw_image]: published /image_raw: 1280x720, approx_fps=6.70
[INFO] [1782909264.823656260] [compressed_to_raw_image]: published /image_raw: 1280x720, approx_fps=6.26
[INFO] [1782909266.880291647] [compressed_to_raw_image]: published /image_raw: 1280x720, approx_fps=6.81
[INFO] [1782909268.905846844] [compressed_to_raw_image]: published /image_raw: 1280x720, approx_fps=6.91
[INFO] [1782909271.002530956] [compressed_to_raw_image]: published /image_raw: 1280x720, approx_fps=6.68
[INFO] [1782909273.103118774] [compressed_to_raw_image]: published /image_raw: 1280x720, approx_fps=6.66
[INFO] [1782909275.198013844] [compressed_to_raw_image]: published /image_raw: 1280x720, approx_fps=6.68
[INFO] [1782909277.301712700] [compressed_to_raw_image]: published /image_raw: 1280x720, approx_fps=6.65
[INFO] [1782909279.399661601] [compressed_to_raw_image]: published /image_raw: 1280x720, approx_fps=6.67
[INFO] [1782909281.498812708] [compressed_to_raw_image]: published /image_raw: 1280x720, approx_fps=6.67
[INFO] [1782909283.598804272] [compressed_to_raw_image]: published /image_raw: 1280x720, approx_fps=6.67
[INFO] [1782909285.697432003] [compressed_to_raw_image]: published /image_raw: 1280x720, approx_fps=6.67
[INFO] [1782909287.798171732] [compressed_to_raw_image]: published /image_raw: 1280x720, approx_fps=6.66
[INFO] [1782909289.899858668] [compressed_to_raw_image]: published /image_raw: 1280x720, approx_fps=6.66
[INFO] [1782909292.001987644] [compressed_to_raw_image]: published /image_raw: 1280x720, approx_fps=6.66
[INFO] [1782909294.099878581] [compressed_to_raw_image]: published /image_raw: 1280x720, approx_fps=6.67
[INFO] [1782909296.198124974] [compressed_to_raw_image]: published /image_raw: 1280x720, approx_fps=6.68
[INFO] [1782909298.303370947] [compressed_to_raw_image]: published /image_raw: 1280x720, approx_fps=6.65
[INFO] [1782909300.400629506] [compressed_to_raw_image]: published /image_raw: 1280x720, approx_fps=6.67
[INFO] [1782909302.498748022] [compressed_to_raw_image]: published /image_raw: 1280x720, approx_fps=6.68
[INFO] [1782909304.598911037] [compressed_to_raw_image]: published /image_raw: 1280x720, approx_fps=6.67
[INFO] [1782909306.699978550] [compressed_to_raw_image]: published /image_raw: 1280x720, approx_fps=6.67
[INFO] [1782909308.798432147] [compressed_to_raw_image]: published /image_raw: 1280x720, approx_fps=6.67
[INFO] [1782909310.899899742] [compressed_to_raw_image]: published /image_raw: 1280x720, approx_fps=6.66
[INFO] [1782909313.000876128] [compressed_to_raw_image]: published /image_raw: 1280x720, approx_fps=6.66
[INFO] [1782909315.097328141] [compressed_to_raw_image]: published /image_raw: 1280x720, approx_fps=6.68
[INFO] [1782909317.197297026] [compressed_to_raw_image]: published /image_raw: 1280x720, approx_fps=6.67
[INFO] [1782909319.296866035] [compressed_to_raw_image]: published /image_raw: 1280x720, approx_fps=6.67
[INFO] [1782909321.401504957] [compressed_to_raw_image]: published /image_raw: 1280x720, approx_fps=6.65
[INFO] [1782909323.501513298] [compressed_to_raw_image]: published /image_raw: 1280x720, approx_fps=6.67
[INFO] [1782909325.596520433] [compressed_to_raw_image]: published /image_raw: 1280x720, approx_fps=6.68
[INFO] [1782909327.698259729] [compressed_to_raw_image]: published /image_raw: 1280x720, approx_fps=6.66
[INFO] [1782909329.799728567] [compressed_to_raw_image]: published /image_raw: 1280x720, approx_fps=6.66
[INFO] [1782909331.903790777] [compressed_to_raw_image]: published /image_raw: 1280x720, approx_fps=6.65
[INFO] [1782909333.999811658] [compressed_to_raw_image]: published /image_raw: 1280x720, approx_fps=6.68
[INFO] [1782909336.097106746] [compressed_to_raw_image]: published /image_raw: 1280x720, approx_fps=6.68
[INFO] [1782909338.198307081] [compressed_to_raw_image]: published /image_raw: 1280x720, approx_fps=6.66
[INFO] [1782909340.300610372] [compressed_to_raw_image]: published /image_raw: 1280x720, approx_fps=6.66
[INFO] [1782909342.404439079] [compressed_to_raw_image]: published /image_raw: 1280x720, approx_fps=6.66
[INFO] [1782909344.498067707] [compressed_to_raw_image]: published /image_raw: 1280x720, approx_fps=6.68
[INFO] [1782909346.597491082] [compressed_to_raw_image]: published /image_raw: 1280x720, approx_fps=6.67
[INFO] [1782909348.698278329] [compressed_to_raw_image]: published /image_raw: 1280x720, approx_fps=6.67
[INFO] [1782909350.796415036] [compressed_to_raw_image]: published /image_raw: 1280x720, approx_fps=6.67
[INFO] [1782909352.897683157] [compressed_to_raw_image]: published /image_raw: 1280x720, approx_fps=6.66
[INFO] [1782909354.998561069] [compressed_to_raw_image]: published /image_raw: 1280x720, approx_fps=6.66
[INFO] [1782909357.098600731] [compressed_to_raw_image]: published /image_raw: 1280x720, approx_fps=6.67
[INFO] [1782909359.201717515] [compressed_to_raw_image]: published /image_raw: 1280x720, approx_fps=6.66
[INFO] [1782909361.303284841] [compressed_to_raw_image]: published /image_raw: 1280x720, approx_fps=6.66
[INFO] [1782909363.401242293] [compressed_to_raw_image]: published /image_raw: 1280x720, approx_fps=6.67
[INFO] [1782909365.497675829] [compressed_to_raw_image]: published /image_raw: 1280x720, approx_fps=6.68
[INFO] [1782909367.597743487] [compressed_to_raw_image]: published /image_raw: 1280x720, approx_fps=6.67
[INFO] [1782909369.700240143] [compressed_to_raw_image]: published /image_raw: 1280x720, approx_fps=6.66
[INFO] [1782909371.796569968] [compressed_to_raw_image]: published /image_raw: 1280x720, approx_fps=6.68
[INFO] [1782909373.900657788] [compressed_to_raw_image]: published /image_raw: 1280x720, approx_fps=6.66
[INFO] [1782909376.008632813] [compressed_to_raw_image]: published /image_raw: 1280x720, approx_fps=6.65
[INFO] [1782909378.097507349] [compressed_to_raw_image]: published /image_raw: 1280x720, approx_fps=6.70
[INFO] [1782909380.197521294] [compressed_to_raw_image]: published /image_raw: 1280x720, approx_fps=6.66
[INFO] [1782909382.297451905] [compressed_to_raw_image]: published /image_raw: 1280x720, approx_fps=6.67
[INFO] [1782909384.402899637] [compressed_to_raw_image]: published /image_raw: 1280x720, approx_fps=6.65
[INFO] [1782909386.509150034] [compressed_to_raw_image]: published /image_raw: 1280x720, approx_fps=6.64
[INFO] [1782909388.599439649] [compressed_to_raw_image]: published /image_raw: 1280x720, approx_fps=6.70
[INFO] [1782909390.695746092] [compressed_to_raw_image]: published /image_raw: 1280x720, approx_fps=6.67
[INFO] [1782909392.798784864] [compressed_to_raw_image]: published /image_raw: 1280x720, approx_fps=6.66
[INFO] [1782909394.898629158] [compressed_to_raw_image]: published /image_raw: 1280x720, approx_fps=6.66
[INFO] [1782909397.000246747] [compressed_to_raw_image]: published /image_raw: 1280x720, approx_fps=6.67
[INFO] [1782909399.099164381] [compressed_to_raw_image]: published /image_raw: 1280x720, approx_fps=6.67
[INFO] [1782909401.200116595] [compressed_to_raw_image]: published /image_raw: 1280x720, approx_fps=6.66
[INFO] [1782909403.297955230] [compressed_to_raw_image]: published /image_raw: 1280x720, approx_fps=6.67
[INFO] [1782909405.398542653] [compressed_to_raw_image]: published /image_raw: 1280x720, approx_fps=6.66
[INFO] [1782909407.498313952] [compressed_to_raw_image]: published /image_raw: 1280x720, approx_fps=6.67
[INFO] [1782909409.596485586] [compressed_to_raw_image]: published /image_raw: 1280x720, approx_fps=6.67
[INFO] [1782909411.697169218] [compressed_to_raw_image]: published /image_raw: 1280x720, approx_fps=6.66
[INFO] [1782909413.800056723] [compressed_to_raw_image]: published /image_raw: 1280x720, approx_fps=6.66
[INFO] [1782909415.898548315] [compressed_to_raw_image]: published /image_raw: 1280x720, approx_fps=6.67
[INFO] [1782909417.999816029] [compressed_to_raw_image]: published /image_raw: 1280x720, approx_fps=6.66
[INFO] [1782909420.101520535] [compressed_to_raw_image]: published /image_raw: 1280x720, approx_fps=6.66
[INFO] [1782909422.199104212] [compressed_to_raw_image]: published /image_raw: 1280x720, approx_fps=6.67
[INFO] [1782909424.300807676] [compressed_to_raw_image]: published /image_raw: 1280x720, approx_fps=6.67
[INFO] [1782909426.403810597] [compressed_to_raw_image]: published /image_raw: 1280x720, approx_fps=6.66
[INFO] [1782909428.499838526] [compressed_to_raw_image]: published /image_raw: 1280x720, approx_fps=6.67
[INFO] [1782909430.601363032] [compressed_to_raw_image]: published /image_raw: 1280x720, approx_fps=6.66
[INFO] [1782909432.696775752] [compressed_to_raw_image]: published /image_raw: 1280x720, approx_fps=6.68
[INFO] [1782909434.799478883] [compressed_to_raw_image]: published /image_raw: 1280x720, approx_fps=6.66
[INFO] [1782909436.896375852] [compressed_to_raw_image]: published /image_raw: 1280x720, approx_fps=6.67
[INFO] [1782909438.998315274] [compressed_to_raw_image]: published /image_raw: 1280x720, approx_fps=6.66
[INFO] [1782909441.100740488] [compressed_to_raw_image]: published /image_raw: 1280x720, approx_fps=6.66
[INFO] [1782909443.199111748] [compressed_to_raw_image]: published /image_raw: 1280x720, approx_fps=6.67
[INFO] [1782909445.297440049] [compressed_to_raw_image]: published /image_raw: 1280x720, approx_fps=6.67
[INFO] [1782909447.398277681] [compressed_to_raw_image]: published /image_raw: 1280x720, approx_fps=6.66
[INFO] [1782909449.499409021] [compressed_to_raw_image]: published /image_raw: 1280x720, approx_fps=6.67
[INFO] [1782909451.598511072] [compressed_to_raw_image]: published /image_raw: 1280x720, approx_fps=6.67
[INFO] [1782909453.705367948] [compressed_to_raw_image]: published /image_raw: 1280x720, approx_fps=6.64
[INFO] [1782909455.799122754] [compressed_to_raw_image]: published /image_raw: 1280x720, approx_fps=6.69
[INFO] [1782909457.900294386] [compressed_to_raw_image]: published /image_raw: 1280x720, approx_fps=6.66
[INFO] [1782909459.997897647] [compressed_to_raw_image]: published /image_raw: 1280x720, approx_fps=6.68
[INFO] [1782909462.100368111] [compressed_to_raw_image]: published /image_raw: 1280x720, approx_fps=6.66
[INFO] [1782909464.196065248] [compressed_to_raw_image]: published /image_raw: 1280x720, approx_fps=6.68
[INFO] [1782909466.298471338] [compressed_to_raw_image]: published /image_raw: 1280x720, approx_fps=6.66
[INFO] [1782909468.398749596] [compressed_to_raw_image]: published /image_raw: 1280x720, approx_fps=6.67
[INFO] [1782909470.499649728] [compressed_to_raw_image]: published /image_raw: 1280x720, approx_fps=6.67
[INFO] [1782909472.600469028] [compressed_to_raw_image]: published /image_raw: 1280x720, approx_fps=6.67
[INFO] [1782909474.697658830] [compressed_to_raw_image]: published /image_raw: 1280x720, approx_fps=6.67
[INFO] [1782909476.797072756] [compressed_to_raw_image]: published /image_raw: 1280x720, approx_fps=6.67
[INFO] [1782909478.898003722] [compressed_to_raw_image]: published /image_raw: 1280x720, approx_fps=6.67
[INFO] [1782909481.004726516] [compressed_to_raw_image]: published /image_raw: 1280x720, approx_fps=6.65
[INFO] [1782909483.097411073] [compressed_to_raw_image]: published /image_raw: 1280x720, approx_fps=6.68
[INFO] [1782909485.202811035] [compressed_to_raw_image]: published /image_raw: 1280x720, approx_fps=6.65
[INFO] [1782909487.297528507] [compressed_to_raw_image]: published /image_raw: 1280x720, approx_fps=6.68
[INFO] [1782909489.400205013] [compressed_to_raw_image]: published /image_raw: 1280x720, approx_fps=6.66
[INFO] [1782909491.497061191] [compressed_to_raw_image]: published /image_raw: 1280x720, approx_fps=6.68
[INFO] [1782909493.599143032] [compressed_to_raw_image]: published /image_raw: 1280x720, approx_fps=6.66
[INFO] [1782909495.697426584] [compressed_to_raw_image]: published /image_raw: 1280x720, approx_fps=6.67
[INFO] [1782909497.802076755] [compressed_to_raw_image]: published /image_raw: 1280x720, approx_fps=6.66
[INFO] [1782909499.899044100] [compressed_to_raw_image]: published /image_raw: 1280x720, approx_fps=6.67
[INFO] [1782909501.999514192] [compressed_to_raw_image]: published /image_raw: 1280x720, approx_fps=6.67
[INFO] [1782909504.099072743] [compressed_to_raw_image]: published /image_raw: 1280x720, approx_fps=6.67
[INFO] [1782909506.201385833] [compressed_to_raw_image]: published /image_raw: 1280x720, approx_fps=6.66
[INFO] [1782909508.301144258] [compressed_to_raw_image]: published /image_raw: 1280x720, approx_fps=6.67
[INFO] [1782909510.401123434] [compressed_to_raw_image]: published /image_raw: 1280x720, approx_fps=6.66
[INFO] [1782909512.497762155] [compressed_to_raw_image]: published /image_raw: 1280x720, approx_fps=6.68
[INFO] [1782909514.599026996] [compressed_to_raw_image]: published /image_raw: 1280x720, approx_fps=6.66
[INFO] [1782909516.699058839] [compressed_to_raw_image]: published /image_raw: 1280x720, approx_fps=6.66
[INFO] [1782909518.799106639] [compressed_to_raw_image]: published /image_raw: 1280x720, approx_fps=6.67
[INFO] [1782909520.898667066] [compressed_to_raw_image]: published /image_raw: 1280x720, approx_fps=6.66
[INFO] [1782909522.998854200] [compressed_to_raw_image]: published /image_raw: 1280x720, approx_fps=6.67
[INFO] [1782909525.099427708] [compressed_to_raw_image]: published /image_raw: 1280x720, approx_fps=6.67
[INFO] [1782909527.199325676] [compressed_to_raw_image]: published /image_raw: 1280x720, approx_fps=6.67
[INFO] [1782909529.301365058] [compressed_to_raw_image]: published /image_raw: 1280x720, approx_fps=6.66
[INFO] [1782909531.399638736] [compressed_to_raw_image]: published /image_raw: 1280x720, approx_fps=6.67
[INFO] [1782909533.501285744] [compressed_to_raw_image]: published /image_raw: 1280x720, approx_fps=6.66
[INFO] [1782909535.599577130] [compressed_to_raw_image]: published /image_raw: 1280x720, approx_fps=6.67
[INFO] [1782909537.697882600] [compressed_to_raw_image]: published /image_raw: 1280x720, approx_fps=6.67
[INFO] [1782909539.805306143] [compressed_to_raw_image]: published /image_raw: 1280x720, approx_fps=6.64
[INFO] [1782909541.897646536] [compressed_to_raw_image]: published /image_raw: 1280x720, approx_fps=6.69
[INFO] [1782909544.000490126] [compressed_to_raw_image]: published /image_raw: 1280x720, approx_fps=6.66
[INFO] [1782909546.098190846] [compressed_to_raw_image]: published /image_raw: 1280x720, approx_fps=6.67
[INFO] [1782909548.197695564] [compressed_to_raw_image]: published /image_raw: 1280x720, approx_fps=6.67
[INFO] [1782909550.299115864] [compressed_to_raw_image]: published /image_raw: 1280x720, approx_fps=6.66
[INFO] [1782909552.396935501] [compressed_to_raw_image]: published /image_raw: 1280x720, approx_fps=6.67
[INFO] [1782909554.498951759] [compressed_to_raw_image]: published /image_raw: 1280x720, approx_fps=6.66
[INFO] [1782909556.599664851] [compressed_to_raw_image]: published /image_raw: 1280x720, approx_fps=6.67
[INFO] [1782909558.699561195] [compressed_to_raw_image]: published /image_raw: 1280x720, approx_fps=6.67
[INFO] [1782909560.800944912] [compressed_to_raw_image]: published /image_raw: 1280x720, approx_fps=6.66
[INFO] [1782909562.898734299] [compressed_to_raw_image]: published /image_raw: 1280x720, approx_fps=6.68
[INFO] [1782909564.996823435] [compressed_to_raw_image]: published /image_raw: 1280x720, approx_fps=6.67
[INFO] [1782909567.102563856] [compressed_to_raw_image]: published /image_raw: 1280x720, approx_fps=6.65
[INFO] [1782909569.198025746] [compressed_to_raw_image]: published /image_raw: 1280x720, approx_fps=6.68
[INFO] [1782909571.298168256] [compressed_to_raw_image]: published /image_raw: 1280x720, approx_fps=6.67
[INFO] [1782909573.401348263] [compressed_to_raw_image]: published /image_raw: 1280x720, approx_fps=6.66
[INFO] [1782909575.500817523] [compressed_to_raw_image]: published /image_raw: 1280x720, approx_fps=6.67
[INFO] [1782909577.598296536] [compressed_to_raw_image]: published /image_raw: 1280x720, approx_fps=6.67
[INFO] [1782909579.695951673] [compressed_to_raw_image]: published /image_raw: 1280x720, approx_fps=6.67
[INFO] [1782909581.796313850] [compressed_to_raw_image]: published /image_raw: 1280x720, approx_fps=6.67
[INFO] [1782909583.909150223] [compressed_to_raw_image]: published /image_raw: 1280x720, approx_fps=6.64
[INFO] [1782909585.997392119] [compressed_to_raw_image]: published /image_raw: 1280x720, approx_fps=6.69
[INFO] [1782909588.095874923] [compressed_to_raw_image]: published /image_raw: 1280x720, approx_fps=6.67
[INFO] [1782909590.200942262] [compressed_to_raw_image]: published /image_raw: 1280x720, approx_fps=6.66
[INFO] [1782909592.298053608] [compressed_to_raw_image]: published /image_raw: 1280x720, approx_fps=6.67
[INFO] [1782909594.399723159] [compressed_to_raw_image]: published /image_raw: 1280x720, approx_fps=6.66
[INFO] [1782909596.498070921] [compressed_to_raw_image]: published /image_raw: 1280x720, approx_fps=6.67
[INFO] [1782909598.599801596] [compressed_to_raw_image]: published /image_raw: 1280x720, approx_fps=6.66
[INFO] [1782909600.700478273] [compressed_to_raw_image]: published /image_raw: 1280x720, approx_fps=6.66
[INFO] [1782909602.802361198] [compressed_to_raw_image]: published /image_raw: 1280x720, approx_fps=6.66
[INFO] [1782909604.902848375] [compressed_to_raw_image]: published /image_raw: 1280x720, approx_fps=6.66
[INFO] [1782909607.001825386] [compressed_to_raw_image]: published /image_raw: 1280x720, approx_fps=6.67
[INFO] [1782909609.098340192] [compressed_to_raw_image]: published /image_raw: 1280x720, approx_fps=6.68
[INFO] [1782909611.201542283] [compressed_to_raw_image]: published /image_raw: 1280x720, approx_fps=6.66
[INFO] [1782909613.301542002] [compressed_to_raw_image]: published /image_raw: 1280x720, approx_fps=6.67
[INFO] [1782909615.401938304] [compressed_to_raw_image]: published /image_raw: 1280x720, approx_fps=6.67
[INFO] [1782909617.512385346] [compressed_to_raw_image]: published /image_raw: 1280x720, approx_fps=6.64
[INFO] [1782909619.600062161] [compressed_to_raw_image]: published /image_raw: 1280x720, approx_fps=6.70
[INFO] [1782909621.697838424] [compressed_to_raw_image]: published /image_raw: 1280x720, approx_fps=6.67
[INFO] [1782909623.798514642] [compressed_to_raw_image]: published /image_raw: 1280x720, approx_fps=6.66
[INFO] [1782909625.901275859] [compressed_to_raw_image]: published /image_raw: 1280x720, approx_fps=6.66
[INFO] [1782909627.997921915] [compressed_to_raw_image]: published /image_raw: 1280x720, approx_fps=6.67
[INFO] [1782909630.099007550] [compressed_to_raw_image]: published /image_raw: 1280x720, approx_fps=6.66
[INFO] [1782909632.199191269] [compressed_to_raw_image]: published /image_raw: 1280x720, approx_fps=6.67
[INFO] [1782909634.303491651] [compressed_to_raw_image]: published /image_raw: 1280x720, approx_fps=6.65
[INFO] [1782909636.405864243] [compressed_to_raw_image]: published /image_raw: 1280x720, approx_fps=6.66
[INFO] [1782909638.501037925] [compressed_to_raw_image]: published /image_raw: 1280x720, approx_fps=6.68
[INFO] [1782909640.601690936] [compressed_to_raw_image]: published /image_raw: 1280x720, approx_fps=6.67
[INFO] [1782909642.698382700] [compressed_to_raw_image]: published /image_raw: 1280x720, approx_fps=6.68
[INFO] [1782909644.798868669] [compressed_to_raw_image]: published /image_raw: 1280x720, approx_fps=6.66
[INFO] [1782909646.899842096] [compressed_to_raw_image]: published /image_raw: 1280x720, approx_fps=6.66
[INFO] [1782909648.996757486] [compressed_to_raw_image]: published /image_raw: 1280x720, approx_fps=6.68
[INFO] [1782909651.097178122] [compressed_to_raw_image]: published /image_raw: 1280x720, approx_fps=6.66
[INFO] [1782909653.196069301] [compressed_to_raw_image]: published /image_raw: 1280x720, approx_fps=6.67
[INFO] [1782909655.301240057] [compressed_to_raw_image]: published /image_raw: 1280x720, approx_fps=6.65
[INFO] [1782909657.400054486] [compressed_to_raw_image]: published /image_raw: 1280x720, approx_fps=6.67
[INFO] [1782909659.498501624] [compressed_to_raw_image]: published /image_raw: 1280x720, approx_fps=6.67
[INFO] [1782909661.598247261] [compressed_to_raw_image]: published /image_raw: 1280x720, approx_fps=6.67
[INFO] [1782909663.715836088] [compressed_to_raw_image]: published /image_raw: 1280x720, approx_fps=6.61
[INFO] [1782909665.919098498] [compressed_to_raw_image]: published /image_raw: 1280x720, approx_fps=6.35
[INFO] [1782909668.063058925] [compressed_to_raw_image]: published /image_raw: 1280x720, approx_fps=6.99
[INFO] [1782909670.157204567] [compressed_to_raw_image]: published /image_raw: 1280x720, approx_fps=6.69
[INFO] [1782909672.253762874] [compressed_to_raw_image]: published /image_raw: 1280x720, approx_fps=6.67
[INFO] [1782909674.363009835] [compressed_to_raw_image]: published /image_raw: 1280x720, approx_fps=6.64
[INFO] [1782909676.445899738] [compressed_to_raw_image]: published /image_raw: 1280x720, approx_fps=6.72
[INFO] [1782909678.545535542] [compressed_to_raw_image]: published /image_raw: 1280x720, approx_fps=6.67
[INFO] [1782909680.647507094] [compressed_to_raw_image]: published /image_raw: 1280x720, approx_fps=6.66
[INFO] [1782909682.745995940] [compressed_to_raw_image]: published /image_raw: 1280x720, approx_fps=6.67
[INFO] [1782909684.855245526] [compressed_to_raw_image]: published /image_raw: 1280x720, approx_fps=6.64
[INFO] [1782909686.948646503] [compressed_to_raw_image]: published /image_raw: 1280x720, approx_fps=6.69
[INFO] [1782909689.050565305] [compressed_to_raw_image]: published /image_raw: 1280x720, approx_fps=6.66
[INFO] [1782909691.148462777] [compressed_to_raw_image]: published /image_raw: 1280x720, approx_fps=6.68
[INFO] [1782909693.246520749] [compressed_to_raw_image]: published /image_raw: 1280x720, approx_fps=6.67
[INFO] [1782909695.351196090] [compressed_to_raw_image]: published /image_raw: 1280x720, approx_fps=6.65
[INFO] [1782909697.447403023] [compressed_to_raw_image]: published /image_raw: 1280x720, approx_fps=6.67
[INFO] [1782909699.546428702] [compressed_to_raw_image]: published /image_raw: 1280x720, approx_fps=6.67
[INFO] [1782909701.649408336] [compressed_to_raw_image]: published /image_raw: 1280x720, approx_fps=6.66
[INFO] [1782909703.684439996] [compressed_to_raw_image]: published /image_raw: 1280x720, approx_fps=6.40
[INFO] [1782909705.827011675] [compressed_to_raw_image]: published /image_raw: 1280x720, approx_fps=6.11
[INFO] [1782909707.997031659] [compressed_to_raw_image]: published /image_raw: 1280x720, approx_fps=6.43
[INFO] [1782909710.004135305] [compressed_to_raw_image]: published /image_raw: 1280x720, approx_fps=6.94
[INFO] [1782909712.104241109] [compressed_to_raw_image]: published /image_raw: 1280x720, approx_fps=6.67
[INFO] [1782909714.207642951] [compressed_to_raw_image]: published /image_raw: 1280x720, approx_fps=6.66
[INFO] [1782909716.303773967] [compressed_to_raw_image]: published /image_raw: 1280x720, approx_fps=6.68
[INFO] [1782909718.396963236] [compressed_to_raw_image]: published /image_raw: 1280x720, approx_fps=6.69
[INFO] [1782909720.507835488] [compressed_to_raw_image]: published /image_raw: 1280x720, approx_fps=6.65
[INFO] [1782909722.595992679] [compressed_to_raw_image]: published /image_raw: 1280x720, approx_fps=6.68
[INFO] [1782909724.699177688] [compressed_to_raw_image]: published /image_raw: 1280x720, approx_fps=6.66
[INFO] [1782909726.799334159] [compressed_to_raw_image]: published /image_raw: 1280x720, approx_fps=6.67
[INFO] [1782909728.898939338] [compressed_to_raw_image]: published /image_raw: 1280x720, approx_fps=6.66
[INFO] [1782909730.996848186] [compressed_to_raw_image]: published /image_raw: 1280x720, approx_fps=6.67
[INFO] [1782909733.099424988] [compressed_to_raw_image]: published /image_raw: 1280x720, approx_fps=6.66
[INFO] [1782909735.208385409] [compressed_to_raw_image]: published /image_raw: 1280x720, approx_fps=6.64
[INFO] [1782909737.297728265] [compressed_to_raw_image]: published /image_raw: 1280x720, approx_fps=6.70
[INFO] [1782909739.400181650] [compressed_to_raw_image]: published /image_raw: 1280x720, approx_fps=6.66
[INFO] [1782909741.499736414] [compressed_to_raw_image]: published /image_raw: 1280x720, approx_fps=6.67
[INFO] [1782909743.598723511] [compressed_to_raw_image]: published /image_raw: 1280x720, approx_fps=6.67
[INFO] [1782909745.720568127] [compressed_to_raw_image]: published /image_raw: 1280x720, approx_fps=6.60
[INFO] [1782909747.802492241] [compressed_to_raw_image]: published /image_raw: 1280x720, approx_fps=6.72
[INFO] [1782909749.899667215] [compressed_to_raw_image]: published /image_raw: 1280x720, approx_fps=6.68
[INFO] [1782909752.001092143] [compressed_to_raw_image]: published /image_raw: 1280x720, approx_fps=6.66
[INFO] [1782909754.110674688] [compressed_to_raw_image]: published /image_raw: 1280x720, approx_fps=6.64
[INFO] [1782909756.205779915] [compressed_to_raw_image]: published /image_raw: 1280x720, approx_fps=6.70
[INFO] [1782909758.296385812] [compressed_to_raw_image]: published /image_raw: 1280x720, approx_fps=6.68
[INFO] [1782909760.399833405] [compressed_to_raw_image]: published /image_raw: 1280x720, approx_fps=6.66
[INFO] [1782909762.496184130] [compressed_to_raw_image]: published /image_raw: 1280x720, approx_fps=6.68
[INFO] [1782909764.596490268] [compressed_to_raw_image]: published /image_raw: 1280x720, approx_fps=6.67
[INFO] [1782909766.697643530] [compressed_to_raw_image]: published /image_raw: 1280x720, approx_fps=6.66
[INFO] [1782909768.805038744] [compressed_to_raw_image]: published /image_raw: 1280x720, approx_fps=6.65
[INFO] [1782909770.900002054] [compressed_to_raw_image]: published /image_raw: 1280x720, approx_fps=6.68
[INFO] [1782909773.015594135] [compressed_to_raw_image]: published /image_raw: 1280x720, approx_fps=6.63
[INFO] [1782909775.099019789] [compressed_to_raw_image]: published /image_raw: 1280x720, approx_fps=6.71
[INFO] [1782909777.200280468] [compressed_to_raw_image]: published /image_raw: 1280x720, approx_fps=6.66
[INFO] [1782909779.299064983] [compressed_to_raw_image]: published /image_raw: 1280x720, approx_fps=6.68
[INFO] [1782909781.396773915] [compressed_to_raw_image]: published /image_raw: 1280x720, approx_fps=6.67
[INFO] [1782909783.498510593] [compressed_to_raw_image]: published /image_raw: 1280x720, approx_fps=6.66
[INFO] [1782909785.603803393] [compressed_to_raw_image]: published /image_raw: 1280x720, approx_fps=6.65
[INFO] [1782909787.699073370] [compressed_to_raw_image]: published /image_raw: 1280x720, approx_fps=6.68
[INFO] [1782909789.797310177] [compressed_to_raw_image]: published /image_raw: 1280x720, approx_fps=6.67
[INFO] [1782909791.896613191] [compressed_to_raw_image]: published /image_raw: 1280x720, approx_fps=6.67
[INFO] [1782909793.996875454] [compressed_to_raw_image]: published /image_raw: 1280x720, approx_fps=6.66
[INFO] [1782909796.102035921] [compressed_to_raw_image]: published /image_raw: 1280x720, approx_fps=6.65
[INFO] [1782909798.198745980] [compressed_to_raw_image]: published /image_raw: 1280x720, approx_fps=6.68
[INFO] [1782909800.298551827] [compressed_to_raw_image]: published /image_raw: 1280x720, approx_fps=6.67
[INFO] [1782909802.398443924] [compressed_to_raw_image]: published /image_raw: 1280x720, approx_fps=6.66
[INFO] [1782909804.498483188] [compressed_to_raw_image]: published /image_raw: 1280x720, approx_fps=6.67
[INFO] [1782909806.600791907] [compressed_to_raw_image]: published /image_raw: 1280x720, approx_fps=6.66
[INFO] [1782909808.700267630] [compressed_to_raw_image]: published /image_raw: 1280x720, approx_fps=6.67
[INFO] [1782909810.798676770] [compressed_to_raw_image]: published /image_raw: 1280x720, approx_fps=6.67
[INFO] [1782909812.900129408] [compressed_to_raw_image]: published /image_raw: 1280x720, approx_fps=6.67
[INFO] [1782909814.996986675] [compressed_to_raw_image]: published /image_raw: 1280x720, approx_fps=6.67
[INFO] [1782909817.108404886] [compressed_to_raw_image]: published /image_raw: 1280x720, approx_fps=6.64
[INFO] [1782909819.203710154] [compressed_to_raw_image]: published /image_raw: 1280x720, approx_fps=6.67
[INFO] [1782909821.297255966] [compressed_to_raw_image]: published /image_raw: 1280x720, approx_fps=6.69
[INFO] [1782909823.397951730] [compressed_to_raw_image]: published /image_raw: 1280x720, approx_fps=6.66
[INFO] [1782909825.497440744] [compressed_to_raw_image]: published /image_raw: 1280x720, approx_fps=6.67
[INFO] [1782909827.599984964] [compressed_to_raw_image]: published /image_raw: 1280x720, approx_fps=6.66
[INFO] [1782909829.709371719] [compressed_to_raw_image]: published /image_raw: 1280x720, approx_fps=6.65
[INFO] [1782909831.802750240] [compressed_to_raw_image]: published /image_raw: 1280x720, approx_fps=6.67
[INFO] [1782909833.901350047] [compressed_to_raw_image]: published /image_raw: 1280x720, approx_fps=6.67
[INFO] [1782909836.002244185] [compressed_to_raw_image]: published /image_raw: 1280x720, approx_fps=6.66
[INFO] [1782909838.104202614] [compressed_to_raw_image]: published /image_raw: 1280x720, approx_fps=6.67
[INFO] [1782909840.246249295] [compressed_to_raw_image]: published /image_raw: 1280x720, approx_fps=6.53
[INFO] [1782909842.306898057] [compressed_to_raw_image]: published /image_raw: 1280x720, approx_fps=6.79
[INFO] [1782909844.403736824] [compressed_to_raw_image]: published /image_raw: 1280x720, approx_fps=6.68
[INFO] [1782909846.498626802] [compressed_to_raw_image]: published /image_raw: 1280x720, approx_fps=6.68
[INFO] [1782909848.603489728] [compressed_to_raw_image]: published /image_raw: 1280x720, approx_fps=6.65
[INFO] [1782909850.710033820] [compressed_to_raw_image]: published /image_raw: 1280x720, approx_fps=6.65
[INFO] [1782909852.797879596] [compressed_to_raw_image]: published /image_raw: 1280x720, approx_fps=6.70
[INFO] [1782909854.912047555] [compressed_to_raw_image]: published /image_raw: 1280x720, approx_fps=6.62
[INFO] [1782909857.000525497] [compressed_to_raw_image]: published /image_raw: 1280x720, approx_fps=6.71
[INFO] [1782909859.096356141] [compressed_to_raw_image]: published /image_raw: 1280x720, approx_fps=6.68
[INFO] [1782909861.202544441] [compressed_to_raw_image]: published /image_raw: 1280x720, approx_fps=6.65
[INFO] [1782909863.299004584] [compressed_to_raw_image]: published /image_raw: 1280x720, approx_fps=6.68
[INFO] [1782909865.403541761] [compressed_to_raw_image]: published /image_raw: 1280x720, approx_fps=6.65
[INFO] [1782909867.501778153] [compressed_to_raw_image]: published /image_raw: 1280x720, approx_fps=6.68
[INFO] [1782909869.603610541] [compressed_to_raw_image]: published /image_raw: 1280x720, approx_fps=6.66
[INFO] [1782909871.697824436] [compressed_to_raw_image]: published /image_raw: 1280x720, approx_fps=6.68
[INFO] [1782909873.804259903] [compressed_to_raw_image]: published /image_raw: 1280x720, approx_fps=6.65
[INFO] [1782909875.900114713] [compressed_to_raw_image]: published /image_raw: 1280x720, approx_fps=6.68
[INFO] [1782909877.998589230] [compressed_to_raw_image]: published /image_raw: 1280x720, approx_fps=6.67
[INFO] [1782909880.099625494] [compressed_to_raw_image]: published /image_raw: 1280x720, approx_fps=6.66
[INFO] [1782909882.203865879] [compressed_to_raw_image]: published /image_raw: 1280x720, approx_fps=6.66
[INFO] [1782909884.299677190] [compressed_to_raw_image]: published /image_raw: 1280x720, approx_fps=6.68
[INFO] [1782909886.398063957] [compressed_to_raw_image]: published /image_raw: 1280x720, approx_fps=6.67
[INFO] [1782909888.499099387] [compressed_to_raw_image]: published /image_raw: 1280x720, approx_fps=6.66
[INFO] [1782909890.597095946] [compressed_to_raw_image]: published /image_raw: 1280x720, approx_fps=6.67
[INFO] [1782909892.704223996] [compressed_to_raw_image]: published /image_raw: 1280x720, approx_fps=6.64
[INFO] [1782909894.796713768] [compressed_to_raw_image]: published /image_raw: 1280x720, approx_fps=6.69
[INFO] [1782909896.900913238] [compressed_to_raw_image]: published /image_raw: 1280x720, approx_fps=6.65
[INFO] [1782909899.002043585] [compressed_to_raw_image]: published /image_raw: 1280x720, approx_fps=6.67
[INFO] [1782909901.099178020] [compressed_to_raw_image]: published /image_raw: 1280x720, approx_fps=6.67
[INFO] [1782909903.198730785] [compressed_to_raw_image]: published /image_raw: 1280x720, approx_fps=6.67
[INFO] [1782909905.298790800] [compressed_to_raw_image]: published /image_raw: 1280x720, approx_fps=6.66
[INFO] [1782909907.402765062] [compressed_to_raw_image]: published /image_raw: 1280x720, approx_fps=6.66
[INFO] [1782909909.498437290] [compressed_to_raw_image]: published /image_raw: 1280x720, approx_fps=6.68
[INFO] [1782909911.596880307] [compressed_to_raw_image]: published /image_raw: 1280x720, approx_fps=6.67
[INFO] [1782909913.700292819] [compressed_to_raw_image]: published /image_raw: 1280x720, approx_fps=6.66
[INFO] [1782909915.801614916] [compressed_to_raw_image]: published /image_raw: 1280x720, approx_fps=6.66
[INFO] [1782909917.897468019] [compressed_to_raw_image]: published /image_raw: 1280x720, approx_fps=6.68
[INFO] [1782909919.999362783] [compressed_to_raw_image]: published /image_raw: 1280x720, approx_fps=6.66
[INFO] [1782909922.097024550] [compressed_to_raw_image]: published /image_raw: 1280x720, approx_fps=6.67
[INFO] [1782909924.201654478] [compressed_to_raw_image]: published /image_raw: 1280x720, approx_fps=6.65
[INFO] [1782909926.299987579] [compressed_to_raw_image]: published /image_raw: 1280x720, approx_fps=6.67
[INFO] [1782909928.398201346] [compressed_to_raw_image]: published /image_raw: 1280x720, approx_fps=6.67
[INFO] [1782909930.496211114] [compressed_to_raw_image]: published /image_raw: 1280x720, approx_fps=6.67
[INFO] [1782909932.596182921] [compressed_to_raw_image]: published /image_raw: 1280x720, approx_fps=6.67
[INFO] [1782909934.701324848] [compressed_to_raw_image]: published /image_raw: 1280x720, approx_fps=6.65
[INFO] [1782909936.798005326] [compressed_to_raw_image]: published /image_raw: 1280x720, approx_fps=6.68
[INFO] [1782909938.900187464] [compressed_to_raw_image]: published /image_raw: 1280x720, approx_fps=6.66
[INFO] [1782909941.002646311] [compressed_to_raw_image]: published /image_raw: 1280x720, approx_fps=6.66
[INFO] [1782909943.097526207] [compressed_to_raw_image]: published /image_raw: 1280x720, approx_fps=6.68
[INFO] [1782909945.197749097] [compressed_to_raw_image]: published /image_raw: 1280x720, approx_fps=6.67
[INFO] [1782909947.301538859] [compressed_to_raw_image]: published /image_raw: 1280x720, approx_fps=6.66
[INFO] [1782909949.399248419] [compressed_to_raw_image]: published /image_raw: 1280x720, approx_fps=6.67
[INFO] [1782909951.498237061] [compressed_to_raw_image]: published /image_raw: 1280x720, approx_fps=6.67
[INFO] [1782909953.608389942] [compressed_to_raw_image]: published /image_raw: 1280x720, approx_fps=6.64
[INFO] [1782909955.698451093] [compressed_to_raw_image]: published /image_raw: 1280x720, approx_fps=6.70
[INFO] [1782909957.798495817] [compressed_to_raw_image]: published /image_raw: 1280x720, approx_fps=6.67
[INFO] [1782909959.898464708] [compressed_to_raw_image]: published /image_raw: 1280x720, approx_fps=6.66
[INFO] [1782909961.997544725] [compressed_to_raw_image]: published /image_raw: 1280x720, approx_fps=6.67
[INFO] [1782909964.110998020] [compressed_to_raw_image]: published /image_raw: 1280x720, approx_fps=6.63
[INFO] [1782909966.201993045] [compressed_to_raw_image]: published /image_raw: 1280x720, approx_fps=6.70
[INFO] [1782909968.298423356] [compressed_to_raw_image]: published /image_raw: 1280x720, approx_fps=6.68
[INFO] [1782909970.397636332] [compressed_to_raw_image]: published /image_raw: 1280x720, approx_fps=6.67
[INFO] [1782909972.499277221] [compressed_to_raw_image]: published /image_raw: 1280x720, approx_fps=6.66
[INFO] [1782909974.607699938] [compressed_to_raw_image]: published /image_raw: 1280x720, approx_fps=6.64
[INFO] [1782909976.699830795] [compressed_to_raw_image]: published /image_raw: 1280x720, approx_fps=6.70
[INFO] [1782909978.796739398] [compressed_to_raw_image]: published /image_raw: 1280x720, approx_fps=6.67
[INFO] [1782909980.898053746] [compressed_to_raw_image]: published /image_raw: 1280x720, approx_fps=6.66
[INFO] [1782909982.996375056] [compressed_to_raw_image]: published /image_raw: 1280x720, approx_fps=6.67
[INFO] [1782909985.097083155] [compressed_to_raw_image]: published /image_raw: 1280x720, approx_fps=6.66
[INFO] [1782909987.201235834] [compressed_to_raw_image]: published /image_raw: 1280x720, approx_fps=6.65
[INFO] [1782909989.302772641] [compressed_to_raw_image]: published /image_raw: 1280x720, approx_fps=6.67
[INFO] [1782909991.405703613] [compressed_to_raw_image]: published /image_raw: 1280x720, approx_fps=6.65
[INFO] [1782909993.500735176] [compressed_to_raw_image]: published /image_raw: 1280x720, approx_fps=6.68
[INFO] [1782909995.601256359] [compressed_to_raw_image]: published /image_raw: 1280x720, approx_fps=6.66
[INFO] [1782909997.703640790] [compressed_to_raw_image]: published /image_raw: 1280x720, approx_fps=6.66
[INFO] [1782909999.798595270] [compressed_to_raw_image]: published /image_raw: 1280x720, approx_fps=6.68
[INFO] [1782910001.895646414] [compressed_to_raw_image]: published /image_raw: 1280x720, approx_fps=6.68
[INFO] [1782910004.002590341] [compressed_to_raw_image]: published /image_raw: 1280x720, approx_fps=6.65
[INFO] [1782910006.102293941] [compressed_to_raw_image]: published /image_raw: 1280x720, approx_fps=6.66
[INFO] [1782910008.210277950] [compressed_to_raw_image]: published /image_raw: 1280x720, approx_fps=6.66
[INFO] [1782910010.297556229] [compressed_to_raw_image]: published /image_raw: 1280x720, approx_fps=6.69
[INFO] [1782910012.400400493] [compressed_to_raw_image]: published /image_raw: 1280x720, approx_fps=6.66
[INFO] [1782910014.498121429] [compressed_to_raw_image]: published /image_raw: 1280x720, approx_fps=6.67
[INFO] [1782910016.617108761] [compressed_to_raw_image]: published /image_raw: 1280x720, approx_fps=6.62
[INFO] [1782910018.703968749] [compressed_to_raw_image]: published /image_raw: 1280x720, approx_fps=6.70
[INFO] [1782910020.800856519] [compressed_to_raw_image]: published /image_raw: 1280x720, approx_fps=6.69
[INFO] [1782910022.895322083] [compressed_to_raw_image]: published /image_raw: 1280x720, approx_fps=6.67
[INFO] [1782910025.001010011] [compressed_to_raw_image]: published /image_raw: 1280x720, approx_fps=6.65
[INFO] [1782910027.096587449] [compressed_to_raw_image]: published /image_raw: 1280x720, approx_fps=6.68
[INFO] [1782910029.206151665] [compressed_to_raw_image]: published /image_raw: 1280x720, approx_fps=6.64
[INFO] [1782910031.300101313] [compressed_to_raw_image]: published /image_raw: 1280x720, approx_fps=6.68
[INFO] [1782910033.396499334] [compressed_to_raw_image]: published /image_raw: 1280x720, approx_fps=6.68
[INFO] [1782910035.501067805] [compressed_to_raw_image]: published /image_raw: 1280x720, approx_fps=6.65
[INFO] [1782910037.597644242] [compressed_to_raw_image]: published /image_raw: 1280x720, approx_fps=6.68
[INFO] [1782910039.696976385] [compressed_to_raw_image]: published /image_raw: 1280x720, approx_fps=6.67
[INFO] [1782910041.797570152] [compressed_to_raw_image]: published /image_raw: 1280x720, approx_fps=6.66
[INFO] [1782910043.895604755] [compressed_to_raw_image]: published /image_raw: 1280x720, approx_fps=6.67
[INFO] [1782910045.998436269] [compressed_to_raw_image]: published /image_raw: 1280x720, approx_fps=6.66
[INFO] [1782910048.096686538] [compressed_to_raw_image]: published /image_raw: 1280x720, approx_fps=6.67
[INFO] [1782910050.206446713] [compressed_to_raw_image]: published /image_raw: 1280x720, approx_fps=6.64
[INFO] [1782910052.298907404] [compressed_to_raw_image]: published /image_raw: 1280x720, approx_fps=6.69
[INFO] [1782910054.403207001] [compressed_to_raw_image]: published /image_raw: 1280x720, approx_fps=6.65
[INFO] [1782910056.498964731] [compressed_to_raw_image]: published /image_raw: 1280x720, approx_fps=6.68
[INFO] [1782910058.598473957] [compressed_to_raw_image]: published /image_raw: 1280x720, approx_fps=6.67
[INFO] [1782910060.698548516] [compressed_to_raw_image]: published /image_raw: 1280x720, approx_fps=6.66
[INFO] [1782910062.798909367] [compressed_to_raw_image]: published /image_raw: 1280x720, approx_fps=6.67
[INFO] [1782910064.900091758] [compressed_to_raw_image]: published /image_raw: 1280x720, approx_fps=6.66
[INFO] [1782910067.000706609] [compressed_to_raw_image]: published /image_raw: 1280x720, approx_fps=6.67
[INFO] [1782910069.105040330] [compressed_to_raw_image]: published /image_raw: 1280x720, approx_fps=6.66
[INFO] [1782910071.198697604] [compressed_to_raw_image]: published /image_raw: 1280x720, approx_fps=6.68
[INFO] [1782910073.300811828] [compressed_to_raw_image]: published /image_raw: 1280x720, approx_fps=6.66
[INFO] [1782910075.399125889] [compressed_to_raw_image]: published /image_raw: 1280x720, approx_fps=6.68
[INFO] [1782910077.496627243] [compressed_to_raw_image]: published /image_raw: 1280x720, approx_fps=6.67
[INFO] [1782910079.597168010] [compressed_to_raw_image]: published /image_raw: 1280x720, approx_fps=6.67
[INFO] [1782910081.699329318] [compressed_to_raw_image]: published /image_raw: 1280x720, approx_fps=6.66
[INFO] [1782910083.802717624] [compressed_to_raw_image]: published /image_raw: 1280x720, approx_fps=6.65
[INFO] [1782910085.897746022] [compressed_to_raw_image]: published /image_raw: 1280x720, approx_fps=6.68
[INFO] [1782910088.009294820] [compressed_to_raw_image]: published /image_raw: 1280x720, approx_fps=6.64
[INFO] [1782910090.096370434] [compressed_to_raw_image]: published /image_raw: 1280x720, approx_fps=6.70
[INFO] [1782910092.199170657] [compressed_to_raw_image]: published /image_raw: 1280x720, approx_fps=6.65
[INFO] [1782910094.298443843] [compressed_to_raw_image]: published /image_raw: 1280x720, approx_fps=6.67
[INFO] [1782910096.398523277] [compressed_to_raw_image]: published /image_raw: 1280x720, approx_fps=6.67
[INFO] [1782910098.497996379] [compressed_to_raw_image]: published /image_raw: 1280x720, approx_fps=6.67
[INFO] [1782910100.599126855] [compressed_to_raw_image]: published /image_raw: 1280x720, approx_fps=6.66
[INFO] [1782910102.700194830] [compressed_to_raw_image]: published /image_raw: 1280x720, approx_fps=6.66
[INFO] [1782910104.800207765] [compressed_to_raw_image]: published /image_raw: 1280x720, approx_fps=6.67
[INFO] [1782910106.899234992] [compressed_to_raw_image]: published /image_raw: 1280x720, approx_fps=6.67
[INFO] [1782910108.998082720] [compressed_to_raw_image]: published /image_raw: 1280x720, approx_fps=6.67
[INFO] [1782910111.099628445] [compressed_to_raw_image]: published /image_raw: 1280x720, approx_fps=6.66
[INFO] [1782910113.198543298] [compressed_to_raw_image]: published /image_raw: 1280x720, approx_fps=6.67
[INFO] [1782910115.311581512] [compressed_to_raw_image]: published /image_raw: 1280x720, approx_fps=6.63
[INFO] [1782910117.414344194] [compressed_to_raw_image]: published /image_raw: 1280x720, approx_fps=6.66
[INFO] [1782910119.530281114] [compressed_to_raw_image]: published /image_raw: 1280x720, approx_fps=6.61
[INFO] [1782910121.603028992] [compressed_to_raw_image]: published /image_raw: 1280x720, approx_fps=6.75
[INFO] [1782910123.696373059] [compressed_to_raw_image]: published /image_raw: 1280x720, approx_fps=6.69
[INFO] [1782910125.799341616] [compressed_to_raw_image]: published /image_raw: 1280x720, approx_fps=6.66
[INFO] [1782910127.897858136] [compressed_to_raw_image]: published /image_raw: 1280x720, approx_fps=6.68
[INFO] [1782910130.000456944] [compressed_to_raw_image]: published /image_raw: 1280x720, approx_fps=6.66
[INFO] [1782910132.105999290] [compressed_to_raw_image]: published /image_raw: 1280x720, approx_fps=6.64
[INFO] [1782910134.200222189] [compressed_to_raw_image]: published /image_raw: 1280x720, approx_fps=6.68
[INFO] [1782910136.305816827] [compressed_to_raw_image]: published /image_raw: 1280x720, approx_fps=6.68
[INFO] [1782910138.397728604] [compressed_to_raw_image]: published /image_raw: 1280x720, approx_fps=6.67
[INFO] [1782910140.499625704] [compressed_to_raw_image]: published /image_raw: 1280x720, approx_fps=6.66
[INFO] [1782910142.602616595] [compressed_to_raw_image]: published /image_raw: 1280x720, approx_fps=6.66
[INFO] [1782910144.702459072] [compressed_to_raw_image]: published /image_raw: 1280x720, approx_fps=6.66
[INFO] [1782910146.804030881] [compressed_to_raw_image]: published /image_raw: 1280x720, approx_fps=6.66
[INFO] [1782910148.899006530] [compressed_to_raw_image]: published /image_raw: 1280x720, approx_fps=6.68
[INFO] [1782910151.001821879] [compressed_to_raw_image]: published /image_raw: 1280x720, approx_fps=6.66
[INFO] [1782910153.098153402] [compressed_to_raw_image]: published /image_raw: 1280x720, approx_fps=6.68
[INFO] [1782910155.267402353] [compressed_to_raw_image]: published /image_raw: 1280x720, approx_fps=6.45
[INFO] [1782910157.296760524] [compressed_to_raw_image]: published /image_raw: 1280x720, approx_fps=6.90
[INFO] [1782910159.419504188] [compressed_to_raw_image]: published /image_raw: 1280x720, approx_fps=6.60
[INFO] [1782910161.528925614] [compressed_to_raw_image]: published /image_raw: 1280x720, approx_fps=6.64
[INFO] [1782910163.603979449] [compressed_to_raw_image]: published /image_raw: 1280x720, approx_fps=6.75
[INFO] [1782910165.700209347] [compressed_to_raw_image]: published /image_raw: 1280x720, approx_fps=6.68
[INFO] [1782910167.799969200] [compressed_to_raw_image]: published /image_raw: 1280x720, approx_fps=6.67
[INFO] [1782910169.897041680] [compressed_to_raw_image]: published /image_raw: 1280x720, approx_fps=6.67
[INFO] [1782910172.001220945] [compressed_to_raw_image]: published /image_raw: 1280x720, approx_fps=6.65
