[INFO] [launch]: All log files can be found below /root/.ros/log/2026-06-12-22-30-21-391338-ubuntu-60801
[INFO] [launch]: Default logging verbosity is set to INFO
config_file_path is  /opt/tros/humble/lib/hobot_usb_cam/config/usb_camera_calibration.yaml
Hobot shm pkg enables zero-copy with fastrtps profiles file: /opt/tros/humble/lib/hobot_shm/config/shm_fastdds.xml
Hobot shm pkg sets RMW_FASTRTPS_USE_QOS_FROM_XML: 1
config_file_path is  /opt/tros/humble/lib/hobot_usb_cam/config/usb_camera_calibration.yaml
env of RMW_FASTRTPS_USE_QOS_FROM_XML is  1 , ignore env setting
env of RMW_FASTRTPS_USE_QOS_FROM_XML is  1 , ignore env setting
[INFO] [hobot_usb_cam-1]: process started with pid [60816]
[hobot_usb_cam-1] [WARN] [1781274621.906154358] [hobot_usb_cam]: framerate: 20
[hobot_usb_cam-1] [WARN] [1781274621.906734816] [hobot_usb_cam]: pixel_format_name: mjpeg
[hobot_usb_cam-1] [WARN] [1781274622.023185194] [hobot_usb_cam]: This devices supproted formats:
[hobot_usb_cam-1] [WARN] [1781274622.023532736] [hobot_usb_cam]: 	Motion-JPEG: 1920 x 1080 (30 Hz)
[hobot_usb_cam-1] [WARN] [1781274622.023603944] [hobot_usb_cam]: 	Motion-JPEG: 1280 x 720 (60 Hz)
[hobot_usb_cam-1] [WARN] [1781274622.023644319] [hobot_usb_cam]: 	Motion-JPEG: 1280 x 1024 (30 Hz)
[hobot_usb_cam-1] [WARN] [1781274622.023682652] [hobot_usb_cam]: 	Motion-JPEG: 640 x 480 (120 Hz)
[hobot_usb_cam-1] [WARN] [1781274622.023720902] [hobot_usb_cam]: 	Motion-JPEG: 800 x 600 (60 Hz)
[hobot_usb_cam-1] [WARN] [1781274622.023760319] [hobot_usb_cam]: 	Motion-JPEG: 1024 x 768 (30 Hz)
[hobot_usb_cam-1] [WARN] [1781274622.023798527] [hobot_usb_cam]: 	Motion-JPEG: 320 x 240 (120 Hz)
[hobot_usb_cam-1] [WARN] [1781274622.023836944] [hobot_usb_cam]: 	YUYV 4:2:2: 1920 x 1080 (6 Hz)
[hobot_usb_cam-1] [WARN] [1781274622.023874610] [hobot_usb_cam]: 	YUYV 4:2:2: 640 x 480 (30 Hz)
[hobot_usb_cam-1] [WARN] [1781274622.023912402] [hobot_usb_cam]: 	YUYV 4:2:2: 320 x 240 (30 Hz)
[hobot_usb_cam-1] [WARN] [1781274622.023950485] [hobot_usb_cam]: 	YUYV 4:2:2: 800 x 600 (20 Hz)
[hobot_usb_cam-1] [WARN] [1781274622.023987819] [hobot_usb_cam]: 	YUYV 4:2:2: 1280 x 720 (9 Hz)
[hobot_usb_cam-1] [WARN] [1781274622.024025152] [hobot_usb_cam]: 	YUYV 4:2:2: 1024 x 768 (6 Hz)
[hobot_usb_cam-1] [WARN] [1781274622.024062610] [hobot_usb_cam]: 	YUYV 4:2:2: 1280 x 1024 (6 Hz)
[hobot_usb_cam-1] [WARN] [1781274714.230502621] [hobot_usb_cam]: Shutting down
[INFO] [hobot_usb_cam-1]: process has finished cleanly [pid 60816]
