===== /map topic info =====
Type: nav_msgs/msg/OccupancyGrid

Publisher count: 1

Node name: slam_toolbox
Node namespace: /
Topic type: nav_msgs/msg/OccupancyGrid
Endpoint type: PUBLISHER
GID: 01.0f.c9.96.71.32.fa.15.00.00.01.00.00.00.18.03.00.00.00.00.00.00.00.00
QoS profile:
  Reliability: RELIABLE
  History (Depth): UNKNOWN
  Durability: TRANSIENT_LOCAL
  Lifespan: Infinite
  Deadline: Infinite
  Liveliness: AUTOMATIC
  Liveliness lease duration: Infinite

Subscription count: 2

Node name: foxglove_bridge
Node namespace: /
Topic type: nav_msgs/msg/OccupancyGrid
Endpoint type: SUBSCRIPTION
GID: 01.0f.c9.96.68.33.f8.67.00.00.01.00.00.01.73.04.00.00.00.00.00.00.00.00
QoS profile:
  Reliability: RELIABLE
  History (Depth): UNKNOWN
  Durability: TRANSIENT_LOCAL
  Lifespan: Infinite
  Deadline: Infinite
  Liveliness: AUTOMATIC
  Liveliness lease duration: Infinite

Node name: slam_toolbox
Node namespace: /
Topic type: nav_msgs/msg/OccupancyGrid
Endpoint type: SUBSCRIPTION
GID: 01.0f.c9.96.71.32.fa.15.00.00.01.00.00.00.25.04.00.00.00.00.00.00.00.00
QoS profile:
  Reliability: RELIABLE
  History (Depth): UNKNOWN
  Durability: VOLATILE
  Lifespan: Infinite
  Deadline: Infinite
  Liveliness: AUTOMATIC
  Liveliness lease duration: Infinite


[INFO] [1782732583.336729082] [map_saver]: 
	map_saver lifecycle node launched. 
	Waiting on external lifecycle transitions to activate
	See https://design.ros2.org/articles/node_lifecycle.html for more information.
[INFO] [1782732583.338078030] [map_saver]: Creating
[INFO] [1782732583.339102522] [map_saver]: Configuring
[INFO] [1782732583.348938906] [map_saver]: Saving map from '/map' topic to '/root/rdk_x5_vln_robot/maps/joy_corridor_map.tmp_20260629_192933' file
[WARN] [1782732583.349834732] [map_saver]: Free threshold unspecified. Setting it to default value: 0.250000
[WARN] [1782732583.350396311] [map_saver]: Occupied threshold unspecified. Setting it to default value: 0.650000
[WARN] [1782732583.666046992] [map_io]: Image format unspecified. Setting it to: pgm
[INFO] [1782732583.666844694] [map_io]: Received a 200 X 175 map @ 0.05 m/pix
[INFO] [1782732583.774358584] [map_io]: Writing map occupancy data to /root/rdk_x5_vln_robot/maps/joy_corridor_map.tmp_20260629_192933.pgm
[INFO] [1782732583.777112897] [map_io]: Writing map metadata to /root/rdk_x5_vln_robot/maps/joy_corridor_map.tmp_20260629_192933.yaml
[INFO] [1782732583.777906724] [map_io]: Map saved
[INFO] [1782732583.778017431] [map_saver]: Map saved successfully
[INFO] [1782732583.782346232] [map_saver]: Destroying
